I.u[10978] = {n:"Stivali di Phong Huss",t:11,d:"I piedi dei fung non sono mai puliti, ma sempre coperti di micosi. Quelli di Phong Huss non erano da meno, e quindi lui li nascondeva con questi stivali. Non hanno un buon odore, ma sono particolarmente adatti alla coltivazione dei fung. Chi se ne preoccuperà, il tuo naso, o il tuo stomaco?",ep:0,g:153,l:32,wd:false,fm:true,w:10,s:157,p:2900};
I.u[10979] = {n:"Martello di Ectop",t:7,d:"Ectop provava un piacere maligno nel trascinarsi dietro quest\'arma. Tutti sapevano che fosse scansafatiche quanto un Pappatutto, ma voleva avvisare i suoi nemici del suo arrivo rumoroso. Quest\'arma è ancora impregnata della sua magia, magari riuscirai ad incarnarti in Ectop, se la equipaggi.",ep:0,g:74,l:30,wd:false,fm:false,w:10,an:15,e:[5,4,1,1,50,50,false,false],c:"CA>50",s:158,p:2800};
I.u[10980] = {n:"Amuleto di Ectop",t:1,d:"L\'amuleto di questo fantasma non può essere altro che un oggetto magico estremamente potente, se si crede alle leggende sui fantasmi.",ep:0,g:159,l:32,wd:false,fm:true,w:10,s:158,p:2900};
I.u[10981] = {n:"Anello di Ectop",t:9,d:"Si sa, i veri fantasmi non hanno dita. E allora come lo spieghi che possono portare gli anelli?",ep:0,g:186,l:32,wd:false,fm:true,w:10,s:158,p:2970};
I.u[10982] = {n:"Cintura di Ectop",t:10,d:"Il Capitano Kradoc incontrò Ectop una sera, mentre usciva ubriaco dalla taverna del Ripata. \"Ectoplasma su ruote!\" esclamò urlando. Povero Capitano Kradoc, l\'alcool gli giocò proprio un brutto scherzo, Ectop non ha mai avuto le ruote...",ep:0,g:171,l:32,wd:false,fm:true,w:10,s:158,p:2900};
I.u[10984] = {n:"Amuleto dello YeCh\'Ti",t:1,d:"Con questo amuleto posato sul tuo torso imberbe potrai far credere ai tuoi nemici che sei peloso tanto quanto lo YeCh\'Ti, e questo li farà spaventare di sicuro.",ep:0,g:162,l:66,wd:false,fm:false,w:10,an:0,p:11500};
I.u[10985] = {n:"Maomao dei Ghiacci",t:18,d:"Questo Maomao ha conosciuto l\'inverno del grande nord, anche se non ha mai visto il grande nord... Nessuno sa come sia arrivato ad Amakna, i vecchi dicono che sia stato importato dall\'isola di Frigost per lottare contro la proliferazione dei Wabbit. Questo famiglio divoratore di anime non mangia che Wabbit.",ep:0,g:62,l:1,wd:true,fm:true,w:1,c:"PZ=1",p:1};
I.u[10986] = {n:"Fantasma di Maomao dei Ghiacci",t:90,d:"Questo Fantasma non ha ancora abbandonato il mondo dei vivi, sta a te trovare un modo per resuscitarlo oppure abbandonarlo vigliaccamente una buona volta per tutte.",ep:0,g:62,l:1,wd:true,fm:true,w:1,p:1};
I.u[10987] = {n:"Ghiacciantura",t:10,d:"Raffredda le anche, gli organi situati in prossimità e anche gli ardori di coloro che osano portarla. Da offrire ai cortigiani un po\' troppo ostinati.",ep:0,g:173,l:35,wd:false,fm:true,w:10,s:141,p:3500};
I.u[10988] = {n:"Ghiaccielmo",t:16,d:"Per tenere la testa fredda e le idee al fresco, questo elmo è l\'ideale. Per somigliare a qualcosa che non sia un normale ghiacciolo dovrai trovare altro.",ep:0,g:260,l:35,wd:false,fm:true,w:10,s:141,p:3450};
I.u[10989] = {n:"Ghiacciantello",t:17,d:"Claudius Baglionus portava un mantello simile durante il suo famoso concerto alla radura di Bruce Bulgur. Quelli che non divennero sordi quel giorno si ricordano ancora dell\'apoteosi del concerto, quando Baglionus smise di cantare dopo essere stato congelato dal proprio mantello.",ep:0,g:175,l:33,wd:false,fm:true,w:10,s:141,p:3150};
I.u[10990] = {n:"Ghiacciostivali",t:11,d:"Pesanti e rigidi, questi stivali non sembrano particolarmente interessanti. La loro suola di ghiaccio, però, ti permetterà di pattinare sul ghiaccio senza ghiaccio. Sempre se riesci a trovare una superficie ricoperta da lame di pattini da ghiaccio...",ep:0,g:159,l:33,wd:false,fm:true,w:10,s:141,p:3000};
I.u[10991] = {n:"Regalo Maomao dei Ghiacci",t:89,d:"Scuotendo vigorosamente questo regalo capisci che non è vuoto. Può darsi che, per una volta, gli dei non si siano presi gioco di te. Attenzione, questo regalo può essere aperto solo su DOFUS 2.0.",ep:0,g:42,l:1,wd:false,fm:true,w:1,c:"Sc=997",u:true,p:1};
I.u[10992] = {n:"Regalo Ghiacciantura",t:89,d:"Scuotendo vigorosamente questo regalo capisci che non è vuoto. Può darsi che, per una volta, gli dei non si siano presi gioco di te. Attenzione, questo regalo può essere aperto solo su DOFUS 2.0.",ep:0,g:42,l:1,wd:false,fm:true,w:1,c:"Sc=997",u:true,p:1};
I.u[10993] = {n:"Regalo Ghiaccielmo",t:89,d:"Scuotendo vigorosamente questo regalo capisci che non è vuoto. Può darsi che, per una volta, gli dei non si siano presi gioco di te. Attenzione, questo regalo può essere aperto solo su DOFUS 2.0.",ep:0,g:42,l:1,wd:false,fm:true,w:1,c:"Sc=997",u:true,p:1};
I.u[10994] = {n:"Regalo Ghiacciantello",t:89,d:"Scuotendo vigorosamente questo regalo capisci che non è vuoto. Può darsi che, per una volta, gli dei non si siano presi gioco di te. Attenzione, questo regalo può essere aperto solo su DOFUS 2.0.",ep:0,g:42,l:1,wd:false,fm:true,w:1,c:"Sc=997",u:true,p:1};
I.u[10995] = {n:"Regalo Ghiacciostivali",t:89,d:"Scuotendo vigorosamente questo regalo capisci che non è vuoto. Può darsi che, per una volta, gli dei non si siano presi gioco di te. Attenzione, questo regalo può essere aperto solo su DOFUS 2.0.",ep:0,g:42,l:1,wd:false,fm:true,w:1,c:"Sc=997",u:true,p:1};
I.u[10996] = {n:"Regalo Bastone di Rapina",t:89,d:"Scuotendo vigorosamente questo regalo capisci che non è vuoto. Può darsi che, per una volta, gli dei non si siano presi gioco di te. Attenzione, questo regalo può essere aperto solo su DOFUS 2.0.",ep:0,g:42,l:1,wd:false,fm:true,w:1,c:"Sc=997",u:true,p:1};
I.u[10997] = {n:"Regalo Stivali di Rapina",t:89,d:"Scuotendo vigorosamente questo regalo capisci che non è vuoto. Può darsi che, per una volta, gli dei non si siano presi gioco di te. Attenzione, questo regalo può essere aperto solo su DOFUS 2.0.",ep:0,g:42,l:1,wd:false,fm:true,w:1,c:"Sc=997",u:true,p:1};
I.u[10998] = {n:"Regalo Cintura di Rapina",t:89,d:"Scuotendo vigorosamente questo regalo capisci che non è vuoto. Può darsi che, per una volta, gli dei non si siano presi gioco di te. Attenzione, questo regalo può essere aperto solo su DOFUS 2.0.",ep:0,g:42,l:1,wd:false,fm:true,w:1,c:"Sc=997",u:true,p:1};
I.u[10999] = {n:"Regalo Amuleto di Rapina",t:89,d:"Scuotendo vigorosamente questo regalo capisci che non è vuoto. Può darsi che, per una volta, gli dei non si siano presi gioco di te. Attenzione, questo regalo può essere aperto solo su DOFUS 2.0.",ep:0,g:42,l:1,wd:false,fm:true,w:1,c:"Sc=997",u:true,p:1};
I.u[11000] = {n:"Regalo Spada di Phong Huss",t:89,d:"Scuotendo vigorosamente questo regalo capisci che non è vuoto. Può darsi che, per una volta, gli dei non si siano presi gioco di te. Attenzione, questo regalo può essere aperto solo su DOFUS 2.0.",ep:0,g:42,l:1,wd:false,fm:true,w:1,c:"Sc=997",u:true,p:1};
I.u[11001] = {n:"Regalo Anello di Phong Huss",t:89,d:"Scuotendo vigorosamente questo regalo capisci che non è vuoto. Può darsi che, per una volta, gli dei non si siano presi gioco di te. Attenzione, questo regalo può essere aperto solo su DOFUS 2.0.",ep:0,g:42,l:1,wd:false,fm:true,w:1,c:"Sc=997",u:true,p:1};
I.u[11002] = {n:"Regalo Cintura di Phong Huss",t:89,d:"Scuotendo vigorosamente questo regalo capisci che non è vuoto. Può darsi che, per una volta, gli dei non si siano presi gioco di te. Attenzione, questo regalo può essere aperto solo su DOFUS 2.0.",ep:0,g:42,l:1,wd:false,fm:true,w:1,c:"Sc=997",u:true,p:1};
I.u[11003] = {n:"Regalo Stivali di Phong Huss",t:89,d:"Scuotendo vigorosamente questo regalo capisci che non è vuoto. Può darsi che, per una volta, gli dei non si siano presi gioco di te. Attenzione, questo regalo può essere aperto solo su DOFUS 2.0.",ep:0,g:42,l:1,wd:false,fm:true,w:1,c:"Sc=997",u:true,p:1};
I.u[11004] = {n:"Regalo Martello di Ectop",t:89,d:"Scuotendo vigorosamente questo regalo capisci che non è vuoto. Può darsi che, per una volta, gli dei non si siano presi gioco di te. Attenzione, questo regalo può essere aperto solo su DOFUS 2.0.",ep:0,g:42,l:1,wd:false,fm:true,w:1,c:"Sc=997",u:true,p:1};
I.u[11005] = {n:"Regalo Amuleto di Ectop",t:89,d:"Scuotendo vigorosamente questo regalo capisci che non è vuoto. Può darsi che, per una volta, gli dei non si siano presi gioco di te. Attenzione, questo regalo può essere aperto solo su DOFUS 2.0.",ep:0,g:42,l:1,wd:false,fm:true,w:1,c:"Sc=997",u:true,p:1};
I.u[11006] = {n:"Regalo Anello di Ectop",t:89,d:"Scuotendo vigorosamente questo regalo capisci che non è vuoto. Può darsi che, per una volta, gli dei non si siano presi gioco di te. Attenzione, questo regalo può essere aperto solo su DOFUS 2.0.",ep:0,g:42,l:1,wd:false,fm:true,w:1,c:"Sc=997",u:true,p:1};
I.u[11007] = {n:"Regalo Cintura di Ectop",t:89,d:"Scuotendo vigorosamente questo regalo capisci che non è vuoto. Può darsi che, per una volta, gli dei non si siano presi gioco di te. Attenzione, questo regalo può essere aperto solo su DOFUS 2.0.",ep:0,g:42,l:1,wd:false,fm:true,w:1,c:"Sc=997",u:true,p:1};
I.u[11008] = {n:"Certificato di Deposito al Cianil: Maomao dei Ghiacci",t:77,d:"Questo Certificato descrive le caratteristiche del Maomao dei Ghiacci che hai lasciato al Cianil.",ep:0,g:24,l:1,wd:false,fm:true,w:1,p:100};
I.u[11009] = {n:"Ormone di Maomao dei Ghiacci",t:48,d:"Questo ormone di crescita disidratato può essere utilizzato nella preparazione di una potente pozione per migliorare un famiglio.",ep:0,g:262,l:1,wd:true,fm:true,w:1,p:10};
I.u[11010] = {n:"Pozione di Miglioramento di Maomao dei Ghiacci",t:116,d:"Utilizzando questa potente pozione, aumenterai le capacità del tuo famiglio in maniera definitiva. Attenzione, una sola dose sarà sufficiente per il tuo famiglio, ulteriori tentativi provocheranno risultati deludenti.",ep:0,g:60,l:1,wd:true,fm:true,w:1,c:"PO=10985",u:true,p:10};
I.u[11011] = {n:"Tifux Tigrato",t:18,d:"Più pazzo del Tifux comune, ma soprattutto con una chioma molto meno rossa, questo famiglio può essere immerso nell\'acqua senza che sia necessario tappargli il naso. Si nutre di creature che vivono sull\'Albero Hakam.",ep:0,g:63,l:1,wd:true,fm:true,w:10,c:"PZ=1",p:1};
I.u[11012] = {n:"Baubau Tigrato",t:18,d:"Non è grazie al fatto di essere tigrato che questo famiglio non proverà ad annusarti il posteriore o a fare pipì sul tuo tappeto. Cosa speravi? Questo famiglio adora cacciare le creature che vivono nelle Lande di Sidimote.",ep:0,g:64,l:1,wd:true,fm:true,w:10,c:"PZ=1",p:1};
I.u[11013] = {n:"Quaquà Nero",t:18,d:"Questo Quaquà Nero molto birichino è stato cacciato dalla sua famiglia perché era diverso dagli altri: era l\'unico che adorasse sentir cantare il menestrello Claudius Baglionus. Forse era solo un incompreso... Avendo vissuto un\'infanzia difficile, ha deciso di vendicarsi in modo arbitrario su tutte le creature della famiglia dei Cuervoc: li divora senza pietà.",ep:0,g:65,l:1,wd:true,fm:true,w:10,c:"PZ=1",p:1};
I.u[11014] = {n:"Pipì-strello Slavato",t:18,d:"Questo famiglio ha dormito troppo a lungo sotto una pioggia acida. Di notte non brilla e non è magico, ma se lo usi per produrre dell\'aceto, sarà molto potente! Questo famiglio si nutre esclusivamente di creature della famiglia delle Gelatine.",ep:0,g:66,l:1,wd:true,fm:true,w:10,c:"PZ=1",p:1};
I.u[11015] = {n:"Gupin",t:18,d:"Questa strana creatura ha attraversato gli oceani su un blocco di ghiaccio che si è incagliato in un porto sperduto. Sembra che ti prenda per un blocco di ghiaccio... Questo famiglio divoratore di anime mangia solo i mostri delle spiagge.",ep:0,g:67,l:1,wd:false,fm:true,w:10,c:"PZ=1",p:1};
I.u[11016] = {n:"Fantasma di Tifux Tigrato",t:90,d:"Questo Fantasma non ha ancora abbandonato il mondo dei vivi, sta a te trovare un modo per resuscitarlo oppure abbandonarlo vigliaccamente una buona volta per tutte.",ep:0,g:63,l:1,wd:false,fm:true,w:1,p:1};
I.u[11017] = {n:"Fantasma di Baubau Tigrato",t:90,d:"Questo Fantasma non ha ancora abbandonato il mondo dei vivi, sta a te trovare un modo per resuscitarlo oppure abbandonarlo vigliaccamente una buona volta per tutte.",ep:0,g:64,l:1,wd:false,fm:true,w:1,p:1};
I.u[11018] = {n:"Fantasma di Quaquà Nero",t:90,d:"Questo Fantasma non ha ancora abbandonato il mondo dei vivi, sta a te trovare un modo per resuscitarlo oppure abbandonarlo vigliaccamente una buona volta per tutte.",ep:0,g:65,l:1,wd:false,fm:true,w:1,p:1};
I.u[11019] = {n:"Fantasma di Pipì-strello Slavato",t:90,d:"Questo Fantasma non ha ancora abbandonato il mondo dei vivi, sta a te trovare un modo per resuscitarlo oppure abbandonarlo vigliaccamente una buona volta per tutte.",ep:0,g:66,l:1,wd:false,fm:true,w:1,p:1};
I.u[11020] = {n:"Fantasma di Gupin",t:90,d:"Questo Fantasma non ha ancora abbandonato il mondo dei vivi, sta a te trovare un modo per resuscitarlo oppure abbandonarlo vigliaccamente una buona volta per tutte.",ep:0,g:67,l:1,wd:true,fm:true,w:1,p:1};
I.u[11021] = {n:"Regalo Tifux Tigrato",t:89,d:"Scuotendo vigorosamente questo regalo capisci che non è vuoto. Può darsi che, per una volta, gli dei non si siano presi gioco di te. Attenzione, questo regalo può essere aperto solo su DOFUS 2.0.",ep:0,g:42,l:1,wd:false,fm:true,w:1,c:"Sc=997",u:true,p:1};
I.u[11022] = {n:"Regalo Baubau Tigrato",t:89,d:"Scuotendo vigorosamente questo regalo capisci che non è vuoto. Può darsi che, per una volta, gli dei non si siano presi gioco di te. Attenzione, questo regalo può essere aperto solo su DOFUS 2.0.",ep:0,g:42,l:1,wd:false,fm:true,w:1,c:"Sc=997",u:true,p:1};
I.u[11023] = {n:"Regalo Quaquà Nero",t:89,d:"Scuotendo vigorosamente questo regalo capisci che non è vuoto. Può darsi che, per una volta, gli dei non si siano presi gioco di te. Attenzione, questo regalo può essere aperto solo su DOFUS 2.0.",ep:0,g:42,l:1,wd:false,fm:true,w:1,c:"Sc=997",u:true,p:1};
I.u[11024] = {n:"Regalo Pipì-strello Slavato",t:89,d:"Scuotendo vigorosamente questo regalo capisci che non è vuoto. Può darsi che, per una volta, gli dei non si siano presi gioco di te. Attenzione, questo regalo può essere aperto solo su DOFUS 2.0.",ep:0,g:42,l:1,wd:false,fm:true,w:1,c:"Sc=997",u:true,p:1};
I.u[11025] = {n:"Regalo Gupin",t:89,d:"Scuotendo vigorosamente questo regalo capisci che non è vuoto. Può darsi che, per una volta, gli dei non si siano presi gioco di te. Attenzione, questo regalo può essere aperto solo su DOFUS 2.0.",ep:0,g:42,l:1,wd:false,fm:true,w:1,c:"Sc=997",u:true,p:1};
I.u[11026] = {n:"Certificato di Deposito al Cianil: Tifux Tigrato",t:77,d:"Questo Certificato descrive le caratteristiche del Tifux Tigrato che hai lasciato al Cianil.",ep:0,g:24,l:1,wd:false,fm:true,w:1,p:100};
I.u[11027] = {n:"Certificato di Deposito al Cianil: Baubau Tigrato",t:77,d:"Questo Certificato descrive le caratteristiche del Baubau Tigrato che hai lasciato al Cianil.",ep:0,g:24,l:1,wd:false,fm:true,w:1,p:100};
I.u[11028] = {n:"Certificato di Deposito al Cianil: Quaquà Nero",t:77,d:"Questo Certificato descrive le caratteristiche del Quaquà Nero che hai lasciato al Cianil.",ep:0,g:24,l:1,wd:false,fm:true,w:1,p:100};
I.u[11029] = {n:"Certificato di Deposito al Cianil: Pipì-strello Slavato",t:77,d:"Questo Certificato descrive le caratteristiche del Pipì-strello Slavato che hai lasciato al Cianil.",ep:0,g:24,l:1,wd:false,fm:true,w:1,p:100};
I.u[11030] = {n:"Certificato di Deposito al Cianil: Gupin",t:77,d:"Questo certificato descrive le caratteristiche del Gupin che hai lasciato al Cianil.",ep:0,g:24,l:1,wd:false,fm:true,w:1,p:100};
I.u[11031] = {n:"Ormone di Tifux Tigrato",t:48,d:"Questo ormone di crescita disidratato può essere utilizzato nella preparazione di una potente pozione per migliorare un famiglio.",ep:0,g:263,l:1,wd:true,fm:true,w:1,p:10};
I.u[11032] = {n:"Ormone di Baubau Tigrato",t:48,d:"Questo ormone di crescita disidratato può essere utilizzato nella preparazione di una potente pozione per migliorare un famiglio.",ep:0,g:264,l:1,wd:true,fm:true,w:1,p:10};
I.u[11033] = {n:"Ormone di Quaquà Nero",t:48,d:"Questo ormone di crescita disidratato può essere utilizzato nella preparazione di una potente pozione per migliorare un famiglio.",ep:0,g:265,l:1,wd:true,fm:true,w:1,p:10};
I.u[11034] = {n:"Ormone di Pipì-strello Slavato",t:48,d:"Questo ormone di crescita disidratato può essere utilizzato nella preparazione di una potente pozione per migliorare un famiglio.",ep:0,g:266,l:1,wd:true,fm:true,w:1,p:10};
I.u[11035] = {n:"Ormone di Gupin",t:48,d:"Questo ormone di crescita disidratato può essere utilizzato nella preparazione di una potente pozione per migliorare un famiglio.",ep:0,g:267,l:1,wd:true,fm:true,w:1,p:10};
I.u[11036] = {n:"Pozione di Miglioramento di Tifux Tigrato",t:116,d:"Utilizzando questa potente pozione, aumenterai le capacità del tuo famiglio in maniera definitiva. Attenzione, una sola dose sarà sufficiente per il tuo famiglio, ulteriori tentativi provocheranno risultati deludenti.",ep:0,g:63,l:1,wd:true,fm:true,w:1,c:"PO=11011",u:true,p:10};
I.u[11037] = {n:"Pozione di Miglioramento di Baubau Tigrato",t:116,d:"Utilizzando questa potente pozione, aumenterai le capacità del tuo famiglio in maniera definitiva. Attenzione, una sola dose sarà sufficiente per il tuo famiglio, ulteriori tentativi provocheranno risultati deludenti.",ep:0,g:64,l:1,wd:true,fm:true,w:1,c:"PO=11012",u:true,p:10};
I.u[11038] = {n:"Pozione di Miglioramento di Quaquà Nero",t:116,d:"Utilizzando questa potente pozione, aumenterai le capacità del tuo famiglio in maniera definitiva. Attenzione, una sola dose sarà sufficiente per il tuo famiglio, ulteriori tentativi provocheranno risultati deludenti.",ep:0,g:65,l:1,wd:true,fm:true,w:1,c:"PO=11013",u:true,p:10};
I.u[11039] = {n:"Pozione di Miglioramento di Pipì-strello Slavato",t:116,d:"Utilizzando questa potente pozione, aumenterai le capacità del tuo famiglio in maniera definitiva. Attenzione, una sola dose sarà sufficiente per il tuo famiglio, ulteriori tentativi provocheranno risultati deludenti.",ep:0,g:66,l:1,wd:true,fm:true,w:1,c:"PO=11014",u:true,p:10};
I.u[11040] = {n:"Pozione di Miglioramento di Gupin",t:116,d:"Utilizzando questa potente pozione, aumenterai le capacità del tuo famiglio in maniera definitiva. Attenzione, una sola dose sarà sufficiente per il tuo famiglio, ulteriori tentativi provocheranno risultati deludenti.",ep:0,g:67,l:1,wd:true,fm:true,w:1,c:"PO=11015",u:true,p:10};
I.u[11041] = {n:"Spada Handovai",t:6,d:"Pesante, poco maneggevole, smussata e sgraziata, ci si chiede come Gultard sia divenuto un combattente così temibile con una spada così mediocre. Maneggiarla non ti renderà migliore, solo ridicolo.",ep:0,g:99,l:40,wd:false,fm:true,w:10,an:14,e:[6,4,1,1,40,40,false,false],s:159,p:4000};
I.u[11042] = {n:"Cintura Padrinfiglio",t:10,d:"Regalo di un padre al figlio, questa cintura fu data a Gultard per il suo quinto compleanno. Di semplice fattura, è solida e terrà fermi i tuoi pantaloni sui tuoi fianchi. Può essere utile come corda per stendere o per saltare.",ep:0,g:175,l:40,wd:false,fm:true,w:10,s:159,p:4300};
I.u[11043] = {n:"Cappello Kalisse",t:16,d:"Questo cappello è così stretto che comprime la testa e provoca allucinazioni. Fortunatamente Gultard lo portava quando era giovane e in più ha un cranio piccolo... Ecco cosa tradisce le sue origini.",ep:0,g:265,l:41,wd:false,fm:true,w:10,s:159,p:4500};
I.u[11044] = {n:"Resti della famiglia di Gultard",t:24,d:"Qualche ossa, gioielli mortuari... ecco il tuo funesto bagaglio.",ep:0,g:818,l:1,wd:false,fm:true,w:0,p:0};
I.u[11045] = {n:"Mantello Stinenza",t:17,d:"Gultard portò questo mantello fino a quando non incontrò le tre sorelle, poi lo dimenticò in un vecchio baule.",ep:0,g:179,l:43,wd:false,fm:true,w:10,s:159,p:5050};
I.u[11046] = {n:"Collana maledetta di Istriona",t:24,d:"Questa collana ha un\'aura malefica così potente che stai facendo una gran fatica per sbarazzartene.",ep:0,g:819,l:1,wd:false,fm:true,w:0,p:0};
I.u[11047] = {n:"The Orc",t:32,d:"The Orc s\'è arreso, porta il prigioniero a Lethalin.",ep:0,g:29,l:1,wd:false,fm:true,w:0,m:true,p:1};
I.u[11048] = {n:"Indizi per Dark Vlad",t:24,d:"Un piano semplice e una pozione di intelligenza. Ecco, con questi oggetti persino Dark Vlad dovrebbe poter essere in grado di lasciare il suo labirinto.",ep:0,g:820,l:1,wd:false,fm:true,w:0,p:0};
I.u[11049] = {n:"Clementocapo",t:16,d:"Indossa questo copricapo, sbuccialo per molte ore e troverai sicuramente un piccolo seme.",ep:0,g:262,l:32,wd:false,fm:true,w:10,s:161,p:2900};
I.u[11050] = {n:"Clementello",t:17,d:"Questo mantello diffonde un profumo di agrumi tutto intorno a te, trasformandoti in una grossa trappola per Moskito.",ep:0,g:177,l:32,wd:false,fm:true,w:10,s:161,p:2850};
I.u[11051] = {n:"Clementamuleto",t:1,d:"Gettando questo amuleto nel tuo bicchiere la tua acqua insipida si trasformerà in una deliziosa bevanda agli agrumi.",ep:0,g:161,l:32,wd:false,fm:true,w:10,s:161,p:2925};
I.u[11052] = {n:"Clementivali",t:11,d:"La suola di questi stivali è confezionata con la buccia rugosa di frutti raccolti su un\'isola assolata di cui nessuno sospetta l\'esistenza.",ep:0,g:161,l:34,wd:false,fm:true,w:10,an:0,s:161,p:3205};
I.u[11053] = {n:"null",t:31,d:"",ep:0,g:0,l:1,wd:false,fm:false,w:0,p:0};
I.u[11054] = {n:"null",t:49,d:"",ep:0,g:0,l:1,wd:false,fm:true,w:1,c:"Sc=994",ut:true,p:0};
I.u[11055] = {n:"Cappelligna",t:16,d:"Imbottito con peli di Maomao e ricoperto di corteccia, questo cappello è molto infiammabile. E\' sconsigliabile sedercisi sopra se hai mangiato fagioli per cena...",ep:0,g:263,l:41,wd:false,fm:true,w:10,an:0,s:162,p:4553};
I.u[11056] = {n:"Mantelpigna",t:17,d:"Quando fa caldo le scaglie di questo mantello si allargano per lasciar evaporare la tua traspirazione. Quando piove le scaglie si allargano per far entrare la pioggia e inzupparti tutto il fondoschiena.",ep:0,g:178,l:42,wd:false,fm:true,w:10,an:0,s:162,p:4875};
I.u[11057] = {n:"Cintura Pigna",t:10,d:"Questa cintura è composta da scaglie sistemate a spirale in modo da seguire la regola di Vibronacci.",ep:0,g:174,l:40,wd:false,fm:true,w:10,an:0,s:162,p:4305};
I.u[11058] = {n:"Anello Pigna",t:9,d:"Ma chi conti di sedurre con un anello del genere?",ep:0,g:189,l:43,wd:false,fm:true,w:10,an:0,s:162,p:5100};
I.u[11059] = {n:"Regalo Spada Handovai",t:89,d:"Scuotendo vigorosamente questo regalo capisci che non è vuoto. Può darsi che, per una volta, gli dei non si siano presi gioco di te. Attenzione, questo regalo può essere aperto solo su DOFUS 2.0.",ep:0,g:42,l:1,wd:false,fm:true,w:1,c:"Sc=997",u:true,p:1};
I.u[11060] = {n:"Regalo Cintura Padrinfiglio",t:89,d:"Scuotendo vigorosamente questo regalo capisci che non è vuoto. Può darsi che, per una volta, gli dei non si siano presi gioco di te. Attenzione, questo regalo può essere aperto solo su DOFUS 2.0.",ep:0,g:42,l:1,wd:false,fm:true,w:1,c:"Sc=997",u:true,p:1};
I.u[11061] = {n:"Regalo Cappello Kalisse",t:89,d:"Scuotendo vigorosamente questo regalo capisci che non è vuoto. Può darsi che, per una volta, gli dei non si siano presi gioco di te. Attenzione, questo regalo può essere aperto solo su DOFUS 2.0.",ep:0,g:42,l:1,wd:false,fm:true,w:1,c:"Sc=997",u:true,p:1};
I.u[11062] = {n:"Regalo Mantello Stinenza",t:89,d:"Scuotendo vigorosamente questo regalo capisci che non è vuoto. Può darsi che, per una volta, gli dei non si siano presi gioco di te. Attenzione, questo regalo può essere aperto solo su DOFUS 2.0.",ep:0,g:42,l:1,wd:false,fm:true,w:1,c:"Sc=997",u:true,p:1};
I.u[11063] = {n:"Regalo Clementocapo",t:89,d:"Scuotendo vigorosamente questo regalo capisci che non è vuoto. Può darsi che, per una volta, gli dei non si siano presi gioco di te. Attenzione, questo regalo può essere aperto solo su DOFUS 2.0.",ep:0,g:42,l:1,wd:false,fm:true,w:1,c:"Sc=997",u:true,p:1};
I.u[11064] = {n:"Regalo Clementello",t:89,d:"Scuotendo vigorosamente questo regalo capisci che non è vuoto. Può darsi che, per una volta, gli dei non si siano presi gioco di te. Attenzione, questo regalo può essere aperto solo su DOFUS 2.0.",ep:0,g:42,l:1,wd:false,fm:true,w:1,c:"Sc=997",u:true,p:1};
I.u[11065] = {n:"Regalo Clementamuleto",t:89,d:"Scuotendo vigorosamente questo regalo capisci che non è vuoto. Può darsi che, per una volta, gli dei non si siano presi gioco di te. Attenzione, questo regalo può essere aperto solo su DOFUS 2.0.",ep:0,g:42,l:1,wd:false,fm:true,w:1,c:"Sc=997",u:true,p:1};
I.u[11066] = {n:"Regalo Clementivali",t:89,d:"Scuotendo vigorosamente questo regalo capisci che non è vuoto. Può darsi che, per una volta, gli dei non si siano presi gioco di te. Attenzione, questo regalo può essere aperto solo su DOFUS 2.0.",ep:0,g:42,l:1,wd:false,fm:true,w:1,c:"Sc=997",u:true,p:1};
I.u[11067] = {n:"Regalo Stivali del Corvo Nero",t:89,d:"Scuotendo vigorosamente questo regalo capisci che non è vuoto. Può darsi che, per una volta, gli dei non si siano presi gioco di te. Attenzione, questo regalo può essere aperto solo su DOFUS 2.0.",ep:0,g:42,l:1,wd:false,fm:true,w:1,c:"Sc=997",u:true,p:1};
I.u[11068] = {n:"Regalo Mantello del Corvo Nero",t:89,d:"Scuotendo vigorosamente questo regalo capisci che non è vuoto. Può darsi che, per una volta, gli dei non si siano presi gioco di te. Attenzione, questo regalo può essere aperto solo su DOFUS 2.0.",ep:0,g:42,l:1,wd:false,fm:true,w:1,c:"Sc=997",u:true,p:1};
I.u[11069] = {n:"Regalo Elmo del Corvo Nero",t:89,d:"Scuotendo vigorosamente questo regalo capisci che non è vuoto. Può darsi che, per una volta, gli dei non si siano presi gioco di te. Attenzione, questo regalo può essere aperto solo su DOFUS 2.0.",ep:0,g:42,l:1,wd:false,fm:true,w:1,c:"Sc=997",u:true,p:1};
I.u[11070] = {n:"Hata Mari",t:32,d:"Prigioniera dei Bwork, ti chiede di scortarla fuori dal villaggio.",ep:0,g:30,l:1,wd:false,fm:true,w:0,m:true,p:0};
I.u[11071] = {n:"Estratto dalle Origini di Gultard",t:25,d:"",ep:0,g:9,l:1,wd:false,fm:true,w:1,u:true,p:0};
I.u[11072] = {n:"Regalo Cappelligna",t:89,d:"Scuotendo vigorosamente questo regalo capisci che non è vuoto. Può darsi che, per una volta, gli dei non si siano presi gioco di te. Attenzione, questo regalo può essere aperto solo su DOFUS 2.0.",ep:0,g:42,l:1,wd:false,fm:true,w:1,c:"Sc=997",u:true,p:1};
I.u[11073] = {n:"Regalo Mantelpigna",t:89,d:"Scuotendo vigorosamente questo regalo capisci che non è vuoto. Può darsi che, per una volta, gli dei non si siano presi gioco di te. Attenzione, questo regalo può essere aperto solo su DOFUS 2.0.",ep:0,g:42,l:1,wd:false,fm:true,w:1,c:"Sc=997",u:true,p:1};
I.u[11074] = {n:"Regalo Cintura Pigna",t:89,d:"Scuotendo vigorosamente questo regalo capisci che non è vuoto. Può darsi che, per una volta, gli dei non si siano presi gioco di te. Attenzione, questo regalo può essere aperto solo su DOFUS 2.0.",ep:0,g:42,l:1,wd:false,fm:true,w:1,c:"Sc=997",u:true,p:1};
I.u[11075] = {n:"Regalo Anello Pigna",t:89,d:"Scuotendo vigorosamente questo regalo capisci che non è vuoto. Può darsi che, per una volta, gli dei non si siano presi gioco di te. Attenzione, questo regalo può essere aperto solo su DOFUS 2.0.",ep:0,g:42,l:1,wd:false,fm:true,w:1,c:"Sc=997",u:true,p:1};
I.u[11076] = {n:"Regalo Panoplia Ghiacciata",t:89,d:"Scuotendo vigorosamente questo regalo capisci che non è vuoto. Può darsi che, per una volta, gli dei non si siano presi gioco di te. Attenzione, questo regalo può essere aperto solo su DOFUS 2.0.",ep:0,g:42,l:1,wd:false,fm:true,w:1,c:"Sc=997",u:true,p:1};
I.u[11077] = {n:"Martello di Lonne",t:7,d:"Quando si trattava di suonare gli avversari Lonne Jenon aveva più di una corda al suo violino... e lo usava come un martello. Una cosa è certa: volavano scintille!",ep:0,g:75,l:54,wd:false,fm:true,w:20,an:0,e:[6,5,1,1,42,50,false,false],c:"CA>20&CV>40",s:163,p:9700};
I.u[11078] = {n:"Mantello di Lonne",t:17,d:"Questo mantello in cuoio, eppure leggero, ti accompagnerà nelle tue fantastiche cavalcate sul tuo dragacchino...",ep:0,g:176,l:55,wd:false,fm:true,w:10,an:0,s:163,p:7900};
I.u[11079] = {n:"Cappello di Lonne",t:16,d:"Prima di essere stato indossato da Lonne Jenon questo cappello apparteneva a un certo Sergente Pepper. Un tipo piuttosto tranquillo che aveva una band composta da cuori solitari.",ep:0,g:261,l:55,wd:false,fm:true,w:10,an:0,s:163,p:8050};
I.u[11080] = {n:"Stivali di Lonne",t:11,d:"Questo paio di stivali ti garantirà una totale libertà di movimento. E\' per questo che Lonne li indossava per ballare con i Muulupi.",ep:0,g:160,l:55,wd:false,fm:false,w:10,an:0,s:163,p:7925};
I.u[11082] = {n:"Stivali da Pappaball",t:11,d:"Questi stivali sono stati concepiti specialmente per distruggere i parastinchi dei tuoi avversari, poi i loro stinchi, infine le dita dei tuoi piedi.",ep:0,g:157,l:28,wd:false,fm:true,w:10,an:0,c:"Sc=11",p:2300};
I.u[11083] = {n:"Anello da Pappaball",t:9,d:"Questo anello permette di bucare la Pappaball quando vuoi approfittare discretamente per fare una pausa di gioco.",ep:0,g:187,l:31,wd:false,fm:true,w:10,an:0,c:"Sc=12",p:2666};
I.u[11084] = {n:"Cappello di Gadjet",t:16,d:"Gadjet era uno dei Tuttofare più creativi del Mondo dei Dodici. Sfortunatamente era anche uno dei più storditi. Si racconta che confondeva spesso l\'incudine e la testa della moglie, ma che lei non si lamentava mai...",ep:0,g:0,l:49,wd:false,fm:true,w:10,an:0,s:165,p:6400};
I.u[11085] = {n:"Cintura di Gadjet",t:10,d:"Indossando questa cintura al contrario e chiudendola abbastanza stretta potrai magari riuscire ad attivare il modulo integrato di retromagia. Non ha mai funzionato, ma potrai attivarlo comunque. Altrimenti potrai rivendere questa cintura a qualcuno naif come te.",ep:0,g:0,l:49,wd:false,fm:true,w:10,an:0,s:165,p:6358};
I.u[11086] = {n:"Mantello di Gadjet",t:17,d:"Gadjet fabbricò questo mantello nella speranza che gli permettesse di volare, per poter sfuggire alle punizioni quotidiane che gli venivano inflitte dalla moglie.",ep:0,g:0,l:49,wd:false,fm:true,w:10,an:0,s:165,p:6350};
I.u[11087] = {n:"Anello di Gadjet",t:9,d:"Indossato da numerose generazioni di Tuttofare, questo anello protegge una delle tue falangi dalle martellate. Sfortunatamente non è mai venduto a lotti di cinque.",ep:0,g:0,l:49,wd:false,fm:true,w:10,an:0,s:165,p:6453};
I.u[11088] = {n:"Cappello di Grillian",t:16,d:"Grillian era un grande mago, celebre per aver scoperto come tagliare la corda dopo aver dimenticato come si faceva.",ep:0,g:0,l:49,wd:false,fm:true,w:10,s:164,p:6325};
I.u[11089] = {n:"Mantello di Grillian",t:17,d:"Questo mantello è tenuto a proteggerti il posteriore dai morsi delle mostropiante.",ep:0,g:0,l:48,wd:false,fm:true,w:10,s:164,p:6250};
I.u[11090] = {n:"Avviso di ricerca",t:24,d:"Questo avviso di ricerca è per Lethalin Sigisbul.",ep:0,g:821,l:1,wd:false,fm:true,w:0,p:0};
I.u[11091] = {n:"Stivali di Grillian",t:11,d:"Grillian il mago scambiò un anello magico per questi stivali. Credo ci abbia perso nello scambio, non sono nemmeno imbottiti.",ep:0,g:0,l:46,wd:false,fm:true,w:10,an:0,s:164,p:5600};
I.u[11092] = {n:"Amuleto di Grillian",t:1,d:"Grillian indossava questo amuleto intorno al collo quando... quando... Che importa? Ormai lui è morto e questo amuleto ti appartiene.",ep:0,g:0,l:45,wd:false,fm:true,w:10,s:164,p:5450};
I.u[11093] = {n:"Regalo Martello di Lonne",t:89,d:"Scuotendo vigorosamente questo regalo capisci che non è vuoto. Può darsi che, per una volta, gli dei non si siano presi gioco di te. Attenzione, questo regalo può essere aperto solo su DOFUS 2.0.",ep:0,g:42,l:1,wd:false,fm:true,w:1,c:"Sc=997",u:true,p:1};
I.u[11094] = {n:"Regalo Mantello di Lonne",t:89,d:"Scuotendo vigorosamente questo regalo capisci che non è vuoto. Può darsi che, per una volta, gli dei non si siano presi gioco di te. Attenzione, questo regalo può essere aperto solo su DOFUS 2.0.",ep:0,g:42,l:1,wd:false,fm:true,w:1,c:"Sc=997",u:true,p:1};
I.u[11095] = {n:"Regalo Cappello di Lonne",t:89,d:"Scuotendo vigorosamente questo regalo capisci che non è vuoto. Può darsi che, per una volta, gli dei non si siano presi gioco di te. Attenzione, questo regalo può essere aperto solo su DOFUS 2.0.",ep:0,g:42,l:1,wd:false,fm:true,w:1,c:"Sc=997",u:true,p:1};
I.u[11096] = {n:"Regalo Stivali di Lonne",t:89,d:"Scuotendo vigorosamente questo regalo capisci che non è vuoto. Può darsi che, per una volta, gli dei non si siano presi gioco di te. Attenzione, questo regalo può essere aperto solo su DOFUS 2.0.",ep:0,g:42,l:1,wd:false,fm:true,w:1,c:"Sc=997",u:true,p:1};
I.u[11097] = {n:"Regalo Pozione di cambiamento di nome",t:89,d:"Scuotendo vigorosamente questo regalo capisci che non è vuoto. Può darsi che, per una volta, gli dei non si siano presi gioco di te. Attenzione, questo regalo può essere aperto solo su DOFUS 2.0.",ep:0,g:42,l:1,wd:false,fm:true,w:1,c:"Sc=997",u:true,p:1};
I.u[11098] = {n:"Regalo Pozione di cambiamento di colore",t:89,d:"Scuotendo vigorosamente questo regalo capisci che non è vuoto. Può darsi che, per una volta, gli dei non si siano presi gioco di te. Attenzione, questo regalo può essere aperto solo su DOFUS 2.0.",ep:0,g:42,l:1,wd:false,fm:true,w:1,c:"Sc=997",u:true,p:1};
I.u[11099] = {n:"Regalo Pozione di cambiamento di sesso",t:89,d:"Scuotendo vigorosamente questo regalo capisci che non è vuoto. Può darsi che, per una volta, gli dei non si siano presi gioco di te. Attenzione, questo regalo può essere aperto solo su DOFUS 2.0.",ep:0,g:42,l:1,wd:false,fm:true,w:1,c:"Sc=997",u:true,p:1};
I.u[11100] = {n:"Regalo Estratto dalle Origini di Gultard",t:89,d:"Scuotendo vigorosamente questo regalo capisci che non è vuoto. Può darsi che, per una volta, gli dei non si siano presi gioco di te. Attenzione, questo regalo può essere aperto solo su DOFUS 2.0.",ep:0,g:42,l:1,wd:false,fm:true,w:1,c:"Sc=997",u:true,p:1};
I.u[11102] = {n:"Bucaneve",t:35,d:"Indurito dal clima di Frigost, questo fiore è molto più resistente di quanto il suo aspetto delicato possa far supporre. La sua raccolta è comunque delicata per preservare tutte le proprietà alchemiche di una pianta così rara.",ep:0,g:635,l:100,wd:false,fm:true,w:1,p:0};
I.u[11103] = {n:"Sacco di Bucaneve",t:100,d:"Questo enorme sacco contiene una quantità impressionante di Bucaneve.",ep:0,g:57,l:1,wd:false,fm:true,w:50,u:true,p:100};
I.u[11104] = {n:"Quaquà migliorato",t:18,d:"Più stupido del Tofu, del Pappatutto e addirittura dello Yop, il Quaquà eccelle in cretineria.",ep:0,g:8,l:1,wd:true,fm:false,w:10,c:"PZ=1",p:1};
I.u[11105] = {n:"Fantasma di Quaquà migliorato",t:90,d:"Questo Fantasma non ha ancora abbandonato il mondo dei vivi, sta a te trovare un modo per resuscitarlo oppure abbandonarlo vigliaccamente una buona volta per tutte.",ep:0,g:12,l:1,wd:true,fm:true,w:1,p:1};
I.u[11106] = {n:"Pescetto Reale",t:41,d:"Spine taglienti come lame di Bwork, scaglie spesse come corteccia di Quercia Molle, e occhi neri come piume di Cuervoc. Questo pescetto può avere un aspetto temibile, ma nel piatto invece è semplicemente succulento.",ep:0,g:403,l:100,wd:false,fm:true,w:1,p:100};
I.u[11107] = {n:"Legno di Pioppo Tremulo",t:38,d:"Quest\'essenza di legno sembra tremare fra le tue dita. Dopo tutti i colpi di ascia che gli hai assestato è normale che abbia paura di te.",ep:0,g:677,l:100,wd:false,fm:true,w:5,p:100};
I.u[11109] = {n:"Frostiss",t:34,d:"Questo cereale è sorprendente, oltre a resistere al clima di Frigost da un gusto di cioccolato al lalatte nel quale viene immerso.",ep:0,g:552,l:100,wd:false,fm:true,w:1,p:100};
I.u[11110] = {n:"Ossidiana",t:39,d:"Tanto dura da rigare il vetro e tanto oscura da minare il tuo morale, questa roccia ha perso tutto il calore della lava dalla quale ha avuto origine. In ogni caso è perfetta per una pietra tombale, tanto non è mica la tua.",ep:0,g:90,l:100,wd:false,fm:true,w:5,p:0};
I.u[11111] = {n:"Sacco di Pescetti",t:100,d:"Questo enorme sacco contiene una quantità impressionante di Pescetti.",ep:0,g:59,l:1,wd:false,fm:true,w:50,u:true,p:100};
I.u[11112] = {n:"Sacco di Pioppo Tremulo",t:100,d:"Questo enorme sacco contiene una quantità impressionante di Pioppo Tremulo.",ep:0,g:58,l:1,wd:false,fm:true,w:250,u:true,p:100};
I.u[11113] = {n:"Sacco di Frostiss",t:100,d:"Questo enorme sacco contiene una quantità impressionante di Frostiss.",ep:0,g:60,l:1,wd:false,fm:true,w:50,u:true,p:100};
I.u[11114] = {n:"Sacco di Ossidiana",t:100,d:"Questo enorme sacco contiene una quantità impressionante di Ossidiana.",ep:0,g:34,l:1,wd:false,fm:true,w:250,u:true,p:100};
I.u[11115] = {n:"Pescis d\'Aperir",t:30,d:"Si sente arrivare la primavera. Si sente pure troppo, con quell\'Úridnac poco fresco attaccato alla schiena...",ep:0,g:1,l:1,wd:false,fm:false,w:0,m:true,p:0};
I.u[11116] = {n:"Úridnac",t:94,d:"Questo pesce ama talmente tanto le persone che vi si attacca facilmente.\nIl suo ritmo biologico è particolare: è attivo solo nel mese di Aperir, quando Siluate riscalda le acque dolci dove questo pesce vive.",ep:0,g:19,l:1,wd:false,fm:false,w:1,c:"SG=3&POX11115",u:true,ut:true,p:0};
I.u[11117] = {n:"Lana di Pappabuk",t:57,d:"I Pappabuk devono essere tosati una volta l\'anno, così come le ascelle di Bituf.",ep:0,g:211,l:105,wd:false,fm:true,w:1,an:0,p:10};
I.u[11118] = {n:"Clavicola di Pappabuk",t:47,d:"E\' inutile che continui a rosicchiare, non c\'è più la minima traccia di carne commestibile qua sopra.",ep:0,g:660,l:105,wd:false,fm:true,w:1,an:0,p:10};
I.u[11119] = {n:"Orecchio di Pappatonbuk",t:106,d:"I Frigostiani lo consumano generalmente con dell\'aceto, perchè non ha un buon sapore, e poi loro adorano l\'aceto.",ep:0,g:624,l:96,wd:false,fm:true,w:10,p:1};
I.u[11120] = {n:"Cuoio di Pappabuk",t:56,d:"Bollito 8 volte in acqua sembra che questo cuoio diventi commestibile. Questo è quel che raccontano i Frigostiani in vena di scherzi.",ep:0,g:534,l:96,wd:false,fm:true,w:10,p:1};
I.u[11121] = {n:"Occhio di Pappabuk di guerra",t:109,d:"Quest\'occhio ha visto più di un posteriore di femmina di Pappabuk, e ora non vedrà altro che il fondo della tua tasca. Che sfortuna.",ep:0,g:590,l:112,wd:false,fm:true,w:10,p:1};
I.u[11122] = {n:"Corno di Pappabuk di guerra",t:47,d:"I Pappabuk di guerra sono utilizzati, durante il loro sonno, come giocattolo dai Frigostiani più temerari che tentano di lanciare tre anelli metallici attorno a ciascun corno dell\'animale, senza svegliarlo. E\' sorprendente come nessuno sia ancora riuscito a finire vivo questo gioco.",ep:0,g:661,l:112,wd:false,fm:true,w:10,p:1};
I.u[11123] = {n:"Dente di saggezza di Pappabuk",t:24,d:"Hai strappato questo dente da un Pappabuk ancora vivo. Ma che cosa ti è passato per la testa?",ep:0,g:822,l:1,wd:false,fm:true,w:0,p:1};
I.u[11124] = {n:"Viscere congelate",t:24,d:"Queste viscere si sono congelate nel momento in cui le hai estratte dal corpo.",ep:0,g:0,l:1,wd:false,fm:true,w:0,p:1};
I.u[11125] = {n:"Piede del Pinguinotto",t:24,d:"Cosa sarà di questo Pinguinotto a cui hai portato via un piede, visto che la natura già non l\'ha dotato delle braccia?",ep:0,g:823,l:1,wd:false,fm:true,w:0,p:1};
I.u[11126] = {n:"Cranio etereo",t:24,d:"Come può un cranio essere etereo? Ci hai pensato su talmente tanto che ora ridi pensando alla risposta a questa domanda.",ep:0,g:0,l:1,wd:false,fm:true,w:0,p:1};
I.u[11127] = {n:"Lacrima ribelle",t:24,d:"Questa lacrima simboleggia l\'irriducibilità nei confronti dell\'oppressore.",ep:0,g:0,l:1,wd:false,fm:true,w:0,p:1};
I.u[11128] = {n:"Lacrima magmatica",t:24,d:"Invece di bagnare, questa lacrima brucia tutto il materiale combustibile col quale entra in contatto. Almeno non rischierai di far sciogliere il tuo trucco quando il tuo fidanzato ti lascerà per la sua dragacchina...",ep:0,g:0,l:1,wd:false,fm:true,w:0,p:1};
I.u[11129] = {n:"Givranchy",t:24,d:"Questo estratto di muschio di Ghiacciopaz fa furore fra le femmine della specie. E\' un\'eccellente regalo da fare ai tuoi pretendenti, o ai tuoi rivali.",ep:0,g:0,l:1,wd:false,fm:true,w:0,p:1};
I.u[11130] = {n:"Muschio pietrificato",t:24,d:"Questo pezzo di muschio è stato pietrificato dal freddo. Una volta scongelato può essere utilizzato in una variante frigostiana della pizza al sanguinaccio.",ep:0,g:827,l:1,wd:false,fm:true,w:0,p:1};
I.u[11131] = {n:"Oggetto bizzarro",t:24,d:"Bisogna avere proprio la testa di legno per non capire a cosa serve questo oggetto...",ep:0,g:0,l:1,wd:false,fm:true,w:0,p:1};
I.u[11132] = {n:"Cucchiaio",t:24,d:"Dato che non ha più il suo cucchiaio ora l\'orso deve mangiare con le dita, ed è tutta colpa tua.",ep:0,g:824,l:1,wd:false,fm:true,w:0,p:1};
I.u[11133] = {n:"Piuma Vibrante di Pinguinotto",t:94,d:"Seguendo l\'esempio del Tofu Reale, alcuni Pinguinotti hanno una piuma vibrante fortemente impregnata di magia. Per quanto riguarda l\'utilità, invece...",ep:0,g:20,l:50,wd:false,fm:false,w:1,c:"Qc=555&Qa!555",u:true,p:500};
I.u[11134] = {n:"Apewicubo",t:94,d:"Un oggetto è imprigionato dentro a questo cubetto gelato tagliato nel ghiaccio del Lago ghiacciato di Frigost. Per scoprire di cosa si tratta hai due scelte: o aspetti che si sciolga, o, come tutti gli impazienti, lo colpisci piano perchè si rompa.",ep:0,g:21,l:50,wd:false,fm:true,w:1,u:true,p:500};
I.u[11135] = {n:"Coda di Pappabuk leggendario",t:65,d:"Questa piccola coda pelosa leggendaria era ben nascosta sotto la spessa lana del Pappabuk leggendario. La cosa non ti ha impedito di trovarla e prendergliela.",ep:0,g:752,l:118,wd:false,fm:true,w:10,p:1};
I.u[11136] = {n:"Lana di Pappabuk leggendario",t:57,d:"E\' sporca, ma leggendaria. Ti ricorda qualcuno...",ep:0,g:212,l:118,wd:false,fm:true,w:10,p:1};
I.u[11137] = {n:"Pezzo di Ratto Stordito slavato",t:24,d:"E\' tutto quel che rimane dei ratti storditi della caverna del Nonno. Ci sei andato pesante, eh?",ep:0,g:0,l:1,wd:false,fm:true,w:0,p:1};
I.u[11138] = {n:"Seme di Pisello",t:24,d:"No, non è un cervello di Pappabuk quello che tieni fra le mani, ma un piccolo Seme di Pisello. La differenza è abbastanza evidente: il seme è freddo al tatto.",ep:0,g:828,l:1,wd:false,fm:true,w:0,p:1};
I.u[11139] = {n:"Seme di Farro",t:24,d:"Ecco la versione arcaica dei semi di grano utilizzati una volta su Amakna. Chiunque penserebbe che il tempo si sia fermato su Frigost.",ep:0,g:829,l:1,wd:false,fm:true,w:0,p:1};
I.u[11140] = {n:"Seme di Granola",t:24,d:"Un avolta utilizzato nella farina per i biscotti, la coltivazione di questo cereale è stata vietata dopo una stupida scommessa. Il precedente sindaco di Frigost aveva scommesso con un Ecaflip che avrebbe mangiato solo un biscotto fatto con la farina di Granola. Perse la scommessa e la sua fortuna.",ep:0,g:830,l:1,wd:false,fm:true,w:0,p:1};
I.u[11141] = {n:"Seme di Pigna",t:24,d:"Questo seme proviene da una Pigna giunta a maturità.",ep:0,g:831,l:1,wd:false,fm:true,w:0,p:1};
I.u[11142] = {n:"Seme di Lenticchia",t:24,d:"Applicando uno di questi semi su ciascuno dei tuoi occhi non vedrai meglio. In compenso avrai l\'aria ancora più stupida del solito agli occhi di chiunque ti veda.",ep:0,g:832,l:1,wd:false,fm:true,w:0,p:1};
I.u[11143] = {n:"Granelli di Sale",t:24,d:"Lo Sparo non ha molto sale in zucca, ed è per questo che è finito in un barile. Non dire che non ti avevamo avvisato.",ep:0,g:833,l:1,wd:false,fm:true,w:0,p:1};
I.u[11144] = {n:"Gran Ata",t:24,d:"Tira il picciolo, conta fino a due e lancia lontano. Se la Gran Ata tocca un F20 lascerà esplodere la sua collera. E\' così che i giovani miliziani si allenano nel lancio della Gran Ata.",ep:0,g:834,l:1,wd:false,fm:true,w:0,p:1};
I.u[11145] = {n:"Gran Oy",t:24,d:"Questo seme è utilizzato soprattutto dai giovani dei bassi fondi per aggredire la gente civilizzata. Ti chiedi come sia possibile? Meglio se non lo sai, dico davvero.",ep:0,g:835,l:1,wd:false,fm:true,w:0,p:1};
I.u[11146] = {n:"Granello di Basalto",t:24,d:"Questo granello è sopravvissuto ad un riscaldamento seguito da un raffreddamento estremo, a causa di questo ora è fragile e debole.",ep:0,g:836,l:1,wd:false,fm:true,w:0,p:1};
I.u[11147] = {n:"Grano Chia",t:24,d:"Questo grano possiede un alto contenuto di carbone e gracida nelle notti di luna piena. Bisogna essere un vero idiota, o uno Yop, per credere a una cosa simile.",ep:0,g:837,l:1,wd:false,fm:true,w:0,p:1};
I.u[11148] = {n:"Grano Demoniaco",t:24,d:"Una vecchia leggenda racconta che la farina ricavata da questo grano era usata per la fabbricazione del pane per i panini alla carne di demone, piatto preferito del Signore Demone Rushu. Ancora oggi i Frigostiani diffidano dall\'usarla.",ep:0,g:838,l:1,wd:false,fm:true,w:0,p:1};
I.u[11149] = {n:"Grano di Stella",t:24,d:"Se anche tu vuoi assomigliare a Piochetta la Truccata, questo seme è fatto per te. Grazie ad esso potrai dimenarti e sbraitare sotto agli applausi. Attenzione però, i suoi effetti sono molto effimeri.",ep:0,g:839,l:1,wd:false,fm:true,w:0,p:1};
I.u[11150] = {n:"null",t:24,d:"",ep:0,g:831,l:1,wd:false,fm:true,w:0,p:1};
I.u[11151] = {n:"null",t:24,d:"",ep:0,g:832,l:1,wd:false,fm:true,w:0,p:1};
I.u[11152] = {n:"null",t:24,d:"",ep:0,g:0,l:1,wd:false,fm:true,w:0,p:1};
I.u[11153] = {n:"null",t:24,d:"",ep:0,g:839,l:1,wd:false,fm:true,w:0,p:1};
I.u[11154] = {n:"null",t:24,d:"",ep:0,g:840,l:1,wd:false,fm:true,w:0,p:1};
I.u[11155] = {n:"null",t:24,d:"",ep:0,g:831,l:1,wd:false,fm:true,w:0,p:1};
I.u[11156] = {n:"Yucca Lele",t:24,d:"Questo fiore è stato reso famoso dal cantante Gaet Anrin. Da quel momento in poi, tutti i cantanti hanno smesso di usarlo.",ep:0,g:841,l:1,wd:false,fm:true,w:0,p:1};
I.u[11157] = {n:"Tulip Osuzione",t:24,d:"Ridotto in polvere e bollito, questo fiore dal nome strano è un ingrediente raccomandato nei regimi per perdere peso rapidamente. L\'inconveniente è che perde peso rapidamente anche il mucchio dei tuoi kama.",ep:0,g:842,l:1,wd:false,fm:true,w:0,p:1};
I.u[11158] = {n:"Rosa Nelson",t:24,d:"Scoperta dal celebre botanico Yosef, questa rosa rilascia un dolce profumo di sterco di Freddocero aromatizzato al sudore. Ecco come ti vengono in mente i tuoi momenti più intimi.",ep:0,g:843,l:1,wd:false,fm:true,w:0,p:1};
I.u[11159] = {n:"Mima Osamodas",t:24,d:"L\'ombra di questo fiore ricorda quella degli Osamodas.",ep:0,g:844,l:1,wd:false,fm:true,w:0,p:1};
I.u[11160] = {n:"Rabarbapapà filato",t:24,d:"E\' il solo ricordo che ti rimane di tuo padre. Avresti preferito un maniero e molti kama, ma la vita è ingiusta, si sa.",ep:0,g:845,l:1,wd:false,fm:true,w:0,p:1};
I.u[11161] = {n:"Cri-santemo",t:24,d:"Un\'associazione che lotta contro le malattie frigostiane ha fatto di questo fiore il suo emblema. Il suo motto: uscite coperti.",ep:0,g:846,l:1,wd:false,fm:true,w:0,p:1};
I.u[11162] = {n:"Rosa Liecullen",t:24,d:"Un Signore del Tempo Xelor ha scoperto questo splendido fiore, ma fu costretto a separarsi da esso a malincuore.",ep:0,g:847,l:1,wd:false,fm:true,w:0,p:1};
I.u[11163] = {n:"Rosa Dalima",t:24,d:"Si dice che questa rosa sia benedetta dagli dei, una cosa che non si può dire di te.",ep:0,g:848,l:1,wd:false,fm:true,w:0,p:1};
I.u[11164] = {n:"Elleboro Dello",t:24,d:"Questo fiore viene usato dalla gente di facili costumi per riconoscersi fra di loro. Gli altri li riconoscono ugualmente.",ep:0,g:849,l:1,wd:false,fm:true,w:0,p:1};
I.u[11165] = {n:"Aconito pensatore",t:24,d:"Un tempo ci fu un avvelenamento di massa fra gli Yop a causa di questo fiore, poichè pensavano che masticarlo desse un\'aria intelligente. Avrebbe potuto essere vero, se gli Yop fossero stati in grado di pensare.",ep:0,g:850,l:1,wd:false,fm:true,w:0,p:1};
I.u[11166] = {n:"Giglio Ander",t:24,d:"Il nome di questo fiore è un omaggio a Ander, celebre capitano della flotta militare di Frigost, che morì rompendosi la testa contro le mura della casa del suo rivale Al Hiartus.",ep:0,g:851,l:1,wd:false,fm:true,w:0,p:1};
I.u[11167] = {n:"Giglio Tigrato",t:24,d:"Questo fiore ha la particolarità di essere molto utilizzato dai capitani pirati di un\'isola che non c\'è che cercano di far cadere in trappola i loro nemici.",ep:0,g:852,l:1,wd:false,fm:true,w:0,p:1};
I.u[11168] = {n:"null",t:24,d:"",ep:0,g:0,l:1,wd:false,fm:true,w:0,p:1};
I.u[11169] = {n:"null",t:24,d:"",ep:0,g:854,l:1,wd:false,fm:true,w:0,p:1};
I.u[11170] = {n:"null",t:24,d:"",ep:0,g:855,l:1,wd:false,fm:true,w:0,p:1};
I.u[11171] = {n:"null",t:24,d:"",ep:0,g:856,l:1,wd:false,fm:true,w:0,p:1};
I.u[11172] = {n:"null",t:24,d:"",ep:0,g:847,l:1,wd:false,fm:true,w:0,p:1};
I.u[11173] = {n:"null",t:24,d:"",ep:0,g:848,l:1,wd:false,fm:true,w:0,p:1};
I.u[11174] = {n:"Chiave del Dongione dei Pappabuk",t:84,d:"Questa chiave permette di entrare nella serra dove si rintana il Realbuk.",ep:0,g:0,l:1,wd:false,fm:true,w:1,p:1};
I.u[11175] = {n:"Chiave del Dongione dei Pinguinotti",t:84,d:"Questa chiave, dall\'alto contenuto di amianto, fluttua bene sull\'acqua e sull\'aceto. Permette anche di entrare nel dongione dei Pinguinotti.",ep:0,g:255,l:1,wd:false,fm:true,w:1,p:1};
I.u[11176] = {n:"null",t:84,d:"",ep:0,g:0,l:1,wd:false,fm:true,w:1,p:1};
I.u[11177] = {n:"null",t:84,d:"",ep:0,g:0,l:1,wd:false,fm:true,w:1,p:1};
I.u[11178] = {n:"null",t:84,d:"",ep:0,g:0,l:1,wd:false,fm:true,w:1,p:1};
I.u[11179] = {n:"null",t:84,d:"",ep:0,g:0,l:1,wd:false,fm:true,w:1,p:1};
I.u[11180] = {n:"null",t:84,d:"",ep:0,g:0,l:1,wd:false,fm:true,w:1,p:1};
I.u[11181] = {n:"null",t:84,d:"",ep:0,g:0,l:1,wd:false,fm:true,w:1,p:1};
I.u[11182] = {n:"Parrucca del Realbuk",t:24,d:"Una cosa è sicura: senza la sua parrucca l\'autorità del Realbuk viene gettata alle ortiche.",ep:0,g:826,l:1,wd:false,fm:true,w:0,p:1};
I.u[11183] = {n:"Pescetto Reale",t:24,d:"Il Pinguinotto Reale in persona ha usato questo pescetto contro di te. Non importa quale sia la sua origine, finirà in padella come un volgare pescetto.",ep:0,g:0,l:1,wd:false,fm:true,w:0,p:1};
I.u[11184] = {n:"null",t:24,d:"",ep:0,g:0,l:1,wd:false,fm:true,w:0,p:1};
I.u[11185] = {n:"null",t:24,d:"",ep:0,g:0,l:1,wd:false,fm:true,w:0,p:1};
I.u[11186] = {n:"null",t:24,d:"",ep:0,g:0,l:1,wd:false,fm:true,w:0,p:1};
I.u[11187] = {n:"null",t:24,d:"",ep:0,g:0,l:1,wd:false,fm:true,w:0,p:1};
I.u[11188] = {n:"null",t:24,d:"",ep:0,g:0,l:1,wd:false,fm:true,w:0,p:1};
I.u[11189] = {n:"null",t:24,d:"",ep:0,g:0,l:1,wd:false,fm:true,w:0,p:1};
I.u[11190] = {n:"Regalo Amuleto dello YeCh\'Ti",t:89,d:"Scuotendo vigorosamente questo regalo capisci che non è vuoto. Può darsi che, per una volta, gli dei non si siano presi gioco di te. Attenzione, questo regalo può essere aperto solo su DOFUS 2.0.",ep:0,g:42,l:1,wd:false,fm:true,w:1,c:"Sc=997",u:true,p:1};
I.u[11191] = {n:"Stivali del Pulitore di Dongioni",t:11,d:"Le suole sono consumate, ma molto confortevoli. Hanno ripulito il suolo di molti dongioni pericolosi, così come la testa di alcuni mostri rognosi.",ep:0,g:162,l:73,wd:true,fm:true,w:10,an:0,p:13700};
I.u[11192] = {n:"Regalo Pulitore di Dongioni",t:89,d:"Scuotendo vigorosamente questo regalo capisci che non è vuoto. Può darsi che, per una volta, gli dei non si siano presi gioco di te. Attenzione, questo regalo può essere aperto solo su DOFUS 2.0.",ep:0,g:42,l:1,wd:false,fm:true,w:1,c:"Sc=997",u:true,p:1};
I.u[11193] = {n:"Tavola di Pioppo Tremulo",t:95,d:"Questa tavola consente ai Tuttofare di costruire degli oggetti di legno, come una bara per esempio...",ep:0,g:23,l:100,wd:false,fm:true,w:10,p:10};
I.u[11194] = {n:"Farina di Frostiss",t:52,d:"Questa farina ha la caratteristica di dissolversi nel lalatte e di donargli un gusto cioccolatoso. Gli abitanti di un\'isola scomparsa, adepti dei dessert a base di gelatina, preferivano scioglierla nell\'acqua.",ep:0,g:260,l:100,wd:false,fm:true,w:1,p:1};
I.u[11195] = {n:"La Ros Olia",t:30,d:"Devi farti curare prima che il tuo stato si aggravi.",ep:0,g:2,l:1,wd:false,fm:true,w:0,m:true,p:1};
I.u[11196] = {n:"Kama di ghiaccio",t:24,d:"Non potendo creare nuova moneta di metallo, i Frigostiani hanno tagliato dei kama dal ghiaccio e li utilizzano per scambiarli con diversi oggetti del luogo.\nNon hanno valore fuori dall\'isola.",ep:0,g:825,l:1,wd:false,fm:true,w:0,p:1};
I.u[11197] = {n:"La Zinuzite",t:30,d:"La campagna di vaccinazione contro questa malattia è già costata al Borgo di Frigost la modica cifra di 2 miliardi di kama, e non ha avuto alcun risultato significativo. C\'è da credere che ai Frigostiani piaccia gettare il denaro dalla finestra...",ep:0,g:7,l:1,wd:false,fm:true,w:0,m:true,p:1};
I.u[11198] = {n:"Vaccino contro la Ros Olia",t:24,d:"Questo vaccino protegge efficacemente contro la Ros Olia, ma i suoi effetti spariscono in fretta. Bisogna quindi rinnovarlo tutte le settimane.",ep:0,g:31,l:1,wd:false,fm:true,w:0,p:1};
I.u[11199] = {n:"Seme di Frostiss",t:58,d:"Questo seme, freddo al tatto, spande nell\'aria un forte profumo di cacao.",ep:0,g:0,l:100,wd:false,fm:true,w:1,p:1};
I.u[11200] = {n:"Ricevuta del Capo Tosto",t:89,d:"Scuotendo vigorosamente questo regalo capisci che non è vuoto. Può darsi che, per una volta, gli dei non si siano presi gioco di te.",ep:0,g:42,l:1,wd:false,fm:true,w:1,u:true,p:1};
I.u[11201] = {n:"Campioncino di sangue di Pappabuk",t:24,d:"Questo campioncino di sangue è stato prelevato da un Pappabuk malato di Ros Olia.",ep:0,g:102,l:1,wd:false,fm:true,w:0,p:1};
I.u[11202] = {n:"Acqua di mare isotonica",t:24,d:"Albert Pes ha bisogno di quest\'acqua per le sue ricerche sul vaccino contro la Ros Olia.",ep:0,g:764,l:1,wd:false,fm:true,w:0,p:1};
I.u[11203] = {n:"Artemisia",t:24,d:"Quest\'erba cattiva è molto stimata dagli Alchimisti, dagli Aniripsa e dagli Alchimisti Aniripsa. Una pianta analoga a questa serve per il confezionamento di un potente liquore molto apprezzato dai marinai, dagli Anutrof, e dagli Anutrof marinai.",ep:0,g:103,l:1,wd:false,fm:true,w:0,p:1};
I.u[11204] = {n:"Campioncino di sangue de La Bestia",t:24,d:"Hai prelevato questo campioncino di sangue non senza fatica. Speriamo che la sua utilità valga gli sforzi che hai fatto per ottenerlo..",ep:0,g:102,l:1,wd:false,fm:true,w:0,p:1};
I.u[11205] = {n:"Orario dell\'appuntamento",t:24,d:"Hai un appuntamento con Capitan Ciuk alla taverna dall\' 01.00 alle 04.00.",ep:0,g:50,l:1,wd:false,fm:true,w:0,p:1};
I.u[11206] = {n:"Orario dell\'appuntamento",t:24,d:"Hai un appuntamento con Capitan Ciuk alla taverna dalle 04.00 alle 07.00.",ep:0,g:50,l:1,wd:false,fm:true,w:0,p:1};
I.u[11207] = {n:"Orario dell\'appuntamento",t:24,d:"Hai un appuntamento con Capitan Ciuk alla taverna dalle 07.00 alle 10.00.",ep:0,g:50,l:1,wd:false,fm:true,w:0,p:1};
I.u[11208] = {n:"Orario dell\'appuntamento",t:24,d:"Hai un appuntamento con Capitan Ciuk alla taverna dalle 10.00 alle 13.00.",ep:0,g:50,l:1,wd:false,fm:true,w:0,p:1};
I.u[11209] = {n:"Orario dell\'appuntamento",t:24,d:"Hai un appuntamento con Capitan Ciuk alla taverna dalle 13.00 alle 16.00.",ep:0,g:50,l:1,wd:false,fm:true,w:0,p:1};
I.u[11210] = {n:"Orario dell\'appuntamento",t:24,d:"Hai un appuntamento con Capitan Ciuk alla taverna dalle 16.00 alle 19.00.",ep:0,g:50,l:1,wd:false,fm:true,w:0,p:1};
I.u[11211] = {n:"Orario dell\'appuntamento",t:24,d:"Hai un appuntamento con Capitan Ciuk alla taverna dalle 19.00 alle 22.00.",ep:0,g:50,l:1,wd:false,fm:true,w:0,p:1};
I.u[11212] = {n:"Orario dell\'appuntamento",t:24,d:"Hai un appuntamento con Capitan Ciuk alla taverna dalle 22.00 all\' 01.00.",ep:0,g:50,l:1,wd:false,fm:true,w:0,p:1};
I.u[11213] = {n:"Zecche di Pappabuk",t:24,d:"Più resistenti delle mutande in kriptonite del Capitano Chafer e più aggressive di un esercito di cacciatori astrubiani, queste zecche sono un vero flagello per chi le ospita.",ep:0,g:727,l:1,wd:false,fm:true,w:0,p:1};
I.u[11214] = {n:"Sangue di Pappabuk parassitato",t:24,d:"Questo campioncino di sangue è stato prelevato da un Pappabuk parassitato dalle zecche.",ep:0,g:102,l:1,wd:false,fm:true,w:0,p:1};
I.u[11215] = {n:"Sangue di Pappabuk di guerra parassitato",t:24,d:"Questo campioncino di sangue è stato prelevato da un Pappabuk di guerra parassitato dalle zecche.",ep:0,g:102,l:1,wd:false,fm:true,w:0,p:1};
I.u[11216] = {n:"Sangue di Pappabuk leggendario parassitato",t:24,d:"Questo campioncino di sangue è stato prelevato da un Pappabuk leggendario parassitato dalle zecche.",ep:0,g:102,l:1,wd:false,fm:true,w:0,p:1};
I.u[11217] = {n:"Sangue di Pappatonbuk parassitato",t:24,d:"Questo campioncino di sangue è stato prelevato da un Pappatonbuk parassitato dalle zecche.",ep:0,g:102,l:1,wd:false,fm:true,w:0,p:1};
I.u[11218] = {n:"Busta per Otomai",t:24,d:"Wogew l\'Ewemita ti ha incaricato di portare questa busta a Otomai. Contiene diversi documenti utili sulle zecche che parassitano i pappabuk e anche i wabbit.",ep:0,g:65,l:1,wd:false,fm:true,w:0,p:1};
I.u[11219] = {n:"Coda di Realbuk",t:65,d:"In estate questa coda permette al Realbuk di far fuggire i moskito. La restante parte dell\'anno non gli serve a nulla, e lui si dimentica di averla.",ep:0,g:755,l:125,wd:false,fm:true,w:10,an:0,p:10};
I.u[11221] = {n:"Lana di Realbuk",t:57,d:"Nessuno sa realmente quando i Pappabuk sono arrivati su Frigost. Quel che è certo è che sono là da molto tempo, dato che ci sono indumenti intimi fabbricati con questa lana che sono stati utilizzati da molte generazioni di Frigostiani",ep:0,g:213,l:125,wd:false,fm:true,w:10,an:0,p:10};
I.u[11222] = {n:"Becco di Tipinguinotto",t:47,d:"Quando non è fermamente attaccato alla testa del Tipinguinotto, questo becco è fermamente piantato nelle tue chiappe.",ep:0,g:662,l:115,wd:false,fm:true,w:10,an:0,p:10};
I.u[11223] = {n:"Piuma di Tipinguinotto",t:53,d:"I Tipinguinotti andavano sull\'isola di Frigost solo qualche giorno l\'anno, ma da quando è ghiacciata hanno deciso di restare. Ecco una buona occasione per rubare le loro piume durante l\'arco dell\'anno.",ep:0,g:646,l:115,wd:false,fm:true,w:10,an:0,p:10};
I.u[11224] = {n:"Ala di Pinguinobesotto",t:104,d:"I Frigostiani si sono spesso chiesti a cosa potessero servire  queste ali così ridicole che non permettono al Pinguinobesotto nemmeno di sperare di decollare.",ep:0,g:216,l:120,wd:false,fm:true,w:10,an:0,p:10};
I.u[11225] = {n:"Pelle di Pinguinobesotto",t:59,d:"E\' molto grassa, raramente lavata, e brilla. Non è il tuo parrucchino, ma la pelle del Pinguinobesotto.",ep:0,g:49,l:120,wd:false,fm:true,w:10,an:0,p:10};
I.u[11226] = {n:"Olio di Mamanguinotta",t:60,d:"Questo olio è estratto da una Mamanguinotta. Cerchi disperatamente di non ricordarti come l\'hai ottenuto...",ep:0,g:72,l:125,wd:false,fm:true,w:10,an:0,p:10};
I.u[11227] = {n:"Peluria di Mamanguinotta",t:54,d:"Su Frigost tutti adorano imbottire i propri indumenti intimi con questa peluria. Alcuni dicono che sia per ripararsi dal freddo. Solo gli Yop ci credono.",ep:0,g:675,l:125,wd:false,fm:true,w:10,an:0,p:10};
I.u[11228] = {n:"Lisca gigante di Shamanguinotto",t:47,d:"Su Frigost molte domande non hanno risposta e molte risposte non hanno domande, cosa che è molto più inquietante. Non saprai mai dove lo Shamanguinotto ha trovato questa lisca gigante.",ep:0,g:663,l:130,wd:false,fm:true,w:10,an:0,p:10};
I.u[11229] = {n:"Pelo di barba di Shamanguinotto",t:54,d:"La barba di Shamanguinotto odora di pesce e muschio di capra. Questo delizioso miscuglio è utilizzato dai Frigostiani coraggiosi come profumo repellente contro i Pappabuk e gli amici.",ep:0,g:674,l:130,wd:false,fm:true,w:10,an:0,p:10};
I.u[11230] = {n:"Coda di Fu Pinguinotto",t:65,d:"Non ti fidare della sua piccola misura, trova sempre la sua strada.",ep:0,g:753,l:135,wd:false,fm:true,w:10,an:0,p:10};
I.u[11231] = {n:"Orecchio di Fu Pinguinotto",t:106,d:"Generalmente nascoste da un pesce in decomposizione, le orecchie del Fu Pinguinotto non sentono altro che le chiamate delle partner disponibili nei periodi di riproduzione. Puoi quindi prendere in giro i Fu Pinguinotti senza pericolo... Almeno fino a che non assomigli ad una potenziale partner.",ep:0,g:625,l:135,wd:false,fm:true,w:10,an:0,p:10};
I.u[11232] = {n:"Piuma di Pinguinotto Reale",t:53,d:"Il Pinguinotto Reale è molto rispettato dai Frigostiani, che vedono in lui una bestiola con un titolo importante e una occasione per uccidere qualcosa di importante.",ep:0,g:647,l:145,wd:false,fm:true,w:10,an:0,p:10};
I.u[11233] = {n:"Uovo di Pinguinotto Reale",t:105,d:"Inutile fingere sorpresa, questo enorme uovo è ben uscito da qualche parte.",ep:0,g:643,l:135,wd:false,fm:true,w:10,an:0,p:10};
I.u[11234] = {n:"Richard Ritz",t:32,d:"Uno dei superstiti nella Foresta dei Pini Dorati, è da scortare da Capo Tosto.",ep:0,g:0,l:1,wd:false,fm:false,w:0,an:0,m:true,p:1};
I.u[11235] = {n:"Storm Siù",t:32,d:"Una dei superstiti nella Foresta dei Pini Dorati, è da scortare da Capo Tosto.",ep:0,g:0,l:1,wd:false,fm:false,w:0,an:0,m:true,p:1};
I.u[11236] = {n:"Storm Gionì",t:32,d:"Uno dei superstiti nella Foresta dei Pini Dorati, è da scortare da Capo Tosto.",ep:0,g:0,l:1,wd:false,fm:false,w:0,an:0,m:true,p:1};
I.u[11237] = {n:"Bengrime",t:32,d:"Uno dei superstiti nella Foresta dei Pini Dorati, è da scortare da Capo Tosto.",ep:0,g:0,l:1,wd:false,fm:false,w:0,an:0,m:true,p:1};
I.u[11238] = {n:"Coda di Scoiattobuk",t:65,d:"La Scoiattobuk si serve della sua coda per conservare l\'equilibrio quando si muove rotolando sulla sua ghianda. Questo animale sembra immunizzato contro il ridicolo.",ep:0,g:754,l:115,wd:false,fm:true,w:10,an:0,p:10};
I.u[11239] = {n:"Ghianda di Scoiattobuk",t:58,d:"Lo Scoiattobuk passa i primi anni della sua vita a cercare le migliori ghiande possibili. Passa la restante parte della sua vita a ricordarsi dove le ha nascoste.",ep:0,g:68,l:115,wd:false,fm:true,w:10,an:0,p:10};
I.u[11240] = {n:"Dente di Saberbuk",t:47,d:"Studi scientifici seri ed approfonditi hanno dimostrato che i denti di Saberbuk sono la prima causa di perforazione dei posteriori fra i Frigostiani.",ep:0,g:664,l:120,wd:false,fm:true,w:10,an:0,p:10};
I.u[11241] = {n:"Pelo di Saberbuk",t:54,d:"I peli del Saberbuk erano una volta usati per fabbricare le trapunte. Alcuni Frigostiani amavano avere una buona scusa per giustificare il loro odore di belva, al risveglio.",ep:0,g:676,l:120,wd:false,fm:true,w:10,an:0,p:10};
I.u[11242] = {n:"Zanna di Ghiaccinghiale",t:47,d:"Ha l\'odore di un paio di mutande, ma non delle tue.",ep:0,g:665,l:125,wd:false,fm:true,w:10,an:0,p:10};
I.u[11243] = {n:"Cuoio di Ghiaccinghiale",t:56,d:"Questo cuoio arrotonda gli angoli della silhouette del Freddocero per mettere in mostra le sue rotondità.",ep:0,g:16,l:125,wd:false,fm:true,w:10,an:0,p:10};
I.u[11244] = {n:"Messaggio di Gerard",t:24,d:"Ho seguito una Mamanguinotta e mi ha condotto nella sua caverna, dove si nascondono altre centinaia di Mamanguinotte. E\' un\'opportunità da non perdere. Entrerò e sparerò a tutto quel che si muove, farò abbastanza carne per i prossimi decenni.\nGerard.",ep:0,g:176,l:1,wd:false,fm:true,w:0,p:1};
I.u[11245] = {n:"Gioielli di famiglia di Gerard",t:24,d:"Al contrario di quelli del Muulupo, questi gioielli di famiglia non hanno alcun valore ne utilità.",ep:0,g:0,l:1,wd:false,fm:true,w:0,p:1};
I.u[11246] = {n:"Occhio torvo di Freddocero",t:109,d:"Prima di raggiungere il santuario dei freddoceri morti in combattimento, l\'animale che ha tentato di ucciderti ti ha lanciato un ultimo sguardo da ghiacciare il sangue. Come se su Frigost non facesse già abbastanza freddo...",ep:0,g:591,l:130,wd:false,fm:true,w:10,an:0,p:10};
I.u[11247] = {n:"Orecchio bucato di Freddocero",t:106,d:"Le orecchie del Freddocero sono tutte bucate. E\' a causa della loro passione per gli orecchini o dei canti di Claudius Baglionus che potevano essere sentiti addirittura fino a Frigost?",ep:0,g:626,l:130,wd:false,fm:true,w:10,an:0,p:10};
I.u[11248] = {n:"Orecchio di Kanigloo",t:106,d:"Questo orecchio ti ricorda una delle più celebri canzoni fra i giovani Frigostiani: \"Kanigloo gloo gloo, Glutovora vora vora, tarata zum zum\". Non sarà un granchè, ma almeno è abbastanza corta da essere imparata a memoria da uno Yop.",ep:0,g:627,l:135,wd:false,fm:true,w:10,an:0,p:10};
I.u[11249] = {n:"Stoffa di Kanigloo",t:55,d:"Questa stoffa ti ricorda la seconda strofa diuna delle canzoni più popolari presso i giovani Frigostiani: \"Freddocero cero cero...\". Sfortunatamente hai dimenticato come continua...",ep:0,g:730,l:135,wd:false,fm:true,w:10,an:0,p:10};
I.u[11250] = {n:"Pelo di Maomao Selvaggio",t:54,d:"Quando erano ancora vivi, gli oppositori politici del Sindaco di Frigost spiegavano a chi li voleva ascoltare che la Sindaco utilizzava lingerie in pelo di Maomao Selvaggio.",ep:0,g:677,l:85,wd:false,fm:true,w:10,an:0,p:10};
I.u[11251] = {n:"Sterno di Maomao Selvaggio",t:47,d:"Tutti si chiedono cosa sia possibile fare con uno sterno di Maomao Selvaggio. Un Maomao Selvaggio impagliato magari.",ep:0,g:666,l:85,wd:false,fm:true,w:10,an:0,p:10};
I.u[11252] = {n:"Zampa di Ratto Stordito",t:103,d:"I giovani scolari di Frigost hanno un gioco che si chiama \"Maocaccia\" che consiste nel tagliare la zampa ad un Ratto Stordito ed utilizzarla per simulare tracce di passi nella neve. Le tracce attirano i Maomao dei Ghiacci, in cerca di prede, verso un\'imboscata. Una volta catturato il Maomao, lo appallottolano e lo trasformano in scaldamani. I bambini sono formidabili.",ep:0,g:36,l:95,wd:false,fm:true,w:10,an:0,p:10};
I.u[11253] = {n:"Stoffa di Ratto Stordito",t:55,d:"Prima della glaciazione di Frigost, i Ratti Storditi venivano cacciati per le loro stoffe di pelo che venivano in seguito esportate sul continente di Amakna e vendute col nome di \"Pelle di Kitsù esotico\".",ep:0,g:731,l:95,wd:false,fm:true,w:10,an:0,p:10};
I.u[11254] = {n:"Chela di Granchiaccio",t:47,d:"I Granchiacci sono cacciati dai pescatori di Frigost per due ragioni: il loro pessimo carattere e la loro tendenza a fare scherzi ai pescatori tagliando i fili da pesca. I pescatori si vendicano facendo a loro volta degli scherzi ai granchi tagliando le loro chele.",ep:0,g:668,l:65,wd:false,fm:true,w:10,an:0,p:10};
I.u[11255] = {n:"Occhio di Granchiaccio",t:109,d:"Quest\'occhio contiene un liquido trasparente, utilizzato nelle ricette di cucina ancestrale frigostiana, che permette di rimpiazzare l\'aceto. Questo accade solo se lasci fermentare l\'occhio abbastanza a lungo.",ep:0,g:592,l:65,wd:false,fm:true,w:10,an:0,p:10};
I.u[11256] = {n:"Becco di Gellicano",t:47,d:"Il Gellicano è una creatura piuttosto stupida e maleducata, si può trovare il suo guano ovunque al porto di Frigost e ha la tendenza a rubare il pesce ai pescatori. Se ben allenata è capace di rubare e nascondere nel suo becco gli effetti personali dei turisti distratti.",ep:0,g:667,l:75,wd:false,fm:true,w:10,an:0,p:10};
I.u[11257] = {n:"Piuma di Gellicano",t:53,d:"Queste piume sono molto utilizzate dagli scolari di Frigost per scrivere. Le mamme Gellicane spiegano quindi sempre ai loro figli che devono accelerare, quando passano davanti ad una scuola.",ep:0,g:648,l:75,wd:false,fm:true,w:10,an:0,p:10};
I.u[11258] = {n:"Ricevuta di Capo Tosto",t:24,d:"La data di ricevimento dei pini è scritta su questa ricevuta. Mostrala a Gormor il Mutilante per avere la tua paga.",ep:0,g:26,l:1,wd:false,fm:true,w:0,p:1};
I.u[11259] = {n:"Tronchi di Pino",t:24,d:"Il Capo Tosto ha bisogno di questi tronchi per alimentare il riscaldamento delle tubature.",ep:0,g:0,l:1,wd:false,fm:true,w:0,p:1};
I.u[11260] = {n:"Grasso di Pinguinotto",t:24,d:"Questo grasso, spesso e appiccicoso, è un eccellente combustibile che brucia molto, molto a lungo. Questo spiega perchè i Pinguinotti non hanno mai freddo.",ep:0,g:500,l:1,wd:false,fm:true,w:0,p:1};
I.u[11261] = {n:"Lista delle forniture di Damar",t:24,d:"Questa lista elenca i pezzi mancanti che servono ai pescatori del lago ghiacciato per riparare i loro materiali.",ep:0,g:41,l:1,wd:false,fm:true,w:0,p:1};
I.u[11262] = {n:"Fede di Damar",t:24,d:"Fede promessa da Damar a Nelly Clerichetta trenta anni fa.",ep:0,g:27,l:1,wd:false,fm:true,w:0,p:1};
I.u[11263] = {n:"Fata d\'Artificio Izterica",t:74,d:"Questa fata d\'artificio produce un gradevole effetto pirotecnico per qualche secondo, e ti brucia la retina per la restante parte della tua vita.",ep:0,g:0,l:1,wd:false,fm:true,w:1,ut:true,p:1};
I.u[11264] = {n:"Pelle dilaniata di Pinguinotto",t:24,d:"Questa pelle di Pinguinotto è in un pessimo stato. E\' impossibile usarla per fabbricare i nuovi indumenti intimi per la festa del Capitano Chafer.",ep:0,g:0,l:1,wd:false,fm:true,w:0,p:1};
I.u[11265] = {n:"Pinguinobesotto addomesticato",t:32,d:"Questo Pinguinobesotto è stato addestrato appositamente per ingurgitare enormi quantità di Pescetti lasciandoli intatti. C\'è un solo inconveniente: la sua digestione comincia dopo 30 minuti.",ep:0,g:0,l:1,wd:false,fm:true,w:0,an:0,m:true,p:1};
I.u[11266] = {n:"Cervello di Pinguinobesotto addomesticato",t:24,d:"Mentre tu combattevi, il tuo Pinguinobesotto è stato divorato. Questo è tutto quello che ti rimane di lui.",ep:0,g:89,l:1,wd:false,fm:true,w:0,p:1};
I.u[11267] = {n:"Buono sconto",t:24,d:"Questo buono sconto sarà valido per l\'affitto di una stanza nel futuro hotel di ghiaccio.",ep:0,g:72,l:1,wd:false,fm:true,w:0,p:1};
I.u[11268] = {n:"Vecchio peluche Feca",t:24,d:"Questo vecchio peluche dovrà pur appartenere a qualcuno... Si, ma a chi?\nDoppio-clic per utilizzarlo.",ep:0,g:680,l:1,wd:false,fm:true,w:0,c:"Qc=599",u:true,p:1};
I.u[11269] = {n:"Gomma da masticare",t:24,d:"Questa gomma da masticare non ti è di nessuna utilità, dato che il tuo alito è troppo pesante. Lo Xelor Mac Ghiacciver, invece, ne farà un uso insospettabile.",ep:0,g:0,l:1,wd:false,fm:true,w:0,c:"Qc=600",u:true,p:1};
I.u[11270] = {n:"Scrigno di famiglia",t:24,d:"Questo scrigno contiene numerosi gioielli di famiglia. Se non conosci un ricettatore puoi cercare di ottenere una ricompensa dal suo proprietario.\nDoppio-clic per utilizzarlo.",ep:0,g:44,l:1,wd:false,fm:true,w:0,c:"Qc=601",u:true,p:1};
I.u[11271] = {n:"Libro sigillato",t:24,d:"Questo libro sigillato è in pessimo stato. Forzarne l\'apertura potrebbe renderlo inutilizzabile. Farai meglio ad affidarlo ad un professionista, ma a chi?\nDoppio-clic per utilizzarlo.",ep:0,g:95,l:1,wd:false,fm:true,w:0,c:"Qc=602",u:true,p:1};
I.u[11272] = {n:"null",t:24,d:"",ep:0,g:0,l:1,wd:false,fm:true,w:0,c:"Qc=603",u:true,p:1};
I.u[11273] = {n:"null",t:24,d:"",ep:0,g:0,l:1,wd:false,fm:true,w:0,c:"Qc=604",u:true,p:1};
I.u[11274] = {n:"null",t:24,d:"",ep:0,g:0,l:1,wd:false,fm:true,w:0,c:"Qc=605",u:true,p:1};
I.u[11275] = {n:"null",t:24,d:"",ep:0,g:0,l:1,wd:false,fm:true,w:0,c:"Qc=606",u:true,p:1};
I.u[11276] = {n:"null",t:24,d:"",ep:0,g:0,l:1,wd:false,fm:true,w:0,c:"Qc=607",u:true,p:1};
I.u[11277] = {n:"Tipinguinotto furfante",t:32,d:"Questo Tipinguinotto non ama essere adottato, e scapperà alla prima occasione. Nel frattempo puoi mostrarlo ai tuoi amici perchè lo maltrattino.",ep:0,g:0,l:1,wd:false,fm:true,w:0,an:0,m:true,p:1};
I.u[11278] = {n:"Scoiattobuk",t:30,d:"Hai sconfitto uno Scoiattobuk che ha sfortunatamente deciso di seguirti dappertutto. Potrai verificare tu stesso che la sua sfortuna non è solo una leggenda.",ep:0,g:0,l:1,wd:false,fm:true,w:0,an:0,m:true,p:1};
I.u[11279] = {n:"Sega da ghiaccio",t:15,d:"Questa sega serve per tagliare i blocchi di ghiaccio. Taglia anche bene le membra gelate da amputare.",ep:0,g:0,l:100,wd:false,fm:false,w:5,an:0,p:1};
I.u[11280] = {n:"Placca d\'acciaio",t:40,d:"Questa placca di acciaio è molto popolare fra i Frigostiani che la usano per fabbricare macchine e tubi in acciaio.",ep:0,g:0,l:100,wd:false,fm:true,w:50,an:0,p:1};
I.u[11281] = {n:"Maschera di protezione",t:15,d:"Questa maschera è utilizzata dagli operai per proteggere il loro viso quando fanno lavori pericolosi. Protegge bene anche dagli schiaffi e dai piatti, se hai di nuovo dimenticato il compleanno della tua amata.",ep:0,g:0,l:100,wd:false,fm:true,w:5,an:0,p:1};
I.u[11282] = {n:"Guanti di protezione",t:15,d:"Questi guanti proteggono gli oggetti dalle tue mani sporche. Alcuni Etram li usano per proteggere la loro identità nascondendo le loro impronte digitali.",ep:0,g:0,l:100,wd:false,fm:true,w:2,an:0,p:1};
I.u[11283] = {n:"Ricetta della Sega da ghiaccio",t:24,d:"Un Forgiatore di Spade può creare una Sega da ghiaccio con:\n-2 * Cuoio di Freddocero\n-1 * Olio di Mamanguinotta\n-2 * Piuma di Gellicano\n-1 * Becco di Tipinguinotto\n-1 * Kriptonite\n-1 * Legno di Pioppo Tremulo\n-5 * Lana di Pappabuk\n-10 * Pietra per Arrotare",ep:0,g:74,l:1,wd:false,fm:true,w:0,an:0,p:1};
I.u[11284] = {n:"Ricetta della Placca d\'acciaio",t:24,d:"Un Minatore può fondere questa Placca con:\n-5 * Carbone\n-25 * Ferro\n-10 * Stagno\n-10 * Manganese\n-5 * Kobalite\n-1 * Alluminite\n-1 * Scherzo di Zolfo\n-1 * Madreperla",ep:0,g:74,l:1,wd:false,fm:true,w:0,an:0,p:1};
I.u[11285] = {n:"Ricetta della Maschera di protezione",t:24,d:"Un Sarto può fabbricare questo cappello con:\n-5 * Peluria di Mamanguinotta\n-5 * Lana di Pappabuk leggendario\n-2 * Orecchia di Kanigloo\n-2 * Cuoio di Freddocero\n-2 * Becco di Tipinguinotto\n-1 * Carbone\n-5 * Ferro\n-5 * Stagno",ep:0,g:74,l:1,wd:false,fm:true,w:0,an:0,p:1};
I.u[11286] = {n:"Ricetta dei Guanti di protezione",t:24,d:"Un Orefice può fabbricare questo anello con:\n-4 * Piuma di Tipinguinotto\n-2 * Ala di Pinguinobesotto\n-10 * Pelo di Barba di Shamanguinotto\n-10 * Pelo di Saberbuk\n-2 * Coda di Scoiattobuk\n-4 * Cuoio di Pappatonbuk\n-2 * Chela di Granchiaccio\n-10 * Pelo di Maomao Selvaggio",ep:0,g:74,l:1,wd:false,fm:true,w:0,an:0,p:1};
I.u[11287] = {n:"Zobie la Mousse",t:32,d:"Devi scortarlo da Mac Ghiacciver",ep:0,g:0,l:1,wd:false,fm:true,w:0,an:0,m:true,p:1};
I.u[11288] = {n:"Schema dell\'Abbeveratoio frigostiano in Carpine",t:24,d:"Questo schema indica come un Tuttofare può fabbricare un prototipo di abbeveratoio assemblando:\n-1 * Abbeveratoio in Carpine\n-2 * Orecchio del Fu Pinguinotto\n-10 * Peluria di Mamanguinotta\n-2 * Stoffa di Kanigloo\n-10 * Cuoio di Freddocero\n-2 * Occhio di Granchiaccio\n-10 * Stoffa di Ratto Stordito\n-2 * Occhio torvo di Freddocero",ep:0,g:74,l:1,wd:false,fm:true,w:0,an:0,p:1};
I.u[11289] = {n:"Schema della Mangiatoia frigostiana in Carpine",t:24,d:"Questo schema indica come un Tuttofare può fabbricare un prototipo di mangiatoia assemblando:\n-1 * Mangiatoia in Carpine\n-2 *Olio di Mamanguinotta\n-10 * Pelo di Barba di Shamanguinotto\n-2 * Ghianda di Scoiattobuk\n-10 * Orecchio bucate di Freddocero\n-2 * Becco di Gellicano\n-10 * Chela di Granchiaccio\n-10 * Pelo di Saberbuk",ep:0,g:74,l:1,wd:false,fm:true,w:0,an:0,p:1};
I.u[11290] = {n:"Schema del Folgoratore frigostiano in Carpine",t:24,d:"Questo schema indica come un Tuttofare può fabbricare un prototipo di folgoratore assemblando:\n-1 * Folgoratore in Carpine\n-2 * Lisca giganti del Shamanguinotto\n-10 * Piuma di Tipinguinotto\n-2 * Zanna di Freddocero\n-10 * Orecchio di Kanigloo\n-2 * Sterno di Maomao Selvaggio\n-10 * Piuma di Gellicano\n-2 * Becco di Tipinguinotto",ep:0,g:74,l:1,wd:false,fm:true,w:0,an:0,p:1};
I.u[11291] = {n:"Schema dello Schiaffeggiatore frigostiano in Carpine",t:24,d:"Questo schema indica come un Tuttofare può fabbricare un prototipo di schiaffeggiatore assemblando:\n-1 * Schiaffeggiatore in Carpine\n-2 * Ala di Pinguinobesotto\n-10 * Coda di Fu Pinguinotto\n-2 * Dente di Saberbuk\n-10 * Coda di Scoiattobuk\n-2 * Zampa di Ratto Stordito\n-10 * Pelo di Maomao Selvaggio\n-10 * Pelle di Pinguinobesotto",ep:0,g:74,l:1,wd:false,fm:true,w:0,an:0,p:1};
I.u[11292] = {n:"Prototipo di Abbeveratoio frigostiano in Carpine",t:93,d:"Questo prototipo di oggetto d\'allevamento necessita ancora di qualche regolazione prima di di essere perfettamente funzionale.",ep:0,g:0,l:100,wd:false,fm:true,w:10,an:0,p:1};
I.u[11293] = {n:"Prototipo di Mangiatoia frigostiana in Carpine",t:93,d:"Questo prototipo di oggetto d\'allevamento necessita ancora di qualche regolazione prima di di essere perfettamente funzionale.",ep:0,g:0,l:100,wd:false,fm:true,w:10,an:0,p:1};
I.u[11294] = {n:"Prototipo di Folgoratore frigostiano in Carpine",t:93,d:"Questo prototipo di oggetto d\'allevamento necessita ancora di qualche regolazione prima di di essere perfettamente funzionale.",ep:0,g:0,l:100,wd:false,fm:true,w:10,an:0,p:1};
I.u[11295] = {n:"Prototipo di Schiaffeggiatore frigostiano in Carpine",t:93,d:"Questo prototipo di oggetto d\'allevamento necessita ancora di qualche regolazione prima di di essere perfettamente funzionale.",ep:0,g:0,l:100,wd:false,fm:true,w:10,an:0,p:1};
I.u[11296] = {n:"Dose di vaccino contro la Ros Olia",t:24,d:"Ecco una dose di vaccino contro la Ros Olia.",ep:0,g:31,l:1,wd:false,fm:true,w:0,an:0,p:1};
I.u[11297] = {n:"Lettera di Eelgatto Nelzacco",t:24,d:"Lemanee, se stai leggendo questa lettera è perchè sono morto. Probabilmente cerchi il mio tesoro, sappi però che non ti dirò mai dov\'è nascosto.\nCiao!",ep:0,g:55,l:1,wd:false,fm:true,w:0,an:0,p:1};
I.u[11298] = {n:"null",t:32,d:"",ep:0,g:0,l:1,wd:false,fm:true,w:0,an:0,m:true,p:1};
I.u[11299] = {n:"Monsieur Pinguin",t:32,d:"Monsieur Pinguin è ora sotto il tuo controllo. Conducilo alla milizia del Borgo.",ep:0,g:0,l:1,wd:false,fm:true,w:0,an:0,m:true,p:1};
I.u[11300] = {n:"null",t:32,d:"",ep:0,g:0,l:1,wd:false,fm:true,w:0,an:0,m:true,p:1};
I.u[11301] = {n:"Fantomait",t:32,d:"Fantomait è ora sotto il tuo controllo. Conducila alla milizia del Borgo.",ep:0,g:0,l:1,wd:false,fm:true,w:0,an:0,m:true,p:1};
I.u[11302] = {n:"Vendicatrice Mascherata",t:32,d:"La Vendicatrice Mascherata è ora sotto il tuo controllo. Conducila alla milizia del Borgo.",ep:0,g:0,l:1,wd:false,fm:true,w:0,an:0,m:true,p:1};
I.u[11303] = {n:"YeCh\'Ti",t:32,d:"Lo YeCh\'Ti è ora sotto il tuo controllo. Conducilo alla milizia del Borgo.",ep:0,g:0,l:1,wd:false,fm:true,w:0,an:0,m:true,p:1};
I.u[11304] = {n:"null",t:32,d:"",ep:0,g:0,l:1,wd:false,fm:true,w:0,an:0,m:true,p:1};
I.u[11305] = {n:"null",t:32,d:"",ep:0,g:0,l:1,wd:false,fm:true,w:0,an:0,m:true,p:1};
I.u[11306] = {n:"Spada Vivace",t:6,d:"Puoi leggere, inciso sul pomo della sua elsa: \"Ruba la vita ai poveri per donarla ai ricchi.\". E\' un peccato che tu sia povero.",ep:0,g:0,l:49,wd:false,fm:true,w:10,e:[5,5,1,1,45,50,false,false],p:4900};
I.u[11307] = {n:"Tesoro maledetto di Az il Teco",t:94,d:"Az il Teco voleva scambiare con l\'Anutrof conquistatore Sétroc questo tesoro in cambio della sua libertà. Una volta ottenuto il tesoro, Sétroc non mantenne la parola, e fece uccidere Az il Teco. Morendo questi scagliò una maledizione, che si abbatterà su tutti coloro che possiedono questo tesoro.",ep:0,g:0,l:1,wd:false,fm:true,w:1,an:0,u:true,p:1};
I.u[11308] = {n:"Maledizione di Az il Teco",t:30,d:"Hai rubato una parte del tesoro di Az il Teco. Ecco cosa succede alle persone avide.",ep:0,g:0,l:1,wd:false,fm:true,w:0,an:0,m:true,p:1};
I.u[11309] = {n:"Pinza di Fancorasma",t:47,d:"",ep:0,g:0,l:145,wd:false,fm:true,w:10,an:0,p:10};
I.u[11310] = {n:"Corda di Fancorasma",t:15,d:"",ep:0,g:0,l:145,wd:false,fm:true,w:10,an:0,p:10};
I.u[11311] = {n:"Boa di Fantasminmare",t:15,d:"",ep:0,g:0,l:145,wd:false,fm:true,w:10,an:0,p:10};
I.u[11312] = {n:"Coda di Fantasminmare",t:65,d:"",ep:0,g:0,l:145,wd:false,fm:true,w:10,an:0,p:10};
I.u[11313] = {n:"Olio di Fantimoniere",t:60,d:"Il Fantimoniere porta ogni giorno con se un po\' d\'olio per assicurarsi che la barra giri correttamente. Cerca disperatamente di berne un po\' ogni giorno per far girare meglio la sua testa... Ma non sembra funzionare.",ep:0,g:0,l:150,wd:false,fm:true,w:10,an:0,p:10};
I.u[11314] = {n:"Guscio di Fantimoniere",t:111,d:"Questo guscio proteggeva il Fantimoniere alla guida della nave dagli spruzzi di schiuma e guano.\nOra gli serve per proteggere le sue pupille delicate dalle tempeste di sabbia nera della Culla di Alma.",ep:0,g:0,l:150,wd:false,fm:true,w:10,an:0,p:10};
I.u[11315] = {n:"Pennone di Fantalbero Maestro",t:38,d:"Gli ignoranti potranno pensare che si tratta di un pezzo di davanzale, ma i Frigostiani ti diranno che è un pezzo di legno verticale, quindi è un pennone. Facile da capire, no?",ep:0,g:0,l:150,wd:false,fm:true,w:10,an:0,p:10};
I.u[11316] = {n:"Dente di Fantalbero Maestro",t:47,d:"Anche i più grandi cercatori Frigostiani non hanno saputo spiegare l\'utilità dei denti per un fantasma, soprattutto se è legato ad un albero. Magari gli servono per mordere le corde...",ep:0,g:0,l:150,wd:false,fm:true,w:10,an:0,p:10};
I.u[11317] = {n:"Guscio di Fantarpione",t:111,d:"Il Fantarpione ha rubato il suo guscio a un mollusco impotente. Questo però non l\'ha reso più potente.",ep:0,g:0,l:155,wd:false,fm:true,w:10,an:0,p:10};
I.u[11318] = {n:"Scaglia di Fantarpione",t:59,d:"Questa scaglia appartiene a quel che sembra essere un vecchio Frigostiano diventato pirata e trasformato in fantasma poichè sua mamma ha tentato molte volte di annegarlo. Ecco cosa accade con un\'alimentazione troppo salata.",ep:0,g:0,l:155,wd:false,fm:true,w:10,an:0,p:10};
I.u[11319] = {n:"Stoffa della Vedetta Fantasma",t:55,d:"Girando questa stoffa puoi leggere un piano incredibile: \"Se vedi un nemico, rubagli il tesoro, nascondilo su un\'isola deserta e metti una croce su una mappa per ricordarti dove l\'hai sepolto. PS: non nascondere la mappa insieme al tesoro.\"",ep:0,g:0,l:155,wd:false,fm:true,w:10,an:0,p:10};
I.u[11320] = {n:"Occhio di Vedetta Fantasma",t:109,d:"La Vedetta fantasma è scelta per la sua vista fuori dal comune. E\' capace di distinguere un tonno da una sirena in piena tempesta, di notte, con un polipo sugli occhi, del guano sulle palpebre e i canti di Claudius Baglionus di sottofondo.",ep:0,g:0,l:155,wd:false,fm:true,w:10,an:0,p:10};
I.u[11321] = {n:"Pelo di Ben il Ripata",t:54,d:"Conosciuto come \"La furia rossa\", \"Benny l\'imbroglione\", \"L\'Intarmatore\" e anche come \"Ben Venutiabordo\" (soprattutto quando è ubriaco), questo pirata ha navigato su tutti i mari in lungo e in largo ed ha finito per attraversarli tutti passando per i fondali... Le maree hanno deciso che dovrà finire i suoi giorni sulle spiagge di sabbia nera della Culla di Alma.",ep:0,g:0,l:165,wd:false,fm:true,w:10,an:0,p:10};
I.u[11322] = {n:"Scapola di Ben il Ripata",t:47,d:"Rotta due volte a cannonate, tre volte per essere scivolato sulla schiuma e quattro volte dopo varie cadute sul guano secco, quest\'osso ha fatto del medico di bordo un uomo ricco, fino a che non è finito in pasto agli squali a causa di oscure storie di alcool, soldi, donne, insubordinazione, provocazioni in duello, furti di tesori, sabotaggio e ammutinamento. Una successione di sciocchezze che hanno causa la sua perdita. Non rimpiangerlo con Ben il Ripata, mi raccomando.",ep:0,g:0,l:165,wd:false,fm:true,w:10,an:0,p:10};
I.u[11323] = {n:"Pietra di Atomistico",t:51,d:"Questa pietra levitava intorno ad un Atomistico fino a che non hai provato ad evitarla o a farla levitare. In poche parole, non sai cosa sia accaduto, ma ora ti ritrovi con un dolore atroce alla testa e coperto di bava fumante...",ep:0,g:0,l:170,wd:false,fm:true,w:10,an:0,p:10};
I.u[11324] = {n:"Tefra di Atomistico",t:51,d:"Questo frammento di lava è stato sputato fuori a gran velocità da uno degli orifizi sconosciuti dell\'Atomistico che hai disperatamente cercato di uccidere a colpi di rastrello. Hai avuto la fortuna di non trovarti sulla sua traiettoria nel momento in cui è partito per piantarsi nel fondoschiena di un turista locale.",ep:0,g:0,l:170,wd:false,fm:true,w:10,an:0,p:10};
I.u[11325] = {n:"Residuo di Solfatara",t:51,d:"Come una creatura vaporosa può lasciare residui solidi? Questa domanda è stata posta 74 anni or sono durante l\'esame del celebre Concorso Frigostiano per la Promozione dei Giovani Geologi Graduati. Quell\'anno nessun partecipante fu ammesso, e la domanda rimane ancora oggi uno dei più terrificanti misteri dell\'isola di Frigost.",ep:0,g:0,l:165,wd:false,fm:true,w:10,an:0,p:10};
I.u[11326] = {n:"Ulna di Solfatara",t:47,d:"Quest\'osso vaporoso si deforma in funzione dell\'umore della Solfatara, famosa per i suoi disturbi a causa di tutti i fumi che le vanno nel cervello.",ep:0,g:0,l:165,wd:false,fm:true,w:10,an:0,p:10};
I.u[11327] = {n:"Cuore di Croccavapore",t:51,d:"Questo cuore di pietra si riempie di vapore quando un Croccavapore incontra una partner. Questa particolarità ti permette di determinare se hai appena ucciso un Croccavapore celibe, ti basta verificare se il suo cuore fluttua.",ep:0,g:0,l:175,wd:false,fm:true,w:10,an:0,p:10};
I.u[11328] = {n:"Uovo di Croccavapore",t:105,d:"Il Croccavapore è simile ad un Croccaroc di vapore che ha deciso di venire alle mani con qualsiasi cosa non somigli nè da vicino nè da lontano, nè da molto lontano, a del vapore. Fatto sorprendente, depone uova piene di vapore.",ep:0,g:0,l:175,wd:false,fm:true,w:10,an:0,p:10};
I.u[11329] = {n:"Pietra di Fumarola",t:51,d:"La Fumarola agita questa enorme pietra alla fine di quel che sembra essere la sua coda. Spera di intimidirti, fino al momento in cui trovi il suo punto debole. Sfortunatamente la tua testa di legno non è riuscito a memorizzare quale sia.",ep:0,g:0,l:170,wd:false,fm:true,w:10,an:0,p:10};
I.u[11330] = {n:"Artefatto di Fumarola",t:50,d:"Questo artefatto vaporoso puzza di uovo marcio misto a guanocamola. Il solo pensiero di questo mix ti fa venire fame.",ep:0,g:0,l:170,wd:false,fm:true,w:10,an:0,p:10};
I.u[11331] = {n:"Pietra di Mofetta",t:51,d:"La Mofetta prende il suo nome da una struttura geologica molto frequente nella zona delle Lacrime di Uronigride. Questa pietra somiglia ad uno dei suoi organi, magari uno dei suoi reni.",ep:0,g:0,l:175,wd:false,fm:true,w:10,an:0,p:10};
I.u[11332] = {n:"Tufo di Mofetta",t:51,d:"Dietro a questo strano nome si nasconde una roccia dalla struttura vacuolare. Puoi accontentarti di farla somigliare un un pezzo di Mofetta gigante che hai appena strappato selvaggiamente.",ep:0,g:0,l:175,wd:false,fm:true,w:10,an:0,p:10};
I.u[11333] = {n:"Scoria di Magmarmittone",t:51,d:"Evidentemente è uno scarto, anche per il Magmarmittone stesso. Da non mettere in tutte le tasche, soprattutto in quelle non ignifughe.",ep:0,g:0,l:185,wd:false,fm:true,w:10,an:0,p:10};
I.u[11334] = {n:"Vertebra di Magmarmittone",t:47,d:"Questa vertebra contiene del midollo osseo già cotto e pronto per essere mangiato. Hai sotto gli occhi e fra le mani le primizie della cucina istantanea.",ep:0,g:0,l:185,wd:false,fm:true,w:10,an:0,p:10};
I.u[11335] = {n:"Zampa di Maho Ghiacciopaz",t:103,d:"Dopo averla presa numerose volte in faccia, hai finalmente il diritto di tenerla nel tuo zaino come porta-fortuna.",ep:0,g:0,l:185,wd:false,fm:true,w:10,an:0,p:10};
I.u[11336] = {n:"Orecchio di Maho Ghiacciopaz",t:106,d:"Non si sa come i Ghiacciopaz siano giunti su Frigost, ma si sa che i loro lontani cugini vengono da Pandala. Questa informazione permette di comprendere meglio l\'origine dei residui gelati di Pandrista sui quali hai dormito la scorsa notte.",ep:0,g:0,l:185,wd:false,fm:true,w:10,an:0,p:10};
I.u[11337] = {n:"Cuoio di Soryo Ghiacciopaz",t:56,d:"Questo cuoio è così spesso da permettere al Soryo Ghiacciopaz di resistere alle più basse temperature e di fare  scivolate sul suo sedere senza farsi male. Questa cosa ti rende particolarmente geloso.",ep:0,g:0,l:190,wd:false,fm:true,w:10,an:0,p:10};
I.u[11338] = {n:"Lana di Soryo Ghiacciopaz",t:57,d:"Utilizzata a lungo come imbottitura per gli indumenti intimi dai Frigostiani complessati, questa lana ha come effetto collaterale quello di far crescere foruncoli a coloro che ci si strofinano contro. Ora hai un eccellente motivo per giustificare i tuoi brufoli.",ep:0,g:0,l:190,wd:false,fm:true,w:10,an:0,p:10};
I.u[11339] = {n:"Lana di Yokai Ghiacciopaz",t:57,d:"Difficile essere più stupidi della progenie degli Yokai Ghiacciopaz. Eppure qualche genitore ci riesce... Cerchi un legame con questa lana di Ghiacciopaz, ma non ne trovi, nemmeno se chiudi forte gli occhi e stringi i pugni...",ep:0,g:0,l:195,wd:false,fm:true,w:10,an:0,p:10};
I.u[11340] = {n:"Cranio di Yokai Ghiacciopaz",t:47,d:"La scatola cranica del Yokai Ghiacciopaz riesce a mala pena a contenere un fiocco di neve evaporato passato attraverso un colino. Ma siccome la stupidità fa paura, i Frigostiani sono terrorizzati da questa bestia quasi incapace di mettere una zampa davanti all\'altra.",ep:0,g:0,l:195,wd:false,fm:true,w:10,an:0,p:10};
I.u[11341] = {n:"null",t:57,d:"",ep:0,g:0,l:205,wd:false,fm:true,w:10,an:0,p:10};
I.u[11342] = {n:"null",t:56,d:"",ep:0,g:0,l:205,wd:false,fm:true,w:10,an:0,p:10};
I.u[11343] = {n:"null",t:11,d:"",ep:0,g:0,l:0,wd:false,fm:true,w:null,an:0,p:0};
I.u[11344] = {n:"null",t:10,d:"",ep:0,g:0,l:0,wd:false,fm:true,w:null,an:0,p:0};
I.u[11345] = {n:"null",t:1,d:"",ep:0,g:0,l:0,wd:false,fm:true,w:null,an:0,p:0};
I.u[11346] = {n:"null",t:9,d:"",ep:0,g:0,l:0,wd:false,fm:true,w:null,an:0,p:0};
I.u[11347] = {n:"null",t:10,d:"",ep:0,g:0,l:0,wd:false,fm:true,w:null,an:0,p:0};
I.u[11348] = {n:"null",t:1,d:"",ep:0,g:0,l:0,wd:false,fm:true,w:null,an:0,p:0};
I.u[11349] = {n:"null",t:6,d:"",ep:0,g:0,l:0,wd:false,fm:true,w:null,an:0,e:[0,0,0,0,0,0,false,false],p:0};
I.u[11350] = {n:"null",t:9,d:"",ep:0,g:0,l:0,wd:false,fm:true,w:null,an:0,p:0};
I.u[11351] = {n:"null",t:1,d:"",ep:0,g:0,l:0,wd:false,fm:true,w:null,an:0,p:0};
I.u[11352] = {n:"null",t:11,d:"",ep:0,g:0,l:0,wd:false,fm:true,w:null,an:0,p:0};
I.u[11353] = {n:"null",t:4,d:"",ep:0,g:0,l:0,wd:false,fm:true,w:null,an:0,e:[0,0,0,0,0,0,false,false],p:0};
I.u[11354] = {n:"null",t:9,d:"",ep:0,g:0,l:0,wd:false,fm:true,w:null,an:0,p:0};
I.u[11355] = {n:"null",t:11,d:"",ep:0,g:0,l:0,wd:false,fm:true,w:null,an:0,p:0};
I.u[11356] = {n:"null",t:10,d:"",ep:0,g:0,l:0,wd:false,fm:true,w:null,an:0,p:0};
I.u[11357] = {n:"null",t:5,d:"",ep:0,g:0,l:0,wd:false,fm:true,w:null,an:0,e:[0,0,0,0,0,0,false,false],p:0};
I.u[11358] = {n:"null",t:11,d:"",ep:0,g:0,l:0,wd:false,fm:true,w:null,an:0,p:0};
I.u[11359] = {n:"null",t:10,d:"",ep:0,g:0,l:0,wd:false,fm:true,w:null,an:0,p:0};
I.u[11360] = {n:"null",t:1,d:"",ep:0,g:0,l:0,wd:false,fm:true,w:null,an:0,p:0};
I.u[11361] = {n:"null",t:2,d:"",ep:0,g:0,l:0,wd:false,fm:true,w:null,an:0,e:[0,0,0,0,0,0,false,false],p:0};
I.u[11362] = {n:"null",t:9,d:"",ep:0,g:0,l:0,wd:false,fm:true,w:null,an:0,p:0};
I.u[11363] = {n:"null",t:10,d:"",ep:0,g:0,l:0,wd:false,fm:true,w:null,an:0,p:0};
I.u[11364] = {n:"null",t:1,d:"",ep:0,g:0,l:0,wd:false,fm:true,w:null,an:0,p:0};
I.u[11365] = {n:"null",t:4,d:"",ep:0,g:0,l:0,wd:false,fm:true,w:null,an:0,e:[0,0,0,0,0,0,false,false],p:0};
I.u[11366] = {n:"null",t:6,d:"",ep:0,g:0,l:0,wd:false,fm:true,w:null,an:0,e:[0,0,0,0,0,0,false,false],p:0};
I.u[11367] = {n:"Siringa di vaccino contro la Ros Olia",t:24,d:"Questa siringa contiene una dose di vaccino contro la Ros Olia. Testato e certificato da Rosa Lina.",ep:0,g:31,l:1,wd:false,fm:true,w:0,an:0,p:1};
I.u[11368] = {n:"Mamanguinotta",t:32,d:"Questa Mamanguinotta ti seguirà perchè non ha scelta, ma scapperà alla prima occasione.",ep:0,g:0,l:1,wd:false,fm:true,w:0,an:0,m:true,p:1};
I.u[11369] = {n:"Seme di Panoramiz",t:24,d:"Questo seme ti è stato dato da Panoramiz per ripopolare la Foresta dei Pini perduti.",ep:0,g:831,l:1,wd:false,fm:true,w:0,an:0,p:1};
I.u[11370] = {n:"Frigovino",t:79,d:"Questa bevanda molto zuccherata ha la particolarità di essere fatta con chicchi d\'uva da vendemmia congelati. Questo spiega la sua rarità e il suo gusto raffinato unico.",ep:0,g:0,l:1,wd:false,fm:true,w:1,an:0,p:2};
I.u[11371] = {n:"Frigodka",t:79,d:"Chiamata anche la bevanda all\'erba di pappabuk, la Frigodka è famosa per il modo in cui facilita i rapporti umani e per il modo in cui si possono, con essa, affrontare discorsi difficili. Per quanto riguarda i Frigostiani la bevono solo perchè gli piace bere.",ep:0,g:0,l:1,wd:false,fm:true,w:1,an:0,p:2};
I.u[11372] = {n:"Cartantello",t:17,d:"Questo mantello è così lungo da permetterti di lasciare qualche spazio fra le righe dei bigliettini per copiare.",ep:0,g:0,l:59,wd:false,fm:true,w:10,an:0,s:166,p:9175};
I.u[11373] = {n:"Cartappello",t:16,d:"Il Sarto che ha confezionato questo cappello ha dovuto utilizzare 12 potenti pergamene in carta. O 12 fogli di carta igienica.",ep:0,g:0,l:60,wd:false,fm:true,w:10,an:0,s:166,p:9400};
I.u[11374] = {n:"Cartamuleto",t:1,d:"Resta abbastanza spazio perchè uno dei tuoi amici scriva il tuo nome su questo amuleto di carta. Ecco come fanno gli allevatori a riconoscere i Pappatutto.",ep:0,g:0,l:62,wd:false,fm:true,w:10,an:0,s:166,p:10100};
I.u[11375] = {n:"Cartutande",t:1,d:"Questi indumenti intimi sono solidi e rigidi, non sono molto comodi, ma sono stati realizzati con carta masticata. Avere la saliva di uno sconosciuto sul sedere non sembra disturbare molti avventurieri...",ep:0,g:0,l:61,wd:false,fm:true,w:10,an:0,s:166,p:9900};
I.u[11376] = {n:"Piumantello",t:17,d:"Quest\'enorme piuma accentua il tuo fisico da materasso...",ep:0,g:0,l:56,wd:false,fm:true,w:10,an:0,s:167,p:8428};
I.u[11377] = {n:"Cappiumello",t:16,d:"Secondo alcune tribù la saggezza del capo si misura dal numero di piume sul suo cappello. Il tuo ne possiede solo una, piccola e usata, per giunta.",ep:0,g:0,l:60,wd:false,fm:true,w:10,an:0,s:167,p:9380};
I.u[11378] = {n:"Piumandali",t:11,d:"Più leggeri dei sandali classici, non hanno che un solo inconveniente: non sono adatti a coloro che soffrono il solletico.",ep:0,g:0,l:56,wd:false,fm:true,w:10,an:0,s:167,p:8230};
I.u[11379] = {n:"Piumamuleto",t:1,d:"Ti solletica il collo e ti farà venire i brividi ovunque.",ep:0,g:0,l:59,wd:false,fm:true,w:10,an:0,s:167,p:9250};
I.u[11380] = {n:"Cacciatore ferito",t:32,d:"Questo cacciatore ferito ha bisogno delle cure di Albert Pes. Al minimo segno di combattimento tornerà a rifugiarsi dove l\'hai trovato.",ep:0,g:0,l:1,wd:false,fm:true,w:0,an:0,m:true,p:1};
I.u[11381] = {n:"Richiesta di tiro",t:24,d:"Richiesta stilata da Djauns per un tiro di Baubau delle nevi. Con la sua firma ti ricorda di spicciarti perchè il tempo è poco.",ep:0,g:55,l:1,wd:false,fm:true,w:0,an:0,p:1};
I.u[11382] = {n:"Pinzantello",t:17,d:"L\'ultima persona che ha provato a usare questo mantello per scendere da una nuvola si è spiaccicato sulla banca.",ep:0,g:0,l:56,wd:false,fm:true,w:10,an:0,s:168,p:8300};
I.u[11383] = {n:"Pinzappello",t:16,d:"Questo cappello non sopporta l\'umidità e ti costringerà ad andare perennemente in giro con un ombrello ridicolo.",ep:0,g:0,l:53,wd:false,fm:true,w:10,an:0,s:168,p:7503};
I.u[11384] = {n:"Pinzanello",t:9,d:"Metti questo anello intorno al collo dei bambini che devi sorvegliare, lega l\'anello ad un albero con una corda. Ecco fatto, ora sei tranquillo e i bambini non scapperanno.",ep:0,g:0,l:58,wd:false,fm:true,w:10,an:0,s:168,p:8895};
I.u[11385] = {n:"Pelliccia intatta di Ghiacciopaz",t:24,d:"Recuperare questa pelliccia senza massacrarla troppo rivela il modo in cui hai combattuto contro il suo precedente proprietario.",ep:0,g:0,l:1,wd:false,fm:true,w:0,an:0,p:1};
I.u[11386] = {n:"Pinzivali",t:11,d:"Sono perfetti per dare sculacciate con i piedi, senza sporcarti le mani. I bambini ti adoreranno!",ep:0,g:0,l:59,wd:false,fm:true,w:10,an:0,s:168,p:9275};
I.u[11387] = {n:"Gaston",t:32,d:"Devi scortarlo fino da Larry Tutthe perchè diventi il suo nuovo assistente.",ep:0,g:0,l:1,wd:false,fm:true,w:0,an:0,m:true,p:1};
I.u[11388] = {n:"Cassa di materiale",t:24,d:"Questa cassa contiene tutto quello di cui Larry Tutthe ha bisogno.",ep:0,g:44,l:1,wd:false,fm:true,w:0,an:0,p:1};
I.u[11389] = {n:"Prelievo d\'acqua",t:24,d:"Quest\'acqua è stata prelevata nelle Lacrime di Uronigride su richiesta di Ogivol Victor.",ep:0,g:764,l:1,wd:false,fm:true,w:0,an:0,p:1};
I.u[11390] = {n:"Creatura d\'acqua",t:24,d:"",ep:0,g:0,l:1,wd:false,fm:true,w:0,an:0,p:1};
I.u[11391] = {n:"Creatura d\'acqua modificata",t:24,d:"Gli effetti della crescita accelerata su questa creatura saltano agli occhi. Faresti meglio a sbrigarti, prima di non poterla più trasportare.",ep:0,g:760,l:1,wd:false,fm:true,w:0,an:0,p:1};
I.u[11392] = {n:"Resti di Ghiacciopaz",t:24,d:"Hai fieramente combattuto i Ghiacciopaz. Questi resti sono la prova della tua vittoria.",ep:0,g:0,l:1,wd:false,fm:true,w:0,an:0,p:1};
I.u[11393] = {n:"Mantelligioniero",t:17,d:"Questo mantello rigato è appartenuto a un prigioniero celebre per il suo dilemma.",ep:0,g:0,l:51,wd:false,fm:true,w:10,an:0,s:169,p:7003};
I.u[11394] = {n:"Cappelligioniero",t:16,d:"Questo cappello rigato è abbastanza grande per nascondere una palla. Non necessariamente quella che hai legata al piede.",ep:0,g:0,l:55,wd:false,fm:true,w:10,an:0,s:169,p:7900};
I.u[11395] = {n:"Amugioniero",t:1,d:"Questa piccola catena potrebbe essere presa per un amuleto, se non avesse il lucchetto.",ep:0,g:0,l:54,wd:false,fm:true,w:10,an:0,s:169,p:7825};
I.u[11396] = {n:"Cintugioniera",t:1,d:"La persona che ha dato un nome così stupido a questa cintura è ricercata, gli anni che ha già passato in galera non giustificano una tale mancanza di creatività.",ep:0,g:0,l:58,wd:false,fm:true,w:10,an:0,s:169,p:8750};
I.u[11397] = {n:"Mantistrello",t:17,d:"Questo mantello dal nome ridicolo ma intrigante apparteneva ad un giustiziere che diceva di voler ripulire le strade di Brakmar. Nessuno sa se si trattava di un giustiziere o di un netturbino.",ep:0,g:0,l:54,wd:false,fm:true,w:10,an:0,s:170,p:7703};
I.u[11398] = {n:"",t:16,d:"Questo cappello ti darà il portamento di un pipì-strello. Sai, rischi di restare celibe molto a lungo...",ep:0,g:0,l:57,wd:false,fm:true,w:10,an:0,s:170,p:8575};
I.u[11399] = {n:"Anistrello",t:9,d:"Sulla scatola puoi leggere: \"Solo per giustizieri che non hanno paura di nulla\". E tu che credevi di poterlo utilizzare...",ep:0,g:0,l:59,wd:false,fm:true,w:10,an:0,s:170,p:9187};
I.u[11400] = {n:"Stivastrelli",t:11,d:"Il Ciabattino che ha concepito questi stivali li ha muniti di ali di Pipì-strello per permettere al loro proprietario di volare. Questo è quel che ha detto il mercante ambulante che te li ha venduti, mentre gridava allo zaap di Astrub un discorso praticamente inascoltabile.",ep:0,g:0,l:57,wd:false,fm:true,w:10,an:0,s:170,p:8500};
I.u[11401] = {n:"Mantellocchio",t:17,d:"Questo mantello di legno si allunga se menti. Rischi di camminarci regolarmente sopra.",ep:0,g:0,l:60,wd:false,fm:true,w:10,an:0,s:171,p:9428};
I.u[11402] = {n:"Cappellocchio",t:16,d:"Questo cappello può essere usato come cono di segnalazione se hai un incidente con il Dragacchino.",ep:0,g:0,l:61,wd:false,fm:true,w:10,an:0,s:171,p:9875};
I.u[11403] = {n:"Mal di mare",t:24,d:"Non sei riuscito a trasformarti in pirata, decisamente non hai la stoffa del marinaio. Riprova fra 24 ore.",ep:0,g:0,l:1,wd:false,fm:true,w:0,an:0,p:1};
I.u[11404] = {n:"Trasformazione in Fantasma di Pirata",t:27,d:"Sei stato trasformato in fantasma per entrare nel relitto dello spirito ribelle.",ep:0,g:3,l:1,wd:false,fm:true,w:0,an:0,m:true,p:1};
I.u[11406] = {n:"Siero di Pinguinotto",t:24,d:"Solo la gente acculturata conosce l\'utilità di questo siero, ecco perchè tu non sai a cosa serve.",ep:0,g:0,l:1,wd:false,fm:true,w:0,an:0,p:1};
I.u[11407] = {n:"Guano di Gellicano cristallizzato",t:24,d:"Questo ghiacciolo dona un gusto particolare alle bevande nelle quali è immerso per rinfrescarle.",ep:0,g:0,l:1,wd:false,fm:true,w:0,an:0,p:1};
I.u[11408] = {n:"Siero della verità",t:24,d:"Giuri di dire tutta la verità, nient\'altro che la verità?",ep:0,g:2,l:1,wd:false,fm:true,w:0,an:0,p:1};
I.u[11409] = {n:"Borsa di kama",t:24,d:"Questa borsa contiene abbastanza kama da poterti permettere l\'acquisto di un abito decente. Vista la difficoltà della scelta, è inutile dire che si tratta di una vera fortuna. Sappi che non li potrai utilizzare per comprare altre cose.",ep:0,g:243,l:1,wd:false,fm:true,w:0,an:0,p:1};
I.u[11410] = {n:"Abito da Adamo",t:24,d:"Portato alla festa della Mutanda del Capitano Chafer, questo abito attirerà gli sguardi degli invidiosi, ma soprattutto delle invidiose vogliose di gustare il frutto nascosto.",ep:0,g:0,l:1,wd:false,fm:true,w:0,an:0,p:1};
