I.u[1414] = {n:"Pozione d\'oblio: \"Avvizzimento\"",t:43,d:"Questa pozione fa dimenticare un livello dell\'incantesimo degli Xelor: \"Avvizzimento\"",ep:2,g:37,l:1,wd:true,fm:true,w:1,c:"Pz=0",u:true,p:1000};
I.u[1415] = {n:"Pozione d\'oblio: \"Clessidra di Xelor\"",t:43,d:"Questa pozione fa dimenticare un livello dell\'incantesimo degli Xelor: \"Clessidra di Xelor\"",ep:2,g:37,l:1,wd:true,fm:true,w:1,c:"Pz=0",u:true,p:1000};
I.u[1416] = {n:"Pozione d\'oblio: \"Polvere Temporale\"",t:43,d:"Questa pozione fa dimenticare un livello dell\'incantesimo degli Xelor: \"Polvere Temporale\".",ep:2,g:37,l:1,wd:true,fm:true,w:1,c:"Pz=0",u:true,p:1000};
I.u[1417] = {n:"Pozione d\'oblio: \"Lancetta Cercatrice\"",t:43,d:"Questa pozione fa dimenticare un livello dell\'incantesimo degli Xelor: \"Lancetta Cercatrice\"",ep:2,g:37,l:1,wd:true,fm:true,w:1,c:"Pz=0",u:true,p:1000};
I.u[1418] = {n:"Pozione d\'oblio: \"Furto del Tempo\"",t:43,d:"Questa pozione fa dimenticare un livello dell\'incantesimo degli Xelor: \"Furto del Tempo\"",ep:2,g:37,l:1,wd:true,fm:true,w:1,c:"Pz=0",u:true,p:1000};
I.u[1419] = {n:"Pozione d\'oblio: \"Devozione\"",t:43,d:"Questa pozione fa dimenticare un livello dell\'incantesimo degli Xelor: \"Devozione\"",ep:2,g:37,l:1,wd:true,fm:true,w:1,c:"Pz=0",u:true,p:1000};
I.u[1420] = {n:"Pozione d\'oblio: \"Fuga\"",t:43,d:"Questa pozione fa dimenticare un livello dell\'incantesimo degli Xelor: \"Fuga\".",ep:2,g:37,l:1,wd:true,fm:true,w:1,c:"Pz=0",u:true,p:1000};
I.u[1421] = {n:"Pozione d\'oblio: \"Scoraggiamento\"",t:43,d:"Questa pozione fa dimenticare un livello dell\'incantesimo degli Xelor: \"Scoraggiamento\".",ep:2,g:37,l:1,wd:true,fm:true,w:1,c:"Pz=0",u:true,p:1000};
I.u[1422] = {n:"Pozione d\'oblio: \"Protezione Accecante\"",t:43,d:"Questa pozione fa dimenticare un livello dell\'incantesimo degli Xelor: \"Protezione Accecante\".",ep:2,g:37,l:1,wd:true,fm:true,w:1,c:"Pz=0",u:true,p:1000};
I.u[1423] = {n:"Pozione d\'oblio: \"Mummificazione\"",t:43,d:"Questa pozione fa dimenticare un livello dell\'incantesimo degli Xelor: \"Mummificazione\".",ep:2,g:37,l:1,wd:true,fm:true,w:1,c:"Pz=0",u:true,p:1000};
I.u[1424] = {n:"Pozione d\'oblio: \"Colpo di Xelor\"",t:43,d:"Questa pozione fa dimenticare un livello dell\'incantesimo degli Xelors: \"Colpo di Xelor\".",ep:2,g:37,l:1,wd:true,fm:true,w:1,c:"Pz=0",u:true,p:1000};
I.u[1425] = {n:"Pozione d\'oblio: \"Quadrante di Xelor\"",t:43,d:"Questa pozione fa dimenticare un livello dell\'incantesimo degli Xelor: \"Quadrante di Xelor\".",ep:2,g:37,l:1,wd:true,fm:true,w:1,c:"Pz=0",u:true,p:1000};
I.u[1426] = {n:"Pala di Thart\'",t:8,d:"Thart\', il creatore di questa pala, era un discepolo Yop. Proprio un nome adatto a uno Yop, vero?",ep:3,g:8,l:24,wd:true,fm:true,w:24,an:16,e:[5,5,1,1,50,50,false,true],p:1800};
I.u[1427] = {n:"Pala Zébuth",t:8,d:"Questa pala è usata dai grandi sacerdoti Kannibul dell\'isola di Moon per invocare Zébuth, una delle loro divinità rappresentata spesso con aspetto bovino. Solo i personaggi vili possono usare quest\'arma.",ep:1,g:40,l:55,wd:true,fm:true,w:30,an:16,e:[5,6,1,1,50,20,false,true],c:"Ps=2&CC>50",p:8000};
I.u[1428] = {n:"Immortale",t:36,d:"Questa strana piccola pianta cresce in ambienti aridi, e diffonde un odore di curry intorno a sé. È molto resistente e non subisce gli assalti del tempo... Se solo si potesse dire altrettanto di tutte le donne...",ep:2,g:54,l:1,wd:true,fm:true,w:1,p:5000};
I.u[1429] = {n:"Piccola Pala Fruttifera",t:8,d:"Questa pala è usata dagli Anutrof per raccogliere i frutti dagli alberi, ma può diventare un\'arma da combattimento molto pericolosa. Come direbbe il suo creatore Frü Its: \"Its biutifruits my pala!\".",ep:1,g:19,l:30,wd:true,fm:true,w:15,an:16,e:[5,6,1,1,40,40,false,true],c:"CC>10&CI>10",p:1500};
I.u[1430] = {n:"Pala Fruttifera",t:8,d:"Questa pala è usata dagli Anutrof per raccogliere i frutti dagli alberi, ma può diventare un\'arma da combattimento molto pericolosa. Come direbbe il suo creatore Frü Its: \"Its biutifruits my pala!\".",ep:1,g:19,l:45,wd:true,fm:true,w:23,an:16,e:[5,6,1,1,40,40,false,true],c:"CC>15&CI>15",p:2300};
I.u[1431] = {n:"Grande Pala Fruttifera",t:8,d:"Questa pala è usata dagli Anutrof per raccogliere i frutti dagli alberi, ma può diventare un\'arma da combattimento molto pericolosa. Come direbbe il suo creatore Frü Its: \"Its biutifruits my pala!\".",ep:1,g:19,l:60,wd:true,fm:true,w:30,an:16,e:[5,6,1,1,40,40,false,true],c:"CC>25&CI>25",p:3000};
I.u[1432] = {n:"Pala Iuola",t:8,d:"Gaston Iuola, giardiniere discepolo di Anutrof aveva l\'abitudine di esagerare con le piante. Quest\'arma ne è la prova. Questa potente pala ti giocherà brutti scherzi e metterà a dura prova la tua Intelligenza.",ep:1,g:17,l:21,wd:true,fm:true,w:21,an:16,e:[2,4,1,1,50,50,false,true],c:"CC>27&CW<100&CS>10",p:2100};
I.u[1433] = {n:"Pala di Autodifesa",t:8,d:"Questa pala è stata l\'arma di autodifesa di un piccolo gruppo di Anutrofine. Ma quando queste signorine si ritrovarono questo strumento del potere tra le loro mani, cambiarono completamente e cercarono di conquistare il mondo.",ep:7,g:4,l:60,wd:true,fm:true,w:30,an:16,e:[10,5,1,1,50,50,false,true],c:"CC>60&CS>30&CA>10",p:6500};
I.u[1434] = {n:"Pozione d\'oblio: \"Orologio\"",t:43,d:"Questa pozione fa dimenticare un livello dell\'incantesimo degli Xelors: \"Orologio\"",ep:1,g:37,l:1,wd:true,fm:true,w:1,c:"Pz=0",u:true,p:1000};
I.u[1435] = {n:"La Pala del Largo",t:8,d:"Questa pala molto pesante è destinata agli avventurieri più gr... larghi!",ep:9,g:11,l:80,wd:true,fm:true,w:150,an:16,e:[10,6,1,1,50,50,false,true],c:"CS>100",p:40000};
I.u[1436] = {n:"Pala Ikan",t:8,d:"Ikan era il pesciolino di Churros il guerriero. È importante precisare che il nome di questa pala non ha nessun rapporto con questo pesce, ma piuttosto con il suo odore...",ep:7,g:8,l:50,wd:true,fm:true,w:50,an:16,e:[10,5,1,1,50,50,false,true],c:"CC>30&CA>10",p:7800};
I.u[1437] = {n:"Pozione d\'oblio: \"Castigo Forzato\"",t:43,d:"Questa pozione fa dimenticare un livello dell\'incantesimo dei Sàcrido: \"Castigo Forzato\".",ep:2,g:35,l:1,wd:true,fm:true,w:1,c:"Pz=0",u:true,p:1000};
I.u[1438] = {n:"Buon Piccone",t:21,d:"Questo piccone è considerato da numerosi clan come un talismano portafortuna.",ep:1,g:1,l:25,wd:false,fm:true,w:20,an:17,e:[4,4,1,1,50,50,false,true],c:"CC>30",p:2500};
I.u[1439] = {n:"Malo Piccone",t:21,d:"Questo piccone sembra attirare il malocchio.\nTuttavia, pare che gli manchi veramente poco per diventare un gran piccone.",ep:1,g:1,l:25,wd:false,fm:true,w:20,an:17,e:[4,6,1,1,50,10,false,true],p:250};
I.u[1440] = {n:"Pozione d\'oblio: \"Piede del Sàcrido\"",t:43,d:"Questa pozione fa dimenticare un livello dell\'incantesimo dei Sàcrido: \"Piede del Sàcrido\"",ep:2,g:35,l:1,wd:true,fm:true,w:1,c:"Pz=0",u:true,p:1000};
I.u[1441] = {n:"Pozione d\'oblio: \"Castigo Osato\"",t:43,d:"Questa pozione fa dimenticare un livello dell\'incantesimo dei Sàcrido: \"Castigo Osato\"",ep:2,g:35,l:1,wd:true,fm:true,w:1,c:"Pz=0",u:true,p:1000};
I.u[1442] = {n:"Pozione d\'oblio: \"Attrazione\"",t:43,d:"Questa pozione fa dimenticare un livello dell\'incantesimo dei Sàcrido: \"Attrazione\".",ep:2,g:35,l:1,wd:true,fm:true,w:1,c:"Pz=0",u:true,p:1000};
I.u[1443] = {n:"Pozione d\'oblio: \"Trasferimento di Vita\"",t:43,d:"Questa pozione fa dimenticare un livello dell\'incantesimo dei Sàcrido: \"Trasferimento di Vita\".",ep:2,g:35,l:1,wd:true,fm:true,w:1,c:"Pz=0",u:true,p:1000};
I.u[1444] = {n:"Pozione d\'oblio: \"Assalto\"",t:43,d:"Questa pozione fa dimenticare un livello dell\'incantesimo dei Sàcrido: \"Assalto\".",ep:2,g:35,l:1,wd:true,fm:true,w:1,c:"Pz=0",u:true,p:1000};
I.u[1445] = {n:"Pozione d\'oblio: \"Castigo Agile\"",t:43,d:"Questa pozione fa dimenticare un livello dell\'incantesimo dei Sàcrido: \"Castigo Agile\"",ep:2,g:35,l:1,wd:true,fm:true,w:1,c:"Pz=0",u:true,p:1000};
I.u[1446] = {n:"Pozione d\'oblio: \"Trasposizione\"",t:43,d:"Questa pozione fa dimenticare un livello dell\'incantesimo dei Sàcrido: \"Trasposizione\".",ep:2,g:35,l:1,wd:true,fm:true,w:1,c:"Pz=0",u:true,p:1000};
I.u[1447] = {n:"Pozione d\'oblio: \"Spada Danzante\"",t:43,d:"Questa pozione fa dimenticare un livello dell\'incantesimo dei Sàcrido: \"Spada Danzante\"",ep:2,g:35,l:1,wd:true,fm:true,w:1,c:"Pz=0",u:true,p:1000};
I.u[1448] = {n:"Pozione d\'oblio: \"Castigo Spirituale\"",t:43,d:"Questa pozione fa dimenticare un livello dell\'incantesimo dei Sàcrido: \"Castigo Spirituale\".",ep:2,g:35,l:1,wd:true,fm:true,w:1,c:"Pz=0",u:true,p:1000};
I.u[1449] = {n:"Pozione d\'oblio: \"Sacrificio\"",t:43,d:"Questa pozione fa dimenticare un livello dell\'incantesimo dei Sàcrido: \"Sacrificio\".",ep:2,g:35,l:1,wd:true,fm:true,w:1,c:"Pz=0",u:true,p:1000};
I.u[1450] = {n:"Pozione d\'oblio: \"Assorbimento\"",t:43,d:"Questa pozione fa dimenticare un livello dell\'incantesimo dei Sàcrido: \"Assorbimento\".",ep:2,g:35,l:1,wd:true,fm:true,w:1,c:"Pz=0",u:true,p:1000};
I.u[1451] = {n:"Pozione d\'oblio: \"Castigo Saggio\"",t:43,d:"Questa pozione fa dimenticare un livello dell\'incantesimo dei Sàcrido: \"Castigo Saggio\".",ep:2,g:35,l:1,wd:true,fm:true,w:1,c:"Pz=0",u:true,p:1000};
I.u[1452] = {n:"Pozione d\'oblio: \"Elusione\"",t:43,d:"Questa pozione fa dimenticare un livello dell\'incantesimo dei Sàcrido: \"Elusione\".",ep:2,g:35,l:1,wd:true,fm:true,w:1,c:"Pz=0",u:true,p:1000};
I.u[1453] = {n:"Pozione d\'oblio: \"Cooperazione\"",t:43,d:"Questa pozione fa dimenticare un livello dell\'incantesimo dei Sàcrido: \"Cooperazione\".",ep:2,g:35,l:1,wd:true,fm:true,w:1,c:"Pz=0",u:true,p:1000};
I.u[1454] = {n:"Pozione d\'oblio: \"Punizione\"",t:43,d:"Questa pozione fa dimenticare un livello dell\'incantesimo dei Sàcrido: \"Punizione\".",ep:2,g:35,l:1,wd:true,fm:true,w:1,c:"Pz=0",u:true,p:1000};
I.u[1455] = {n:"Ali di Scarafoglie Blu",t:104,d:"Queste ali di Scarafoglie possiedono dei principi magici e permettono di fabbricare delle pozioni elementari di Acqua.",ep:3,g:212,l:32,wd:true,fm:true,w:2,p:100};
I.u[1456] = {n:"Ali di Scarafoglie Bianco",t:104,d:"Queste ali di Scarafoglie possiedono dei principi magici e permettono di fabbricare delle pozioni elementari di Aria.",ep:3,g:213,l:32,wd:true,fm:true,w:2,p:100};
I.u[1457] = {n:"Ali di Scarafoglie Rosso",t:104,d:"Queste ali di Scarafoglie possiedono dei principi magici e permettono di fabbricare delle pozioni elementari di Fuoco.",ep:3,g:214,l:32,wd:true,fm:true,w:2,p:100};
I.u[1458] = {n:"Ai di Scarafoglie Verde",t:104,d:"Queste ali di Scarafoglie possiedono dei principi magici e permettono di fabbricare delle pozioni elementari di Terra.",ep:3,g:215,l:32,wd:true,fm:true,w:2,p:100};
I.u[1459] = {n:"Tubo Longiforme",t:71,d:"Questo tubo è stato appositamente studiato per essere stappato con una sola mano.",ep:1,g:55,l:1,wd:true,fm:true,w:1,p:5};
I.u[1460] = {n:"Grande fiala",t:71,d:"Questa fiala è studiata appositamente per essere stappata facilmente, anche senza l\'uso delle mani.",ep:3,g:56,l:1,wd:true,fm:true,w:1,p:10};
I.u[1461] = {n:"Veleno Pungente",t:15,d:"Questo veleno a base di zampe di Arakne ti farà perdere la testa in tutti i sensi, perché dopo un periodo di follia la scatola cranica esplode a causa della pressione sanguigna.",ep:1,g:189,l:20,wd:true,fm:true,w:1,p:100};
I.u[1462] = {n:"Liquido Vampiresco",t:15,d:"Questo liquido fatto con un incrocio di diversi tipi di sangue diverso ha la cattiva abitudine di saltare al collo.",ep:2,g:188,l:30,wd:true,fm:true,w:1,p:100};
I.u[1463] = {n:"Fiala da elemento",t:71,d:"Questa fiala è destinata naturalmente a contenere l\'essenza di un elemento.",ep:1,g:57,l:1,wd:true,fm:true,w:1,p:50};
I.u[1464] = {n:"Antenna dello Scarafoglie Blu",t:15,d:"Nessuno sa a cosa servano le antenne dello Scarafoglie. L\'unica certezza è che puzzano!",ep:3,g:216,l:32,wd:true,fm:true,w:1,p:100};
I.u[1465] = {n:"Antenna dello Scarafoglie Rosso",t:15,d:"Nessuno sa a cosa servano le antenne dello Scarafoglie. L\'unica certezza è che puzzano!",ep:3,g:217,l:32,wd:true,fm:true,w:1,p:1};
I.u[1466] = {n:"Antenna dello Scarafoglie Verde",t:15,d:"Nessuno sa a cosa servano le antenne dello Scarafoglie. L\'unica certezza è che puzzano!",ep:3,g:218,l:32,wd:true,fm:true,w:1,p:100};
I.u[1467] = {n:"Antenna dello Scarafoglie Bianco",t:15,d:"Nessuno sa a cosa servano le antenne dello Scarafoglie. L\'unica certezza è che puzzano!",ep:3,g:219,l:32,wd:true,fm:true,w:1,p:100};
I.u[1468] = {n:"Boccale",t:71,d:"Questo boccale può servire per tutto, dalla fabbricazione di pozioni all\'annegamento dei pesci.",ep:1,g:58,l:1,wd:true,fm:true,w:1,p:100};
I.u[1469] = {n:"Pergamena di Raccomandazione",t:24,d:"Con questa pergamena Uba Tessé ti raccomanda vivamente come Alchimista.",ep:1,g:26,l:1,wd:true,fm:true,w:0,p:1};
I.u[1470] = {n:"Pergamena di Raccomandazione",t:24,d:"Con questa pergamena Uba Tessé ti raccomanda vivamente come Alchimista. È stato aggiunto anche un piccolo appunto da Alam Bik.",ep:2,g:26,l:1,wd:true,fm:true,w:0,p:1};
I.u[1471] = {n:"Pergamena di Raccomandazione e fiore",t:24,d:"Con questa pergamena Uba Tessé ti raccomanda vivamente come Alchimista. È stato aggiunto anche un piccolo appunto da Alam Bik. Un fiore prova che hai imparato la prima lezione.",ep:3,g:26,l:1,wd:true,fm:true,w:0,p:1};
I.u[1472] = {n:"Pergamena di richiesta d\'esame",t:24,d:"Questa pergamena indica che hai passato con successo il tirocinio per diventare Alchimista e che ora sei pronto per l\'esame.",ep:3,g:26,l:1,wd:true,fm:true,w:0,p:1};
I.u[1473] = {n:"Mani Verdi",t:20,d:"Con questi guanti, potrai raccogliere ogni tipo di pianta o fiore facilmente e senza rischi.",ep:1,g:5,l:1,wd:true,fm:true,w:5,e:[5,3,1,1,30,50,false,true],p:100};
I.u[1474] = {n:"Amuleto di Xelor",t:1,d:"Questo amuleto super potente è il frutto del lavoro sulla padronanza del tempo di un vecchio Xelor.",ep:1,g:28,l:52,wd:true,fm:true,w:10,p:7300};
I.u[1475] = {n:"La Zella Lame",t:6,d:"La Zella Lama è stata forgiata dal celebre Forgiatore Dave-LoL prima di morire, per la più Zella delle Yoppine del reame. Si dice che questa lama non abbia eguali se non la bellezza di chi la porta.",ep:4,g:15,l:60,wd:true,fm:true,w:30,an:14,e:[10,4,1,1,30,50,false,false],c:"CS>100&CV>50",p:3000};
I.u[1476] = {n:"Amuleto del Croccaroc",t:1,d:"Questo potente amuleto racchiude tutta la vita del Croccaroc, tutti gli oggetti che ha raccolto prima di perire sotto i colpi degli avventurieri attirati dalle sue ricchezze.",ep:2,g:25,l:47,wd:true,fm:true,w:5,p:5800};
I.u[1477] = {n:"Fortun a Muleto",t:1,d:"Muleto era una piccola Ecaflippina che non ha mai avuto fortuna nella vita, fino a quando sua nonna non le ha regalato questo amuleto.",ep:1,g:26,l:44,wd:true,fm:true,w:5,p:5000};
I.u[1478] = {n:"Armonia",t:1,d:"Questo ciondolo aiuta colui che lo porta a ritrovare l\'armonia con il mondo che lo circonda.",ep:1,g:122,l:47,wd:true,fm:true,w:1,p:6000};
I.u[1479] = {n:"Tut An\'Carton",t:7,d:"Questo martello leggendario ha già passato molte prove ad Amakna. Apparteneva al potente Tut An\'Carton che non ci pensava due volte ad usarlo per ridurre i suoi avversari in carta straccia e coriandoli.",ep:13,g:6,l:46,wd:true,fm:true,w:20,an:15,e:[5,4,1,1,50,30,false,false],c:"CI>50&CV>30",p:5600};
I.u[1480] = {n:"Accordo",t:1,d:"Questo ciondolo aiuta colui che lo porta a ritrovare l\'armonia con il mondo che lo circonda.",ep:1,g:121,l:38,wd:true,fm:true,w:1,p:4000};
I.u[1481] = {n:"Intesa",t:1,d:"Questo ciondolo aiuta colui che lo porta a ritrovare l\'armonia con il mondo che lo circonda.",ep:1,g:11,l:26,wd:true,fm:true,w:1,p:2000};
I.u[1482] = {n:"Emblema Livido",t:1,d:"Questo amuleto è estremamente utile, ma fa diventare chi lo porta bianco come un Pappatutto.",ep:1,g:32,l:41,wd:true,fm:true,w:2,p:4500};
I.u[1483] = {n:"Kabala",t:1,d:"Misterioso simbolo di un misterioso organismo. D\'altronde non esiste neanche e tu non ne hai mai sentito parlare.",ep:11,g:13,l:29,wd:true,fm:true,w:2,p:2500};
I.u[1484] = {n:"Amuleto Itby Rivisto",t:1,d:"Eccellente lavoro dell\'apprendista Orefice Polme Kartnez. Questa copia supera l\'originale.",ep:1,g:31,l:17,wd:true,fm:true,w:5,p:1000};
I.u[1485] = {n:"La Reginetta",t:1,d:"Questo amuleto è la versione migliorata della Sorte Dorata. Stranamente però non hanno niente in comune, a parte il loro aspetto alquanto ridicolo...",ep:1,g:27,l:22,wd:true,fm:true,w:5,c:"CC>10",p:1500};
I.u[1486] = {n:"Medaglia Holy",t:1,d:"Holy era una discepola di Yop che aveva giurato di sradicare il male dappertutto. Era sempre tranquilla e non si arrabbiava mai, eccetto quando la si comparava a una certa Oly.",ep:1,g:23,l:31,wd:true,fm:true,w:3,p:2800};
I.u[1487] = {n:"L\'Adelus",t:10,d:"Questa cintura, oltre a essere molto elegante, fa un massaggio veramente rilassante a chi la indossa. Il felice proprietario è così meno stressato è può riflettere meglio.",ep:1,g:12,l:48,wd:true,fm:true,w:30,p:6075};
I.u[1488] = {n:"Plimclik",t:1,d:"Dietro questo strano nome si nasconde un oggetto altrettanto strano, originato chissà come da altri amuleti. Non si sa nulla delle circostanze della sua scoperta.",ep:11,g:123,l:130,wd:true,fm:true,w:24,p:1000};
I.u[1489] = {n:"La Spilla Chà",t:1,d:"Chà era uno dei più grandi guerrieri di Amakna. La leggenda racconta che prendeva la sua saggezza dalla spilla che portava con sé.",ep:11,g:15,l:28,wd:true,fm:true,w:1,p:2300};
I.u[1490] = {n:"La Catena \'Noro Kebrill",t:1,d:"Il suo creatore, un certo Ken Aton, era celebre per i suoi strani vizi. Passava infatti le giornate a cacciare il Minotoror perché voleva farsi una moquette pettorale.",ep:1,g:12,l:13,wd:true,fm:true,w:2,p:650};
I.u[1491] = {n:"Catena della Liche",t:1,d:"La Liche era una creatura schifosa conosciuta per unirsi ai gruppi di valorosi guerrieri al fine di rubargli una parte del bottino. Un giorno, fu scoperta e dovette scappare.",ep:13,g:12,l:45,wd:true,fm:true,w:2,p:5400};
I.u[1492] = {n:"null",t:17,d:"",ep:0,g:23,l:30,wd:true,fm:true,w:11,p:800};
I.u[1493] = {n:"Ferita del Sàcrido",t:9,d:"Si dice che questo anello sia uscito da una delle numerose ferite di un Sàcrido.",ep:1,g:13,l:15,wd:true,fm:true,w:2,p:800};
I.u[1494] = {n:"L\'Anellatore",t:9,d:"La funzione principale di questo bell\'anello è quella di permettere agli Osamodas di riconoscere i propri tofu durante i combattimenti.",ep:1,g:14,l:15,wd:true,fm:true,w:4,p:800};
I.u[1495] = {n:"L\'Anello Dhyn",t:9,d:"Questo piccolo brutto anello è stato creato da Degun, un Orefice conosciuto per le sue sfuriate verso tutti e la sua crudele avversione per la Liche piuttosto che per la sua creatività nell\'Oreficeria.",ep:1,g:37,l:36,wd:true,fm:true,w:3,p:3575};
I.u[1496] = {n:"Fortuna dell\'Ecaflip",t:9,d:"Questo anello aumenta la fortuna di chi lo porta durante le partite a carte.",ep:1,g:32,l:20,wd:true,fm:true,w:4,p:1300};
I.u[1497] = {n:"Passato di Xelor",t:9,d:"Anelli generati durante i viaggi temporali di Xelor.",ep:1,g:16,l:30,wd:true,fm:true,w:4,p:2600};
I.u[1498] = {n:"Ricordo di Anutrof",t:9,d:"Sono anelli creati con le lacrime di un Anutrof che ha perso la sua pala. Questo dà più o meno l\'idea della disperazione che può colpire una persona.",ep:1,g:15,l:30,wd:true,fm:true,w:4,p:2600};
I.u[1499] = {n:"L\'Anutrofion",t:9,d:"Quest\'anello è solo per gli Anutrof. Il loro dio lo ha stregato in modo che lo usino unicamente i suoi discepoli. Aumenterà la Fortuna nella ricerca dei tesori ad ogni Anutrof che si rispetti.",ep:1,g:39,l:59,wd:true,fm:true,w:1,c:"PG=3",p:10000};
I.u[1500] = {n:"La Mokette",t:17,d:"Questo splendido mantello, cucito con elementi fibrosi di ogni specie, è un pezzo unico per il suo colore e i suoi riflessi.",ep:8,g:8,l:43,wd:true,fm:true,w:16,p:5000};
I.u[1501] = {n:"Fede",t:9,d:"Questa fede simbolizza l\'unione fra due anime follemente innamorate. Sono finiti i tempi in cui dovevate nascondervi, ora potete finalmente mostrarvi alla luce del giorno.",ep:2,g:27,l:1,wd:true,fm:true,w:10,p:1};
I.u[1503] = {n:"Bacchetta di Fuoco Fatuo",t:3,d:"Per la fabbricazione di questa lugubre bacchetta si dice che bisogna metterla nel corpo di un cadavere fresco, e seppellirlo poco dopo... ma nessuno osa immaginare in che modo.",ep:3,g:14,l:20,wd:true,fm:true,w:15,an:11,e:[5,3,2,3,30,50,false,true],c:"CI>30",p:1000};
I.u[1504] = {n:"Daghe O\'Bert",t:5,d:"O\'Bert collo rosso era famoso nelle profonde campagne. Fu ucciso un giorno in cui cantava a squarciagola (da qui deriva il suo soprannome). La daga del delitto fu ritrovata, ma nessuno ne cercò il proprietario... O\'Bert cantava veramente malissimo.",ep:1,g:1,l:30,wd:true,fm:true,w:10,an:13,e:[10,3,1,1,30,50,false,false],c:"CA>30",p:3000};
I.u[1505] = {n:"Flauto",t:20,d:"Questo flauto molto raro in legno di Alberagno ti permetterà di divertire e commuovere i tuoi amici.",ep:1,g:6,l:1,wd:true,fm:true,w:1,an:4,e:[0,5,1,1,0,0,false,false],p:50000};
I.u[1506] = {n:"Simbolo dello strano",t:15,d:"Questa carta da gioco rappresenta... qualche cosa. In effetti, non si sa esattamente cosa, ma si crede sia veramente importante.",ep:1,g:224,l:1,wd:true,fm:true,w:10,p:1};
I.u[1507] = {n:"Buono 1000 Kek",t:15,d:"Su questo pezzo di carta c\'è scritto un piccolo slogan: \"Bravo, possiedi un buono Kek, vuol dire che ti sei guadagnato stima e ammirazione. Vieni ad usarlo da noi, ti aspettiamo!\nSeguito dalle coordinate cartografiche -1,-2.",ep:1,g:225,l:1,wd:true,fm:true,w:10,p:1};
I.u[1508] = {n:"Buono 2000 Kek",t:15,d:"Su questo pezzo di carta c\'è scritto un piccolo slogan: \"Bravo, possiedi un buono Kek, vuol dire che ti sei guadagnato stima e ammirazione. Vieni ad usarlo da noi, ti aspettiamo!\nSeguito dalle coordinate cartografiche -1,-2.",ep:1,g:225,l:1,wd:true,fm:true,w:10,p:1};
I.u[1509] = {n:"Buono 5000 Kek",t:15,d:"Su questo pezzo di carta c\'è scritto un piccolo slogan: \"Bravo, possiedi un buono Kek, vuol dire che ti sei guadagnato stima e ammirazione. Vieni ad usarlo da noi, ti aspettiamo!\nSeguito dalle coordinate cartografiche -1,-2.",ep:1,g:225,l:1,wd:true,fm:true,w:10,p:1};
I.u[1510] = {n:"Buono 10000 Kek",t:15,d:"Su questo pezzo di carta c\'è scritto un piccolo slogan: \"Bravo, possiedi un buono Kek, vuol dire che ti sei guadagnato stima e ammirazione. Vieni ad usarlo da noi, ti aspettiamo!\nSeguito dalle coordinate cartografiche -1,-2.",ep:1,g:225,l:1,wd:true,fm:true,w:10,p:1};
I.u[1511] = {n:"Nove Code",t:6,d:"La leggenda narra che Ecaflip, durante il combattimento dantesco che lo innalzò al rango di dio, utilizzò un\'arma costituita dalle sue code, una per ognuna delle sue vite.",ep:13,g:19,l:80,wd:true,fm:true,w:20,an:14,e:[9,9,1,1,20,20,false,false],c:"CS>99&CA>99&CV>99",p:20000};
I.u[1512] = {n:"La Leggenda di Crocobarro",t:25,d:"Questo libro ripercorre la triste storia del celebre Crocobarro.",ep:2,g:19,l:1,wd:true,fm:true,w:1,u:true,p:150};
I.u[1514] = {n:"Pozione d\'oblio: \"Contraccolpo\"",t:43,d:"Questa pozione fa dimenticare un livello dell\'incantesimo degli Ecaflip: \"Contraccolpo\".",ep:2,g:27,l:1,wd:true,fm:true,w:1,c:"Pz=0",u:true,p:1000};
I.u[1515] = {n:"Uovo di Bwak di Fuoco",t:72,d:"Questo uovo deposto da un Kwak di Fiamma si sta per schiudere... Anche se molto aggressivi fin dalla nascita, i Bwak non attaccano mai i propri genitori.",ep:1,g:59,l:1,wd:true,fm:true,w:1,u:true,p:100};
I.u[1516] = {n:"Uovo di Bwak di Terra",t:72,d:"Questo uovo deposto da un Kwak di Terra si sta per schiudere... Anche se molto aggressivi fin dalla nascita, i Bwak non attaccano mai i propri genitori.",ep:1,g:60,l:1,wd:true,fm:true,w:1,u:true,p:100};
I.u[1517] = {n:"Uovo di Bwak di Aria",t:72,d:"Questo uovo deposto da un Kwak di Vento si sta per schiudere... Anche se molto aggressivi fin dalla nascita, i Bwak non attaccano mai i propri genitori.",ep:1,g:61,l:1,wd:true,fm:true,w:1,u:true,p:100};
I.u[1518] = {n:"Uovo di Bwak di Acqua",t:72,d:"Questo uovo deposto da un Kwak di Acqua si sta per schiudere... Anche se molto aggressivi fin dalla nascita, i Bwak non attaccano mai i propri genitori.",ep:1,g:62,l:1,wd:true,fm:true,w:1,u:true,p:100};
I.u[1519] = {n:"Runa Fo",t:78,d:"Questa piccola runa ha il potere di rendere più tagliente la più tagliente delle lame.",ep:1,g:43,l:10,wd:true,fm:true,w:1,p:10};
I.u[1520] = {n:"Martello del Forgimago di Daghe",t:7,d:"Martello impregnato dell\'essenza magica indispensabile per forgiare degli strumenti pieni di magia.",ep:2,g:22,l:1,wd:true,fm:true,w:15,an:15,e:[5,6,1,1,40,40,false,false],c:"PJ=43",p:1000};
I.u[1521] = {n:"Runa Sa",t:78,d:"Questa piccola runa ha il potere di rendere più vecchia la più vecchia delle lame.",ep:1,g:49,l:10,wd:true,fm:true,w:1,p:10};
I.u[1522] = {n:"Runa Ine",t:78,d:"Questa piccola runa ha il potere di rendere più brillante la più brillante delle armi.",ep:1,g:37,l:10,wd:true,fm:true,w:1,p:10};
I.u[1523] = {n:"Runa Vi",t:78,d:"Questa piccola runa ha il potere di rendere più resistente la più resistente delle armi.",ep:1,g:52,l:10,wd:true,fm:true,w:1,p:10};
I.u[1524] = {n:"Runa Aj",t:78,d:"Questa piccola runa ha il potere di rendere più leggera la più leggera delle armi.",ep:1,g:46,l:10,wd:true,fm:true,w:1,p:10};
I.u[1525] = {n:"Runa Cha",t:78,d:"Questa piccola runa ha il potere di rendere più attraente la più attraente delle armi.",ep:1,g:40,l:10,wd:true,fm:true,w:1,p:10};
I.u[1526] = {n:"Metaria Rossa",t:66,d:"Questa strana sfera contiene al suo interno una fiamma in miniatura.",ep:3,g:241,l:5,wd:true,fm:true,w:1,p:1};
I.u[1527] = {n:"Metaria Blu",t:66,d:"Questa strana sfera contiene al suo interno una pozzanghera in miniatura.",ep:3,g:244,l:5,wd:true,fm:true,w:1,p:1};
I.u[1528] = {n:"Metaria Gialla",t:66,d:"Questa strana sfera contiene al suo interno dei piccoli mucchi di terra in miniatura.",ep:3,g:247,l:5,wd:true,fm:true,w:1,p:1};
I.u[1529] = {n:"Metaria Verde",t:66,d:"Questa strana sfera contiene al suo interno una brezza in miniatura.",ep:3,g:250,l:5,wd:true,fm:true,w:1,p:1};
I.u[1531] = {n:"Metaria Triam Blu",t:66,d:"Questa strana sfera contiene al suo interno un lago in miniatura.",ep:9,g:245,l:25,wd:true,fm:true,w:1,p:25};
I.u[1532] = {n:"Metaria Triam Verde",t:66,d:"Questa strana sfera contiene al suo interno una burrasca in miniatura.",ep:9,g:248,l:25,wd:true,fm:true,w:1,p:25};
I.u[1533] = {n:"Metaria Triam Rossa",t:66,d:"Questa strana sfera contiene al suo interno un braciere in miniatura.",ep:9,g:242,l:25,wd:true,fm:true,w:1,p:25};
I.u[1534] = {n:"Metaria Triam Gialla",t:66,d:"Questa strana sfera contiene al suo interno una collinetta di terra in miniatura.",ep:9,g:251,l:25,wd:true,fm:true,w:1,p:25};
I.u[1535] = {n:"Metaria Mage Rossa",t:66,d:"Questa strana sfera contiene al suo interno un\'esplosione in miniatura.",ep:4,g:243,l:50,wd:true,fm:true,w:1,p:50};
I.u[1536] = {n:"Metaria Mage Blu",t:66,d:"Questa strana sfera contiene al suo interno un oceano in miniatura.",ep:4,g:246,l:50,wd:true,fm:true,w:1,p:50};
I.u[1537] = {n:"Metaria Mage Verde",t:66,d:"Questa strana sfera contiene al suo interno un ciclone in miniatura.",ep:4,g:252,l:50,wd:true,fm:true,w:1,p:50};
I.u[1538] = {n:"Metaria Mage Gialla",t:66,d:"Questa strana sfera contiene al suo interno una montagna in miniatura.",ep:4,g:249,l:50,wd:true,fm:true,w:1,p:50};
I.u[1539] = {n:"Martello del Forgimago di Spade",t:7,d:"Martello impregnato dell\'essenza magica indispensabile per forgiare degli strumenti pieni di magia.",ep:2,g:22,l:1,wd:true,fm:true,w:15,an:15,e:[5,6,1,1,40,40,false,false],c:"PJ=44",p:1000};
I.u[1542] = {n:"Pozione d\'oblio di mestiere: Forgiatore di Daghe",t:44,d:"Questa pozione ti farà dimenticare il mestiere Forgiatore di daghe",ep:1,g:2,l:1,wd:true,fm:true,w:1,c:"Pz=0",u:true,p:10};
I.u[1543] = {n:"Frammento del piedistallo di Crocobar",t:24,d:"Questo Frammento proviene dal piedistallo in cui Crocobar, la tristemente famosa spada di Crocobarro, giace e giacerà ancora per secoli, impregnando poco a poco la pietra della sua potente magia.",ep:1,g:28,l:1,wd:true,fm:true,w:0,p:1};
I.u[1545] = {n:"Runa Pa Fo",t:78,d:"Questa potente runa ha il potere di rendere ancora più tagliente la più tagliente delle lame.",ep:1,g:44,l:20,wd:true,fm:true,w:1,p:10};
I.u[1546] = {n:"Runa Pa Sa",t:78,d:"Questa potente runa ha il potere di rendere ancora più vecchia la più vecchia delle lame.",ep:1,g:50,l:20,wd:true,fm:true,w:1,p:10};
I.u[1547] = {n:"Runa Pa Ine",t:78,d:"Questa potente runa ha il potere di rendere ancora più brillante la più brillante delle armi.",ep:1,g:38,l:20,wd:true,fm:true,w:1,p:10};
I.u[1548] = {n:"Runa Pa Vi",t:78,d:"Questa potente runa ha il potere di rendere più resistente.",ep:1,g:53,l:20,wd:true,fm:true,w:1,p:10};
I.u[1549] = {n:"Runa Pa Aj",t:78,d:"Questa potente runa ha il potere di rendere ancora più leggera la più leggera delle armi.",ep:1,g:47,l:20,wd:true,fm:true,w:1,p:10};
I.u[1550] = {n:"Runa Pa Cha",t:78,d:"Questa potente runa ha il potere di rendere ancora più attraente la più attraente delle armi.",ep:1,g:41,l:20,wd:true,fm:true,w:1,p:10};
I.u[1551] = {n:"Runa Ra Fo",t:78,d:"Questa runa leggendaria ha il potere di rendere qualsiasi cosa più tagliente della più tagliente delle lame.",ep:1,g:45,l:30,wd:true,fm:true,w:1,p:10};
I.u[1552] = {n:"Runa Ra Sa",t:78,d:"Questa piccola runa ha il potere di rendere più vecchia la più vecchia delle lame.",ep:1,g:51,l:30,wd:true,fm:true,w:1,p:10};
I.u[1553] = {n:"Runa Ra Ine",t:78,d:"Questa runa leggendaria ha il potere di rendere qualsiasi cosa più brillante della più brillante delle lame.",ep:1,g:39,l:30,wd:true,fm:true,w:1,p:10};
I.u[1554] = {n:"Runa Ra Vi",t:78,d:"Questa runa leggendaria ha il potere di rendere qualsiasi cosa più resistente della più resistente delle armi.",ep:1,g:54,l:30,wd:true,fm:true,w:1,p:10};
I.u[1555] = {n:"Runa Ra Aj",t:78,d:"Questa runa leggendaria ha il potere di rendere qualsiasi cosa più leggera della più leggera delle armi.",ep:1,g:48,l:30,wd:true,fm:true,w:1,p:10};
I.u[1556] = {n:"Runa Ra Cha",t:78,d:"Questa runa leggendaria ha il potere di rendere qualsiasi cosa più attraente della più attraente delle armi.",ep:1,g:42,l:30,wd:true,fm:true,w:1,p:10};
I.u[1557] = {n:"Runa Ga Pa",t:78,d:"Questa runa è talmente potente che dovrebbe essere bandita dagli dei. Ha il potere di rendere più facile l\'uso di un\'arma... tanto che la si può maneggiare mentre si beve un caffé.",ep:1,g:55,l:50,wd:true,fm:true,w:1,p:10};
I.u[1558] = {n:"Runa Ga Pme",t:78,d:"Questa runa è talmente potente che dovrebbe essere bandita dagli dei. Ha il potere di rendere un\'arma così leggera e facile da mettere via che la si può usare ed andare in taverna un attimo dopo...",ep:1,g:56,l:50,wd:true,fm:true,w:1,p:10};
I.u[1559] = {n:"Alberanello Molle",t:9,d:"Questo anello è in realtà un\'escrescenza della Quercia Molle, strappata da una tempesta. Adesso è tuo, ma evita di avvicinarlo troppo al vero proprietario, potrebbe decidere di rivoltarsi contro di te.",ep:9,g:11,l:46,wd:true,fm:true,w:3,p:7775};
I.u[1560] = {n:"Martello del Forgimago di Pale",t:7,d:"Martello impregnato dell\'essenza magica indispensabile per forgiare degli strumenti pieni di magia.",ep:2,g:22,l:1,wd:true,fm:true,w:15,an:15,e:[5,6,1,1,40,40,false,true],c:"PJ=46",p:1000};
I.u[1561] = {n:"Martello del Forgimago di Martelli",t:7,d:"Martello impregnato dell\'essenza magica indispensabile per forgiare degli strumenti pieni di magia.",ep:2,g:22,l:1,wd:true,fm:true,w:15,an:15,e:[5,6,1,1,40,40,false,true],c:"PJ=45",p:1000};
I.u[1562] = {n:"Martello del Forgimago di Asce",t:7,d:"Martello impregnato dell\'essenza magica indispensabile per forgiare degli strumenti pieni di magia.",ep:2,g:22,l:1,wd:true,fm:true,w:15,an:15,e:[5,6,1,1,40,40,false,true],c:"PJ=47",p:1000};
I.u[1563] = {n:"Intagliatrice di Archi Magici",t:5,d:"Questa daga è impregnata di un\'essenza magica, indispensabile per intagliare opere piene di magia.",ep:1,g:17,l:1,wd:true,fm:true,w:15,an:13,e:[5,6,1,1,40,40,false,true],c:"PJ=48",p:1000};
I.u[1564] = {n:"Intagliatrice di Bacchette Magiche",t:5,d:"Questa daga è impregnata di un\'essenza magica, indispensabile per intagliare opere piene di magia.",ep:1,g:17,l:1,wd:true,fm:true,w:15,an:13,e:[5,6,1,1,40,40,false,true],c:"PJ=49",p:1000};
I.u[1565] = {n:"Intagliatrice di Bastoni Magici",t:5,d:"Questa daga è impregnata di un\'essenza magica, indispensabile per intagliare opere piene di magia.",ep:1,g:17,l:1,wd:true,fm:true,w:15,an:13,e:[5,6,1,1,40,40,false,true],c:"PJ=50",p:1000};
I.u[1566] = {n:"Diploma di Hel Munster",t:24,d:"Questo diploma attesta che Hel Munster è il tuo mentore. E che, da adesso, devi chiamarlo \"Maestro Hel Munster\".",ep:9,g:26,l:1,wd:true,fm:true,w:0,p:1};
I.u[1567] = {n:"La Foresta degli Alberagni",t:25,d:"Questo libro narra la leggenda della Foresta degli Alberagni.",ep:2,g:19,l:1,wd:true,fm:true,w:1,u:true,p:150};
I.u[1568] = {n:"Chiave del Dongione dei Pappatutto",t:84,d:"Questa chiave ti permette di entrare nel dongione dei Pappatutto. Attenzione: si autodistruggerà dopo l\'uso.",ep:1,g:226,l:9,wd:true,fm:true,w:2,p:100};
I.u[1569] = {n:"Chiave del Dongione dei Forgiatori",t:84,d:"Questa chiave ti permette di entrare nel Dongione dei Forgiatori. Attenzione: si autodistruggerà dopo l\'uso.",ep:1,g:227,l:20,wd:true,fm:true,w:2,p:100};
I.u[1570] = {n:"Chiave del Dongione degli Scheletri",t:84,d:"Questa chiave ti permette di entrare nel Dongione degli Scheletri. Attenzione: si autodistruggerà dopo l\'uso.",ep:1,g:228,l:30,wd:true,fm:true,w:2,p:100};
I.u[1572] = {n:"Creazione di oggetti magici per negati",t:25,d:"Questo libro raggruppa consigli utili per i creaturimaghi principianti. Assolutamente da leggere.",ep:9,g:19,l:1,wd:true,fm:true,w:1,u:true,p:100};
I.u[1573] = {n:"Runa di Trasporto",t:12,d:"(Nessuna magia sembra abitare questo oggetto...)",ep:1,g:14,l:1,wd:true,fm:true,w:1,p:1};
I.u[1574] = {n:"Tranciacani",t:6,d:"Questa spada apparteneva al rimpianto Kih Besans, detto il tagliatore di cani perché, in effetti, questa era la sua attività preferita. A volte ci si diverte proprio con niente.",ep:2,g:21,l:60,wd:true,fm:true,w:15,an:14,tw:true,e:[10,5,1,1,40,40,false,false],p:6000};
I.u[1575] = {n:"Gildalogemma",t:50,d:"Questa pietra rara, trovata nelle budella di un mostro, consente di creare una gilda.",ep:5,g:229,l:1,wd:true,fm:true,w:5,p:1000};
I.u[1587] = {n:"Pozione d\'oblio di mestiere: Taglialegna",t:44,d:"Questa pozione ti farà dimenticare il mestiere di Taglialegna",ep:1,g:2,l:1,wd:true,fm:true,w:1,c:"Pz=0",u:true,p:10};
I.u[1588] = {n:"Pozione d\'oblio di mestiere: Forgiatore di Spade",t:44,d:"Questa pozione ti farà dimenticare il mestiere di Forgiatore di Spade.",ep:1,g:2,l:1,wd:true,fm:true,w:1,c:"Pz=0",u:true,p:10};
I.u[1589] = {n:"Pozione d\'oblio di mestiere: Intagliatore di Archi",t:44,d:"Questa pozione ti farà dimenticare il mestiere di Intagliatore di Archi",ep:1,g:2,l:1,wd:true,fm:true,w:1,c:"Pz=0",u:true,p:10};
I.u[1590] = {n:"Pozione d\'oblio di mestiere: Forgiatore di Martelli",t:44,d:"Questa pozione ti farà dimenticare il mestiere di Forgiatore di Martelli",ep:1,g:2,l:1,wd:true,fm:true,w:1,c:"Pz=0",u:true,p:10};
I.u[1591] = {n:"Pozione d\'oblio di mestiere: Ciabattino",t:44,d:"Questa pozione ti farà dimenticare il mestiere di Ciabattino",ep:1,g:2,l:1,wd:true,fm:true,w:1,c:"Pz=0",u:true,p:10};
I.u[1592] = {n:"Pozione d\'oblio di mestiere: Orefice",t:44,d:"Questa pozione ti farà dimenticare il mestiere di Orefice",ep:1,g:2,l:1,wd:true,fm:true,w:1,c:"Pz=0",u:true,p:10};
I.u[1593] = {n:"Pozione d\'oblio di mestiere: Intagliatore di Bastoni",t:44,d:"Questa pozione ti farà dimenticare il mestiere di Intagliatore di Bastoni.",ep:1,g:2,l:1,wd:true,fm:true,w:1,c:"Pz=0",u:true,p:10};
I.u[1594] = {n:"Pozione d\'oblio di mestiere: Intagliatore di Bacchette",t:44,d:"Questa pozione ti farà dimenticare il mestiere di Intagliatore di Bacchette",ep:1,g:2,l:1,wd:true,fm:true,w:1,c:"Pz=0",u:true,p:10};
I.u[1595] = {n:"Pozione d\'oblio di mestiere: Forgiatore di Pale",t:44,d:"Questa pozione ti farà dimenticare il mestiere di Forgiatore di Pale.",ep:1,g:2,l:1,wd:true,fm:true,w:1,c:"Pz=0",u:true,p:10};
I.u[1596] = {n:"Pozione d\'oblio di mestiere: Minatore",t:44,d:"Questa pozione ti farà dimenticare il mestiere di Minatore",ep:1,g:2,l:1,wd:true,fm:true,w:1,c:"Pz=0",u:true,p:10};
I.u[1597] = {n:"Pozione d\'oblio di mestiere: Panettiere",t:44,d:"Questa pozione ti farà dimenticare il mestiere di Panettiere",ep:1,g:2,l:1,wd:true,fm:true,w:1,c:"Pz=0",u:true,p:10};
I.u[1598] = {n:"Pozione d\'oblio di mestiere: Alchimista",t:44,d:"Questa pozione ti farà dimenticare il mestiere di Alchimista",ep:1,g:2,l:1,wd:true,fm:true,w:1,c:"Pz=0",u:true,p:10};
I.u[1599] = {n:"Pozione d\'oblio di mestiere: Sarto",t:44,d:"Questa pozione ti farà dimenticare il mestiere di Sarto.",ep:2,g:2,l:1,wd:true,fm:true,w:1,c:"Pz=0",u:true,p:10};
I.u[1600] = {n:"Pozione d\'oblio di mestiere: Contadino",t:44,d:"Questa pozione ti farà dimenticare il mestiere di Contadino",ep:1,g:2,l:1,wd:true,fm:true,w:1,c:"Pz=0",u:true,p:10};
I.u[1601] = {n:"Pozione d\'oblio di mestiere: Forgiatore di Asce",t:44,d:"Questa pozione ti farà dimenticare il mestiere di Forgiatore di Asce.",ep:1,g:2,l:1,wd:true,fm:true,w:1,c:"Pz=0",u:true,p:10};
I.u[1602] = {n:"Alberanello Oscuro",t:9,d:"Questo anello permette all\'Alberagno Oscuro di essere veramente molto chic durante le serate di festa. E siccome nulla è lasciato al caso, queste serate sono sempre nella Foresta Oscura.",ep:9,g:17,l:48,wd:true,fm:true,w:1,p:6200};
I.u[1603] = {n:"Pozione d\'oblio di Padronanza: Daghe",t:45,d:"Questa pozione ti permetterà di dimenticare un po\' la padronanza della Daga.",ep:2,g:2,l:1,wd:true,fm:true,w:1,c:"Pz=0",u:true,p:1000};
I.u[1604] = {n:"Pozione d\'oblio di Padronanza: Spada",t:45,d:"Questa pozione ti permetterà di dimenticare un po\' la padronanza della Spada.",ep:2,g:2,l:1,wd:true,fm:true,w:1,c:"Pz=0",u:true,p:1000};
I.u[1605] = {n:"Pozione d\'oblio di Padronanza: Arco",t:45,d:"Questa pozione ti permetterà di dimenticare un po\' la padronanza dell\'Arco.",ep:2,g:2,l:1,wd:true,fm:true,w:1,c:"Pz=0",u:true,p:1000};
I.u[1606] = {n:"Pozione d\'oblio di Padronanza: Bacchetta",t:45,d:"Questa pozione ti permetterà di dimenticare un po\' la padronanza delle Bacchette.",ep:2,g:2,l:1,wd:true,fm:true,w:1,c:"Pz=0",u:true,p:1000};
I.u[1607] = {n:"Pozione d\'oblio di Padronanza: Martello",t:45,d:"Questa pozione ti permetterà di dimenticare un po\' la padronanza dei Martelli.",ep:2,g:2,l:1,wd:true,fm:true,w:1,c:"Pz=0",u:true,p:1000};
I.u[1608] = {n:"Pozione d\'oblio di Padronanza: Pala",t:45,d:"Questa pozione ti permetterà di dimenticare un po\' la padronanza della Pala.",ep:2,g:2,l:1,wd:true,fm:true,w:1,c:"Pz=0",u:true,p:1000};
I.u[1609] = {n:"Pozione d\'oblio di Padronanza: Bastone",t:45,d:"Questa pozione ti permetterà di dimenticare un po\' la padronanza dei Bastoni.",ep:2,g:2,l:1,wd:true,fm:true,w:1,c:"Pz=0",u:true,p:1000};
I.u[1610] = {n:"Corteccia di Alberagno Oscuro",t:96,d:"Questa corteccia proviene dal cadavere di un Alberagno Oscuro.",ep:9,g:231,l:78,wd:true,fm:true,w:1,p:50};
I.u[1611] = {n:"Gemma di Alberagno Oscuro",t:108,d:"Questa gemma proviene da un cadavere di Alberagno oscuro.",ep:9,g:230,l:78,wd:true,fm:true,w:1,p:50};
I.u[1612] = {n:"Radice di Alberagno Oscuro",t:98,d:"Questa radice proviene dal cadavere di un Alberagno Oscuro.",ep:9,g:232,l:78,wd:true,fm:true,w:1,p:50};
I.u[1613] = {n:"Scaglia di Capo Coccodrail",t:59,d:"Questo frammento di carapace servirà sicuramente a creare dei bei stivali.",ep:4,g:547,l:69,wd:true,fm:true,w:5,p:100};
I.u[1614] = {n:"Denti di Capo Coccodrail",t:47,d:"Questi denti duramente staccati dalla bocca di un Coccodrail, devono pur avere una buona utilità...",ep:4,g:548,l:69,wd:true,fm:true,w:1,p:100};
I.u[1619] = {n:"L\'Alberamu",t:1,d:"L\'Alberamu è un amuleto molto elegante. Se hai intenzione di indossarlo, ti consigliamo di andare in giro nudo per mettere bene in risalto questo prezioso gioiello. Vedrai, le donne non resisteranno!",ep:9,g:16,l:46,wd:true,fm:true,w:2,p:5700};
I.u[1620] = {n:"Alberarco",t:2,d:"Questo arco sembra essere ancora vivo e può quasi tirare le frecce da solo, che bravo! Potrebbe essere l\'arco ideale per le persone che hanno due mani sinistre, ma resta comunque il problema di incoccare la freccia nel verso giusto.",ep:9,g:24,l:39,wd:true,fm:true,w:10,an:10,tw:true,e:[5,4,2,5,50,30,false,true],p:4200};
I.u[1621] = {n:"Stivali di Padronanza",t:11,d:"Gli stivali di Padronanza aumentano l\'Agilità e l\'Intelligenza di chi li lancia a scapito della Forza e della Fortuna. Al contrario di quello che si potrebbe credere, non ti permettono di controllare il tuo avversario.",ep:4,g:14,l:22,wd:true,fm:true,w:5,p:1500};
I.u[1622] = {n:"Stivali di Potenza",t:11,d:"Gli stivali di Potenza aumentano la Forza e la Fortuna di chi li lancia a scapito dell\'Intelligenza e dell\'Agilità. Al contrario di ciò che si potrebbe pensare, non conferiscono una potenza enorme a chi li calza.",ep:4,g:14,l:22,wd:true,fm:true,w:5,p:1500};
I.u[1623] = {n:"Stivali di Anticipazione",t:11,d:"Gli stivali di Anticipazione aumentano la Forza e l\'Agilità di chi li lancia a scapito dell\'Intelligenza e della Fortuna. Al contrario di quello che si potrebbe pensare, non permettono di anticipare le azioni degli avversari.",ep:4,g:15,l:22,wd:true,fm:true,w:5,p:1500};
I.u[1624] = {n:"Stivali di Nexus",t:11,d:"Questi stivali sono appartenuti a Nexus, grande cavaliere ibernato per sempre.",ep:3,g:16,l:17,wd:true,fm:true,w:5,p:1000};
I.u[1625] = {n:"La Leggenda del Croccaroc",t:25,d:"Questo libro ripercorre il percorso dell\'ultimo essere umano che ha avuto dei contatti con un Croccaroc.",ep:2,g:19,l:1,wd:true,fm:true,w:1,u:true,p:150};
I.u[1626] = {n:"Enciclopedia Alchemica Annesso A: Mestieri",t:25,d:"Questa enciclopedia contiene tutte le ricette d\'alchimia per l\'oblio dei mestieri.",ep:1,g:2,l:1,wd:true,fm:true,w:1,u:true,p:150};
I.u[1628] = {n:"Artefatto Fuoco",t:9,d:"Questo Artefatto deve la sua storia ad un\'antica leggenda, ma oggi nessuno conosce i suoi poteri.",ep:1,g:18,l:1,wd:true,fm:true,w:0,p:1};
I.u[1629] = {n:"Artefatto Terra",t:9,d:"Questo Artefatto deve la sua storia ad un\'antica leggenda, ma oggi nessuno conosce i suoi poteri.",ep:1,g:19,l:1,wd:true,fm:true,w:10,p:1};
I.u[1630] = {n:"Artefatto Aria",t:9,d:"Questo Artefatto deve la sua storia ad un\'antica leggenda, ma oggi nessuno conosce i suoi poteri.",ep:1,g:20,l:1,wd:true,fm:true,w:1,p:1};
I.u[1631] = {n:"Artefatto Acqua",t:9,d:"Questo Artefatto deve la sua storia ad un\'antica leggenda, ma oggi nessuno conosce i suoi poteri.",ep:1,g:21,l:1,wd:true,fm:true,w:10,p:1};
I.u[1632] = {n:"Artefatto Luce",t:9,d:"Questo Artefatto deve la sua storia ad un\'antica leggenda, ma oggi nessuno conosce i suoi poteri.",ep:1,g:22,l:1,wd:true,fm:true,w:10,p:1};
I.u[1633] = {n:"Artefatto Vita",t:9,d:"Questo Artefatto deve la sua storia ad un\'antica leggenda, ma oggi nessuno conosce i suoi poteri.",ep:1,g:23,l:1,wd:true,fm:true,w:1,p:1};
I.u[1634] = {n:"Sfera da Metaria",t:66,d:"Questa sfera è un\'imitazione perfetta della membrana isolante di una metaria.",ep:9,g:240,l:1,wd:true,fm:true,w:1,p:100};
I.u[1635] = {n:"Pergamena Vento di panico",t:25,d:"(Doppio clic per imparare questa emote)\nQuesta pergamena ti permette di imparare a \"sparare dei gas\", ma attento a non abusarne... potrebbe essere pericoloso per la tua salute e quella dei tuoi amici.",ep:4,g:9,l:1,wd:true,fm:true,w:1,u:true,p:1};
I.u[1636] = {n:"Piccola Stella della Sera",t:6,d:"La creatrice di questa spada dall\'enorme fascino ha voluto ricreare tutta la sua bellezza con un pizzico del suo carattere pungente. Il risultato parla più di ogni parola.",ep:1,g:22,l:40,wd:true,fm:true,w:10,an:14,e:[5,4,1,1,40,40,false,false],c:"CA>35&CV>35&CS>11",p:4000};
I.u[1637] = {n:"Stella della sera",t:6,d:"La creatrice di questa spada dall\'enorme fascino ha voluto ricreare tutta la sua bellezza con un pizzico del suo carattere pungente. Il risultato parla più di ogni parola.",ep:1,g:22,l:44,wd:true,fm:true,w:10,an:14,e:[5,4,1,1,40,40,false,false],c:"CA>36&CV>36&CS>12",p:4000};
I.u[1638] = {n:"Brillante Stella della Sera",t:6,d:"La creatrice di questa spada dall\'enorme fascino ha voluto ricreare tutta la sua bellezza con un pizzico del suo carattere pungente. Il risultato parla più di ogni parola.",ep:1,g:22,l:48,wd:true,fm:true,w:10,an:14,e:[5,4,1,1,40,40,false,false],c:"CA>38&CV>38&CS>13",p:4000};
I.u[1639] = {n:"Immortale Stella della Sera",t:6,d:"La creatrice di questa spada dall\'enorme fascino ha voluto ricreare tutta la sua bellezza con un pizzico del suo carattere pungente. Il risultato parla più di ogni parola.",ep:1,g:22,l:52,wd:true,fm:true,w:10,an:14,e:[5,4,1,1,40,40,false,false],c:"CA>40&CV>40&CS>15",p:4000};
I.u[1640] = {n:"Il Piccolo Cutter",t:6,d:"Questa spada è quello che ci vuole per aggredire le persone. Rapida, maneggevole e soprattutto molto tagliente. Ne è stata vietata la vendita da molto tempo, ma resta tollerata come arma di difesa anti-bwork.",ep:14,g:23,l:46,wd:true,fm:true,w:12,an:14,e:[5,5,1,1,30,50,false,false],p:5000};
I.u[1641] = {n:"Il Cutter",t:6,d:"Questa spada è quello che ci vuole per aggredire le persone. Rapida, maneggevole e soprattutto molto tagliente. Ne è stata vietata la vendita da molto tempo, ma resta tollerata come arma di difesa anti-bwork.",ep:14,g:23,l:52,wd:true,fm:true,w:12,an:14,e:[10,5,1,1,30,50,false,false],p:5200};
I.u[1642] = {n:"Pozione d\'oblio di mestiere: Forgimago di Daghe",t:44,d:"Questa pozione ti farà dimenticare il mestiere di Forgimago di Daghe.",ep:2,g:2,l:1,wd:true,fm:true,w:1,c:"Pz=0",u:true,p:10};
I.u[1643] = {n:"Pozione d\'oblio di mestiere: Forgimago di Asce",t:44,d:"Questa pozione ti farà dimenticare il mestiere di Forgimago di Asce.",ep:2,g:2,l:1,wd:true,fm:true,w:1,c:"Pz=0",u:true,p:10};
I.u[1644] = {n:"Pozione d\'oblio di mestiere: Forgimago di Martelli",t:44,d:"Questa pozione ti farà dimenticare il mestiere di Forgimago di Martelli.",ep:2,g:2,l:1,wd:true,fm:true,w:1,c:"Pz=0",u:true,p:10};
I.u[1645] = {n:"Pozione d\'oblio di mestiere: Forgimago di Spade",t:44,d:"Questa pozione ti farà dimenticare il mestiere di Forgimago di Spade.",ep:2,g:2,l:1,wd:true,fm:true,w:1,c:"Pz=0",u:true,p:10};
I.u[1646] = {n:"Pozione d\'oblio di mestiere: Forgimago di Pale",t:44,d:"Questa pozione ti farà dimenticare il mestiere di Forgimago di Pale.",ep:2,g:2,l:1,wd:true,fm:true,w:1,c:"Pz=0",u:true,p:10};
I.u[1647] = {n:"Pozione d\'oblio di mestiere: Intaglimago di Archi",t:44,d:"Questa pozione ti farà dimenticare il mestiere di Intaglimago di Archi.",ep:1,g:2,l:1,wd:true,fm:true,w:1,c:"Pz=0",u:true,p:10};
I.u[1648] = {n:"Pozione d\'oblio di mestiere: Intaglimago di Bacchette",t:44,d:"Questa pozione ti farà dimenticare il mestiere di Intaglimago di Bacchette.",ep:1,g:2,l:1,wd:true,fm:true,w:1,c:"Pz=0",u:true,p:10};
I.u[1649] = {n:"Pozione d\'oblio di mestiere: Intaglimago di Bastoni",t:44,d:"Questa pozione ti farà dimenticare il mestiere di Intaglimago di Bastoni.",ep:1,g:2,l:1,wd:true,fm:true,w:1,c:"Pz=0",u:true,p:10};
I.u[1650] = {n:"Il Grande Cutter",t:6,d:"Questa spada è quello che ci vuole per aggredire le persone. Rapida, maneggevole e soprattutto molto tagliente. Ne è stata vietata la vendita da molto tempo, ma resta tollerata come arma di difesa anti-bwork.",ep:14,g:23,l:58,wd:true,fm:true,w:12,an:14,e:[10,5,1,1,30,50,false,false],p:5200};
I.u[1651] = {n:"Il Cutter Sanguinoso",t:6,d:"Questa spada è quello che ci vuole per aggredire le persone. Rapida, maneggevole e soprattutto molto tagliente. Ne è stata vietata la vendita da molto tempo, ma resta tollerata come arma di difesa anti-bwork.",ep:14,g:23,l:64,wd:true,fm:true,w:12,an:14,e:[10,5,1,1,30,50,false,false],p:5200};
I.u[1652] = {n:"Zampa di Arakne Maggiore",t:103,d:"Una zampa molto fine, ma molto pelosa. Era usata tempo fa per la fabbricazione delle scope e delle parrucche dallo stile un po\' esotico.",ep:1,g:246,l:39,wd:true,fm:true,w:1,p:1};
I.u[1653] = {n:"Fede di Don Juan",t:24,d:"Questo anello mostra che sei alla ricerca del segreto di Don Juan. Ora hai imparato il coraggio.",ep:2,g:27,l:1,wd:true,fm:true,w:0,p:1};
I.u[1654] = {n:"Fede di Don Juan",t:24,d:"Questo anello mostra che sei alla ricerca del segreto di Don Juan. Ora hai imparato il coraggio, la comunicazione e devi avere pazienza.",ep:2,g:27,l:1,wd:true,fm:true,w:0,p:1};
I.u[1655] = {n:"Fede di Don Juan",t:24,d:"Questo anello mostra che sei alla ricerca del segreto di Don Juan.",ep:2,g:27,l:1,wd:true,fm:true,w:0,p:1};
I.u[1656] = {n:"Fecalizzatore del Mago",t:9,d:"Questo anello protegge chi lo porta dai piccoli attacchi magici, nonché dai piccoli mostri che usano la magia per fare i furbi e rendersi interessanti.",ep:1,g:40,l:26,wd:true,fm:true,w:2,p:2000};
I.u[1657] = {n:"Fecalizzatore del Guerriero",t:9,d:"Questo anello protegge chi lo porta dai piccoli attacchi fisici, nonché dai piccoli mostri che approfittano della loro taglia per agire di sorpresa.",ep:1,g:41,l:26,wd:true,fm:true,w:2,p:2000};
I.u[1658] = {n:"null",t:22,d:"",ep:0,g:1,l:31,wd:true,fm:true,w:15,e:[10,5,1,1,50,45,false,false],c:"CA>40&CV>20",p:2670};
I.u[1659] = {n:"null",t:22,d:"",ep:0,g:1,l:56,wd:false,fm:true,w:15,an:12,e:[10,5,1,1,45,50,false,false],c:"CC>80&CA>40&CI>20",p:8345};
I.u[1660] = {n:"Ambra di Alberagno Oscuro",t:50,d:"Questa magnifica ambra contiene una miserabile bestiola intrappolata nella linfa del proprio padrone. È una sorta di sarcofago che permette all\'Alberagno Oscuro di conservare i ricordi delle proprie invocazioni anche dopo la loro morte.",ep:9,g:638,l:78,wd:true,fm:true,w:2,p:6000};
I.u[1661] = {n:"Ambramuleto Moskito",t:1,d:"Portare al collo un Moskito intrappolato nell\'ambra mostra ai tuoi avversari che sei un temibile Cacciatore di... Moskito. Sarebbe ridicolo persino per un neonato!",ep:1,g:17,l:40,wd:true,fm:true,w:5,p:4400};
I.u[1662] = {n:"Ambramuleto Arakne",t:1,d:"Portare al collo un Arakne intrappolata nell\'ambra, durante un combattimento con una delle sue sorelle può rivelarsi un bel vantaggio.... Povera bestia... che ironia della sorte!",ep:1,g:18,l:34,wd:true,fm:true,w:5,p:3225};
I.u[1663] = {n:"Scaglia di Coccodrail",t:59,d:"Questa scaglia di Coccodrail è un piccolo trofeo per ogni Cacciatore principiante di Coccodrail che si rispetti. Non esitare a mostrarla agli ubriaconi della taverna, li impressionerai tanto che ti pagheranno da bere.",ep:4,g:233,l:36,wd:true,fm:true,w:5,p:50};
I.u[1664] = {n:"Dente di Coccodrail",t:47,d:"Quando un Coccodrail ha il dente marcio contro di te, l\'unica soluzione è quella di strapparglielo con determinazione, proprio come un dentista.",ep:4,g:234,l:36,wd:true,fm:true,w:1,p:50};
I.u[1665] = {n:"Stivali di Apprendimento",t:11,d:"Questi stivali molto strani erano fatti indossare ai giovani discepoli intellettualmente un po\' limitati, al fine di portarli al livello degli altri. Sono particolarmente adatti agli Yop.",ep:4,g:68,l:50,wd:true,fm:true,w:10,p:6675};
I.u[1666] = {n:"Stivali dell\'Apprendista Invocatore",t:11,d:"Questi stivali sono specialmente concepiti per coloro che amano lasciare alle loro invocazioni tutto il piacere dei combattimenti.",ep:12,g:14,l:51,wd:true,fm:true,w:10,p:7000};
I.u[1667] = {n:"Cintura Luthuthu",t:10,d:"Questa cintura ha il ridicolo nome del suo creatore: Luthutu era un Ciabattino meno conosciuto di Bowis ma ancora molto creativo alla sua veneranda età.",ep:8,g:13,l:50,wd:true,fm:true,w:10,p:6700};
I.u[1668] = {n:"Cintura del Dodu Tremante",t:10,d:"Il Dodu era un Sadida che si ostinava a fare tremare i suoi nemici. Ha ordinato questa cintura a Bowis, dicendogli di abbinarla al colore dei suoi peli. Il Dodu non è solo un essere tremante ma anche un grande seduttore.",ep:4,g:14,l:55,wd:true,fm:true,w:8,p:8000};
I.u[1669] = {n:"Cintura dei Venti",t:10,d:"Questa cintura è stata creata dalla più celebre delle Ocraine, che adorava occupare il tempo organizzando un sacco di feste ed eventi fuori dal comune. Il tutto per fare divertire un po\' il popolo tra una stirata e l\'altra delle Mutande di cuoio del Capitano Chafer.",ep:8,g:15,l:84,wd:true,fm:true,w:10,p:18300};
I.u[1670] = {n:"Piuma Appuntita del Kwak di Vento",t:53,d:"A volte un Kwak del vento ha una piuma appuntita diversa da tutte le altre. Si tratta quasi sempre di una piuma magica e che può essere usata per travestirsi da indiano.",ep:5,g:393,l:24,wd:true,fm:true,w:10,p:100};
I.u[1671] = {n:"Avena Magica",t:34,d:"Questo fuscello di Avena Magica è nata da un modesto Contadino stregato da un apprendista Bwork Mago che teneva il suo libro al contrario...",ep:1,g:550,l:20,wd:true,fm:true,w:10,p:0};
I.u[1672] = {n:"Peli di Darit",t:54,d:"Questi peli sono quello che resta di Darit, un giovane mago molto presuntuoso, che aveva dimenticato di verificare se il Prespic avesse lanciato un \"Contro\", prima di lanciare il suo incantesimo \"Folgore Svasante\".",ep:1,g:555,l:18,wd:true,fm:true,w:1,p:100};
I.u[1673] = {n:"Zampa di Arakne Magica",t:103,d:"Questa zampa di Arakne non è come tutte le altre, si muove da sola e sembra piena di vita, anche dopo essere stata strappata alla proprietaria. Una nuova vita sembra cominciare per questa zampa che sembra attirata dal cucito.",ep:1,g:392,l:2,wd:true,fm:true,w:10,p:100};
I.u[1674] = {n:"Champignon Luidegit",t:15,d:"Questo eroe è stato incantato dalla Quercia Molle, ma la magia un po\' imprecisa di quest\'ultima l\'ha trasformato in un fungo. I Fung, che sono un po\' stupidi, lo venerano e proteggono a costo della loro stessa vita.",ep:1,g:390,l:46,wd:true,fm:true,w:10,p:100};
I.u[1675] = {n:"Osso Sorpresa dello Chafer Fante",t:47,d:"Quest\'osso magico permette agli Chafer fanti di fare cose sorprendenti, come per esempio togliersi e mettersi le mutande sulla testa, senza le mani, in pieno combattimento e riuscendo anche a schivare i colpi. È sempre uno spettacolo vederglielo fare!",ep:3,g:15,l:35,wd:true,fm:true,w:1,p:100};
I.u[1676] = {n:"Vimini incantato",t:15,d:"Questo pezzo di Vimini incantato dovrebbe permetterti di costruire un magnifico cesto da frutta magico. Eleganza e potenza allo stesso tempo insomma, tutto il contrario di una cattiva Liche.",ep:2,g:123,l:69,wd:true,fm:true,w:10,p:100};
I.u[1677] = {n:"Pozione Dantgulesca",t:12,d:"Questa pozione magica è la sola capace di rendere magiche le Mutande di Cuoio del Capitano Chafer intrecciate tra di loro. E questo la dice lunga sulla potenza di tale pozione.",ep:2,g:139,l:50,wd:true,fm:true,w:10,p:1000};
I.u[1678] = {n:"Noce di Kokoko Traumatizzata",t:46,d:"Questa noce di Kokoko è stata traumatizzata durante la sua infanzia e ha passato questi ultimi anni a fomentare un odio incredibile, il che ne fa una noce di Kokoko molto potente.",ep:12,g:552,l:42,wd:true,fm:true,w:2,p:100};
I.u[1679] = {n:"Pietra di Crystalbul",t:50,d:"Con un po\' di pazienza e di lavoro, questa pietra preziosa può diventare rotonda e brillante come il pompon di un cappello magico. La sua forma gli permette inoltre di intrufolarsi praticamente ovunque.",ep:4,g:240,l:16,wd:true,fm:true,w:10,p:100};
I.u[1680] = {n:"Corno bruciato del Minotoror",t:47,d:"Questo Corno di Minotoror è stato bruciato da una magia molto potente che ne ha fatto un artefatto magico di prima scelta. Sfortunatamente, come molte altre cose, funziona solo in paio...",ep:2,g:245,l:125,wd:true,fm:true,w:10,p:100};
I.u[1681] = {n:"Pelle di Larva Verde Magica",t:59,d:"Non lasciarti ingannare dalla sua apparenza viscosa, se porti questo artefatto vicino alla testa potresti essere più fortunato di uno Chafer cornuto.",ep:1,g:391,l:7,wd:true,fm:true,w:10,p:100};
I.u[1682] = {n:"Corteccia di Leroy Merlin",t:96,d:"Questo pezzo di corteccia proviene da un albero della radura incantata di Leroy Merlin.\nSi è staccato quando Bruce Bulgur il Taglialegna ha rotto la sua Bulgurda tentando di abbattere un albero incantato.",ep:9,g:542,l:78,wd:true,fm:true,w:1,p:100};
I.u[1683] = {n:"Sacco di Patate Chiaro",t:15,d:"Questo sacco magico permette a un Sadida Ladrurbo di trasportare delle quantità incredibili di patate già pelate, per poi rivenderle ai prigionieri. Una volta morto, questo sacco è trasmesso da Ladrurbo a Ladrurbo come una specie di rituale.",ep:1,g:243,l:12,wd:true,fm:true,w:10,p:100};
I.u[1684] = {n:"Sacco di Patate Oscuro",t:15,d:"È più o meno la stessa cosa del Sacco di Patate Chiaro, a parte il fatto che questo è stato immerso nella linfa di Alberagno Oscuro, il che gli conferisce poteri supplementari.",ep:1,g:244,l:12,wd:true,fm:true,w:10,p:100};
I.u[1685] = {n:"Piuma dell\'ultimo Poolay",t:53,d:"Attenzione: hai tra le tue mani l\'ultima piuma strappata dal didietro dell\'ultimo Poolay di tutta Amakna. Questa piuma sarà un regalo bellissimo per i tuoi amici Sarti o per i fanatici del Poolay sempre più numerosi nel corso degli anni.",ep:3,g:247,l:32,wd:true,fm:true,w:1,p:100};
I.u[1686] = {n:"Tintura Magica di Rossore",t:70,d:"Questa piccola pozione magica dà un magnifico colore rosso ai peli sui quali si applica. \nIn più sembra che possieda qualche effetto magico.",ep:7,g:63,l:10,wd:true,fm:true,w:1,p:500};
I.u[1687] = {n:"Tintura Magica Verdastra",t:70,d:"Questa piccola pozione magica dà un magnifico colore verde ai peli sui quali si applica. \nIn più sembra che possieda qualche effetto magico.",ep:1,g:64,l:10,wd:true,fm:true,w:1,p:500};
I.u[1688] = {n:"Tintura Magica Celeste",t:70,d:"Questa piccola pozione magica dà un magnifico colore blu ai peli sui quali si applica. \nIn più sembra che possieda qualche effetto magico.",ep:5,g:65,l:10,wd:true,fm:true,w:1,p:500};
I.u[1689] = {n:"Tintura Magica Arancione",t:70,d:"Questa piccola pozione magica dà un magnifico colore arancione ai peli sui quali è applicata. In più, sembra che possieda qualche effetto magico.",ep:1,g:66,l:10,wd:true,fm:true,w:1,p:500};
I.u[1690] = {n:"Peli del Milibuulupo",t:54,d:"Questi peli assomigliano a quelli del Buulupo, solo un po\' più corti, meno solidi, ma più morbidi. Sfortunatamente, l\'odore resta quello.",ep:1,g:554,l:22,wd:true,fm:true,w:1,p:1};
I.u[1691] = {n:"Peli del Muulupo",t:54,d:"Sono rari gli avventurieri che hanno avuto la fortuna di toccare questi peli e di essere ancora in vita.\nMa non per questo sei diventato un eroe.",ep:2,g:553,l:198,wd:true,fm:true,w:10,p:200};
I.u[1692] = {n:"Tintura Magica Oscura",t:70,d:"Questa piccola pozione magica dà un magnifico colore nero ai peli sui quali si applica. \nIn più sembra che possieda qualche effetto magico.",ep:1,g:67,l:10,wd:true,fm:true,w:1,p:500};
I.u[1693] = {n:"Mantello di Jules Yanos",t:17,d:"Jules Yanos era un celebre Sarto, diventato ancora più celebre per avere barattato sua moglie con un ditale magico. Per fortuna esiste ancora qualcuno che ha il senso degli affari.",ep:8,g:8,l:54,wd:true,fm:true,w:1,p:7800};
I.u[1694] = {n:"Lana del Trooll Furioso",t:57,d:"Questo pezzo di lana proviene dal Trooll più pericoloso di Amakna. Proprio quello trasformato in copriletto da un Sarto senza scrupoli... lo stesso che ha scambiato la moglie per un ditale magico. Che mistero!",ep:4,g:27,l:115,wd:true,fm:true,w:10,p:1};
I.u[1695] = {n:"Mantello d\'Elya Wood",t:17,d:"Si racconta che il Capitano Chafer abbia tentato di rubare questo mantello per sostituire la sua famosa biancheria di cuoio. Ma non gli piaceva molto, perché per lui non era abbastanza perverso e perfido.",ep:8,g:9,l:80,wd:true,fm:true,w:10,s:39,p:16500};
I.u[1696] = {n:"Stoffa del Muulupo",t:55,d:"Tempo addietro i Sarti hanno trovato un metodo per determinare il valore di questa stoffa: più puzza più è potente. Questa stoffa puzza più di un pediluvio di Anutrof nel quale sono state lavate delle Mutande dello Chafer.",ep:2,g:14,l:198,wd:true,fm:true,w:20,p:300};
I.u[1697] = {n:"Piccolo Zaino di Lana di Pappaton",t:81,d:"Questo piccolo Zaino non ti farà diventare una celebrità, ma avrà almeno il merito di farti portare qualche oggetto personale.",ep:1,g:25,l:1,wd:true,fm:true,w:5,p:100};
I.u[1698] = {n:"Zaino del Piccolo Raccoglitore",t:81,d:"Questo zaino è stato appositamente studiato per contenere numerosi risorse raccoglibili.\nSolo i veri raccoglitori possono portarlo. (Livello 20 di raccoglitore necessario).",ep:1,g:26,l:5,wd:true,fm:true,w:5,c:"PJ>2,20|PJ>24,20|PJ>36,20|PJ>28,20|PJ>26,20|PJ>41,20",p:2000};
I.u[1699] = {n:"Zaino del Piccolo Avventuriero",t:81,d:"Questo Zaino è destinato a coloro che non si allontanano troppo da casa, e hanno bisogno di portare cose di nessun valore, come delle Tavole di Frassino per esempio.",ep:1,g:27,l:10,wd:true,fm:true,w:5,p:3000};
I.u[1700] = {n:"Cintura di Celerità",t:10,d:"Questa cintura aerodinamica fabbricata da Tengra Reufrus ha la capacità di renderti agile come l\'aria, e libero come un Tofu. O forse è il contrario...",ep:4,g:17,l:27,wd:true,fm:true,w:15,p:2000};
I.u[1701] = {n:"Cintura con Tasche",t:10,d:"Questa cintura possiede piccole tasche che ti permetteranno di mettere più oggetti nel tuo inventario.",ep:1,g:16,l:20,wd:true,fm:true,w:10,p:1300};
I.u[1702] = {n:"Zaino del Raccoglitore",t:81,d:"Questo zaino è stato appositamente studiato per contenere numerosi risorse raccoglibili.\nSolo i veri raccoglitori possono portarlo. (Livello 40 di raccoglitore necessario).",ep:8,g:28,l:15,wd:true,fm:true,w:10,c:"PJ>2,40|PJ>24,40|PJ>36,40|PJ>28,40|PJ>26,40|PJ>41,40",p:3000};
I.u[1703] = {n:"Zaino del Grande Raccoglitore",t:81,d:"Questo zaino è stato appositamente studiato per contenere numerosi risorse raccoglibili.\nSolo i veri raccoglitori possono portarlo. (Livello 60 di raccoglitore necessario).",ep:8,g:29,l:20,wd:true,fm:true,w:10,c:"PJ>2,60|PJ>24,60|PJ>36,60|PJ>28,60|PJ>26,60|PJ>41,60",p:2000};
I.u[1704] = {n:"Zaino dello Staca Novista",t:81,d:"Si racconta che un famoso Minatore fosse capace di lavorare senza sosta per mesi e allo stesso tempo in 4 Miniere differenti. Si tratta naturalmente di una leggenda inventata dalla Gilda della Falce-Martello per incitare i suoi Minatori a lavorare di più.",ep:8,g:30,l:20,wd:true,fm:true,w:10,c:"PJ>2,90|PJ>24,90|PJ>36,90|PJ>28,90|PJ>26,90|PJ>41,90",p:10000};
I.u[1705] = {n:"Zaino dell\'Avventuriero",t:81,d:"È lo zaino ideale per portare tutto il tuo pane e le pozioni quando parti per molti mesi, in un labirinto per esempio.",ep:8,g:31,l:40,wd:true,fm:true,w:4,p:4000};
I.u[1707] = {n:"Zaino del Grande Avventuriero",t:81,d:"È lo zaino ideale per conservare tutto il tuo pane e le tue pozioni quando parti per destinazioni esotiche, come l\'isola di Moon.",ep:13,g:32,l:60,wd:true,fm:true,w:5,p:6000};
I.u[1709] = {n:"Cocchino",t:47,d:"\"Chi è il cocchino di mammina?\". Queste sono state le ultime parole di una Anutrof che ha scambiato un Buulupo per il suo animale domestico.",ep:1,g:15,l:1,wd:true,fm:true,w:2,p:1};
I.u[1710] = {n:"Croissant di Luna",t:1,d:"Le origini di questo amuleto, che ha la forma di un quarto di luna, sono sconosciute da tutti... o quasi. Chissà chi conosce il segreto che questo gioiello porta in sé.",ep:1,g:19,l:1,wd:false,fm:true,w:10,p:1000};
I.u[1711] = {n:"Baubau",t:18,d:"Con questo piccolo cagnolino scoprirai la gioia delle passeggiate per la pipì. Ricordati che è un animale selvaggio quindi, se non vuoi perdere una mano, evita di dargli da mangiare.\n(QUESTO FAMIGLIO NON AMA NESSUNA RISORSA)",ep:1,g:6,l:1,wd:true,fm:true,w:10,c:"PZ=1",p:1};
I.u[1712] = {n:"Pozione Pahoa Raid",t:12,d:"Questa pozione consente di recuperare qualche punto energia.",ep:1,g:140,l:20,wd:true,fm:true,w:1,u:true,p:50};
I.u[1713] = {n:"Pozione Raid Bul",t:12,d:"Questa pozione consente di recuperare qualche punto energia.",ep:1,g:141,l:40,wd:true,fm:true,w:1,u:true,p:100};
I.u[1715] = {n:"Il dono di Nawal",t:25,d:"Best seller di fine anno 634, questo libro deve essere assolutamente letto. Un classico!",ep:2,g:19,l:1,wd:true,fm:true,w:1,u:true,p:50};
I.u[1716] = {n:"La famiglia DeCielo",t:25,d:"Seconda migliore vendita dell\'inverno 634, questo libro è un best-seller.",ep:2,g:19,l:1,wd:true,fm:true,w:1,u:true,p:50};
I.u[1717] = {n:"Primo Natale",t:25,d:"L\'outsider di inizio anno 635, questo libro merita veramente di essere letto.",ep:2,g:19,l:1,wd:true,fm:true,w:1,u:true,p:50};
I.u[1718] = {n:"Forza di Crocobarro",t:9,d:"Questo anello fu stregato dal soffio nero di Grugalorasalar, che gli conferì un potere immenso, oggi purtroppo quasi scomparso. Questa reliquia era destinata a Crocobarro, l\'unico che poteva indossarla senza subire il suo dominio.",ep:4,g:38,l:40,wd:true,fm:true,w:2,c:"CS>59",p:4000};
I.u[1719] = {n:"Spirito di Crocobarro",t:11,d:"Questi stivali appartenevano a Crocobarro. Le poche persone che riescono a calzarli si sentono all\'improvviso invase da pensieri machiavellici e ingegnosi. Secondo la leggenda questo maleficio è dovuto alle migliaia di crani che hanno schiacciato.",ep:4,g:12,l:42,wd:true,fm:true,w:10,c:"CI>49",p:5000};
I.u[1720] = {n:"Potenza di Crocobarro",t:10,d:"Grugalorasalar collezionava frammenti di osso appartenenti ai più forti nemici sconfitti. Il suo affetto per Crocobarro lo ha spinto a usarli per costruirgli una cintura strapotente.",ep:4,g:18,l:34,wd:true,fm:true,w:15,c:"CV>119",p:3000};
I.u[1721] = {n:"Pozione d\'oblio: \"Orologio\"",t:43,d:"Questa pozione fa dimenticare un livello dell\'incantesimo degli Xelor: \"Orologio\".",ep:2,g:37,l:1,wd:true,fm:true,w:1,c:"Pz=0",u:true,p:1000};
I.u[1722] = {n:"Trasformazione Alberagno",t:27,d:"La maledizione della Quercia Molle ti trasformerà in Alberagno.\nPer rompere il sortilegio devi battere un avventuriero perso nella foresta degli Alberagni.",ep:1,g:1,l:1,wd:true,fm:true,w:0,m:true,p:1};
I.u[1723] = {n:"Caramella Rossa strapotente",t:28,d:"Questa caramella ti potenzia temporaneamente.",ep:1,g:1,l:1,wd:true,fm:true,w:0,m:true,p:1};
I.u[1724] = {n:"Coraggio",t:29,d:"Questa benedizione aumenterà la tua Forza nei prossimi combattimenti.",ep:18,g:1,l:1,wd:true,fm:true,w:0,m:true,p:1};
I.u[1725] = {n:"Scoraggiato",t:30,d:"Questa maledizione diminuirà la tua Forza nel prossimo combattimento.",ep:1,g:1,l:1,wd:true,fm:true,w:0,m:true,p:1};
I.u[1726] = {n:"Ciuffo di capelli di Tarke",t:24,d:"Questo ciuffo di capelli prova la tua vittoria contro Tarke. Che impresa!",ep:1,g:30,l:1,wd:true,fm:true,w:0,p:1};
I.u[1727] = {n:"Lettera di Minaccia",t:24,d:"Una lettera di minaccia indirizzata a Donna Clude.",ep:2,g:26,l:1,wd:true,fm:true,w:0,p:1};
I.u[1728] = {n:"Maomao",t:18,d:"Questa piccola palla di pelo carina e maliziosa fa perdere la testa alle donne di tutte le classi. Il Maomao è un animale temibilissimo!",ep:1,g:1,l:1,wd:true,fm:true,w:10,c:"PZ=1",p:1};
I.u[1729] = {n:"Anello Mar",t:9,d:"Questo anello apparteneva a Mar, il più grande fannullone di tutta la contrada di Amakna. Professava il culto dei donuts e delle costine di rib.",ep:7,g:28,l:25,wd:true,fm:true,w:25,c:"CI<100&CC<100",p:1900};
I.u[1730] = {n:"Misura di Sale",t:48,d:"Questa misura di sale è la dose ideale per condire molti piatti saporiti. È indispensabile per un pasto coi fiocchi.",ep:1,g:261,l:1,wd:true,fm:true,w:1,p:1};
I.u[1731] = {n:"Dose di succo gustoso",t:15,d:"Questo succo ti fornirà i sapori principali per avere un piatto saporito.",ep:1,g:262,l:1,wd:true,fm:true,w:1,p:4};
I.u[1732] = {n:"Tazza",t:15,d:"Non c\'è niente di più pratico di una tazza per gustare una buona zuppa, anche se berla con le mani non cambia niente al gusto... A meno che le tue dita non siano molto sporche.",ep:16,g:263,l:1,wd:true,fm:true,w:1,p:6};
I.u[1733] = {n:"Pasticcio",t:15,d:"\"Il pasticcio, è buono qui, è buono qui... Viva il pasticcio, viva il pasticcio!\" (Estratto dell\'inno del Macellaio - strofa 4).",ep:16,g:264,l:1,wd:true,fm:true,w:1,p:6};
I.u[1734] = {n:"Ciliegia",t:46,d:"Questo frutto assomiglia di brutto a un grosso paio di palle rimbalzanti.",ep:1,g:265,l:1,wd:true,fm:true,w:1,p:1};
I.u[1735] = {n:"Certificato di Deposito al Cianil: Maomao",t:77,d:"Questo Certificato descrive le caratteristiche del Maomao che hai lasciato al Cianil.",ep:3,g:24,l:1,wd:false,fm:true,w:1,p:100};
I.u[1736] = {n:"Limone",t:46,d:"Il succo di Limone è l\'ideale per coprire gli odori della carne in putrefazione, e per servire resti di pesci avariati ai tuoi invitati.",ep:1,g:266,l:1,wd:true,fm:true,w:1,p:2};
I.u[1737] = {n:"Pane di Campagna",t:33,d:"In tasca o nello stomaco, questo pane si rivela molto pesante. Ma bisogna ammettere che il suo gusto ha quel non so che di rustico che ci si aspetta dal buon pane.",ep:1,g:68,l:40,wd:true,fm:true,w:3,u:true,ut:true,p:1};
I.u[1738] = {n:"Pane di Città",t:33,d:"Si può dire senza esitazione che questo pane dà voglia di farsi uno spuntino. Dà inoltre la sensazione di essere sazi in poco tempo.",ep:1,g:69,l:10,wd:true,fm:true,w:2,u:true,ut:true,p:1};
I.u[1739] = {n:"Bacchetta Focolento",t:3,d:"Questa bacchetta ha strane proprietà: brucia al tatto. Ma la cosa più enigmatica resta l\'odore di cenere, che fa pensare che il suo legno sia sopravvissuto a un incendio nella foresta.",ep:13,g:24,l:80,wd:true,fm:true,w:1,an:11,e:[5,4,2,3,40,50,false,true],c:"CI>60&CV>40",p:1};
I.u[1740] = {n:"Trasformazione Crocobarro",t:27,d:"La Crocobar racchiude l\'essenza di Crocobarro e può essere presa al suo proprietario solo togliendogli la vita.",ep:4,g:2,l:1,wd:true,fm:true,w:0,m:true,p:1};
I.u[1741] = {n:"Sangue di Fenice",t:14,d:"Questo sangue di Fenice permette di risuscitare un fantasma e di dargli qualche Punto Energia.",ep:18,g:3,l:10,wd:true,fm:true,w:1,c:"Pg=23",ut:true,p:1000};
I.u[1742] = {n:"Sangue di Fenice DOC",t:14,d:"Questo sangue di Fenice permette di risuscitare un fantasma e di dargli parecchi Punti Energia.",ep:18,g:3,l:50,wd:true,fm:true,w:1,c:"Pg=23",ut:true,p:2500};
I.u[1744] = {n:"Ciuffo di capelli di Torcha",t:24,d:"Questo ciuffo di capelli prova la tua vittoria contro Torcha. Che impresa!",ep:1,g:30,l:1,wd:true,fm:true,w:0,p:1};
I.u[1745] = {n:"Siringa del Veterinario",t:24,d:"Estremità appuntita, serbatoio, non c\'è dubbio, è una siringa... Sei avvisato.",ep:1,g:31,l:1,wd:true,fm:true,w:0,p:1};
I.u[1746] = {n:"Sangue di Wabbit GM",t:24,d:"Chi avrebbe mai immaginato di arrivare dai Wabbit con una siringa per prelevare il sangue della creatura più geneticamente modificata dell\'isola? Tu, evidentemente.",ep:8,g:32,l:1,wd:true,fm:true,w:0,p:1};
I.u[1747] = {n:"Analisi dello Sangue di Wabbit GM",t:24,d:"Le analisi sono rigide, il sangue identificato appartiene a un antenato di Wabbit GM. I test sono stati tanto approfonditi che l\'Alchimista potrebbe dirti anche quale chiappa è stata punta... la destra in questo caso.",ep:5,g:33,l:1,wd:true,fm:true,w:0,p:1};
I.u[1748] = {n:"Wabbit",t:18,d:"Questo piccolo Wabbit è domestico. Stai tranquillo, lui non ti morderà... però gli altri...",ep:8,g:7,l:1,wd:true,fm:true,w:10,c:"PZ=1",s:11,p:1};
I.u[1749] = {n:"Gettone della Fiera del Trool",t:15,d:"Hai comprato questo gettone da Leonzi Trool che sogna un giorno di aprire un parco divertimenti aperto a tutti (Pianura di Cania).",ep:13,g:737,l:1,wd:true,fm:true,w:1,p:1};
I.u[1750] = {n:"Pesce Impanato",t:41,d:"Questo pesce cubico è conosciuto per avere la mentalità particolarmente quadrata. Ha pure il cervello quadrato ed è quindi molto facile da pescare.",ep:2,g:269,l:1,wd:true,fm:true,w:3,p:10};
I.u[1751] = {n:"Pesce Impanato pulito",t:62,d:"Adesso questo Pesce Impanato può essere usato come ingrediente.",ep:2,g:270,l:1,wd:true,fm:true,w:2,p:1};
I.u[1752] = {n:"Pesce Impanato Fritto **",t:49,d:"Questo saporito rettangolo è composto dai migliori e più leggeri pezzi di vecchi pesci cubici. Piace molto ai bambini, ma il valore nutrizionale è un po\' basso.",ep:2,g:71,l:1,wd:true,fm:true,w:3,u:true,ut:true,p:60};
I.u[1753] = {n:"Pesce Impanato Fritto ***",t:49,d:"Questo saporito rettangolo è composto dai migliori e più leggeri pezzi di vecchi pesci cubici. Piace molto ai bambini, ma il valore nutrizionale è un po\' basso.",ep:2,g:72,l:1,wd:true,fm:true,w:1,u:true,ut:true,p:100};
I.u[1754] = {n:"Pesce Igloo",t:41,d:"Questa specie rara di pesci impanati vive abitualmente nelle acque ghiacciate del Grande Nord, ecco il perché del suo nome. Grazie all\'alimentazione polare, la sua carne è ricca di fibre.",ep:1,g:271,l:1,wd:true,fm:true,w:3,p:100};
I.u[1755] = {n:"Pesce Igloo pulito",t:62,d:"Adesso questo Pesce Igloo può essere usato come ingrediente.",ep:1,g:272,l:1,wd:true,fm:true,w:2,p:100};
I.u[1756] = {n:"Pesce Impanato Fritto ****",t:49,d:"Questo pesce Igloo fritto, oltre a essere molto saporito, possiede un enorme valore nutrizionale.",ep:1,g:73,l:1,wd:true,fm:true,w:1,c:"Ci<10",u:true,ut:true,p:10000};
I.u[1757] = {n:"Granchio Surimi",t:41,d:"Questo Granchio, dalla forma così particolare, è molto apprezzato per la grande quantità di carne che contiene. È inoltre l\'unico granchio che si può pescare con una canna da pesca perché ha l\'istinto di tagliare la lenza con le chele... che però non tagliano.",ep:2,g:273,l:1,wd:true,fm:true,w:3,p:1};
I.u[1758] = {n:"Granchio Surimi pulito",t:62,d:"Adesso questo Granchio Surimi può essere usato come ingrediente.",ep:2,g:274,l:1,wd:true,fm:true,w:2,p:1};
I.u[1759] = {n:"Granchio Surimi esotico",t:41,d:"Parente del Granchio Surimi, l\'esemplare esotico è molto più intelligente, e di conseguenza più raro. Certe volte accade, però, che dopo una serata un po\' troppo alcolica, si abbandoni al proprio istinto.",ep:1,g:275,l:1,wd:true,fm:true,w:3,p:20};
I.u[1760] = {n:"Granchio Surimi esotico pulito",t:62,d:"Adesso questo Granchio Surimi Esotico può essere usato come ingrediente.",ep:1,g:276,l:1,wd:true,fm:true,w:2,p:20};
I.u[1761] = {n:"Pesce-Micino pulito",t:62,d:"Adesso questo Pesce-Micino può essere usato come ingrediente.",ep:1,g:278,l:1,wd:true,fm:true,w:1,p:1};
I.u[1762] = {n:"Pesce-Tigre",t:41,d:"Questo pesce è come un Pesce-Micino, ma molto, molto più pericoloso.",ep:1,g:279,l:1,wd:true,fm:true,w:3,p:30};
I.u[1763] = {n:"Pesce-Tigre vuotato",t:62,d:"Adesso questo Pesce-Tigre può essere usato come ingrediente.",ep:1,g:280,l:1,wd:true,fm:true,w:2,p:30};
I.u[1764] = {n:"Bastone di Granchio **",t:49,d:"Da mangiare con le dita, dappertutto! Ma stai attento a non esagerare.",ep:2,g:74,l:1,wd:true,fm:true,w:3,u:true,ut:true,p:30};
I.u[1765] = {n:"Bastone di Granchio ***",t:49,d:"Da mangiare lentamente, molto lentamente, con una piccola salsa per risaltarne il gusto.",ep:2,g:75,l:1,wd:true,fm:true,w:1,u:true,ut:true,p:60};
I.u[1766] = {n:"Bastone di Granchio ****",t:49,d:"Prodotto con carne di granchio surimi esotico, questo bastone ha un gusto a dir poco orribile. Però è molto nutriente... fin troppo.",ep:1,g:76,l:1,wd:true,fm:true,w:1,c:"Ci<30",u:true,ut:true,p:30000};
I.u[1767] = {n:"Pesce-Micino affumicato **",t:49,d:"Appena affumicato, questo Pesce-Micino è un pasto meraviglioso. Ma attenzione: l\'odore di affumicato resterà sui tuoi vestiti per molte settimane.",ep:1,g:78,l:1,wd:true,fm:true,w:3,u:true,ut:true,p:60};
I.u[1768] = {n:"Pesce-Micino affumicato ***",t:49,d:"Appena affumicato, questo Pesce-Micino è un pasto meraviglioso. Ma attenzione: l\'odore di affumicato resterà sui tuoi vestiti per molte settimane.",ep:1,g:79,l:1,wd:true,fm:true,w:1,u:true,ut:true,p:90};
I.u[1769] = {n:"Pesce-Tigre affumicato ****",t:49,d:"Un po\' più sodo del Pesce-Micino affumicato, e soprattutto più raffinato. Questo Pesce-Tigre affumicato accontenterà gli amatori di grandi piatti.",ep:1,g:77,l:1,wd:true,fm:true,w:1,c:"Cw<40",u:true,ut:true,p:40000};
I.u[1770] = {n:"Pezzo di Blop Cocco",t:15,d:"Questo pezzo di blop sa proprio di noce di cocco. Come può il resto di un mostro conservare un odore così forte?",ep:5,g:281,l:34,wd:true,fm:true,w:1,p:1};
I.u[1771] = {n:"Topo Verde",t:15,d:"Un topolino verde che corre nella pianura... non cercare di prenderlo per la coda.",ep:13,g:282,l:1,wd:true,fm:true,w:2,p:1};
I.u[1772] = {n:"Fiore di Blop Cocco",t:35,d:"Dillo con dei fiori di cocco, o stai zitto!",ep:2,g:283,l:34,wd:true,fm:true,w:2,p:1};
I.u[1773] = {n:"Pezzo di Blop Reginetta",t:15,d:"Da consumare senza moderazione",ep:5,g:284,l:34,wd:true,fm:true,w:1,p:1};
I.u[1774] = {n:"Fiore di Blop Reginetta",t:35,d:"Dillo con dei fiori reginetta, o stai zitto!",ep:5,g:285,l:34,wd:true,fm:true,w:1,p:1};
I.u[1775] = {n:"Pezzo di Blop Griotta",t:15,d:"Da consumare senza moderazione",ep:5,g:286,l:34,wd:true,fm:true,w:1,p:1};
I.u[1776] = {n:"Fiore di Blop Griotta",t:35,d:"Dillo con dei fiori di griotta, o stai zitto!",ep:5,g:287,l:34,wd:true,fm:true,w:1,p:1};
I.u[1777] = {n:"Pezzo di Blop Indaco",t:15,d:"Da consumare senza moderazione",ep:5,g:288,l:34,wd:true,fm:true,w:1,p:1};
I.u[1778] = {n:"Fiore di Blop Indaco",t:35,d:"Dillo con dei fiori indaco, o stai zitto!",ep:5,g:289,l:34,wd:true,fm:true,w:1,p:1};
I.u[1779] = {n:"Branzino Rikano",t:41,d:"Questo pesce vive soprattutto nei laghi e nei corsi d\'acqua che scendono dai ghiacciai. La sua grandezza e la carne fresca lo rendono un animale molto apprezzato dai Pescatori.",ep:2,g:290,l:40,wd:true,fm:true,w:3,p:1};
I.u[1780] = {n:"Branzino Rikano Pulito",t:62,d:"Adesso questo Branzino può essere usato come ingrediente.",ep:2,g:291,l:40,wd:true,fm:true,w:2,p:1};
I.u[1781] = {n:"Gambretto Pulito",t:62,d:"Adesso questo Gambretto può essere usato come ingrediente.",ep:1,g:293,l:1,wd:true,fm:true,w:1,p:1};
I.u[1782] = {n:"Ghiozzo",t:41,d:"Pesce d\'acqua dolce piccolo e rapido, il ghiozzo è pescato soprattutto dai bambini e dai Pescatori principianti. Ma non nutrirà la tua famiglia.",ep:1,g:294,l:1,wd:true,fm:true,w:3,p:1};
I.u[1783] = {n:"Ghiozzo pulito",t:62,d:"Adesso questo Ghiozzo può essere usato come ingrediente.",ep:1,g:295,l:1,wd:true,fm:true,w:2,p:1};
I.u[1784] = {n:"Razza Blu",t:41,d:"La Razza Blu domina i fondali marini dove passa il tempo a scavare piccoli buchi. Nessuno sa ancora perché. Risale alla superficie ogni tanto, giusto il tempo necessario per catturarla nella tua rete!",ep:2,g:296,l:50,wd:true,fm:true,w:3,p:1};
I.u[1785] = {n:"Razza Blu pulita",t:62,d:"Adesso questa Razza Blu può essere usata come ingrediente.",ep:2,g:297,l:50,wd:true,fm:true,w:2,p:1};
I.u[1786] = {n:"Gambretto Orrore",t:41,d:"Mutazione del Gambretto, questa specie molto rara ha la peculiarità di emettere orribili suoni quando ondeggia con il corpo.",ep:1,g:298,l:1,wd:true,fm:true,w:3,p:100};
I.u[1787] = {n:"Gambretto Orrore Pulito",t:62,d:"Adesso questo Gambretto Orrore può essere usato come ingrediente.",ep:1,g:299,l:1,wd:true,fm:true,w:2,p:100};
I.u[1788] = {n:"Razza di Farle",t:41,d:"Questa specie di Razza è stata scoperta da Farle Ingals in persona durante una delle sue grandi avventure. Si dice che questa razza abbia la capacità di incantare tutti i pesci delle profondità con un grido grave senza eguali.",ep:1,g:300,l:50,wd:true,fm:true,w:3,p:20};
I.u[1789] = {n:"Razza di FarIe pulita",t:62,d:"Adesso questa Razza di Farle può essere usata come ingrediente.",ep:1,g:301,l:50,wd:true,fm:true,w:2,p:20};
I.u[1790] = {n:"Ghiozzo Kiye",t:41,d:"Questo raro ghiozzo proviene direttamente dall\'isola di Kiye, situata al largo dell\'isola di Moon. Anche se abituato a correnti molto calde, migra comunque una volta all\'anno.",ep:1,g:302,l:1,wd:true,fm:true,w:3,p:1};
I.u[1791] = {n:"Ghiozzo Kiye pulito",t:62,d:"Adesso questo Ghiozzo Kiye può essere usato come ingrediente.",ep:1,g:321,l:1,wd:true,fm:true,w:2,p:1};
I.u[1792] = {n:"Branzino Cantante",t:41,d:"Cugino del Branzino Rikano, il Branzino Cantante è in via d\'estinzione. Questo pesce è stato infatti decimato a causa di una stupida leggenda secondo la quale mangiarne dava una bella voce.",ep:1,g:303,l:70,wd:true,fm:true,w:3,p:30};
I.u[1793] = {n:"Branzino Cantante Pulito",t:62,d:"Adesso questo Branzino può essere usato come ingrediente.",ep:1,g:304,l:40,wd:true,fm:true,w:2,p:30};
I.u[1794] = {n:"Carpa d\'Iem",t:41,d:"Questo pesce è considerato come il più saggio di tutti i pesci di acqua dolce. Non abboccherà mai al tuo amo, a meno che non voglia suicidarsi.",ep:2,g:305,l:40,wd:true,fm:true,w:3,p:1};
I.u[1795] = {n:"Carpa d\'Iem pulita",t:62,d:"Adesso questa Carpa d\'Iem può essere usata come ingrediente.",ep:2,g:306,l:10,wd:true,fm:true,w:2,p:1};
I.u[1796] = {n:"Carpetta della sabbia",t:41,d:"Questa piccola carpa ha un colore simile alla sabbia.\nUn\'evoluzione naturale che teoricamente le permette di essere invisibile agli occhi dei predatori. Peccato che non ci sia sabbia in fondo ai laghi...",ep:1,g:307,l:40,wd:true,fm:true,w:3,p:1};
I.u[1797] = {n:"Carpetta della sabbia pulita",t:62,d:"Adesso questa Carpetta può essere usata come ingrediente.",ep:1,g:308,l:10,wd:true,fm:true,w:2,p:1};
I.u[1798] = {n:"Kralamore pulito",t:62,d:"Adesso questo Kralamore può essere usato come ingrediente.",ep:2,g:310,l:20,wd:true,fm:true,w:1,p:1};
I.u[1799] = {n:"Kralamore Unico",t:41,d:"Questo Kralamore sceglie solo una compagna per tutta la vita. Più unico che raro viste le abitudini dei Kralamori.",ep:1,g:311,l:20,wd:true,fm:true,w:3,p:30};
I.u[1800] = {n:"Kralamore Unico pulito",t:62,d:"Adesso questo Kralamore Unico può essere usato come ingrediente.",ep:1,g:312,l:20,wd:true,fm:true,w:2,p:30};
I.u[1801] = {n:"Perca",t:41,d:"Sotto l\'aspetto ebete si nasconde il più furbo e rapido dei pesci. Ma il gioco vale la candela: il suo gusto incomparabile e il suo sapore unico valgono sicuramente tutti i tuoi sforzi.",ep:3,g:313,l:70,wd:true,fm:true,w:3,p:1};
I.u[1802] = {n:"Perca pulita",t:62,d:"Adesso questa Perca può essere usata come ingrediente.",ep:3,g:314,l:70,wd:true,fm:true,w:2,p:1};
I.u[1803] = {n:"Micino-Perca",t:41,d:"Il fisico del padre, la ferocia della madre. Questo è il pesce più difficile da prendere al mondo, ma anche il più raro... L\'accoppiamento tra Pesce-Micino e Perca è, infatti, eccezionale.",ep:1,g:315,l:70,wd:true,fm:true,w:3,p:50};
I.u[1804] = {n:"Micino-Perca pulito",t:62,d:"Adesso questo Micino-Perca può essere usato come ingrediente.",ep:1,g:316,l:70,wd:true,fm:true,w:2,p:50};
I.u[1805] = {n:"Sardina Brillante",t:41,d:"Ecco un pesce che si può vedere da lontano. È quindi un bersaglio perfetto per i giovani Pescatori.",ep:2,g:317,l:20,wd:true,fm:true,w:3,p:1};
I.u[1806] = {n:"Sardina Brillante Pulita",t:62,d:"Adesso questa Sardina Brillante può essere usata come ingrediente.",ep:2,g:318,l:50,wd:true,fm:true,w:2,p:1};
I.u[1807] = {n:"Sardina Oscura",t:41,d:"Al contrario della Sardina Brillante, questa Sardina è praticamente invisibile nelle acque torbide, e quindi difficile da pescare.",ep:1,g:319,l:20,wd:true,fm:true,w:3,p:1};
I.u[1808] = {n:"Sardina Oscura Pulita",t:62,d:"Adesso questa Sardina Oscura può essere usata come ingrediente.",ep:1,g:320,l:50,wd:true,fm:true,w:2,p:1};
I.u[1809] = {n:"Branzino alla griglia **",t:49,d:"Servito con contorno d\'insalata, questo pesce, anche se non buonissimo, ha la qualità di riempire qualsiasi stomaco.",ep:2,g:98,l:1,wd:true,fm:true,w:3,u:true,ut:true,p:180};
I.u[1810] = {n:"Branzino alla griglia ***",t:49,d:"Servito con contorno d\'insalata, questo pesce, anche se non buonissimo, ha la qualità di riempire qualsiasi stomaco.",ep:2,g:80,l:1,wd:true,fm:true,w:1,u:true,ut:true,p:320};
I.u[1811] = {n:"Frittella di Gambretto **",t:49,d:"Chi resisterebbe ad una croccante frittella di gambretti? Non essere troppo goloso però, rischieresti di assomigliare a Otofu.",ep:1,g:81,l:1,wd:true,fm:true,w:3,u:true,ut:true,p:20};
I.u[1812] = {n:"Frittella di Gambretto ***",t:49,d:"Chi resisterebbe ad una croccante frittella di gambretti ben cotta? Non essere troppo goloso però, rischieresti di assomigliare a Otofu.",ep:1,g:82,l:1,wd:true,fm:true,w:1,u:true,ut:true,p:30};
I.u[1813] = {n:"Ghiozzo a fette **",t:49,d:"Fette di ghiozzo ben cotte con un po\' di cipolla. Una delizia, non fosse per l\'odore che emanano ancora per diverse ore dopo la digestione.",ep:1,g:83,l:1,wd:true,fm:true,w:3,u:true,ut:true,p:20};
I.u[1814] = {n:"Ghiozzo a fette ***",t:49,d:"Fette di ghiozzo ben cotte con un po\' di cipolla. Una delizia, non fosse per l\'odore che emanano ancora per diverse ore dopo la digestione.",ep:1,g:84,l:1,wd:true,fm:true,w:1,u:true,ut:true,p:30};
I.u[1815] = {n:"Ala di Razza **",t:49,d:"Ben cotta nel burro nero di bwork, quest\'ala di razza sprigiona tutto il suo sapore. Questo è un pesce che ti metterà le ali!",ep:2,g:85,l:1,wd:true,fm:true,w:3,u:true,ut:true,p:180};
I.u[1816] = {n:"Ala di Razza ***",t:49,d:"Cotta nel burro nero di bwork, quest\'ala di razza sprigiona tutto il suo sapore. Questo è un pesce che ti metterà le ali!",ep:2,g:86,l:1,wd:true,fm:true,w:1,u:true,ut:true,p:340};
I.u[1817] = {n:"Carpa al vapore ****",t:49,d:"Il sapore di questa carpa cotta al vapore ti farà impazzire.",ep:1,g:87,l:1,wd:true,fm:true,w:1,c:"Cw<60",u:true,ut:true,p:60000};
I.u[1818] = {n:"Carpa al vapore **",t:49,d:"Il sapore di questa carpa cotta al vapore ti farà dimenticare tutto lo stress e le tensioni della vita quotidiana e, per un momento, non penserai più al domani.",ep:2,g:88,l:1,wd:true,fm:true,w:3,u:true,ut:true,p:130};
I.u[1819] = {n:"Carpa al vapore ***",t:49,d:"Il sapore di questa carpa cotta al vapore ti farà dimenticare tutto lo stress e le tensioni della vita quotidiana e, per un momento, non penserai più al domani.",ep:2,g:89,l:1,wd:true,fm:true,w:1,u:true,ut:true,p:200};
I.u[1820] = {n:"Kralamore alla griglia **",t:49,d:"Il Kralamore alla griglia sprigiona un odore molto forte, ma a parte questo è buonissimo. Consiglio pratico: infilza il Kralamore con uno stecchino per mangiarlo più facilmente.",ep:2,g:90,l:1,wd:true,fm:true,w:3,u:true,ut:true,p:130};
I.u[1821] = {n:"Kralamore alla griglia ***",t:49,d:"Il Kralamore alla griglia sprigiona un odore molto forte, ma a parte questo è buonissimo. Consiglio pratico: infilza il Kralamore con uno stecchino per mangiarlo più facilmente.",ep:2,g:91,l:1,wd:true,fm:true,w:1,u:true,ut:true,p:200};
I.u[1822] = {n:"Perca Saltata",t:49,d:"Dopo una serie di salti sott\'acqua e un ultimo salto sbagliato sulla terra, questo pesce è pronto per essere mangiato.",ep:3,g:93,l:1,wd:true,fm:true,w:3,u:true,ut:true,p:300};
I.u[1823] = {n:"Perca Saltata ***",t:49,d:"Dopo una serie di salti sott\'acqua e un ultimo salto sbagliato sulla terra, questo pesce è pronto per essere mangiato.",ep:3,g:94,l:1,wd:true,fm:true,w:1,u:true,ut:true,p:400};
I.u[1824] = {n:"Perca Saltata ****",t:49,d:"Dopo una serie di salti sott\'acqua, due splendidi salti sulla terra e questo pesce è pronto per essere mangiato.",ep:1,g:92,l:1,wd:true,fm:true,w:1,c:"Cw<100",u:true,ut:true,p:100000};
I.u[1825] = {n:"Sardina all\'olio **",t:49,d:"Questa sardina deve essere cotta e poi immersa nell\'olio. Non nutre tantissimo ma è uno stuzzichino eccellente.",ep:2,g:96,l:1,wd:true,fm:true,w:3,u:true,ut:true,p:80};
I.u[1826] = {n:"Sardina all\'olio ***",t:49,d:"Questa sardina deve essere cotta e poi immersa nell\'olio. Non nutre tantissimo ma è uno stuzzichino eccellente.",ep:2,g:97,l:1,wd:true,fm:true,w:1,u:true,ut:true,p:140};
I.u[1827] = {n:"Sardina all\'olio ****",t:49,d:"Questa sardina deve essere cotta e poi immersa nell\'olio. Non nutre tantissimo ma è uno stuzzichino eccellente.",ep:1,g:95,l:1,wd:true,fm:true,w:1,c:"Ci<40",u:true,ut:true,p:40000};
I.u[1828] = {n:"Branzino alla griglia ****",t:49,d:"Servito con contorno d\'insalata, questo pesce, anche se non buonissimo, ha la qualità di riempire qualsiasi stomaco.",ep:2,g:99,l:1,wd:true,fm:true,w:1,c:"Cw<70",u:true,ut:true,p:50000};
I.u[1829] = {n:"Frittella di Gambretto ****",t:49,d:"Chi resisterebbe ad una croccante frittella di gambretti ben cotta? In più questa frittella è fatta con carne di gambretto orrore ed è poco calorica, perché privarsene?",ep:1,g:100,l:1,wd:true,fm:true,w:1,c:"Ci<10",u:true,ut:true,p:10000};
I.u[1830] = {n:"Ghiozzo a fette ****",t:49,d:"Fette di ghiozzo Kiye ben cotte con un po\' di cipolla, una delizia! E non ti preoccupare per i cattivi odori, la carne del ghiozzo Kiye conferisce un odore di fiori alle esalazioni emanate dopo la sua digestione.",ep:1,g:101,l:1,wd:true,fm:true,w:1,c:"Cw<10",u:true,ut:true,p:10000};
I.u[1831] = {n:"Ala di Razza ****",t:49,d:"Cotta con sapienza nel burro nero di bwork, quest\'ala di razza di Farle sprigiona tutto il suo sapore. Questo è un pesce che ti metterà le ali!",ep:1,g:102,l:1,wd:true,fm:true,w:1,c:"Ci<70",u:true,ut:true,p:70000};
I.u[1832] = {n:"Trota flambé **",t:49,d:"La Ricetta esotica ancestrale dei Volpi permette a questo pesce di riaccendere la fiamma dentro di te. Ma bisogna saperla gestire, e purtroppo non è ancora il caso...",ep:1,g:108,l:1,wd:true,fm:true,w:3,u:true,ut:true,p:30};
I.u[1833] = {n:"Trota flambé ***",t:49,d:"La Ricetta esotica ancestrale dei Volpi permette a questo pesce di riaccendere la fiamma dentro di te. Ma bisogna saperla gestire, e ci siamo quasi...",ep:1,g:107,l:1,wd:true,fm:true,w:1,u:true,ut:true,p:60};
I.u[1834] = {n:"Trota flambé ****",t:49,d:"La Ricetta esotica ancestrale dei Volpi permette a questo pesce di riaccendere la fiamma dentro di te. Ma bisogna saperla gestire, e sembri esserci riuscito...",ep:1,g:109,l:1,wd:true,fm:true,w:1,c:"Cw<20",u:true,ut:true,p:20000};
I.u[1835] = {n:"Luccio farcito **",t:49,d:"Ah, il luccio farcito! Tutti lo mangiano ma nessuno sa cosa c\'è dentro. Se lo sapessero...",ep:2,g:132,l:1,wd:true,fm:true,w:3,u:true,ut:true,p:80};
I.u[1836] = {n:"Luccio farcito ***",t:49,d:"Ah, il luccio farcito! Tutti lo mangiano ma nessuno sa cosa c\'è dentro. Saperlo non cambierebbe nulla...",ep:2,g:133,l:1,wd:true,fm:true,w:1,u:true,ut:true,p:140};
I.u[1837] = {n:"Luccio farcito ****",t:49,d:"Ah, il luccio farcito! Tutti lo mangiano ma nessuno sa cosa c\'è dentro. Non cercare di scoprirlo dimostra la propria saggezza...",ep:1,g:134,l:1,wd:true,fm:true,w:1,c:"Cw<40",u:true,ut:true,p:40000};
I.u[1838] = {n:"Squalo speziato **",t:49,d:"Questo squalo non sarebbe stato così gentile con te da cospargerti di spezie prima di mangiarti.",ep:2,g:103,l:1,wd:true,fm:true,w:3,u:true,ut:true,p:300};
I.u[1839] = {n:"Squalo speziato ***",t:49,d:"Questo squalo non sarebbe stato così gentile con te da cospargerti di spezie prima di mangiarti.",ep:2,g:104,l:1,wd:true,fm:true,w:1,u:true,ut:true,p:400};
I.u[1840] = {n:"Squalo speziato ****",t:49,d:"Questo squalo non sarebbe stato così gentile con te da cospargerti di spezie prima di mangiarti.",ep:1,g:105,l:1,wd:true,fm:true,w:1,c:"Ci<100",u:true,ut:true,p:100000};
I.u[1841] = {n:"null",t:49,d:"",ep:0,g:0,l:1,wd:false,fm:true,w:3,p:1};
I.u[1842] = {n:"null",t:49,d:"",ep:0,g:0,l:1,wd:false,fm:true,w:1,p:1};
I.u[1843] = {n:"null",t:49,d:"",ep:0,g:0,l:1,wd:false,fm:true,w:1,p:1};
I.u[1844] = {n:"Trota",t:41,d:"La trota è un pesce abbastanza facile da pescare e i Pescatori veterani ne pescano addirittura tre alla volta. Spesso decidono al momento stesso se mangiarle crude o cotte. Forse questo è il motivo della loro ottima pronuncia.",ep:1,g:394,l:1,wd:true,fm:true,w:3,p:0};
I.u[1845] = {n:"Trota Pulita",t:62,d:"Adesso questa Trota può essere usata come ingrediente.",ep:1,g:396,l:1,wd:true,fm:true,w:2,p:1};
I.u[1846] = {n:"Trota Ancestrale",t:41,d:"Una delle più vecchie trote al mondo. Se è vero che il tempo rende più saggi, allora questa trota dovrebbe essere la più saggia di tutte... Ma il dubbio persiste.",ep:1,g:398,l:1,wd:true,fm:true,w:3,p:1};
I.u[1847] = {n:"Luccio",t:41,d:"Questo pesce d\'acqua dolce e di taglia media è l\'amico del barbecue del Pescatore.",ep:2,g:400,l:10,wd:true,fm:true,w:3,p:1};
I.u[1848] = {n:"Luccio pulito",t:62,d:"Adesso questo Luccio può essere usato come ingrediente.",ep:2,g:401,l:10,wd:true,fm:true,w:2,p:1};
I.u[1849] = {n:"Luccio Tupe-Halett",t:41,d:"Deriva da un incrocio di numerosi lucci fatto dagli scienziati Halett e Tupe. Si dice che questa specie abbia qualità magiche. Due dei lucci destinati alla sperimentazione sono riusciti a scappare durante un violento litigio scoppiato tra i due scienziati.",ep:1,g:402,l:10,wd:true,fm:true,w:3,p:1};
I.u[1851] = {n:"Luccio Tupe-Halett pulito",t:62,d:"Adesso questo Luccio Tupe-Halett può essere usato come ingrediente.",ep:1,g:403,l:10,wd:true,fm:true,w:2,p:1};
I.u[1852] = {n:"Squalo Falce-Martello Pulito",t:62,d:"Adesso questo Squalo falce-martello può essere usato come ingrediente.",ep:2,g:323,l:80,wd:true,fm:true,w:2,p:1};
I.u[1853] = {n:"Squalo Mercato-Libero",t:41,d:"È parente dello squalo falce-martello, ma più feroce e molto meno organizzato. Prenderlo è il sogno di tutti i Pescatori, o meglio... prenderlo restando vivi.",ep:1,g:324,l:80,wd:true,fm:true,w:4,p:1};
I.u[1854] = {n:"Squalo Mercato-Libero Pulito",t:62,d:"Adesso questo Squalo mercato-libero può essere usato come ingrediente.",ep:1,g:325,l:80,wd:true,fm:true,w:3,p:1};
I.u[1855] = {n:"null",t:41,d:"",ep:1,g:0,l:1,wd:true,fm:true,w:2,p:1};
I.u[1856] = {n:"null",t:62,d:"",ep:1,g:0,l:1,wd:true,fm:true,w:2,p:1};
I.u[1859] = {n:"Kralamore alla griglia ****",t:49,d:"Questo Kralamore alla griglia emana un buon odore, beato chi lo mangerà!",ep:1,g:91,l:1,wd:true,fm:true,w:1,c:"Ci<50",u:true,ut:true,p:50000};
I.u[1860] = {n:"Canna Arpione",t:20,d:"Questa canna da pesca ultraresistente possiede un amo a forma di arpione, specialmente studiato per la pesca allo squalo.",ep:1,g:8,l:1,wd:true,fm:true,w:5,an:18,e:[1,6,1,8,100,100,false,false],c:"PJ>36,99",p:20000};
I.u[1861] = {n:"La Grande Per(ti)ca",t:20,d:"Questa canna da pesca è stata appositamente studiata per prendere le perche scivolose.",ep:2,g:8,l:1,wd:true,fm:true,w:5,an:18,e:[1,6,1,8,100,100,false,false],c:"PJ>36,99",p:20000};
I.u[1862] = {n:"Il Bastone di Amore",t:20,d:"Il Legno di questa Canna libera una Resina profumata che impregna la lenza e l\'amo. Questo soave profumo deve assomigliare a quello di una Kralamoretta perché attira tutti i Kralamori dei dintorni.",ep:2,g:8,l:1,wd:true,fm:true,w:5,an:18,e:[1,6,1,6,100,100,false,false],c:"PJ>36,59",p:10000};
I.u[1863] = {n:"Canna di Chô",t:20,d:"Chô era il cuoco più famoso della tavola rotonda. La sua bravura era quella di procurarsi alimenti freschi proprio davanti al cliente. Questa canna gli permetteva di pescare pesci indispensabili per il suo celebre piatto di Carpa Chô.",ep:2,g:8,l:1,wd:true,fm:true,w:5,an:18,e:[1,6,1,6,100,100,false,false],c:"PJ>36,59",p:10000};
I.u[1864] = {n:"Il Ferro da Calza",t:20,d:"La lenza di questa canna da pesca è esclusivamente composto di lana il cui gomitolo sostituisce l\'esca. Pochissimi pesci-micino riescono a resistergli.",ep:2,g:8,l:1,wd:true,fm:true,w:4,an:18,e:[1,6,1,4,100,100,false,false],c:"PJ>36,29",p:5000};
I.u[1865] = {n:"Canna Cubica",t:20,d:"Questa canna è specialmente concepita per adattarsi alla morfologia tanto particolare dei... pesci impanati.",ep:2,g:8,l:1,wd:true,fm:true,w:4,an:18,e:[1,6,1,4,100,100,false,false],c:"PJ>36,29",p:5000};
I.u[1866] = {n:"Canna da Pesca Standard",t:20,d:"Questa canna, di semplice manifattura, permetterà a un giovane Pescatore di pescare qualsiasi pesce... sempre che ne abbia la pazienza.",ep:2,g:8,l:1,wd:true,fm:true,w:3,an:18,e:[1,4,1,3,100,100,false,false],c:"PJ>36,9",p:1000};
I.u[1867] = {n:"Grande Canna da Pesca",t:20,d:"Questa canna da pesca è destinata ai Pescatori professionisti. Gli permetterà di lanciare l\'esca molto lontano, ma bisogna saperla usare correttamente per riuscire a pescare qualcosa.",ep:2,g:8,l:1,wd:true,fm:true,w:4,an:18,e:[1,4,1,5,100,100,false,false],c:"PJ>36,39",p:2000};
I.u[1868] = {n:"Canna da Pesca Telescopica",t:20,d:"Questa canna da pesca può raggiungere lunghezze incredibili. Ma solo i maestri Pescatori la sanno usare correttamente.",ep:2,g:8,l:1,wd:true,fm:true,w:4,an:18,e:[1,4,1,7,100,100,false,false],c:"PJ>36,69",p:4000};
I.u[1869] = {n:"Cavadenti",t:24,d:"Questo Cavadenti funziona soprattutto sui Pappatutto, ma puoi sempre utilizzarlo per toglierti una carie se ne hai il coraggio.",ep:2,g:34,l:1,wd:true,fm:true,w:0,p:1};
I.u[1870] = {n:"Dente di Pappatutto",t:24,d:"Questo dente di Pappatutto assomiglia incredibilmente a un dente umano.",ep:1,g:35,l:1,wd:true,fm:true,w:0,p:1};
