I.u[1871] = {n:"Collana",t:24,d:"Si tratta della collana persa dalla figlia del sindaco. Purtroppo ora, dopo essere stata nello stomaco di un Cuervoc, è ridotta malissimo.",ep:2,g:36,l:1,wd:true,fm:true,w:0,p:1};
I.u[1872] = {n:"Polvere di Cannone",t:24,d:"Un etichetta ricorda come utilizzare questa polvere di cannone. È facilissimo:\nPolvere + Fiamma = Esplosione",ep:2,g:37,l:1,wd:true,fm:true,w:0,p:1};
I.u[1873] = {n:"Blocco di pietra",t:24,d:"Un blocco di pietra di Croccaroc delle Pianure simile a quelli con cui sono stati costruiti i bastioni Bonta.",ep:2,g:38,l:1,wd:true,fm:true,w:0,p:1};
I.u[1874] = {n:"Tossina di Scorbuto",t:24,d:"Tossina di scorbuto da non dare in mano a chiunque.",ep:2,g:39,l:1,wd:true,fm:true,w:2,p:1};
I.u[1875] = {n:"Falce di Messer Cuervoc",t:24,d:"Perché falciare il grano, quando questa falce potrebbe falciare il granito?",ep:2,g:40,l:1,wd:true,fm:true,w:0,p:1};
I.u[1876] = {n:"Modulo di Ispezione",t:24,d:"Questo modulo d\'ispezione n° 243 permette di sapere se un uomo è Brakmariano o no...",ep:2,g:41,l:1,wd:true,fm:true,w:0,p:1};
I.u[1877] = {n:"Hud rotto",t:24,d:"Il vecchio proprietario di questo cappello è sicuramente stato malmenato. Capita spesso quando ci si ribella all\'autorità di Bonta...",ep:1,g:42,l:1,wd:true,fm:true,w:0,p:1};
I.u[1878] = {n:"Carta speciale",t:24,d:"Questa carta da gioco ha un aspetto particolare, è a dir poco perfetta. Sembra proprio che sia destinata a una collezione.",ep:2,g:43,l:1,wd:true,fm:true,w:0,p:1};
I.u[1879] = {n:"Cassa di armi bianche",t:24,d:"Una cassa di armi bianche, riempita con ogni sorta di oggetto contundente.",ep:2,g:44,l:1,wd:true,fm:true,w:500,p:1};
I.u[1880] = {n:"Scatola di Maognam",t:24,d:"Hmm... del maognam! Il tuo Kanigrù sarà contentissimo.",ep:2,g:45,l:1,wd:true,fm:true,w:0,p:1};
I.u[1881] = {n:"Fango",t:24,d:"Ecco fatto.",ep:2,g:46,l:1,wd:true,fm:true,w:2,p:1};
I.u[1882] = {n:"Fiore di Blop schiacciato",t:24,d:"Hai tirato su una bella poltiglia.",ep:2,g:47,l:1,wd:true,fm:true,w:0,p:1};
I.u[1883] = {n:"Collana riparata",t:24,d:"È la collana persa dalla figlia del sindaco... quasi nuova.",ep:2,g:48,l:1,wd:true,fm:true,w:0,p:1};
I.u[1889] = {n:"Piuma di Cuervoc",t:53,d:"Usata  tempo addietro per la scrittura, questa piuma è adesso usata quasi esclusivamente nell\'alta moda. Effettivamente, i Cuervoc sono sempre meno generosi e non offrono più le loro penne a chiunque. I tempi cambiano purtroppo... come le buone maniere.",ep:1,g:327,l:20,wd:true,fm:true,w:1,p:1};
I.u[1890] = {n:"Pelo di Kanigrù",t:54,d:"Il pelo di Kanigrù riflette la luce del sole in maniera abbastanza strana, come se ne assorbisse una parte prima di rinviarla.",ep:13,g:359,l:70,wd:true,fm:true,w:1,p:1};
I.u[1891] = {n:"Pelle di Serpentino",t:59,d:"Non hai mai sognato di avere uno zainetto in pelle di Serpentino? No? Hai ragione perché la sua resistenza lascia a desiderare.",ep:2,g:361,l:10,wd:true,fm:true,w:1,p:1};
I.u[1892] = {n:"Piuma di Messer Cuervoc",t:53,d:"Preso dal panico, Messer Cuervoc aprì le sue larghe ali lasciando cadere questa piuma. Veramente niente di speciale, eppure...",ep:13,g:362,l:160,wd:true,fm:true,w:1,p:1};
I.u[1893] = {n:"Coda di Scorbuto",t:65,d:"Un formidabile trofeo, peccato che trasudi un liquido nauseabondo.",ep:14,g:363,l:36,wd:true,fm:true,w:1,p:1};
I.u[1894] = {n:"Pelo di Cinghiale delle Pianure",t:54,d:"Questo pelo è veramente ripugnante. Guardandolo da vicino, potrai vedere un intero microcosmo abitarci dentro. Che fortuna che hai!",ep:13,g:364,l:44,wd:true,fm:true,w:1,p:1};
I.u[1895] = {n:"Birra del Fubuk",t:37,d:"Questa birra molto alcolica ti permetterà di recuperare i tuoi punti vita.",ep:16,g:4,l:1,wd:true,fm:true,w:1,u:true,ut:true,p:4};
I.u[1896] = {n:"Carne di Uccello",t:63,d:"Questa coscia di Tofu prova che i Cacciatori sanno andarci di precisione ogni tanto.",ep:1,g:348,l:1,wd:true,fm:true,w:2,p:1};
I.u[1897] = {n:"Carne di Uccello **",t:63,d:"Mini cosce di Kwak per il massimo del gusto.",ep:1,g:349,l:40,wd:true,fm:true,w:2,p:1};
I.u[1898] = {n:"Carne di Larva",t:63,d:"Questo ammasso giallo e nauseabondo rappresenta la vera natura della Larva. Ecco perché la loro pelle è così resistente...",ep:1,g:354,l:1,wd:true,fm:true,w:2,p:1};
I.u[1899] = {n:"Carne di Larva **",t:63,d:"Questo ammasso giallo e nauseabondo rappresenta la vera natura della Larva. Ecco perché la loro pelle è così resistente...",ep:1,g:354,l:9,wd:true,fm:true,w:2,p:1};
I.u[1900] = {n:"Carne di Larva ***",t:63,d:"Questo ammasso giallo e nauseabondo rappresenta la vera natura della Larva. Ecco perché la loro pelle è così resistente...",ep:1,g:354,l:10,wd:true,fm:true,w:2,p:1};
I.u[1901] = {n:"Coscia di Wabbit ****",t:63,d:"Questa coscia è semplicemente perfetta. Impossibile non divorarla con gli occhi... e con la bocca!",ep:2,g:368,l:80,wd:true,fm:true,w:2,p:1};
I.u[1902] = {n:"Coscia di Wabbit",t:63,d:"Questa coscia di Wabbit sembra essere speziata alla cawota. Ideale per il bollito.",ep:8,g:365,l:20,wd:true,fm:true,w:2,p:1};
I.u[1903] = {n:"Coscia di Wabbit **",t:63,d:"Una buona coscia bella soda che ha l\'aria veramente deliziosa.",ep:8,g:366,l:40,wd:true,fm:true,w:2,p:1};
I.u[1904] = {n:"Dragocapo Bianco",t:16,d:"Un guscio di Draguovo Bianco imbottito di cuoio e di lana, niente di meglio per proteggersi dagli attacchi classici e dai fulmini di un Bwork Mago ubriaco. In compenso, sembri appena uscito da un uovo con un cappello così.",ep:11,g:28,l:39,wd:true,fm:true,w:50,p:4200};
I.u[1905] = {n:"Coscia di Wabbit ***",t:63,d:"Questa coscia bella grossa dovrebbe riuscire a riempire la maggior parte degli stomaci.",ep:8,g:367,l:60,wd:true,fm:true,w:2,p:1};
I.u[1906] = {n:"null",t:16,d:"",ep:0,g:29,l:1,wd:false,fm:true,w:10,c:"Pg=11",p:10000};
I.u[1907] = {n:"Orecchie di Lapinup",t:16,d:"Queste orecchie esalteranno il tuo bellissimo sorriso, e ti aiuteranno a moltiplicare tutti i pettegolezzi e rumori che circolano su di te a tua insaputa.",ep:1,g:30,l:30,wd:true,fm:true,w:9,p:2600};
I.u[1908] = {n:"Elmo dello Chafer",t:16,d:"Persino Spartapin, il grande mietitore, non ebbe la fortuna di indossare un casco del genere, che deve la sua enorme resistenza alle pietre e ai metalli con i quali è costruito.",ep:13,g:31,l:50,wd:true,fm:true,w:18,p:6500};
I.u[1910] = {n:"Mantello Uginak",t:17,d:"Questo mantello proviene da un Uginak, porta ancora l\'odore del suo naso, caldo e umido, un po\' come le mammelle di una femmina Pappatutto in calore.",ep:14,g:33,l:50,wd:true,fm:true,w:10,p:6650};
I.u[1911] = {n:"Coscia di Pappaton",t:63,d:"L\'odore di questa piccola coscia scompare durante la cottura.",ep:1,g:334,l:10,wd:true,fm:true,w:2,p:1};
I.u[1912] = {n:"Coscia di Pappatutto **",t:63,d:"Questa coscia puzza di morte, anche se la ragione non sembra legarsi al decesso prematuro del suo proprietario.",ep:1,g:335,l:20,wd:true,fm:true,w:2,p:1};
I.u[1913] = {n:"Coscia di Pappatutto ***",t:63,d:"Questa coscia è di un capo di guerra Pappatutto. Dura come un croccaroc, potrebbe essere una potente clava, non fosse per l\'odore...",ep:1,g:336,l:40,wd:true,fm:true,w:2,p:1};
I.u[1914] = {n:"Coscia di Pappatutto ****",t:63,d:"Tenera, ma soda, né grassa né magra, questa coscia è come un buon vino che si arricchisce e affina con gli anni.",ep:1,g:337,l:50,wd:true,fm:true,w:2,p:1};
I.u[1915] = {n:"Carne di Insetto",t:63,d:"Il valore nutrizionale di questa carne viscida e asfissiante non è da sottovalutare.",ep:1,g:370,l:1,wd:true,fm:true,w:2,p:1};
I.u[1916] = {n:"Carne di Insetto **",t:63,d:"È una carne identica a quella dei moskito ma in quantità 10 volte superiore. Fortunatamente a qualcuno piace.",ep:3,g:370,l:50,wd:true,fm:true,w:4,p:1};
I.u[1917] = {n:"Lombata di Maiale",t:63,d:"Un pezzo di carne di prima scelta, ancora un po\' sanguinolento ma che promette grandi momenti.",ep:1,g:331,l:30,wd:true,fm:true,w:3,p:1};
I.u[1918] = {n:"Carré di Porco **",t:63,d:"Un po\' più grosso per un po\' più di piacere, questo trancio di Cinghiale delle Pianura renderà felice tutti i carnivori.",ep:13,g:331,l:50,wd:true,fm:true,w:3,p:1};
I.u[1919] = {n:"Lombata di Maiale ****",t:63,d:"Questo pezzo di Drago Maiale è così tenero e soffice che si potrebbe usare come cuscino reale. Ma è meglio mangiarlo.",ep:2,g:331,l:80,wd:true,fm:true,w:4,p:1};
I.u[1920] = {n:"Badge Bontariano",t:24,d:"Questo badge permette di identificare un miliziano quando muore sul campo di battaglia. Si dice che a Brakmar qualcuno ne faccia la collezione.",ep:2,g:49,l:1,wd:false,fm:true,w:0,p:1};
I.u[1921] = {n:"Lombata di Maiale ***",t:63,d:"Sicuramente il maiale a cui apparteneva questo pezzo di carne bella soda faceva molto esercizio fisico.",ep:1,g:331,l:60,wd:true,fm:true,w:3,p:1};
I.u[1922] = {n:"Dragocarne",t:63,d:"È una carne di rara qualità. Dopo la cottura inoltre conserva il calore per molte ore, il che ne fa un cibo particolarmente pratico per i viaggi.",ep:2,g:371,l:40,wd:true,fm:true,w:2,p:1};
I.u[1923] = {n:"Dragocarne **",t:63,d:"Questa dragocarne, oltre alle sue qualità termiche, ha un gusto naturale di affumicato.",ep:2,g:371,l:60,wd:true,fm:true,w:2,p:1};
I.u[1924] = {n:"Dragocarne ***",t:63,d:"La Dragocarne di draguovo è un po\' dura da masticare, ma è molto più nutriente della Dragocarne tradizionale. Certi pensano persino che abbia delle virtù magiche.",ep:11,g:371,l:70,wd:true,fm:true,w:2,p:1};
I.u[1925] = {n:"Permesso di 24 ore",t:24,d:"Questo permesso della milizia indica che hai una giornata di congedo.",ep:2,g:50,l:1,wd:true,fm:true,w:0,p:1};
I.u[1926] = {n:"Dragocarne ****",t:63,d:"Questa carne, che deriva dalle parti dragoniche del drago maiale (e nessuno ha voglia di dire dove sono), è una manna dal cielo... il che è abbastanza logico visto che il drago maiale vola.",ep:2,g:371,l:80,wd:true,fm:true,w:2,p:1};
I.u[1927] = {n:"Muso",t:63,d:"Questo muso di Milibuulupo, con le sue belle labbra sode, accompagnerà piacevolmente tutte le tue inscialate.",ep:1,g:372,l:30,wd:true,fm:true,w:1,p:1};
I.u[1928] = {n:"Zanna di Cinghiale Aggressivo",t:24,d:"C\'è sicuramente voluta una buona destrezza per estrarre questa zanna da un Cinghiale delle Pianure.",ep:2,g:51,l:1,wd:true,fm:true,w:0,p:1};
I.u[1929] = {n:"Muso **",t:63,d:"Questo muso dal gusto delicato ti renderà quieto. Da consumare senza moderazione.",ep:1,g:373,l:50,wd:true,fm:true,w:2,p:1};
I.u[1930] = {n:"Muso ***",t:63,d:"Questa carne è deliziosa, ma attenzione a non abusarne. Non per niente al Muulupo puzza l\'alito.",ep:2,g:374,l:70,wd:true,fm:true,w:2,p:1};
I.u[1931] = {n:"Katana scheggiata",t:24,d:"È l\'arma di Amayiro. È di una maneggiabilità stupefacente, ma sembra essere un po\' scheggiata.",ep:2,g:52,l:1,wd:true,fm:true,w:0,p:1};
I.u[1932] = {n:"Katana rinnovata",t:24,d:"Quest\'arma, prima scheggiata, è di nuovo pronta a tagliare qualsiasi cosa. Amayiro non sarà deluso.",ep:2,g:53,l:1,wd:true,fm:true,w:0,p:1};
I.u[1933] = {n:"Carne di Uccello ****",t:63,d:"Questo pezzetto di cuervoc è impregnato di una potente magia, probabilmente quella datagli da Messer Cuervoc in persona.",ep:13,g:350,l:30,wd:true,fm:true,w:2,p:1};
I.u[1934] = {n:"Coltello da Caccia",t:20,d:"Questo coltello è il tipico segno di riconoscimento dei Cacciatori. Secono loro la bellezza di un Cacciatore è legata alla taglia del coltello, alla sua lama e alla sua brillantezza.",ep:1,g:14,l:1,wd:true,fm:true,w:2,an:13,e:[10,3,1,1,25,30,false,false],c:"PJ>41,0",p:1};
I.u[1935] = {n:"Assegno di 100000 kama",t:24,d:"\"Chi paga i suoi debiti si arricchisce\", ma questo è proprio un debito grosso. È meglio evitare i debiti così, il tuo portafoglio ti ringrazierà.",ep:1,g:54,l:1,wd:true,fm:true,w:0,p:1};
I.u[1936] = {n:"Ascia da Caccia",t:20,d:"Questa ascia è particolarmente adatta per tagliare in modo rapido e preciso qualsiasi parte di un animale ancora vivo.",ep:1,g:15,l:1,wd:true,fm:true,w:5,an:17,e:[10,4,1,1,30,40,false,false],c:"PJ>41,9",p:1000};
I.u[1937] = {n:"Rapporto di Spionaggio",t:24,d:"Questo rapporto di Bishom Pot deve contenere una buona quantità di fatti e gesta degli abitanti di Brakmar.",ep:2,g:55,l:1,wd:true,fm:true,w:0,p:1};
I.u[1938] = {n:"Lama da Caccia",t:20,d:"Questa lama, dal nome contestato, è stata appositamente concepita per la caccia. È un po\' delicata da maneggiare, ma utilissima per i Cacciatori esperti.",ep:3,g:16,l:1,wd:true,fm:true,w:2,an:14,e:[5,4,1,1,40,40,false,false],c:"PJ>41,29",p:5000};
I.u[1939] = {n:"Lancia da Caccia",t:20,d:"Pratica contro i gruppi di mostri, questa lancia necessita di un certo talento per essere maneggiata.",ep:3,g:17,l:1,wd:true,fm:true,w:2,an:12,e:[7,5,1,1,30,50,false,false],c:"PJ>41,49",p:10000};
I.u[1940] = {n:"Martello da Caccia",t:20,d:"Questo martello non segue un concetto classico. È fatto in modo da stordire piuttosto che schiacciare. Molto pratico per cacciare, un po\' meno per sopravvivere.",ep:1,g:18,l:1,wd:true,fm:true,w:2,an:15,e:[5,6,1,1,50,50,false,false],c:"PJ>41,69",p:20000};
I.u[1941] = {n:"Pala Cacciatrice",t:20,d:"Questa pala è particolarmente indicata per uccidere i mostri senza rovinarli. Un accessorio solo per Cacciatori esperti.",ep:3,g:9,l:1,wd:true,fm:true,w:2,an:16,e:[7,4,1,1,30,50,false,false],c:"PJ>41,29",p:5000};
I.u[1942] = {n:"Arco da Caccia",t:20,d:"L\'arco da caccia è considerato l\'arma da caccia più sicura: massimi danni, nessun rischio, tracce minime.",ep:3,g:10,l:1,wd:true,fm:true,w:2,an:10,tw:true,e:[7,5,1,6,35,40,false,false],c:"PJ>41,29",p:5000};
I.u[1943] = {n:"Bacchetta da Caccia",t:20,d:"Questa bacchetta brucerà l\'animale colpito senza distruggerne la carne. Carne intatta e precotta... cosa si vuole di più!",ep:3,g:11,l:1,wd:true,fm:true,w:2,an:11,e:[5,3,2,4,30,50,false,false],c:"PJ>41,29",p:5000};
I.u[1944] = {n:"Sputa Palline",t:20,d:"Quest\'arma spara piccole sfere di rame. La sua efficacia è stupefacente ma il rumore che fa la confina al solo dominio della caccia.",ep:1,g:21,l:1,wd:false,fm:true,w:2,an:10,e:[5,3,1,10,40,40,false,false],c:"PJ>41,99",p:50000};
I.u[1945] = {n:"Coltello del Macellaio",t:20,d:"Questo enorme coltello permette di tagliare qualsiasi carne.",ep:1,g:12,l:1,wd:true,fm:true,w:2,an:14,e:[10,4,1,1,25,50,false,false],p:200};
I.u[1946] = {n:"Coltello del Pescivendolo",t:20,d:"Questo enorme coltello permette di tagliare qualsiasi pesce.",ep:1,g:13,l:1,wd:true,fm:true,w:2,an:14,e:[10,4,1,1,25,50,false,false],p:200};
I.u[1947] = {n:"Nuggets",t:69,d:"Questi piccoli nuggets di volatile fritto sono una vera e propria leccornia per le papille gustative, ma una grande disgrazia per la pancia.",ep:1,g:115,l:1,wd:true,fm:true,w:1,u:true,ut:true,p:30};
I.u[1948] = {n:"Nuggets **",t:69,d:"Questi piccoli nuggets di volatile fritto sono una vera e propria leccornia per le papille gustative, ma una grande disgrazia per la pancia.",ep:1,g:116,l:1,wd:true,fm:true,w:1,u:true,ut:true,p:140};
I.u[1949] = {n:"Larva sottosale",t:69,d:"Immergila un minuto nell\'acqua bollente per rassodare la carne viscosa della larva. Condisci con un po\' di sale ed ecco un contorno ideale per un picnic.",ep:1,g:112,l:1,wd:true,fm:true,w:1,u:true,ut:true,p:10};
I.u[1950] = {n:"Larva sottosale **",t:69,d:"Immergila un minuto nell\'acqua bollente per rassodare la carne viscosa della larva. Condisci con un po\' di sale ed ecco un contorno ideale per un picnic.",ep:1,g:113,l:1,wd:true,fm:true,w:1,u:true,ut:true,p:50};
I.u[1951] = {n:"Larva sottosale ***",t:69,d:"Immergila un minuto nell\'acqua bollente per rassodare la carne viscosa della larva. Condisci con un po\' di sale ed ecco un contorno ideale per un picnic.",ep:1,g:114,l:1,wd:true,fm:true,w:1,u:true,ut:true,p:70};
I.u[1952] = {n:"Palline d\'Insetto",t:69,d:"Ottime in aperitivo. Quelli che le hanno provate non ne possono più fare a meno.",ep:1,g:110,l:1,wd:true,fm:true,w:1,u:true,ut:true,p:40};
I.u[1953] = {n:"Palline d\'Insetto **",t:69,d:"Ottime in aperitivo. Quelli che le hanno provate non ne possono più fare a meno.",ep:3,g:110,l:1,wd:true,fm:true,w:1,u:true,ut:true,p:160};
I.u[1954] = {n:"Coscia di Pappatutto arrosto",t:69,d:"Arrostire un Pappatutto è l\'unica soluzione per fare scomparire il suo odore ripugnante. Adesso, infatti, questa bella coscia di Pappaton emana un profumo così delicato che ti farà venire l\'acquolina in bocca.",ep:1,g:123,l:1,wd:true,fm:true,w:1,u:true,ut:true,p:20};
I.u[1955] = {n:"Coscia di Pappatutto arrosto **",t:69,d:"Arrostire un Pappatutto è l\'unica soluzione per fare scomparire il suo odore ripugnante. Adesso, infatti, questa bella coscia di Pappatutto emana un profumo così delicato che ti farà venire l\'acquolina in bocca.",ep:1,g:122,l:1,wd:true,fm:true,w:1,u:true,ut:true,p:60};
I.u[1956] = {n:"Coscia di Pappatutto arrosto ***",t:69,d:"Arrostire un Pappatutto è l\'unica soluzione per fare scomparire il suo odore ripugnante. Adesso, infatti, questa bella coscia di capo di guerra Pappatutto emana un profumo così delicato che ti farà venire l\'acquolina in bocca.",ep:1,g:124,l:1,wd:true,fm:true,w:1,u:true,ut:true,p:200};
I.u[1957] = {n:"Coscia di Pappatutto arrosto ****",t:69,d:"Arrostire un Pappatutto è l\'unica soluzione per fare scomparire il suo odore ripugnante. Adesso, infatti, questa bella coscia di Pappatutto Reale emana un profumo così delicato che ti farà venire l\'acquolina in bocca.",ep:1,g:125,l:1,wd:true,fm:true,w:1,c:"Cs<20",u:true,ut:true,p:50000};
I.u[1958] = {n:"Bistecca di Dragocarne",t:69,d:"Si dice che una risata valga più di una buona bistecca, ma sicuramente non di una bistecca di dragocarne!",ep:2,g:118,l:1,wd:true,fm:true,w:1,u:true,ut:true,p:150};
I.u[1959] = {n:"Bistecca di Dragocarne **",t:69,d:"Si dice che una risata valga più di una buona bistecca, ma sicuramente non di una bistecca di dragocarne!",ep:2,g:119,l:1,wd:true,fm:true,w:1,u:true,ut:true,p:190};
I.u[1960] = {n:"Bistecca di Dragocarne ***",t:69,d:"Si dice che una risata valga una buona bistecca, ma sicuramente non una bistecca di dragocarne!",ep:11,g:120,l:1,wd:true,fm:true,w:1,u:true,ut:true,p:300};
I.u[1961] = {n:"Bistecca di Dragocarne ****",t:69,d:"Si dice che una risata valga più di una buona bistecca, ma sicuramente non di una bistecca di dragocarne!",ep:2,g:121,l:1,wd:true,fm:true,w:1,c:"Cs<100",u:true,ut:true,p:100000};
I.u[1962] = {n:"Wabbit Gwigliato",t:69,d:"Le persone che stanno per mangiare il Wabbit Gwigliato provano sempre un piccolo dispiacere per questo povero animale... Poi però si dicono sempre che lui non prova la stessa cosa, e lo mangiano con sollievo.",ep:8,g:131,l:1,wd:true,fm:true,w:1,u:true,ut:true,p:80};
I.u[1963] = {n:"Wabbit Gwigliato **",t:69,d:"Le persone che stanno per mangiare il Wabbit Gwigliato provano sempre un piccolo dispiacere per questo povero animale... Poi però si dicono sempre che lui non prova la stessa cosa, e lo mangiano con sollievo.",ep:8,g:131,l:1,wd:true,fm:true,w:2,u:true,ut:true,p:150};
I.u[1964] = {n:"Wabbit Gwigliato ***",t:69,d:"Le persone che stanno per mangiare il Wabbit Gwigliato provano sempre un piccolo dispiacere per questo povero animale... Poi però si dicono sempre che lui non prova la stessa cosa, e lo mangiano con sollievo.",ep:8,g:131,l:1,wd:true,fm:true,w:2,u:true,ut:true,p:220};
I.u[1965] = {n:"Wabbit Gwigliato ****",t:69,d:"Le persone che stanno per mangiare il Wabbit Gwigliato provano sempre un piccolo dispiacere per questo povero animale... Poi però si dicono sempre che lui non prova la stessa cosa, e lo mangiano con sollievo.",ep:2,g:131,l:1,wd:true,fm:true,w:1,c:"Cs<80",u:true,ut:true,p:80000};
I.u[1966] = {n:"Prosciutto cotto",t:69,d:"Considerato come la parte più saporita del maiale, il prosciutto cotto si mangia per sfizio e senza sosta.",ep:1,g:130,l:1,wd:true,fm:true,w:1,u:true,ut:true,p:100};
I.u[1967] = {n:"Prosciutto cotto **",t:69,d:"Considerato come la parte più saporita del maiale, il prosciutto cotto si mangia per sfizio e senza sosta.",ep:13,g:130,l:1,wd:true,fm:true,w:1,u:true,ut:true,p:240};
I.u[1968] = {n:"Prosciutto cotto ***",t:69,d:"Considerato come la parte più saporita del maiale, il prosciutto cotto si mangia per sfizio e senza sosta.",ep:1,g:130,l:1,wd:true,fm:true,w:1,u:true,ut:true,p:300};
I.u[1969] = {n:"Prosciutto cotto ****",t:69,d:"Considerato come la parte più saporita del maiale, il prosciutto cotto si mangia per sfizio e senza sosta.",ep:2,g:130,l:1,wd:true,fm:true,w:1,c:"Cs<60",u:true,ut:true,p:60000};
I.u[1970] = {n:"Insalata di Muso",t:69,d:"Questa insalata non può lasciarti indifferente. Il suo sapore senza eguali dà letteralmente voglia di grugnire di piacere.",ep:1,g:129,l:1,wd:true,fm:true,w:1,u:true,ut:true,p:200};
I.u[1971] = {n:"Insalata di Muso **",t:69,d:"Questa insalata non può lasciarti indifferente. Il suo sapore senza eguali dà letteralmente voglia di grugnire di piacere.",ep:1,g:129,l:1,wd:true,fm:true,w:1,u:true,ut:true,p:300};
I.u[1972] = {n:"Insalata di Muso ***",t:69,d:"Questa insalata non può lasciarti indifferente. Il suo sapore senza eguali dà letteralmente voglia di grugnire di piacere.",ep:2,g:129,l:1,wd:true,fm:true,w:1,u:true,ut:true,p:400};
I.u[1973] = {n:"Olio da Frittura",t:60,d:"Non si sa assolutamente di cosa sia fatto questo olio, a parte che costa poco e che serve solo per friggere.",ep:1,g:375,l:1,wd:true,fm:true,w:2,p:2};
I.u[1974] = {n:"Foglia di Insalace",t:68,d:"È il cibo preferito dagli erbivori, è anche un buonissimo contorno.",ep:1,g:376,l:1,wd:true,fm:true,w:1,p:1};
I.u[1975] = {n:"Cipolla",t:68,d:"Scusa indispensabile per piangere, e in più dà un buon gusto alle pietanze.",ep:1,g:377,l:1,wd:true,fm:true,w:1,p:6};
I.u[1976] = {n:"Trota AncestraIe Pulita",t:62,d:"Adesso questa Trota Ancestrale può essere usata come ingrediente.",ep:1,g:399,l:1,wd:true,fm:true,w:1,p:1};
I.u[1977] = {n:"Spezie",t:15,d:"Queste piccole erbe secche daranno un po\' di gusto ai tuoi piatti.",ep:1,g:378,l:1,wd:true,fm:true,w:1,p:10};
I.u[1978] = {n:"Misura di Pepe",t:15,d:"Questa polvere aggiunge un po\' di piccante ad alcuni piatti.",ep:1,g:381,l:1,wd:true,fm:true,w:1,p:5};
I.u[1980] = {n:"Rigido",t:30,d:"Questa maledizione diminuirà la tua Agilità nel prossimo combattimento.",ep:1,g:2,l:1,wd:true,fm:true,w:0,m:true,p:1};
I.u[1981] = {n:"Stupidità",t:30,d:"Questa maledizione diminuirà la tua Intelligenza nel prossimo combattimento.",ep:1,g:3,l:1,wd:true,fm:true,w:0,m:true,p:1};
I.u[1982] = {n:"Elasticità",t:29,d:"Questa benedizione aumenta l\'Agilità per i prossimi combattimenti.",ep:18,g:2,l:1,wd:true,fm:true,w:0,m:true,p:1};
I.u[1983] = {n:"Grasso di Gelatina",t:15,d:"Questo grasso è stato estratto dal cuore di una Gelatina. Se spalmato su un alimento ne permette la conservazione, conferendogli un gusto piacevole.",ep:1,g:379,l:20,wd:true,fm:true,w:1,p:5};
I.u[1984] = {n:"Grasso di Biblop",t:15,d:"Questo grasso è stato estratto dal cuore di un Biblop. Se spalmato su un alimento ne permette la conservazione, conferendogli un gusto piacevole.",ep:1,g:380,l:20,wd:true,fm:true,w:1,p:5};
I.u[1985] = {n:"Resina di Alberagno",t:15,d:"Solo delle persone esperte possono estrarre questa piccola porzione di resina dall\'Alberagno. Tale resina non serve a molto, a parte proteggerlo un po\' dall\'aria.",ep:1,g:382,l:50,wd:true,fm:true,w:1,p:10};
I.u[1986] = {n:"Polvere Temporale",t:48,d:"Questa polvere temporale, è in realtà un residuo di farina scoperta da vecchi mugnai Xelor. Permette di rallentare un poco la decomposizione cellulare di un oggetto o di un essere vivente. È utilizzata soprattutto come conservante e come antirughe per le Anutrofine.",ep:1,g:2,l:1,wd:true,fm:true,w:1,p:2};
I.u[1987] = {n:"Carne di Uccello Conservata",t:64,d:"Adesso questa carne di Uccello può essere conservata per diversi giorni prima di essere cucinata.",ep:1,g:351,l:1,wd:true,fm:true,w:1,p:10};
I.u[1988] = {n:"Carne di Uccello Conservata **",t:64,d:"Adesso questa carne di Uccello può essere conservata per diversi giorni prima di essere cucinata.",ep:1,g:353,l:40,wd:true,fm:true,w:1,p:10};
I.u[1989] = {n:"Carne di Uccello Conservata ****",t:64,d:"Adesso questa carne di Uccello può essere conservata diversi giorni prima di essere cucinata.",ep:13,g:352,l:60,wd:true,fm:true,w:1,p:10};
I.u[1990] = {n:"Carne di Larva Conservata",t:64,d:"Adesso questa carne di Larva può essere conservata per diversi giorni prima di essere cucinata.",ep:1,g:383,l:1,wd:true,fm:true,w:1,p:10};
I.u[1991] = {n:"Carne di Larva Conservata **",t:64,d:"Adesso questa carne di Larva può essere conservata per diversi giorni prima di essere cucinata.",ep:1,g:383,l:10,wd:true,fm:true,w:1,p:10};
I.u[1992] = {n:"Carne di Larva Conservata ***",t:64,d:"Adesso questa carne di Larva può essere conservata per diversi giorni prima di essere cucinata.",ep:1,g:383,l:20,wd:true,fm:true,w:1,p:10};
I.u[1993] = {n:"Carne di Insetto Conservata",t:64,d:"Adesso questa Carne di Insetto può essere conservata per diversi giorni prima di essere cucinata.",ep:1,g:384,l:1,wd:true,fm:true,w:1,p:10};
I.u[1994] = {n:"Carne di Insetto Conservata **",t:64,d:"Adesso questa Carne di Insetto può essere conservata per diversi giorni prima di essere cucinata.",ep:3,g:384,l:50,wd:true,fm:true,w:1,p:10};
I.u[1995] = {n:"Coscia di Pappatutto Conservata",t:64,d:"Adesso questa coscia di Pappatutto può essere conservata per diversi giorni prima di essere cucinata.",ep:1,g:338,l:10,wd:true,fm:true,w:1,p:10};
I.u[1997] = {n:"Coscia di Pappatutto Conservata **",t:64,d:"Adesso questa coscia di Pappatutto può essere conservata per diversi giorni prima di essere cucinata.",ep:1,g:339,l:20,wd:true,fm:true,w:1,p:10};
I.u[1998] = {n:"Coscia di Pappatutto Conservata ***",t:64,d:"Adesso questa coscia di Pappatutto può essere conservata per diversi giorni prima di essere cucinata.",ep:1,g:340,l:40,wd:true,fm:true,w:1,p:10};
I.u[1999] = {n:"Coscia di Pappatutto Conservata ****",t:64,d:"Adesso questa coscia di Pappatutto può essere conservata per diversi giorni prima di essere cucinata.",ep:1,g:341,l:50,wd:true,fm:true,w:1,p:10};
I.u[2000] = {n:"Coscia di Wabbit Conservata",t:64,d:"Adesso questa coscia di Wabbit può essere conservata per diversi giorni prima di essere cucinata.",ep:8,g:344,l:20,wd:true,fm:true,w:1,p:10};
I.u[2001] = {n:"Coscia di Wabbit Conservata **",t:64,d:"Adesso questa coscia di Wabbit può essere conservata per diversi giorni prima di essere cucinata.",ep:8,g:345,l:40,wd:true,fm:true,w:1,p:10};
I.u[2002] = {n:"Coscia di Wabbit Conservata ***",t:64,d:"Adesso questa coscia di Wabbit può essere conservata per diversi giorni prima di essere cucinata.",ep:8,g:346,l:60,wd:true,fm:true,w:1,p:10};
I.u[2003] = {n:"Coscia di Wabbit Conservata ****",t:64,d:"Adesso questa coscia di Wabbit può essere conservata per diversi giorni prima di essere cucinata.",ep:2,g:347,l:80,wd:true,fm:true,w:1,p:10};
I.u[2004] = {n:"Lombata di Maiale Conservata",t:64,d:"Adesso questa lombata di maiale può essere conservata per diversi giorni prima di essere cucinata.",ep:1,g:358,l:30,wd:true,fm:true,w:1,p:10};
I.u[2005] = {n:"Carré di Porco Conservato **",t:64,d:"Adesso questo Carré di Porco può essere conservato diversi giorni prima di essere cucinato.",ep:13,g:358,l:50,wd:true,fm:true,w:1,p:10};
I.u[2006] = {n:"Lombata di Maiale Conservata ***",t:64,d:"Adesso questa lombata di maiale può essere conservata per diversi giorni prima di essere cucinata.",ep:1,g:358,l:60,wd:true,fm:true,w:1,p:10};
I.u[2007] = {n:"Lombata di Maiale Conservata ****",t:64,d:"Adesso questa lombata di maiale può essere conservata per diversi giorni prima di essere cucinata.",ep:2,g:358,l:70,wd:true,fm:true,w:1,p:10};
I.u[2008] = {n:"Muso Conservato",t:64,d:"Adesso questo Muso può essere conservato diversi giorni prima di essere cucinato.",ep:1,g:385,l:30,wd:true,fm:true,w:1,p:10};
I.u[2009] = {n:"Muso Conservato **",t:64,d:"Adesso questo Muso può essere conservato diversi giorni prima di essere cucinato.",ep:1,g:385,l:50,wd:true,fm:true,w:1,p:10};
I.u[2010] = {n:"Muso Conservato ***",t:64,d:"Adesso questo Muso può essere conservato diversi giorni prima di essere cucinato.",ep:2,g:385,l:70,wd:true,fm:true,w:1,p:10};
I.u[2012] = {n:"Sangue di Scorbuto",t:15,d:"Questo sangue molto sciropposo non contiene veleno, al contrario di quello che si dice. Permette comunque di fare potenti conservanti e belle maschere di bellezza.",ep:1,g:389,l:36,wd:true,fm:true,w:1,p:5};
I.u[2013] = {n:"Nuggets ***",t:69,d:"Questi piccoli nuggets di volatile fritto sono una vera e propria leccornia per le papille gustative, ma una grande disgrazia per la pancia.",ep:13,g:117,l:1,wd:true,fm:true,w:1,c:"Cs<20",u:true,ut:true,p:20000};
I.u[2014] = {n:"Dragocarne Conservata",t:64,d:"Adesso questa dragocarne può essere conservata per diversi giorni prima di essere cucinata.",ep:2,g:386,l:40,wd:true,fm:true,w:1,p:10};
I.u[2015] = {n:"Dragocarne Conservata **",t:64,d:"Adesso questa dragocarne può essere conservata per diversi giorni prima di essere cucinata.",ep:2,g:386,l:60,wd:true,fm:true,w:1,p:10};
I.u[2016] = {n:"Dragocarne Conservata ***",t:64,d:"Adesso questa dragocarne può essere conservata per diversi giorni prima di essere cucinata.",ep:11,g:386,l:70,wd:true,fm:true,w:1,p:10};
I.u[2017] = {n:"Dragocarne Conservata ****",t:64,d:"Adesso questa dragocarne può essere conservata per diversi giorni prima di essere cucinata.",ep:2,g:386,l:90,wd:true,fm:true,w:1,p:10};
I.u[2018] = {n:"Grano d\'Oro",t:34,d:"Questo grano nasconde dei potenti poteri magici.",ep:1,g:474,l:1,wd:true,fm:true,w:2,p:0};
I.u[2019] = {n:"Farina di Grano d\'Oro",t:52,d:"Questa farina fu preparata con un spiga di grano d\'oro. Incredibile!",ep:1,g:251,l:1,wd:true,fm:true,w:2,p:0};
I.u[2020] = {n:"Pane Dorato",t:33,d:"Questo pane è fatto con farina di grano magico. Colui che ne vende di più diventa più ricco di prima...",ep:1,g:69,l:10,wd:true,fm:true,w:2,c:"Cv<10",u:true,ut:true,p:1};
I.u[2021] = {n:"Luppolo Brillante",t:34,d:"Questo Luppolo possiede un\'aura brillante molto discreta che rivela la magia che madre terra gli ha prestato.",ep:1,g:475,l:30,wd:true,fm:true,w:2,p:0};
I.u[2022] = {n:"Farina di Luppolo Brillante",t:52,d:"Questa farina è stata ottenuta utilizzando il luppolo brillante. Tutti sono convinti sul fatto che racchiuda proprietà magiche.",ep:1,g:253,l:1,wd:true,fm:true,w:2,p:0};
I.u[2023] = {n:"null",t:33,d:"",ep:0,g:0,l:1,wd:false,fm:true,w:1,p:1};
I.u[2024] = {n:"Brioscina",t:33,d:"Questa brioscina è fatta di luppolo, il che spiega quella sensazione energetica che ti dà mangiandola.",ep:1,g:8,l:20,wd:true,fm:true,w:1,u:true,ut:true,p:1};
I.u[2025] = {n:"Brioscina Magica",t:33,d:"Questa brioscina è fatta di luppolo magico, il che spiega quell\'enorme sensazione energetica che ti dà mangiandola.",ep:1,g:8,l:20,wd:true,fm:true,w:1,c:"Cv<20",u:true,p:1};
I.u[2026] = {n:"Lino Tempesta",t:34,d:"Questo Lino è stato vittima delle tempeste più terribili, e si è alzato più di sette volte, il che è già straordinario per del lino... Dopo essere stato sotto la rugiada magica dei campi del Grande Pahti per 148 anni, la sua fibra finirà finalmente con l\'essere utilizzabile.",ep:1,g:476,l:40,wd:true,fm:true,w:1,p:0};
I.u[2027] = {n:"Farina di Lino Tempesta",t:52,d:"Questa farina è stata preparata con il lino tempesta, e ne possiede probabilmente la stessa capacità di resistenza.",ep:1,g:254,l:1,wd:true,fm:true,w:1,p:0};
I.u[2028] = {n:"Pane Consistente Magico",t:33,d:"Questo pane è fatto con la Farina di Lino Tempesta, ecco perché non è grasso e ha un buon gusto.",ep:1,g:12,l:1,wd:true,fm:true,w:1,c:"Cv<30",u:true,ut:true,p:1};
I.u[2029] = {n:"Segale Resistente",t:34,d:"Questo cereale scuro ha il potere di crescere anche in condizioni difficili.",ep:1,g:477,l:50,wd:true,fm:true,w:2,p:0};
I.u[2030] = {n:"Farina di Segale Resistente",t:52,d:"Questa farina conserva tutte le qualità della segale resistente. Se consumata in dose eccessiva provoca seri effetti lassativi.",ep:1,g:257,l:1,wd:true,fm:true,w:2,p:0};
I.u[2031] = {n:"Pane di Segale Resistente",t:33,d:"Questo pane è fatto con la Farina di Segale Resistente che gli dà un sapore schifoso ma con qualità nutrizionali eccellenti e uniche.",ep:1,g:9,l:10,wd:true,fm:true,w:1,c:"Cv<40",u:true,ut:true,p:1};
I.u[2032] = {n:"Orzo di Zucchero",t:34,d:"Quest\'orzo molto raro ha assorbito pioggia zuccherata durante la germinazione, il che gli ha conferito poteri magici inestimabili.",ep:1,g:477,l:10,wd:true,fm:true,w:2,p:0};
I.u[2033] = {n:"Farina di Orzo di Zucchero",t:52,d:"Questa farina è stata ottenuto con l\'orzo di zucchero, permette di fare un pane così leggero che potrebbe volarsene via al primo colpo di vento. Ma non è una ragione per mangiarne una quantità fuori ragione.",ep:1,g:256,l:1,wd:true,fm:true,w:1,p:0};
I.u[2034] = {n:"Zucchero d\'Orzo",t:42,d:"Estraendo lo zucchero dalla farina d\'orzo dolce si può fare una caramella unica dal gusto fantastico.",ep:1,g:128,l:1,wd:true,fm:true,w:1,c:"Cv<50",u:true,p:50000};
I.u[2035] = {n:"Canapa Euforica",t:34,d:"Pare che questo gambo di canapa abbia degli effetti inibitori molto potenti. Potrebbe rivelarsi molto interessante se utilizzato da uno specialista.",ep:1,g:478,l:70,wd:true,fm:true,w:1,p:0};
I.u[2036] = {n:"Avena Aurifera",t:34,d:"Quando si guarda questa avena si ha l\'impressione che pianga oro, segno della grande potenza che ha immagazzinato durante la sua crescita.",ep:1,g:551,l:20,wd:true,fm:true,w:2,p:0};
I.u[2037] = {n:"Farina di Avena Aurifera",t:52,d:"Questa farina è stata ottenuta con l\'avena aurifera, il che le conferisce un dolce colore dorato e un grande potere magico. Tuttavia non farà di te un mago pasticcere.",ep:1,g:250,l:1,wd:true,fm:true,w:1,p:0};
I.u[2038] = {n:"Pane ai Fiocchi di Avena aurifera",t:33,d:"Questo pane dalla mollica particolarmente leggera è semplicemente perfetto.",ep:1,g:5,l:10,wd:true,fm:true,w:2,c:"Cv<70",u:true,ut:true,p:1};
I.u[2039] = {n:"Contrassegno di test del Cacciatore",t:24,d:"Hai cercato di superare il test per diventare Cacciatore.",ep:1,g:55,l:1,wd:true,fm:true,w:0,p:1};
I.u[2040] = {n:"Forziere nascosto di Tsog",t:24,d:"Hai ritrovato il forziere di Tsog in una scatola che puzza esattamente come Tsog stesso... è un odore indescrivibile.",ep:2,g:56,l:1,wd:true,fm:true,w:0,p:1};
I.u[2041] = {n:"Coscia maleodorante di Pappatutto",t:24,d:"Questa coscia puzza di morte, anche se il motivo non sembra essere legato al decesso prematuro del suo proprietario.",ep:1,g:64,l:20,wd:true,fm:true,w:0,p:1};
I.u[2042] = {n:"Osso di Mak Gahan",t:24,d:"Hai preso quest\'osso dopo avere disseminato pezzi del corpo dello chafer Mak Gahan per tutta la stanza.",ep:1,g:57,l:1,wd:true,fm:true,w:0,p:1};
I.u[2043] = {n:"Nome dell\'Assassino scarabocchiato",t:24,d:"Su questo pezzo di carta viscido e puzzolente è scritto il nome dell\'assassino del gestore del Maokemao",ep:2,g:58,l:1,wd:true,fm:true,w:0,p:1};
I.u[2044] = {n:"Birra del Maokemao",t:37,d:"Questa birra assomiglia troppo al piscio di gatto... o non abbastanza.",ep:16,g:4,l:1,wd:true,fm:true,w:1,u:true,ut:true,p:6};
I.u[2045] = {n:"Ricevuta di cassa",t:24,d:"Questo documento attesta che hai portato una cassa.",ep:2,g:50,l:1,wd:true,fm:true,w:0,p:1};
I.u[2046] = {n:"Chiave di Brakmar",t:24,d:"Questa chiave è stata rubata da uno scoiattolo per ragioni ancora sconosciute.",ep:2,g:61,l:1,wd:true,fm:true,w:0,p:1};
I.u[2047] = {n:"Lista dei soldati in pausa",t:24,d:"Questa lista ti è stata data dal miliziano nella taverna. Sono scritti i seguenti nomi:\nBrank Thoof, Haco Norss, Jack Rottanz, Kad Maxy.",ep:2,g:55,l:1,wd:true,fm:true,w:0,p:1};
I.u[2048] = {n:"Lista dei soldati in pausa",t:24,d:"Questa lista ti è stata data dal miliziano nella taverna. Sono scritti i seguenti nomi:\nHaco Norss, Tink Berval, Brank Thoof, Kad Maxy, Seta Bnamron.",ep:2,g:58,l:1,wd:true,fm:true,w:0,p:1};
I.u[2049] = {n:"Confessione del Guerriero XaIe DuGros",t:24,d:"Xale DuGros confessa di non andare alla taverna, ma fa delle pause regolarmente.",ep:2,g:55,l:1,wd:true,fm:true,w:0,p:1};
I.u[2050] = {n:"Confessione del Guerriero Nager Nacmeil",t:24,d:"Il guerriero Nager Nacmeil confessa di non fare pause perché non sta tanto bene in questo momento.",ep:2,g:55,l:1,wd:true,fm:true,w:0,p:1};
I.u[2051] = {n:"Confessione di Bishom Pot",t:24,d:"Bishom Pot confessa tutto, il suo comportamento è imperdonabile.",ep:2,g:55,l:1,wd:true,fm:true,w:0,p:1};
I.u[2052] = {n:"Permesso firmato e datato",t:24,d:"Questo permesso indica che hai una giornata di congedo.",ep:2,g:50,l:1,wd:true,fm:true,w:0,p:1};
I.u[2053] = {n:"Badge del miliziano Allen Tokar",t:24,d:"Badge del miliziano Allen Tokar.",ep:2,g:49,l:1,wd:true,fm:true,w:0,p:1};
I.u[2054] = {n:"Badge del miliziano Tek Aput",t:24,d:"Badge del miliziano Tek Aput.",ep:2,g:49,l:1,wd:true,fm:true,w:0,p:1};
I.u[2055] = {n:"Badge del miliziano Bill Ledebar",t:24,d:"Badge del miliziano Bill Ledebar.",ep:2,g:49,l:1,wd:true,fm:true,w:0,p:1};
I.u[2056] = {n:"Occhio di Cuervoc",t:109,d:"Un occhio di cuervoc è sempre utile, ma attenzione che il malocchio non cada su di te.",ep:1,g:326,l:20,wd:true,fm:true,w:1,p:100};
I.u[2058] = {n:"Cuore di Brandon",t:15,d:"Questo cuore umano è sicuramente del famoso Lhi, che era un appassionato di cuervoc.",ep:1,g:328,l:20,wd:true,fm:true,w:5,p:500};
I.u[2059] = {n:"Cuervoc Morto",t:15,d:"Hai fatto bene a raccoglierlo, è intatto. Morto... ma intatto.",ep:1,g:329,l:20,wd:true,fm:true,w:10,p:100};
I.u[2060] = {n:"Zampa di Cuervoc",t:103,d:"Non vale la pena rompere una zampa a un cuervoc, anche perché al contrario della zampa di wabbit, la zampa di cuervoc potrebbe portarti sfortuna.",ep:1,g:330,l:20,wd:true,fm:true,w:1,p:10};
I.u[2061] = {n:"Mantello del Cuervoc",t:17,d:"Questo mantello non è certamente bello ma è molto efficace... bisogna però abituarsi al suo odore di Cuervoc in putrefazione.",ep:1,g:15,l:45,wd:true,fm:true,w:5,p:5600};
I.u[2062] = {n:"Camuffamento",t:31,d:"Sarai camuffato nello sfondo fino a quando non entrerai in combattimento.",ep:1,g:1,l:1,wd:true,fm:false,w:0,m:true,p:1};
I.u[2063] = {n:"Stivali Volatili",t:11,d:"Questi stivali, fatti con moltissime parti di cadavere di Cuervoc, danno a chi le porta una strana sensazione di leggerezza, proprio come quella provocata dai porcini grigliati.",ep:1,g:17,l:41,wd:true,fm:true,w:15,p:4500};
I.u[2064] = {n:"Pergamena di Camuffamento",t:14,d:"Questa pergamena ti permette di nasconderti nello sfondo fino a quando non entrerai in combattimento. Evita i movimenti bruschi e i rumori sospetti se non vuoi essere scoperto.",ep:16,g:1,l:10,wd:true,fm:true,w:1,c:"Pg=10&PM=B",u:true,p:250};
I.u[2065] = {n:"Elmo dello Chafer scelto",t:24,d:"Questo elmo di Chafer è danneggiato, ma resta sempre molto efficace per entrare nel gruppo di élite.",ep:2,g:59,l:1,wd:false,fm:true,w:0,p:1};
I.u[2066] = {n:"Bastone del Kanigrù",t:4,d:"Questo bastone è una copia approssimativa di quello del Kanigrù. Nasconde comunque qualche sorpresa... ma non solo buone sorprese...",ep:13,g:22,l:54,wd:true,fm:true,w:10,an:12,e:[5,4,1,1,30,50,false,false],c:"CS>50&CA>40&CC>30",p:5400};
I.u[2067] = {n:"Pozione d\'oblio: \"Fiammella\"",t:43,d:"Questa pozione fa dimenticare un livello dell\'incantesimo elementare: \"Fiammella\"",ep:5,g:36,l:1,wd:true,fm:true,w:1,c:"Pz=0",u:true,p:1000};
I.u[2068] = {n:"Pozione d\'oblio: \"Cawota\"",t:43,d:"Questa pozione fa dimenticare un livello dell\'incantesimo elementare: \"Cawota\"",ep:5,g:36,l:1,wd:true,fm:true,w:1,c:"Pz=0",u:true,p:1000};
I.u[2069] = {n:"Pozione d\'oblio: \"Martello di Moon\"",t:43,d:"Questa pozione fa dimenticare un livello dell\'incantesimo elementare: \"Martello di Moon\"",ep:5,g:36,l:1,wd:true,fm:true,w:1,c:"Pz=0",u:true,p:1000};
I.u[2070] = {n:"Shako",t:16,d:"Questo elmo in osso è stato per molto tempo nella tasca di un Kanigrù. Anche se consumato e rigato conserva delle buone qualità.",ep:9,g:58,l:34,wd:true,fm:true,w:15,p:3200};
I.u[2071] = {n:"Pozione d\'oblio: \"Liberazione\"",t:43,d:"Questa pozione fa dimenticare un livello dell\'incantesimo elementare: \"Liberazione\"",ep:5,g:36,l:1,wd:true,fm:true,w:1,c:"Pz=0",u:true,p:1000};
I.u[2072] = {n:"Pozione d\'oblio: \"Folgorazione\"",t:43,d:"Questa pozione fa dimenticare un livello dell\'incantesimo elementare: \"Folgorazione\"",ep:5,g:36,l:1,wd:true,fm:true,w:1,u:true,p:1000};
I.u[2073] = {n:"Pozione d\'oblio: \"Brokle\"",t:43,d:"Questa pozione fa dimenticare un livello dell\'incantesimo speciale degli Yop: \"Brokle\"",ep:2,g:36,l:1,wd:true,fm:true,w:1,c:"Pz=0",u:true,p:1000};
I.u[2074] = {n:"Bwak di Fuoco",t:18,d:"Questo grazioso Bwak diventerà col tempo un terribile Kwak. Fino a quel momento puoi tenerlo accanto a te senza paura.",ep:1,g:3,l:1,wd:true,fm:true,w:10,c:"PZ=1",s:2,p:1};
I.u[2075] = {n:"Bwak di Acqua",t:18,d:"Questo grazioso Bwak diventerà col tempo un terribile Kwak. Fino a quel momento puoi tenerlo accanto a te senza paura.",ep:1,g:2,l:1,wd:true,fm:true,w:10,c:"PZ=1",s:13,p:1};
I.u[2076] = {n:"Bwak di Aria",t:18,d:"Questo grazioso Bwak diventerà col tempo un terribile Kwak. Fino a quel momento puoi tenerlo accanto a te senza paura.",ep:1,g:4,l:1,wd:true,fm:true,w:10,c:"PZ=1",s:15,p:1};
I.u[2077] = {n:"Bwak di Terra",t:18,d:"Questo grazioso Bwak diventerà col tempo un terribile Kwak. Fino a quel momento puoi tenerlo accanto a te senza paura.",ep:1,g:5,l:1,wd:true,fm:true,w:10,c:"PZ=1",s:14,p:1};
I.u[2078] = {n:"Testamento di Ixa Mustam",t:24,d:"È il testamento del padre di Oto Mustam ed è scritto in Brakmariano antico. Peccato, la tua conoscenza di questa lingua si riduce alla parola: \"Guo\'rhalys!\".",ep:2,g:26,l:1,wd:true,fm:true,w:0,p:1};
I.u[2079] = {n:"Vino di Glutovora",t:24,d:"Pare che ci vogliano vent\'anni prima di riuscire a distillare del succo di Glutovora senza creare un vino tossico.",ep:2,g:62,l:1,wd:true,fm:true,w:1,p:1};
I.u[2080] = {n:"Succo di Glutovora",t:24,d:"Questo succo è tossico come il succo di scorbuto. Ma se ben distillato, dà al vino un gusto unico. Purtroppo le persone che sanno distillarlo sono rare, e quasi sempre si tratta di pirati...",ep:2,g:63,l:1,wd:true,fm:true,w:1,p:1};
I.u[2081] = {n:"Rapporto di Finch Aticus",t:24,d:"Il rapporto della spia Finch Aticus dà una lista esauriente delle armi e degli effettivi di Bonta.",ep:2,g:33,l:1,wd:true,fm:true,w:0,p:1};
I.u[2082] = {n:"Cinghialetto",t:32,d:"Quando un giovane cinghialetto vede i genitori morire davanti ai suoi occhi, comincia a seguire l\'assassino perché quest\'ultimo si occupi di lui.",ep:13,g:1,l:1,wd:true,fm:true,w:0,m:true,p:10};
I.u[2083] = {n:"Lettera di Oto Mustam",t:24,d:"Una lettera del tuo maestro indirizzata a Vil Smis. E\' scritta in un dialetto sconosciuto per evitare che i curiosi come te ci diano un\'occhiata.",ep:2,g:26,l:1,wd:true,fm:true,w:0,p:1};
I.u[2084] = {n:"Risposta di Vil Smis",t:24,d:"Una risposta di Vil Smis per Oto Mustam, assolutamente incomprensibile per qualsiasi mortale.",ep:2,g:26,l:1,wd:true,fm:true,w:0,p:1};
I.u[2085] = {n:"Birra della Batosta",t:37,d:"Non soltanto non ha nessun gusto, ma in più si tratta di una birra carissima. Ancora un punto in comune con il gentil sesso.",ep:16,g:4,l:1,wd:true,fm:true,w:1,u:true,ut:true,p:5};
I.u[2086] = {n:"Birra della Sulmenù",t:37,d:"Questa birra dall\'aroma di Blop Griotta è chiamata anche Manoca.",ep:16,g:4,l:1,wd:true,fm:true,w:1,u:true,p:3};
I.u[2087] = {n:"Birra della Bagrutta",t:37,d:"Questa birra ti rende più valoroso per qualche istante... ma attenzione al dopo... l\'istante è veramente breve!",ep:16,g:4,l:1,wd:true,fm:true,w:1,u:true,ut:true,p:5};
I.u[2088] = {n:"Birra della Pintalegno",t:37,d:"Una birra classica, ma la pinta in compenso è magnificamente intagliata. Per una volta, il contenitore ha più valore e importanza del contenuto. Una caratteristica condivisa con il cranio degli Yop e con la stampa locale.",ep:16,g:4,l:1,wd:true,fm:true,w:1,u:true,ut:true,p:2};
I.u[2089] = {n:"Birra del Pinchot",t:37,d:"Questa birra è calda, e quindi particolarmente imbevibile d\'estate. In compenso, emana un gradevole odore di pane tostato, cosa che la rende la birra perfetta per le colazioni senza pane.",ep:16,g:4,l:1,wd:true,fm:true,w:1,u:true,ut:true,p:2};
I.u[2090] = {n:"Birra del Ferrovecchio",t:37,d:"Questa birra ha un retrogusto di ferraglia moltro sgradevole, ma è molto rivitalizzante, un po\' come i baci della Mummia Nova.",ep:16,g:4,l:1,wd:true,fm:true,w:1,u:true,ut:true,p:7};
I.u[2091] = {n:"Il Bwak: Come allevarlo",t:25,d:"Questo libro spiega come allevare un Bwak.",ep:3,g:4,l:1,wd:true,fm:true,w:1,u:true,p:200};
I.u[2092] = {n:"Il Maomao: Come allevarlo",t:25,d:"Questo libro spiega come allevare un Maomao.",ep:3,g:3,l:1,wd:true,fm:true,w:1,u:true,p:200};
I.u[2093] = {n:"Il Wabbit: Come allevarlo",t:25,d:"Questo libro spiega come allevare un Wabbit.",ep:3,g:5,l:1,wd:true,fm:true,w:1,u:true,p:200};
I.u[2094] = {n:"Mykakka Oscuro",t:16,d:"Il Mykakka Oscuro è un cappello fatto con il Mykakka Dilaniato ricucito a mano e senza anestesia.\nAdesso obbedisce solo al suo proprietario e adora mordere gli sconosciuti.",ep:14,g:33,l:50,wd:true,fm:true,w:5,p:6600};
I.u[2095] = {n:"L\'Orso",t:16,d:"L\'Orso è un cappello confezionato nella testa di un Orso morto. Ha comunque conservato un bellissimo pelo. Il Sarto che l\'ha cucito doveva essere veramente bravo per essere riuscito a conservare l\'ultima espressione di sconforto dell\'orso.",ep:14,g:34,l:35,wd:true,fm:true,w:5,p:10000};
I.u[2096] = {n:"Dora Oscuro di Brave",t:16,d:"È stato il fantasma Brave a capire per primo come usare correttamente il Vimini Oscuro per fini diversi da quelli gastronomici.",ep:14,g:35,l:37,wd:true,fm:true,w:5,p:3800};
I.u[2097] = {n:"Champello",t:16,d:"Il Champello apparteneva a uno dei più grandi Maestri Boleti di Amakna. Valoroso e brillante, Gnion il Boleto è stato l\'unico della sua razza a farsi rispettare dagli esseri umani.",ep:1,g:36,l:43,wd:true,fm:true,w:25,p:5000};
I.u[2098] = {n:"Certificato di Deposito al Cianil: Bwak di Terra",t:77,d:"Questo Certificato descrive le caratteristiche del Bwak di Terra che hai lasciato al Cianil.",ep:3,g:21,l:1,wd:false,fm:true,w:1,p:100};
I.u[2099] = {n:"Certificato di Deposito al Cianil: Bwak di Fuoco",t:77,d:"Questo Certificato descrive le caratteristiche del Bwak di Fuoco che hai lasciato al Cianil.",ep:3,g:23,l:1,wd:false,fm:true,w:1,p:100};
I.u[2100] = {n:"Certificato di Deposito al Cianil: Bwak di Acqua",t:77,d:"Questo Certificato descrive le caratteristiche del Bwak di Acqua che hai lasciato al Cianil.",ep:3,g:22,l:1,wd:false,fm:true,w:1,p:100};
I.u[2101] = {n:"Certificato di Deposito al Cianil: Bwak di Aria",t:77,d:"Questo Certificato descrive le caratteristiche del Bwak di Aria che hai lasciato al Cianil.",ep:3,g:20,l:1,wd:false,fm:true,w:1,p:100};
I.u[2102] = {n:"Certificato di Deposito al Cianil: Wabbit",t:77,d:"Questo Certificato descrive le caratteristiche del Wabbit che hai lasciato al Cianil.",ep:3,g:25,l:1,wd:false,fm:true,w:1,p:100};
I.u[2103] = {n:"Modulo di Welloy Cab",t:24,d:"Scritto a zampa da Welloy Cab, questo rapporto renderà felici tutti gli amanti di numeri e frasi senza senso.",ep:1,g:74,l:1,wd:true,fm:true,w:0,p:1};
I.u[2104] = {n:"Kak A\'Rella",t:16,d:"Il Kak A\'Rella è un elmo inquietante fabbricato con i resti di Uginak e diversi altri detriti. Indossato per molto tempo da Gurlo il Terribile, il Kak A\'Rella fu il simbolo della desolazione.",ep:14,g:37,l:48,wd:true,fm:true,w:30,p:6000};
I.u[2105] = {n:"Modulo di rapporto vergine",t:24,d:"Modulo di rapporto vergine.\nPronto per essere riempito da Welloy Cab",ep:1,g:41,l:1,wd:true,fm:true,w:0,p:1};
I.u[2106] = {n:"Lista di Esche per il Pescatore",t:24,d:"Devi andare a cercare delle esche il più rapidamente possibile.",ep:1,g:55,l:1,wd:true,fm:true,w:0,p:1};
I.u[2107] = {n:"Esche speciali",t:24,d:"Questa scatola di esche speciali assomiglia a una volgare scatola di Maognam.",ep:1,g:45,l:1,wd:true,fm:true,w:0,p:1};
I.u[2108] = {n:"Badge di Tabach",t:24,d:"Badge di Tabach, Cancelliere dell\'Ordine del Cuore Valoroso",ep:2,g:49,l:1,wd:true,fm:true,w:0,p:1};
I.u[2109] = {n:"Badge di Ybaul",t:24,d:"Badge di Ybaul, Cancelliera dell\'Ordine dello Spirito Redentore.",ep:2,g:49,l:1,wd:true,fm:true,w:0,p:1};
I.u[2110] = {n:"Badge di Aigurraf",t:24,d:"Badge di Aigurraf, Cancelliere dell\'Ordine dell\'Occhio Attento",ep:2,g:49,l:1,wd:true,fm:true,w:0,p:1};
I.u[2111] = {n:"L\'anima del Pescatore",t:25,d:"Questo libro dà le basi per diventare un buon Pescatore.",ep:2,g:1,l:1,wd:true,fm:true,w:1,u:true,p:250};
I.u[2112] = {n:"L\'anima del Cacciatore",t:25,d:"Questo libro dà le basi per diventare un buon Cacciatore.",ep:3,g:1,l:1,wd:true,fm:true,w:1,u:true,p:250};
I.u[2114] = {n:"Alimento sconosciuto",t:15,d:"Quest\'alimento è sconosciuto.",ep:1,g:0,l:1,wd:true,fm:true,w:10,p:1};
I.u[2116] = {n:"Ricetta della Nocabregor",t:24,d:"Per creare della polvere di Nocabregor, servono 3 Polveri di Perlinpanpan e 1 Olio di Gomto.\nSolo un artificiere o un mago possono preparare questa ricetta con l\'aiuto di una Selce.",ep:2,g:55,l:1,wd:true,fm:true,w:0,p:1};
I.u[2117] = {n:"Dente di Canin Blando arrabbiato",t:24,d:"Questo dente è stato estratto con coraggio a un lupo arrabbiato.",ep:2,g:35,l:1,wd:true,fm:true,w:0,p:1};
I.u[2118] = {n:"Mantello Brakmariano",t:17,d:"Questo mantello permette di passare inosservati in un cimitero o di trasformarsi in una femmina di Chafer quando il bisogno di perversità si fa sentire.",ep:1,g:20,l:1,wd:true,fm:true,w:7,c:"Ps=2",p:800};
I.u[2119] = {n:"Mantello Bontariano",t:17,d:"Questo mantello ti mette le ali. Potrai persino planare sul fumo che sprigiona quando va a fuoco.",ep:5,g:34,l:1,wd:true,fm:true,w:3,c:"Ps=1",p:800};
I.u[2120] = {n:"Parola di Ixa Mustam",t:24,d:"\"Il mio testamento si trova al faro di Amakna, procurati una piccola Pala di Legnuccio per dissotterrarlo. E dai una sberla a mio figlio da parte mia!\"",ep:2,g:50,l:1,wd:true,fm:true,w:0,p:1};
I.u[2121] = {n:"Parola di Tsog",t:24,d:"\"Ho nascosto un forziere sulla punta Est di Sufokia, in un tunnel sotto delle botti di vino. Ti consiglio di procurarti una piccola Pala di Legnuccio per dissotterrarlo.\"",ep:2,g:50,l:1,wd:true,fm:true,w:0,p:1};
I.u[2122] = {n:"Lettera di invito alla cerimonia",t:24,d:"Questa lettera è sigillata, aprirla non sarebbe educato.",ep:2,g:65,l:1,wd:true,fm:true,w:0,p:1};
I.u[2123] = {n:"Ricetta dello Sonacixem",t:24,d:"Questa ricetta permette di fabbricare del Sonacixem, che pare sia un veleno magico potentissimo.",ep:2,g:55,l:1,wd:true,fm:true,w:0,p:1};
I.u[2124] = {n:"Modulo di Ispezione riempito",t:24,d:"Questo modulo d\'ispezione n°243 riempito da Leonzi Trool, a prima vista ci dice che non è Brakmariano ...",ep:2,g:74,l:1,wd:true,fm:true,w:0,p:1};
I.u[2127] = {n:"Lettera di Zeorg",t:24,d:"In questa lettera è scritto un sortilegio capace di annientare tutti gli Holbaid.",ep:2,g:65,l:1,wd:true,fm:true,w:0,p:1};
I.u[2128] = {n:"Veggenza",t:31,d:"Avrai il potere della veggenza fino a quando non entrerai in combattimento.",ep:6,g:2,l:1,wd:true,fm:true,w:0,m:true,p:1};
I.u[2129] = {n:"Ciuffo di capelli di Dike Tarak",t:24,d:"Questo ciuffo di capelli di Dike Tarak mostra quanto tu abbia malmenato questo povero ragazzo...",ep:1,g:30,l:1,wd:true,fm:true,w:0,p:1};
I.u[2130] = {n:"Colonnello Lyeno",t:32,d:"Scorta il Colonnello Lyeno da un mago di Bonta per spezzare l\'incantesimo della Quercia Molle.",ep:9,g:2,l:1,wd:true,fm:true,w:0,m:true,p:1};
I.u[2131] = {n:"Decreto della tassa 51-11b",t:24,d:"Questa lettera annuncia senza riserve che tutti coloro che possiedono bevande alcoliche devono pagare una tassa ai militari, in ragione della pausa obbligatoria.",ep:2,g:55,l:1,wd:true,fm:true,w:0,p:1};
I.u[2132] = {n:"Hué Dapyus",t:32,d:"Scorta Hué Dapyus fuori dalla prigione di Brakmar e portalo a Amayiro.",ep:16,g:3,l:1,wd:true,fm:true,w:0,m:true,p:1};
I.u[2133] = {n:"Assegno della Taverna Maokemao",t:24,d:"Questo assegno serve a pagare la nuova tassa sulle taverne annunciata da Oto Mustam.",ep:2,g:54,l:1,wd:true,fm:true,w:0,p:1};
I.u[2134] = {n:"Trof Hapyus",t:32,d:"Scortare Trof Hapyus fuori dalla prigione di Brakmar e portarlo a Oto Mustam.",ep:16,g:4,l:1,wd:true,fm:true,w:0,m:true,p:1};
I.u[2135] = {n:"Assegno della Taverna Bwork Ubriaco",t:24,d:"Questo assegno serve a pagare la nuova tassa sulle taverne annunciata da Oto Mustam.",ep:1,g:54,l:1,wd:true,fm:true,w:0,p:1};
I.u[2136] = {n:"Assegno della Taverna Da Djaul",t:24,d:"Questo assegno serve a pagare la nuova tassa sulle taverne annunciata da Oto Mustam.",ep:1,g:54,l:1,wd:true,fm:true,w:0,p:1};
I.u[2137] = {n:"Assegno della Taverna Golgrot 13",t:24,d:"Questo assegno serve a pagare la nuova tassa sulle taverne annunciata da Oto Mustam.",ep:2,g:54,l:1,wd:true,fm:true,w:0,p:1};
I.u[2138] = {n:"Assegno della Taverna Oh\' Ver d\'Os",t:24,d:"Questo assegno serve a pagare la nuova tassa sulle taverne annunciata da Oto Mustam.",ep:2,g:54,l:1,wd:true,fm:true,w:0,p:1};
I.u[2139] = {n:"Lista di Danathor",t:24,d:"- 3 * Pezzo di Blop Reginetta\n- 1 * Tazza\n- 2 * Ciliegie",ep:2,g:58,l:1,wd:true,fm:true,w:0,p:1};
I.u[2140] = {n:"Busta",t:24,d:"...",ep:2,g:65,l:1,wd:true,fm:true,w:0,p:1};
I.u[2141] = {n:"Polmone delle Pianure",t:24,d:"Questa collana ornata da un enorme diamante verde è talmente vistosa che non ci si accorge neanche della persona che la indossa... il che è molto comodo in certe situazioni.",ep:1,g:66,l:1,wd:true,fm:true,w:0,p:1};
I.u[2143] = {n:"Chiave dei Mercenari",t:15,d:"Hai tra le mani una delle chiavi che potrà farti entrare dai Mercenari.",ep:1,g:404,l:1,wd:true,fm:true,w:0,p:1};
I.u[2144] = {n:"Champello Banale",t:24,d:"Questo Champello non è di buona manifattura, ma ha la qualità di proteggere dal sole.",ep:2,g:68,l:1,wd:false,fm:true,w:0,p:1};
I.u[2145] = {n:"Spilla di Sbab",t:24,d:"Questa spilla ti è stata data da Sbab in segno di rispetto per il tuo onore di demone.",ep:2,g:69,l:1,wd:true,fm:true,w:0,p:1};
I.u[2146] = {n:"Confessione di Oni Tnec",t:24,d:"La confessione di Oni Tnec dove descrive come ha atrocemente ucciso Rimaraf.",ep:2,g:50,l:1,wd:true,fm:true,w:0,p:1};
I.u[2147] = {n:"Veleno di Scorbuto",t:24,d:"Veleno di scorbuto con fattura a nome di Oni Tnec.",ep:2,g:39,l:1,wd:true,fm:true,w:0,p:1};
I.u[2148] = {n:"Resoconto interrogatorio",t:24,d:"Un rapporto che mostra tutti gli erroracci che Oni Tnec ha commesso nella sua inchiesta.",ep:2,g:55,l:1,wd:true,fm:true,w:0,p:1};
I.u[2149] = {n:"Badge di Oni Tnec",t:24,d:"Il badge di Oni Tnec ritrovato in casa di Rimaraf.",ep:2,g:49,l:1,wd:true,fm:true,w:0,p:1};
I.u[2150] = {n:"Seme di Scorbuto",t:58,d:"Questi semi sono stati fabbricati con della tossina di Scorbuto. Ingoiarne uno è mortale, non parliamo di due...",ep:14,g:405,l:36,wd:true,fm:true,w:1,p:1};
I.u[2151] = {n:"Blopisiero avvelenato",t:33,d:"Questo dolce è buonissimo, se non gli si aggiungono dei semi di scorbuto...",ep:3,g:406,l:30,wd:true,fm:true,w:5,p:1};
I.u[2152] = {n:"Colonnello Lyeno",t:32,d:"Porta il Colonnello Lyeno da Amayiro.",ep:16,g:3,l:1,wd:true,fm:true,w:0,m:true,p:1};
I.u[2153] = {n:"Badge di Lyeno",t:24,d:"È il badge di Lyeno che hai raccolto vicino alla prigione in cui si trova.",ep:2,g:49,l:1,wd:true,fm:true,w:0,p:1};
I.u[2154] = {n:"Anello di Sendar",t:9,d:"Anello portato da Silesy.",ep:1,g:7,l:1,wd:false,fm:true,w:1,c:"PN~Silaisie",p:1};
I.u[2155] = {n:"Amuleto di Jiva",t:1,d:"Amuleto portato da Silesy",ep:1,g:19,l:1,wd:false,fm:true,w:1,c:"PN~Silaisie",p:1};
I.u[2156] = {n:"Spada di Giustizia",t:6,d:"Questa spada ti permette di diffondere la santa parola.",ep:1,g:16,l:1,wd:false,fm:true,w:1,an:14,e:[30,5,1,1,30,50,false,false],c:"PN~Silaisie",p:1};
I.u[2157] = {n:"Clint",t:16,d:"Il Clint è un cappello sobrio ma che dice la sua. L\'ultima versione è adatta sia alle avventuriere maliziose quanto agli avventurieri virili. È sicuramente un accessorio di qualità.",ep:1,g:38,l:50,wd:true,fm:true,w:10,c:"Ps=3",p:1};
I.u[2158] = {n:"Lettera di Oto Mustam per Sbab",t:24,d:"Questa lettera piena di ironia ha come unico scopo quello di denigrare Sbab.",ep:2,g:55,l:1,wd:true,fm:true,w:0,p:1};
I.u[2159] = {n:"Pergamena di Coraggio",t:14,d:"Questa pergamena ti permette di migliorare la Forza. Questo può essere utile per esempio quando un Kanigrù affamato ti salta addosso.",ep:1,g:2,l:1,wd:true,fm:true,w:1,ut:true,p:200};
I.u[2160] = {n:"Pergamena di Scoraggiamento",t:14,d:"Questa pergamena ti permette di diminuire la Forza di un unico bersaglio. Questo può essere utile per esempio quando un Kanigrù arrabbiato salta su un tuo acerrimo nemico.",ep:1,g:4,l:1,wd:true,fm:true,w:1,ut:true,p:300};
I.u[2161] = {n:"Pergamena di Scioltezza",t:14,d:"Questa pergamena ti permette di migliorare l\'Agilità. Questo può essere utile per esempio quando devi assolutamente schivare un Muulupo.",ep:1,g:6,l:1,wd:true,fm:true,w:1,ut:true,p:200};
I.u[2162] = {n:"Pergamena di Rigidità",t:14,d:"Questa pergamena ti permette di diminuire l\'Agilità di un unico bersaglio. Questo può essere utile per esempio quando non devi fare fuggire il tuo avversario nel momento in cui si avvicina un Muulupo.",ep:16,g:5,l:1,wd:true,fm:true,w:1,ut:true,p:300};
I.u[2163] = {n:"Armistizio",t:31,d:"Sei inattaccabile fino a quando non entrerai in combattimento.",ep:1,g:3,l:1,wd:true,fm:true,w:0,m:true,c:"Ps=0",p:1};
I.u[2164] = {n:"Campione di lava",t:24,d:"Questo campione è stato trovato a Est della miniera.",ep:2,g:37,l:1,wd:true,fm:true,w:0,p:1};
I.u[2165] = {n:"Campione di lava",t:24,d:"Questo campione è stato trovato a Ovest della miniera.",ep:2,g:37,l:1,wd:true,fm:true,w:0,p:1};
I.u[2166] = {n:"Campione di lava",t:24,d:"Questo campione è stato trovato vicino alla miniera.",ep:2,g:37,l:1,wd:true,fm:true,w:0,p:1};
I.u[2167] = {n:"Campione di lava",t:24,d:"Questo campione è stato trovato a Sud della miniera.",ep:2,g:37,l:1,wd:true,fm:true,w:0,p:1};
I.u[2168] = {n:"Inizio di Rapporto",t:24,d:"Questo rapporto comincia a descrivere gli inquietanti mutamenti della massa magmatica brakmariana.",ep:2,g:55,l:1,wd:true,fm:true,w:0,p:1};
I.u[2169] = {n:"Raaga",t:32,d:"Portare Raaga in una caverna magmatica.",ep:14,g:4,l:1,wd:true,fm:true,w:0,m:true,p:1};
I.u[2170] = {n:"Spada da Mercenario",t:6,d:"Questa lunga spada è pesante e poco maneggevole ma taglia a meraviglia, un po\' come una lunga spada pesante e poco maneggevole...",ep:1,g:25,l:1,wd:true,fm:true,w:1,an:14,tw:true,e:[30,5,1,1,25,50,false,false],p:1};
I.u[2171] = {n:"Rapporto di Raaga",t:24,d:"Questo rapporto descrive i cambiamenti caotici delle attività vulcaniche di Brakmar.",ep:2,g:55,l:1,wd:true,fm:true,w:0,p:1};
I.u[2172] = {n:"Lista dei campioni da trovare",t:24,d:"Raaga ti ha velocemente scritto le indicazioni da seguire per trovare dei buoni campioni di lava:\nCercare in un perimetro di 5 leghe.\nCercare dei piccoli aculei.",ep:2,g:41,l:1,wd:true,fm:true,w:0,p:1};
I.u[2173] = {n:"I segreti del linguaggio scoiattolo",t:25,d:"Questo dizionario ti permetterà di parlare con uno scoiattolo, o almeno di provarci...",ep:2,g:6,l:1,wd:true,fm:true,w:1,u:true,p:50};
I.u[2174] = {n:"Lasciapassare Sala d\'Interrogatorio",t:24,d:"Questo pezzo di carta ti permette di entrare liberamente nelle piccole Sale d\'Interrogatorio della prigione.",ep:2,g:26,l:1,wd:true,fm:true,w:0,p:1};
I.u[2175] = {n:"Minaccia dell\'Intendente",t:24,d:"Una minaccia scritta da Danathor, per non dimenticare di proteggergli le spalle in futuro.",ep:2,g:50,l:1,wd:true,fm:true,w:0,p:1};
I.u[2176] = {n:"Indirizzo di Rimaraf",t:24,d:"Rimaraf abita in una casa di mattoni rossi al numero 13 del Vicolo del Tayo, nel quartiere della Macelleria.",ep:2,g:50,l:1,wd:false,fm:true,w:0,p:1};
I.u[2177] = {n:"Spilla di Danathor",t:24,d:"Questa spilla ti è stata data da Danathor.",ep:2,g:69,l:1,wd:true,fm:true,w:0,p:1};
I.u[2178] = {n:"Modulo di Inchiesta n°36",t:80,d:"Questo modulo consente di identificare dei sospettati di atti criminali.\n(Clicca sulla pergamena, e poi su qualcuno per utilizzarlo)",ep:16,g:6,l:1,wd:true,fm:true,w:1,c:"PO!2181&PO!2177&Ps=1&Pa=27",ut:true,p:100};
I.u[2179] = {n:"Dente di Dragacchino",t:47,d:"Questo dente sembra molto tagliente. Potrebbe essere usato da chiunque come arma temibile. \nPer fortuna il dragacchino lo usa solo per masticare l\'insalata.",ep:2,g:419,l:20,wd:true,fm:true,w:2,p:1};
I.u[2180] = {n:"Resoconto interrogatorio",t:24,d:"L\'alibi di questa persona sembra inattaccabile...",ep:2,g:55,l:1,wd:true,fm:true,w:0,c:"PO!2177",p:1};
I.u[2181] = {n:"Resoconto interrogatorio",t:24,d:"Questa persona è sospetta, il suo alibi non sta in piedi...",ep:2,g:55,l:1,wd:true,fm:true,w:0,c:"PO=2177",p:1};
I.u[2182] = {n:"Biglietto di un investigatore",t:24,d:"Un investigatore della milizia ti sorveglia e ti sospetta dell\'assassino di Rimaraf.\nTi ha lasciato il suo biglietto quando ti ha interrogato...",ep:2,g:71,l:1,wd:true,fm:true,w:0,c:"PO=2177",p:1};
I.u[2183] = {n:"Pozione d\'oblio di mestiere: Pescatore",t:44,d:"Questa pozione ti farà dimenticare il mestiere di Pescatore",ep:1,g:2,l:1,wd:true,fm:true,w:1,c:"Pz=0",u:true,p:10};
I.u[2184] = {n:"Pozione d\'oblio di mestiere: Pescivendolo",t:44,d:"Questa pozione ti farà dimenticare il mestiere di Pescivendolo",ep:1,g:2,l:1,wd:true,fm:true,w:1,c:"Pz=0",u:true,p:10};
I.u[2185] = {n:"Pozione d\'oblio di mestiere: Cacciatore",t:44,d:"Questa pozione ti farà dimenticare il mestiere di Cacciatore",ep:1,g:2,l:1,wd:true,fm:true,w:1,c:"Pz=0",u:true,p:10};
I.u[2186] = {n:"Pozione d\'oblio di mestiere: Macellaio",t:44,d:"Questa pozione ti farà dimenticare il mestiere di Macellaio",ep:1,g:2,l:1,wd:true,fm:true,w:1,c:"Pz=0",u:true,p:10};
I.u[2187] = {n:"Pescis Decompetizione",t:41,d:"Questo pesce, che si può pescare solo nella pichina di Sufokia, è un incrocio di molte specie di pesci.",ep:7,g:400,l:1,wd:true,fm:true,w:20,p:1};
I.u[2188] = {n:"Canna da Pescis",t:20,d:"Solo questa canna permette di pescare i pescis della pichina di Sufokia.",ep:7,g:8,l:1,wd:true,fm:true,w:2,an:18,e:[1,5,1,5,10,10,false,true],p:50};
I.u[2189] = {n:"Certificato di buon voto",t:24,d:"Questo pezzettino di carta firmato da Satirev Refibrom certifica il tuo voto durante una sentenza... e che hai votato bene.",ep:2,g:26,l:1,wd:true,fm:true,w:0,p:1};
I.u[2190] = {n:"Modulo di Inchiesta n°33",t:80,d:"Questo Modulo di solito permette di far ammettere le colpe di un crimine ad un sospetto. Non ti rimane che riempirlo da te per creare un falso interrogatorio di \"Oni Tnec\".\n(Clicca qui e usalo su te stesso)",ep:16,g:6,l:1,wd:true,fm:false,w:1,c:"PO=2177&Ps=1&Pa=27",u:true,p:100};
I.u[2191] = {n:"Certificato di cattivo voto",t:24,d:"Questo pezzettino di carta firmato da Satirev Refibrom certifica il tuo voto durante una sentenza... e che hai votato male.",ep:2,g:26,l:1,wd:true,fm:true,w:0,p:1};
I.u[2192] = {n:"Documenti rubati",t:24,d:"Questi documenti top secret sono sigillati con un glifo di morte. Se li apri non potrai leggerli...",ep:2,g:55,l:1,wd:true,fm:true,w:0,p:1};
I.u[2193] = {n:"Ciuffo di capelli di Puja",t:24,d:"Hai dato una bella lezione al figlio di Oto Mustam. Non lo apprezzerà sicuramente.",ep:2,g:30,l:1,wd:true,fm:true,w:0,p:1};
I.u[2194] = {n:"Promemoria",t:24,d:"Recupera 10 cortecce di Alberagno.",ep:2,g:50,l:1,wd:true,fm:true,w:0,p:1};
I.u[2195] = {n:"Dente",t:24,d:"Questo dente è probabilmente il tuo, vista la mazzata che ti ha dato Oto Mustam.\nSarebbe meglio, forse, aspettare che si calmi prima di parlargli di nuovo, a meno che tu non voglia farti massacrare un\'altra volta.",ep:1,g:35,l:1,wd:true,fm:true,w:0,p:1};
I.u[2196] = {n:"Conoscenza",t:29,d:"Questa benedizione aumenta la tua intelligenza durante i prossimi combattimenti.",ep:18,g:3,l:1,wd:true,fm:true,w:0,m:true,p:1};
I.u[2197] = {n:"La Forza Divorzio",t:14,d:"Questi anelli consentono di spezzare i sacri legami del matrimonio.",ep:1,g:13,l:1,wd:true,fm:true,w:0,ut:true,p:1};
I.u[2198] = {n:"Pergamena di Conoscenza",t:14,d:"Questa pergamena ti permette di migliorare l\'Intelligenza. Questo può essere utile per esempio quando devi conservare la calma davanti a due Bwork.",ep:1,g:7,l:1,wd:true,fm:true,w:1,ut:true,p:1};
I.u[2199] = {n:"Pergamena di Stupidità",t:14,d:"Questa pergamena ti permette di diminuire l\'Intelligenza di un unico bersaglio. Questo può essere utile per esempio quando il tuo nemico è nel panico per l\'arrivo di due Bwork.",ep:1,g:8,l:1,wd:true,fm:true,w:1,ut:true,p:1};
I.u[2200] = {n:"Minaccia di Satirev Refibrom",t:24,d:"Il grande giudice di Brakmar non vuole più vederti. Sembra che tu non occupi neanche un piccolissimo spazio nel suo cuore... ma la verità è che non ha cuore.",ep:2,g:50,l:1,wd:true,fm:true,w:0,p:1};
I.u[2201] = {n:"Serenità",t:29,d:"Questa maledizione ti impedirà di acquisire Saggezza nei prossimi combattimenti.",ep:1,g:4,l:1,wd:true,fm:true,w:0,m:true,p:1};
I.u[2202] = {n:"Senilità",t:30,d:"Questa maledizione diminuirà la tua Saggezza nel prossimo combattimento.",ep:1,g:4,l:1,wd:true,fm:true,w:0,m:true,p:1};
I.u[2203] = {n:"Pergamena di Moderazione",t:14,d:"Questa pergamena ti permette di migliorare la Saggezza. Questo può essere utile per esempio quando devi arrivare più velocemente alla caviglia di Dark Vlad.",ep:1,g:9,l:1,wd:true,fm:true,w:2,ut:true,p:250};
I.u[2204] = {n:"Pergamena di Senilità",t:14,d:"Questa pergamena ti permette di diminuire la Saggezza di un unico bersaglio. Questo può essere utile per esempio quando il tuo nemico cerca di arrivare più velocemente di te alla caviglia di Dark Vlad.",ep:1,g:10,l:1,wd:true,fm:true,w:2,ut:true,p:500};
I.u[2205] = {n:"Cambiamento di ordine",t:24,d:"Questo biglietto indica che hai già effettuato un combiamento di ordine.",ep:2,g:50,l:1,wd:true,fm:true,w:0,p:1};
I.u[2206] = {n:"Buona sorte",t:29,d:"Questa benedizione aumenterà la tua Fortuna nel prossimo combattimento.",ep:18,g:5,l:1,wd:true,fm:true,w:0,m:true,p:1};
I.u[2207] = {n:"Foglio di detenzione",t:24,d:"Su questo pezzo di carta sono indicati i crimini che hai commesso, nonché la data in cui sei stato incarcerato...",ep:2,g:73,l:1,wd:true,fm:true,w:0,p:1};
I.u[2208] = {n:"Iella",t:30,d:"Questa maledizione diminuirà la tua Fortuna nel prossimo combattimento.",ep:1,g:5,l:1,wd:true,fm:true,w:0,m:true,p:1};
I.u[2209] = {n:"Pergamena di Fortuna",t:14,d:"Questa pergamena ti permette di migliorare la Fortuna. Questo può essere utile per esempio per trovare più facilmente un Tofu in una balla di fieno.",ep:1,g:11,l:1,wd:true,fm:true,w:2,ut:true,p:250};
I.u[2210] = {n:"Pergamena di Iella",t:14,d:"Questa pergamena ti permette di diminuire la Fortuna di un bersaglio unico. Questo può essere utile per esempio quando il tuo nemico tenta di fare fortuna...",ep:1,g:12,l:1,wd:true,fm:true,w:2,ut:true,p:500};
I.u[2211] = {n:"Vestito Yopesco",t:14,d:"Grazie a questo vestito splenderai durante le serate mondane. L\'unico problema è che la gente non perderà neanche un\'occasione per dirti che sei furbo come uno Yop.",ep:1,g:14,l:1,wd:true,fm:true,w:10,c:"Pg=10",u:true,p:100};
I.u[2212] = {n:"Vestito Xeloresco",t:14,d:"Con questo cappello e qualche altro accessorio incluso, la somiglianza è perfetta. Sei proprio uno Xelor, non c\'è ombra di dubbio.",ep:1,g:15,l:1,wd:true,fm:true,w:10,c:"Pg=10",u:true,p:100};
I.u[2213] = {n:"Vestito Sadidesco",t:14,d:"Basta poco per assomigliare a un Sadida: uno scendiletto, lo sguardo addormentato e la testa incastrata tra le gambe. L\'effetto è garantito.",ep:1,g:16,l:1,wd:true,fm:true,w:10,c:"Pg=10",u:true,p:100};
I.u[2214] = {n:"Attitudine Yop",t:31,d:"Avrai l\'attitudine Yop fino a quando non entrerai in combattimento",ep:1,g:4,l:1,wd:true,fm:false,w:0,m:true,p:1};
I.u[2215] = {n:"Attitudine Xelor",t:31,d:"Avrai l\'attitudine Xelor fino a quando non entrerai in combattimento",ep:1,g:5,l:1,wd:true,fm:false,w:0,m:true,p:1};
I.u[2216] = {n:"Attitudine Sadida",t:31,d:"Avrai l\'attitudine Sadida fino a quando non entrerai in combattimento",ep:1,g:6,l:1,wd:true,fm:false,w:0,m:true,p:1};
I.u[2217] = {n:"Vestito Fecaesco",t:14,d:"Questa parrucca era dentro un vecchio sgabuzzino, ecco il perché del suo aspetto un po\' antico. È comunque impressionante la tua somiglianza con un Feca quando la indossi (perche tu lo vuoi).",ep:1,g:17,l:1,wd:true,fm:true,w:10,c:"Pg=10",u:true,p:100};
I.u[2218] = {n:"Attitudine Feca",t:31,d:"Avrai l\'attitudine Feca fino a quando non entrerai in combattimento.",ep:1,g:7,l:1,wd:true,fm:false,w:0,m:true,p:1};
I.u[2219] = {n:"Vestito Aniripsesco",t:14,d:"Queste ali di Aniripsa non ti faranno volare. Quindi evita di fare il furbo davanti ai tuoi amici, rischieresti di fare un atterraggio alquanto ridicolo!",ep:1,g:18,l:1,wd:true,fm:true,w:10,c:"Pg=10",u:true,p:100};
I.u[2220] = {n:"Attitudine Aniripsa",t:31,d:"Avrai l\'attitudine Aniripsa fino a quando non entrerai in combattimento.",ep:1,g:8,l:1,wd:true,fm:false,w:0,m:true,p:1};
I.u[2221] = {n:"Vestito Anutrofesco",t:14,d:"Questa falsa barba ti fa assomigliare a un Anutrof, ma non solo... ti dà anche l\'alito di un Anutrof del sabato sera. Altro che febbre!",ep:1,g:19,l:1,wd:true,fm:true,w:10,c:"Pg=10",u:true,p:100};
I.u[2222] = {n:"Attitudine Anutrof",t:31,d:"Avrai l\'attitudine Anutrof fino a quando non entrerai in combattimento.",ep:1,g:9,l:1,wd:true,fm:false,w:0,m:true,p:1};
I.u[2223] = {n:"Vestito Sàcridesco",t:14,d:"Un po\' di sangue di Tofu, delle vecchie cicatrici, uno sguardo da pirata psicopatico ed è fatta. Potrai partecipare alle riunioni dei Sàcridi infiltrandoti tra di loro e senza farti riconoscere.",ep:1,g:20,l:1,wd:true,fm:true,w:10,c:"Pg=10",u:true,p:1};
I.u[2224] = {n:"Attitudine Sàcrido",t:31,d:"Avrai l\'attitudine Sàcrido fino a quando non entrerai in combattimento",ep:1,g:10,l:1,wd:true,fm:false,w:0,m:true,p:1};
I.u[2225] = {n:"Vestito Etramesco",t:14,d:"Un Kwane, un mantello sulla testa... l\'illusione è perfetta. Se indossi questo vestito avrai sicuramente l\'aria di un terribile e abietto personaggio uscito dal fondo di un cimitero: un Etram, insomma.",ep:1,g:21,l:1,wd:true,fm:true,w:10,c:"Pg=10",u:true,p:1};
I.u[2226] = {n:"Attitudine Etram",t:31,d:"Avrai l\'attitudine Etram fino a quando non entrerai in combattimento.",ep:1,g:11,l:1,wd:true,fm:false,w:0,m:true,p:1};
I.u[2227] = {n:"Vestito Osamodesco",t:14,d:"Mettiti questa coda forcuta e queste corna che ti calzeranno a pennello, e preparati a partecipare alle famose feste \"vip\" che gli Osamodas fanno di nascosto.",ep:1,g:22,l:1,wd:true,fm:true,w:10,c:"Pg=10",u:true,p:1};
I.u[2228] = {n:"Attitudine Osamodas",t:31,d:"Avrai l\'attitudine Osamodas fino a quando non entrerai in combattimento.",ep:1,g:12,l:1,wd:true,fm:false,w:0,m:true,p:1};
I.u[2229] = {n:"Vestito Ecaflipesco",t:14,d:"Ci troverai delle orecchie di pelo di Wabbit molto morbide, una coda tigrata e una scatola di pulci eccitate. Non c\'è dubbio, quando rifilerai queste bestiole ai tuoi vicini, nessuno potrà dubitare del tuo talento di trasformista.",ep:1,g:23,l:1,wd:true,fm:true,w:10,c:"Pg=10",u:true,p:1};
I.u[2230] = {n:"Attitudine Ecaflip",t:31,d:"Avrai l\'attitudine Ecaflip fino a quando non entrerai in combattimento.",ep:1,g:13,l:1,wd:true,fm:false,w:0,m:true,p:1};
I.u[2231] = {n:"Vestito Ocraesco",t:14,d:"L\'Ocra, come avete notato, va in giro sempre con la sua faretra. Non c\'è da stupirsi allora che, se indossi questo vestito, la gente ti scambi per uno di loro. Ma è solo un bluff, come ti piace fregarli ogni volta!",ep:1,g:24,l:1,wd:true,fm:true,w:10,c:"Pg=10",u:true,p:1};
I.u[2232] = {n:"Attitudine Ocra",t:31,d:"Avrai l\'attitudine Ocra fino a quando non entrerai in combattimento.",ep:1,g:14,l:1,wd:true,fm:false,w:0,m:true,p:1};
I.u[2233] = {n:"La Croccatrice",t:10,d:"Questa cintura fu creata da Xof il Volpo, il quale ebbe la buona idea di raccogliere tutti i denti possibili e immaginabili su un campo di battaglia Wabbit. Da quel giorno, tale gesto è diventato quasi un rituale.",ep:8,g:20,l:28,wd:true,fm:true,w:20,c:"CS<40&CI>80",p:2400};
I.u[2234] = {n:"Attitudine Bonta",t:31,d:"Avrai l\'attitudine Bonta fino a quando non entrerai in combattimento.",ep:1,g:15,l:1,wd:true,fm:true,w:0,m:true,u:true,p:1};
I.u[2235] = {n:"Attitudine Brakmar",t:31,d:"Avrai l\'attitudine Brakmar fino a quando non entrerai in combattimento.",ep:1,g:16,l:1,wd:true,fm:true,w:0,m:true,u:true,p:1};
I.u[2236] = {n:"Vestito Bontesco",t:14,d:"Indossando questo vestito sarai fermato da un buon numero di avventurieri che ti saluteranno e domanderanno il cammino da seguire.",ep:1,g:25,l:1,wd:true,fm:true,w:10,c:"Pg=10",u:true,p:1};
I.u[2237] = {n:"Vestito Brakmaresco",t:14,d:"Indossando questo vestito sarai temuto da tutti.",ep:1,g:26,l:1,wd:true,fm:true,w:10,c:"Pg=10",u:true,p:1};
I.u[2239] = {n:"Polvere di Aniripsa",t:48,d:"Questa polvere è prodotta in piccole quantità con ali di Aniripsa. Sembra possedere virtù curative per i famigli.",ep:3,g:260,l:1,wd:true,fm:true,w:1,p:1000};
I.u[2240] = {n:"Piccola Fata di Artificio Rossa",t:74,d:"Ideale per le piccole feste di matrimonio, perfetta per la festa della Mutanda del Capitano Chafer.",ep:16,g:28,l:1,wd:true,fm:true,w:1,ut:true,p:350};
I.u[2241] = {n:"Gelatina Menta Reale",t:110,d:"La Gelatina Menta Reale ha depredato più di un avventuriero un po\' troppo incosciente, ma eccola annientata. Attenzione: è sconsigliato consumarla come una volgare Gelatina Menta.",ep:7,g:408,l:100,wd:true,fm:true,w:1,p:100};
I.u[2242] = {n:"Gelatina Fragola Reale",t:110,d:"Il concentrato di Gelatina Fragola Reale può trasformare qualsiasi tabi pacifista in una macchina da guerra assetata di sangue. Attenzione quindi a proporla come aperitivo ai tuoi amici.",ep:7,g:409,l:150,wd:true,fm:true,w:1,p:100};
I.u[2245] = {n:"Pinza di Scorbuto",t:47,d:"Prima usata per grattare il fondoschiena, oggi è anche molto utile come gancio da muro per appendere i mantelli. Funziona benissimo anche se l\'agganci nel fondoschiena, ma è un pelino più doloroso.",ep:14,g:411,l:36,wd:true,fm:true,w:1,p:1};
I.u[2246] = {n:"Corona Spezzata del Tofu Reale",t:15,d:"Questa corona è stata spezzata da potenti attacchi magici, o dall\'ultima testata che il Tofu Reale ha tentato di darti.",ep:3,g:412,l:100,wd:true,fm:true,w:10,p:250};
I.u[2247] = {n:"Piuma di Tofu Reale",t:53,d:"Solo uno Yop potrebbe non rendersi conto che questa piuma proviene dalla groppa di un Tofu Reale. Eppure si vede, la piuma è più grossa.",ep:3,g:413,l:100,wd:true,fm:true,w:11,p:250};
I.u[2248] = {n:"Pelo di Uginak",t:54,d:"Questo Pelo tiene caldo, la prova è che la tua mano è umida da quando lo osservi. A meno che non sia la paura per la reazione del prossimo Uginak che ti vedrà con questo pelo. Diventerà pazzo di rabbia!\nWa-hoooo che storia!",ep:14,g:414,l:51,wd:true,fm:true,w:1,p:1};
I.u[2249] = {n:"Foglia di Tronknyde",t:36,d:"Questa Foglia dà sicuramente al Tronknyde la forza di battersi. Ma bisogna sapere come servirsene. Quello che viene subito in mente è di tritarla e unirla ai fagiolini. Una leccornia.",ep:2,g:415,l:35,wd:true,fm:true,w:1,p:1};
I.u[2250] = {n:"Legno di Tronknyde",t:38,d:"Questo pezzo di legno sembra vuoto. Il liquido verde che ne esce indica chiaramente che si trattava del naso di un Tronknyde.",ep:9,g:416,l:35,wd:true,fm:true,w:1,p:100};
I.u[2251] = {n:"Mega Pietra del Croccaroc",t:51,d:"Non ti getto la Megapietra, Pietro!",ep:5,g:417,l:45,wd:true,fm:true,w:15,p:150};
I.u[2252] = {n:"Dente d\'Oro del Croccaroc",t:47,d:"Hai appena sdentato senza scrupoli il Croccaroc che incrociava il tuo cammino. Peccato che possedesse solo un dente, qualcuno in più avrebbe sicuramente coperto le spese dello Zaap per un mese intero.",ep:5,g:418,l:31,wd:true,fm:true,w:5,p:1};
I.u[2253] = {n:"Fiore di Glutovora",t:35,d:"Questo Fiore facilita il transito intestinale. È vivamente raccomandato dopo un soggiorno presso il tuo cuoco preferito.",ep:12,g:420,l:42,wd:true,fm:true,w:1,p:100};
I.u[2254] = {n:"Foglia di Furbazza",t:36,d:"La foglia di Furbazza ha un gusto particolare, tra la nocciola e l\'insalace poco fresca. I tuoi piatti avranno così un piccolo sapore di furberia, se sei ancora disposto ad assaggiarla.",ep:2,g:421,l:22,wd:true,fm:true,w:1,p:1};
I.u[2255] = {n:"Rapporto della Spia",t:24,d:"Nessuna attività pericolosa al momento. L\'organizzazione dei Miliziani è turbata dall\'assassinio di uno di loro. Sembra che il colpevole sia un Bontariano.",ep:2,g:55,l:1,wd:true,fm:true,w:0,p:1};
I.u[2256] = {n:"Carcassa di Ratto di Fogna",t:24,d:"Questo ratto è morto stecchito. Menomale, uno in meno che gira nelle fogne.",ep:2,g:121,l:1,wd:true,fm:true,w:0,p:1};
I.u[2257] = {n:"Pezzo di mura di fogna",t:24,d:"Questo pezzo di muro di fogna è stato ritrovato nello stomaco di un aggeggio.",ep:2,g:55,l:1,wd:true,fm:true,w:0,p:1};
I.u[2259] = {n:"Dente di Karne",t:47,d:"Hai tra le mani il gioco più vecchio della contrada di Amakna. Le regole sono semplici: lancia un dente e cerca di riacchiapparlo con la stessa mano, mentre prendi un altro Dente di Karne appoggiato per terra.",ep:4,g:13,l:16,wd:true,fm:true,w:1,p:20};
I.u[2260] = {n:"Biglietto di un brakmariano",t:24,d:"Qualcuno ha infilato questo bigliettino da visita nel tuo equipaggiamento. Sembra essere un brakmariano. Questo biglietto dice che i Guerrieri sono interessati al tuo talento di assassino e ti propongono di unirti alla folle avventura brakmariana.",ep:2,g:72,l:1,wd:true,fm:true,w:0,c:"PO=2177",p:1};
I.u[2261] = {n:"Spirito Annusatore",t:30,d:"Uno spirito annusatore ti ossessiona. Si nutre del tuo odore e della tua vitalità.",ep:1,g:7,l:1,wd:true,fm:true,w:0,m:true,p:1};
I.u[2262] = {n:"Descrizione dell\'Assassino",t:24,d:"Hai trovato un Bontariano che puzzava di sangue. Su questo foglio di carta ci sono scritte tutte le informazioni che sei riuscito a trovare su questo personaggio.",ep:2,g:55,l:1,wd:true,fm:true,w:0,c:"PO=2177",p:1};
I.u[2263] = {n:"Bastone annusatore di Sangue",t:80,d:"Questo bastone è posseduto da uno spirito annusatore. Una volta liberato, questo spirito si fionderà in men che non si dica sulla persona più vicina che porti il suo odore preferito. Assillerà il malcapitato per un po\' di tempo prima di ritornare nel paese degli spiriti.",ep:16,g:25,l:1,wd:true,fm:true,w:10,ut:true,p:1};
I.u[2264] = {n:"Pelle di Goblin",t:59,d:"Un Goblin è spesso subdolo e dispettoso, ma se lo spezzetti farà certamente meno il furbo... maledetto Goblin!",ep:4,g:422,l:16,wd:true,fm:true,w:1,p:1};
I.u[2265] = {n:"Descrizione di un bontariano",t:24,d:"Hai liberato uno spirito annusatore che non si è fermato sulla persona scelta. Su questo foglio di carta hai scritto qualche informazione per ricordarti di questa persona.",ep:2,g:55,l:1,wd:true,fm:true,w:0,c:"PO!2177",p:1};
I.u[2266] = {n:"Latte di Maiale da Latte",t:15,d:"Questo latte proviene da un Maiale da Latte. Non si sa mai, nel caso pensassi di averlo preso da un Tofu...",ep:1,g:423,l:18,wd:true,fm:true,w:1,p:1};
I.u[2267] = {n:"Dragolatte",t:15,d:"Questo Dragolatte è un cibo unico perché nessuno nella contrada ha mai visto un Drago Maiale lasciarsi mungere. Ci vogliono almeno sette persone per tenere la bestiola e un\'ottava che la munge molto, molto in fretta.",ep:2,g:424,l:70,wd:true,fm:true,w:2,p:1};
I.u[2268] = {n:"Scalpo di Bwork Arciere",t:15,d:"Ecco uno Scalpo che potrebbe lanciare una nuova moda per gli Anutrof: il parrucchino. Un po\' di anti-pulci e sarai pronto per il concorso mondiale dell\'Anutrof di classe.",ep:4,g:425,l:24,wd:true,fm:true,w:1,p:1};
I.u[2269] = {n:"Occhio di Larva Blu",t:24,d:"Hai appena recuperato quest\'occhio intatto. Se ben preparati, gli occhi strapazzati sono buonissimi per colazione. Quest\'occhio di larva, inoltre, proverà a Oto che hai veramente ucciso una larva blu.",ep:1,g:70,l:1,wd:true,fm:true,w:0,p:1};
I.u[2270] = {n:"Grappolo di Uova di Larva",t:24,d:"Questo grappolo di uova assomiglia a un grosso grappolo d\'uva. Ma è meglio evitare di mangiarlo.",ep:1,g:83,l:1,wd:true,fm:true,w:0,p:1};
I.u[2271] = {n:"Cuoio Viola di Bwork",t:56,d:"Ci sono ancora molti misteri attorno a questo manufatto Bwork. Certi avventurieri pensano che la tinta violacea provenga da un Goblin, ma non ci sono ipotesi sull\'origine del cuoio. Che strano...",ep:4,g:426,l:31,wd:true,fm:true,w:1,p:1};
I.u[2272] = {n:"Larva Dorata",t:32,d:"Questa larva è appena uscita dall\'uovo. Il suo primo sguardo si è posato su di te, e ora è convinta che tu sia sua mamma.",ep:1,g:5,l:1,wd:true,fm:true,w:10,m:true,p:1};
I.u[2273] = {n:"Tessuto Porpora",t:55,d:"Leggero e morbido al tatto, ecco cosa si può dire del Tessuto Porpora. Sull\'etichetta al suo interno c\'è scritto \"made in taglia one\".",ep:2,g:427,l:23,wd:true,fm:true,w:1,p:1};
I.u[2274] = {n:"Candela del Minatore Oscuro",t:15,d:"Prendi un Anutrof: quando fa buio in miniera, non lo si vede più. La stessa cosa ora accade al Minatore Oscuro, perché tu gli hai preso la candela!",ep:1,g:428,l:24,wd:true,fm:true,w:10,p:10000};
I.u[2275] = {n:"Cuoio di Porkass",t:56,d:"Il Porkass ha rischiato di estinguersi. È stato necessario incrociare i Cinghiali e i Maiali da Latte per rivedere le Pianure di Cania ripopolarsi di Porkass. Da quel momento però, il Porkass ce l\'ha con tutti e tutto. Che carattere da porco.",ep:2,g:429,l:40,wd:true,fm:true,w:10,p:1};
I.u[2277] = {n:"Lenzuolo",t:55,d:"Per avere più credibilità, i fantasmi si avvolgono in un Lenzuolo che gli permette di terrorizzare tutti gli avventurieri persi.",ep:14,g:430,l:65,wd:true,fm:true,w:1,p:1000};
I.u[2278] = {n:"Tessuto Invisibile",t:55,d:"Questo tessuto servì a Harry Talper, il Cacciatore di talpe. Ci si arrotolava dentro per prendere le Talpe che infestavano il suo giardino. È stato poi il carismatico Capitano Chafer a appropriarsene in circostanze molto strane...",ep:1,g:431,l:23,wd:true,fm:true,w:1,p:1};
I.u[2279] = {n:"Dente Appuntito",t:47,d:"Non c\'è dubbio, questo dente apparteneva a un Vampiro. Sì può constatare osservandolo da vicino... difficile trovarne di più appuntiti.",ep:3,g:432,l:15,wd:true,fm:true,w:1,p:1};
I.u[2280] = {n:"Cannuccia Vampiresca",t:15,d:"Non sottovalutate mai un vampiro, soprattutto quando ha una cannuccia in mano, potrebbe succhiarvi il sangue fino all\'ultima goccia.",ep:3,g:433,l:22,wd:true,fm:true,w:1,p:1};
I.u[2281] = {n:"Tessuto Sanguigno",t:55,d:"Questo tessuto sembra vivo, i vampiri lo usano spesso per creare graziosi costumi da indossare durante i balli in maschera.",ep:3,g:434,l:15,wd:true,fm:true,w:1,p:1};
I.u[2282] = {n:"Ciuffo di capelli bianchi",t:15,d:"Ecco la prova che anche i mostri hanno tante preoccupazioni.",ep:1,g:435,l:24,wd:true,fm:true,w:1,p:1};
I.u[2283] = {n:"Occhio di Kwoan",t:109,d:"Questo Occhio di Kwoan ha degli effetti ipnotici sorprendenti, il che vuol dire che bisogna sempre tenere un occhio su di te quando lo maneggi.",ep:3,g:436,l:8,wd:true,fm:true,w:1,p:1};
I.u[2284] = {n:"Nota di Harry Stote",t:24,d:"L\'entrata della grotta leggendaria delle larve dorate si trova un po\' a ovest di Amakna. I poteri nascosti della larva dorata ti permetteranno di entrarvi. Attenzione: se la piccola larva subirà dei danni si getterà subito tra le braccia di suo padre.",ep:2,g:55,l:1,wd:true,fm:true,w:0,p:1};
I.u[2285] = {n:"Tessuto Oscuro",t:55,d:"La peculiarità di questo Tessuto non è più un soggetto di discussione. A parte questo, è molto irritante al tatto sicuramente perché un Uginak ci si è soffiato il naso per molti anni.",ep:3,g:437,l:50,wd:true,fm:true,w:1,p:1};
I.u[2286] = {n:"Bende",t:15,d:"Queste bende sono rivoluzionarie: triplo spessore, profumate alla viola, ultraresistenti. Si tratta veramente di un prodotto di qualità.",ep:2,g:438,l:51,wd:true,fm:true,w:1,p:1};
I.u[2287] = {n:"Cuoio Nero",t:56,d:"Questo cuoio è già trattato, la sua origine non è certa ma il colore proviene probabilmente da una tintura speciale.",ep:1,g:439,l:74,wd:true,fm:true,w:1,p:1};
I.u[2288] = {n:"Zampa di Wabbit",t:103,d:"Numerosi turisti vanno sull\'isola dei Wabbit solo per munirsi di una Zampa di Wabbit perché porta fortuna. Sfortunatamente non è vero... ma questa notizia penalizzerebbe molto il turismo.",ep:8,g:440,l:18,wd:true,fm:true,w:1,p:1};
I.u[2290] = {n:"Carapace di Scarafoglie Bianco",t:107,d:"Non ci vuole molto per avere una bella abat-jour a casa propria. Ma questo carapace deve pur avere un\'altra utilità, o almeno speriamo...",ep:3,g:441,l:32,wd:true,fm:true,w:1,p:1};
I.u[2291] = {n:"Carapace di Scarafoglie Blu",t:107,d:"Non ci vuole molto per avere una bella abat-jour a casa propria. Ma questo carapace deve pur avere un\'altra utilità, o almeno speriamo...",ep:3,g:442,l:32,wd:true,fm:true,w:1,p:1};
I.u[2292] = {n:"Carapace di Scarafoglie Rosso",t:107,d:"Non ci vuole molto per avere una bella abat-jour a casa propria. Ma questo carapace deve pur avere un\'altra utilità, o almeno speriamo...",ep:3,g:443,l:32,wd:true,fm:true,w:1,p:1};
I.u[2293] = {n:"Carapace di Scarafoglie Verde",t:107,d:"Non ci vuole molto per avere una bella abat-jour a casa propria. Ma questo carapace deve pur avere un\'altra utilità, o almeno speriamo...",ep:3,g:444,l:32,wd:true,fm:true,w:1,p:1};
I.u[2294] = {n:"Viscere di Scarafoglie",t:15,d:"A prima vista, queste viscere non sembrano essere così appetitose. Eppure, tritate con erbe fini seccate al sole, un po\' di menta selvatica, e cotte in salsa in un vecchio pentolone arrugginito, queste viscere faranno leccare le dita al più goloso degli Chafer.",ep:3,g:445,l:32,wd:true,fm:true,w:1,p:1};
I.u[2295] = {n:"Frammento di Spada Rettile",t:15,d:"Con questo Frammento di Spada appeso al camino, potrai vantarti di domare i Coccodrail, proprio come l\'eccentrico Mikul, meglio conosciuto con il nome di Coccodrail Dandy.",ep:4,g:446,l:69,wd:true,fm:true,w:10,p:1};
I.u[2296] = {n:"Scudo Rettile",t:15,d:"A cosa potrebbe servire questo magnifico scudo ornato di pietre preziose? Aspettando di scoprire la risposta, potresti già usarlo come vassoio da té.",ep:4,g:447,l:69,wd:true,fm:true,w:15,p:1};
I.u[2297] = {n:"Freccia di Balestra",t:15,d:"Questa freccia potrebbe servirti per fabbricare un\'arma corta ma tagliente. Ma potresti anche usarla come stuzzicadenti... a te la scelta.",ep:1,g:125,l:34,wd:true,fm:true,w:1,p:1};
I.u[2298] = {n:"null",t:65,d:"",ep:0,g:448,l:1,wd:true,fm:true,w:1,p:1};
I.u[2299] = {n:"Spallina del Dark Vlad",t:15,d:"Questa spallina ha visto più di una battaglia. Anche se apparentemente non sembra molto resistente, se ci tieni alla tua arma è meglio che non colpisci il Dark Vlad alla spalla.",ep:2,g:449,l:120,wd:true,fm:true,w:5,p:80};
I.u[2300] = {n:"Frammento di Osso",t:47,d:"Questo Frammento di Osso proviene dai resti di uno Chafer del neolitico o dal pasto di un Muulupo. Ma ci sono buone possibilità che non sia di nessuno dei due.",ep:9,g:450,l:43,wd:true,fm:true,w:1,p:1};
I.u[2301] = {n:"Baffi di Koleratto",t:15,d:"Questi baffi poco resistenti potranno servirti per fare il pagliaccio davanti agli amici, per esempio per mascherarti da Salve e Torh Bali, Grandi pittori Brakmariani.",ep:2,g:451,l:9,wd:true,fm:true,w:1,p:1};
I.u[2302] = {n:"Lingua di Granchio",t:15,d:"I cervelli di Amakna si chiedono ancora quale sia l\'utilità di questa lingua per i granchi. Se conoscessero la risposta ne sarebbero probabilmente contrariati.",ep:1,g:452,l:4,wd:true,fm:true,w:1,p:1};
I.u[2303] = {n:"Carapace Vuoto di Granchio",t:107,d:"Se ben pulito, questo Carapace di Granchio può contenere diversi oggetti, che purtroppo conserveranno per sempre un odore di Granchio parecchio inquietante.",ep:1,g:453,l:4,wd:true,fm:true,w:2,p:1};
I.u[2304] = {n:"Frammento di Pietra Levigata",t:51,d:"Questo Frammento proviene dalla chiappa sinistra di un Croccaroc delle Pianure. Non c\'è niente di meglio per distruggere un\'Arakne, a parte un Croccaroc intero ovviamente.",ep:5,g:454,l:45,wd:true,fm:true,w:5,p:1};
I.u[2305] = {n:"Frammento di Pietra Appuntita",t:51,d:"Questo Frammento proviene dalla scapola destra di un Croccaroc delle Pianure. A meno che non si tratti di una parte un po\' più bassa... A ogni modo, questa pietra non è da piazzare a caso.",ep:5,g:455,l:45,wd:true,fm:true,w:5,p:1};
I.u[2306] = {n:"Cuore di Croccaroc",t:51,d:"\"Cuore di pietra, non vedi l\'amore che provo per te? Se continui, ti lascerò per terra, non mi farò opprimere così!\"",ep:5,g:456,l:45,wd:true,fm:true,w:5,p:1};
I.u[2307] = {n:"Scudo dello Chafer Lanciere",t:24,d:"...",ep:2,g:75,l:1,wd:true,fm:true,w:0,p:1};
I.u[2308] = {n:"Badge Brakmariano",t:24,d:"Questo badge permette di identificare un guerriero quando muore sul campo di battaglia. Si dice che a Bonta qualcuno ne faccia la collezione.",ep:2,g:76,l:1,wd:true,fm:true,w:0,p:1};
I.u[2309] = {n:"Candela Rossa",t:24,d:"Questa candela rossa non è come le altre...",ep:1,g:77,l:1,wd:true,fm:true,w:0,p:1};
I.u[2310] = {n:"Candela Verde",t:24,d:"...",ep:2,g:78,l:1,wd:true,fm:true,w:0,p:1};
I.u[2311] = {n:"Candela Blu",t:24,d:"...",ep:2,g:79,l:1,wd:true,fm:true,w:0,p:1};
I.u[2312] = {n:"Polvere di Sangue",t:24,d:"...",ep:2,g:80,l:1,wd:true,fm:true,w:0,p:1};
I.u[2313] = {n:"Respiratore Acquatico",t:24,d:"...",ep:2,g:81,l:1,wd:true,fm:true,w:0,p:1};
I.u[2314] = {n:"Fiale di Jiva",t:24,d:"...",ep:2,g:82,l:1,wd:true,fm:true,w:0,p:1};
I.u[2315] = {n:"Peli di Canin Blando",t:54,d:"Brujitte Fardot vietò tempo fa la caccia ai giovani Canin Blandi. Dopo il suo esilio, però, la caccia ricominciò e i Sarti ricominciarono a loro volta a riempirsi le tasche.",ep:1,g:196,l:19,wd:true,fm:true,w:1,p:1};
I.u[2316] = {n:"Zanna Gialla",t:47,d:"La Zanna Gialla di Canin Blando fa una paura bestia a tutti quelli che sottovalutano il suo potere.",ep:1,g:458,l:19,wd:true,fm:true,w:1,p:1};
I.u[2317] = {n:"Orecchie di Lupo",t:106,d:"Osservandolo da vicino ci si domanda veramente come un Canin Blando possa sentire qualcosa con tutte le bestie e le altre porcherie che gli abitano le orecchie.",ep:1,g:459,l:19,wd:true,fm:true,w:1,p:1};
I.u[2318] = {n:"Zampa di Orso",t:103,d:"Certi goblin portano una zampa di orso attorno al collo. Un\'usanza di cui tutti hanno ormai dimenticato il significato.",ep:1,g:460,l:12,wd:true,fm:true,w:1,p:1};
