I.u[8409] = {n:"Minotot Horn",t:47,d:"From a distance, this horn looks like a giant, extremely powerful Gobball horn. Surprisingly enough, from up close, it looks like a Minotot Horn.",ep:21,g:655,l:400,wd:true,fm:true,w:1,p:10};
I.u[8410] = {n:"Minotot Femur",t:47,d:"This impressive bone succeeded to bear the excess weight of the Minotot for centuries. Such a feet always deserves to be pointed out.",ep:21,g:656,l:400,wd:true,fm:true,w:10,p:100};
I.u[8411] = {n:"Mumminotor Amulet",t:1,d:"This cursed, bandage-covered amulet might help you overcome the curse of the Labyrinth of the Minotoror, but there\'s no guarantee... it might just be some tourist-stall junk. Who knows.",ep:0,g:114,l:111,wd:false,fm:true,w:5,s:59,p:31300};
I.u[8412] = {n:"Mumminotor Ring",t:9,d:"This ugly, stench-ridden ring is made out of Mumminotor bandages. It makes a great Band Aid when you catch your finger in one of the doors of the Labyrinth of the Minotoror - possibly the least of all your worries, but a comfort nonetheless.",ep:0,g:119,l:111,wd:false,fm:true,w:10,s:59,p:31525};
I.u[8413] = {n:"Mumminotor Hammer",t:7,d:"The rock at the end of this hammer is rolled in absorbent Mumminotor bandages for those home-based assassinations.",ep:0,g:60,l:112,wd:false,fm:true,w:10,an:15,tw:true,e:[5,4,1,1,50,50,false,false],c:"CC>100&CI>200&CW>150",s:59,p:100};
I.u[8414] = {n:"Dreggon Daggers",t:5,d:"These daggers are perfect for cutting the top off a soft-boiled Dreggon egg. They\'re also very light which enables you to run fast when the Dreggon community realizes what you\'ve done.",ep:20,g:58,l:128,wd:true,fm:true,w:10,an:13,tw:true,e:[10,3,1,1,30,30,false,true],c:"CS>150&CI>150&CA>100",p:39854};
I.u[8415] = {n:"Mumminotor Boots",t:11,d:"Padded and decorated with Mumminotor bandages, these boots are comfy and warm. They might even remind you of long-forgotten mother-cuddles.",ep:0,g:92,l:110,wd:false,fm:true,w:10,s:59,p:31255};
I.u[8416] = {n:"Mumminotor Cape",t:17,d:"Made from plaited Mumminotor bandages, this cape will give you a slow, sad, undead look. You\'ll be the envy of the town.",ep:0,g:122,l:111,wd:false,fm:true,w:10,s:59,p:31780};
I.u[8417] = {n:"Alani Shovel",t:8,d:"This small shovel was once given to a young Enutrof. He liked it so much that he took up digging full time. He dug his own grave when he was twenty eight and healthy... dug himself a whole graveyard, he still didn\'t die. His body was lost at sea first time he left home. How ironic.",ep:20,g:43,l:131,wd:true,fm:true,w:10,an:13,tw:true,e:[10,3,1,1,30,30,false,true],c:"CC>250&CA>100",p:42514};
I.u[8418] = {n:"Mumminotor Belt",t:10,d:"The origin of this large Mumminotor bandage is unknown. Its use is even more mysterious, since it actually speeds up decomposition. Great for an April Fool\'s Day trick. Just make sure you keep a list of all the good friends you give it to so you can tell them to take it off again.",ep:0,g:108,l:112,wd:false,fm:true,w:10,s:59,p:32255};
I.u[8419] = {n:"Shovel Ijah",t:8,d:"Captain Mayhav is said to have used this very shovel to rip open the Great White Kralove known as Dopy Mick.",ep:20,g:42,l:115,wd:true,fm:true,w:20,an:16,tw:true,e:[10,4,1,1,50,50,false,true],c:"CC>200",p:33653};
I.u[8420] = {n:"Dreggon Shovel",t:8,d:"Dreggons like to dig networks of underground passages but they never use these shovels. The Enutrof community studied this enigma but concluded that it was less important to know where they came from than how to hit someone with one.",ep:20,g:45,l:127,wd:true,fm:true,w:20,an:16,tw:true,e:[10,4,1,1,40,40,false,true],c:"CC>200&CS>100",p:42154};
I.u[8421] = {n:"Bow Kennel Certificate: Baby Crowdzilla",t:77,d:"This certificate mentions all the characteristics of the Baby Crowdzilla you\'ve put in the Bow Kennels.",ep:3,g:24,l:1,wd:false,fm:true,w:1,p:100};
I.u[8424] = {n:"Breeder\'s Compensation Gift",t:89,d:"This gift is only meant for Breeders - it contains all kinds of breeding machines for your paddock. (Warning! The items contained in this gift are very heavy. You might be overweight when you open it.)",ep:1,g:32,l:1,wd:false,fm:true,w:1,u:true,p:1};
I.u[8425] = {n:"Purse of 10,000 Kamas",t:100,d:"This purse is very heavy - it must be worth a fortune. A tradesman will be happy to exchange it for its value in Kamas.",ep:1,g:56,l:1,wd:true,fm:true,w:10,u:true,p:100000};
I.u[8428] = {n:"Cloudy Invisibility Potion",t:12,d:"This potion allows you to return to your last save point without a trace.",ep:0,g:26,l:1,wd:true,fm:true,w:1,c:"(PX=3)|(PX=4)",u:true,ut:true,p:1};
I.u[8430] = {n:"Magic Yellow Balloon",t:94,d:"Unlike the fake ones you\'ll find at the Trool fair, this balloon can take off with grace and ease. A beauty to behold, it\'s handmade with Strawberry Jelly eyelid, according to the traditions of the great magus Betsy Krokerr.",ep:1,g:4,l:1,wd:false,fm:true,w:1,u:true,p:1};
I.u[8431] = {n:"Cyclonic Smoke Potion",t:12,d:"This smoke potion creates a whirling smoke screen which hides all your actions with style.",ep:0,g:29,l:1,wd:true,fm:true,w:1,c:"(PX=3)|(PX=4)",u:true,p:1};
I.u[8435] = {n:"Magic Red Balloon",t:94,d:"Unlike the fake ones you\'ll find at the Trool fair, this balloon can take off with grace and ease. A beauty to behold, it\'s handmade with Strawberry Jelly eyelid, according to the traditions of the great magus Betsy Krokerr.",ep:1,g:5,l:1,wd:false,fm:true,w:1,u:true,p:1};
I.u[8436] = {n:"Soft Oak Dungeon Key",t:84,d:"This key will grant you to access to the most intimate parts of the Soft Oak\'s anatomy... I bet you won\'t even know it when you get to the special place. As disturbing and exciting as the much loved Amaknan sport of naked Judo, this trip will not leave you empty handed, that\'s for sure...",ep:1,g:236,l:1,wd:true,fm:true,w:1,p:100};
I.u[8437] = {n:"Sand Dungeon Key",t:84,d:"This key, made of marine waste and sea shells, will grant you access to the beach with the whitest sand of all the Asse Sea Coast. (See \'Dedicated Asse-tourist\' Vol 1.8: \'An Asse with a view\')",ep:1,g:237,l:1,wd:true,fm:true,w:1,p:100};
I.u[8438] = {n:"Brakmar Rat Dungeon Key",t:84,d:"This key will let you into the Rat dungeon located deep in the sewers of Brakmar. No need for a disguise, you\'ll go unnoticed even if you\'re not a Brakmarian.",ep:1,g:238,l:1,wd:true,fm:true,w:1,p:100};
I.u[8439] = {n:"Bonta Rat Dungeon Key",t:84,d:"This key will let you into the Rat dungeon located deep in the sewers of Bonta. No need for a disguise, you\'ll go unnoticed even if you\'re not a Bontarian.",ep:1,g:239,l:1,wd:true,fm:true,w:1,p:100};
I.u[8441] = {n:"Billalo",t:16,d:"Bill wanted a halo. He screamed so loud and threw such a tantrum that he finally got it. A real little devil.",ep:22,g:159,l:100,wd:true,fm:true,w:1,p:25540};
I.u[8442] = {n:"Black Rat Mask",t:16,d:"Brouce Boulgoure used this mask to discreetly infiltrate a Grossewer rats\' den and cut down an elm by the roots. On the way out, he squashed every single rat in the den with his wooden clogs.",ep:2,g:158,l:102,wd:true,fm:true,w:1,s:68,p:17222};
I.u[8443] = {n:"Black Rat Cape",t:17,d:"This cape can be made with any sort of animal hair provided that it\'s very dirty. They are plaited together and then cemented with various secretions. The smell is unfortunately not optional.",ep:13,g:123,l:105,wd:true,fm:true,w:5,s:68,p:18356};
I.u[8444] = {n:"Black Rat Daggers",t:5,d:"Badly damaged, but extremely sharp, these dagger blades will slice off a limb with disconcerting ease. They\'ll sink through bones like butter, allowing you to carve your enemies up like spring chickens. What a pity they aren\'t rusty, poisoned and white-hot too!",ep:8,g:59,l:108,wd:true,fm:true,w:5,an:13,tw:true,e:[10,3,1,1,30,50,false,false],c:"CA>250&CW>100&CV>300",s:68,p:19358};
I.u[8445] = {n:"Black Rat Necklace",t:1,d:"The rat who used to own this necklace thought he would become the chief of his clan. He was devoured by a rabid Lenald.",ep:18,g:115,l:103,wd:true,fm:true,w:5,s:68,p:17650};
I.u[8446] = {n:"Black Rat Boots",t:11,d:"Be careful when you put on these boots, as there might still be a foot or two of the previous owner inside them.",ep:13,g:93,l:101,wd:true,fm:true,w:10,s:68,p:18700};
I.u[8447] = {n:"Black Rat Belt",t:10,d:"Unlike his white Bontarian cousin, the Black rat is discreet and wears a simple fabric belt. But he also likes to take a lot of weapons with him and it all makes a terrible clinking noise at each of his steps.",ep:13,g:109,l:101,wd:true,fm:true,w:5,s:68,p:18934};
I.u[8448] = {n:"Black Rat Ring",t:9,d:"Turn this ring to the right if you\'re shaking hands with an enemy and to the left if you\'re shaking hands with a friend. Make sure you stay away from any situation where you may be forced to clap.",ep:20,g:120,l:98,wd:true,fm:true,w:5,s:68,p:16980};
I.u[8449] = {n:"Treechnid Dungeon Transformation",t:27,d:"A Treechnid bit you and passed on a strange curse.",ep:9,g:1,l:1,wd:false,fm:true,w:0,m:true,p:1};
I.u[8450] = {n:"White Rat Sword",t:6,d:"This weapon is the symbol of the White Rat. It will slice both enemies and allies with the same ease.",ep:16,g:71,l:109,wd:true,fm:true,w:10,an:14,tw:true,e:[5,5,1,1,40,50,false,false],c:"CA>150&CS>100",s:67,p:17542};
I.u[8451] = {n:"White Rat Hat",t:16,d:"The White Rat of Bonta looks like a real White Rat of Bonta when he wears this hat. Without it, he looks like a real White Rat of Bonta without a hat.",ep:13,g:160,l:105,wd:true,fm:true,w:10,s:67,p:18451};
I.u[8452] = {n:"White Rat Cape",t:17,d:"This cape is the unmistakable banner of the Bonta white sewer rat network. It is the reward the rat gets after a long and difficult series of examinations and is proudly worn until he pants his final ratty breath... which usually isn\'t a long time.",ep:14,g:124,l:102,wd:true,fm:true,w:5,s:67,p:17025};
I.u[8453] = {n:"White Rat Necklace",t:1,d:"Plumbers wear this necklace when descending into the intestine-like sewers of our cities. If you wear it as a belt, it will protect your allies from your sewer-like intestines.",ep:18,g:116,l:103,wd:true,fm:true,w:5,s:67,p:18900};
I.u[8454] = {n:"White Rat Gauntlet",t:9,d:"This Gauntlet used to belong to Julia Dilch, master cook at the Bonta palace. After a while, she never took it off - a Gobball that refused to have its throat cut, a tough fillet of lamb, even the odd head of lettuce, all fell victim to her vicious blows.",ep:18,g:121,l:101,wd:true,fm:true,w:5,s:67,p:17150};
I.u[8455] = {n:"White Rat Belt",t:10,d:"Though his Black Brakmarian cousin may not agree, the white rat likes to be as discreet as possible.... he padded the metallic links of this belt with tar so it doesn\'t make any noise... unless the person wearing it trips and falls... which happens a lot given it weighs about a ton.",ep:16,g:110,l:102,wd:true,fm:true,w:150,s:67,p:18850};
I.u[8456] = {n:"White Rat Boots",t:11,d:"With these boots, your balance will be perfect... they\'re very popular with drunk drivers, they practically walk along the yellow line for you. Saying the alphabet backwards... that\'s another story.",ep:3,g:94,l:99,wd:true,fm:true,w:10,s:67,p:17650};
I.u[8457] = {n:"Lord of the Rats\' Ceremonial Hat",t:16,d:"This hat has nothing to do with a Dora, a Brave\'s Dark Dora, a Dora Bora or a Doro L. Blak... Absolutely nothing! So don\'t bother spreading rumours about its designer being slack or uninspired! It\'s just a very nice looking hat.",ep:13,g:173,l:133,wd:true,fm:true,w:10,s:64,p:43300};
I.u[8458] = {n:"Lord of the Rats\' Ceremonial Cape",t:17,d:"This colourful cape turns you into an ideal target. Only quick and nimble adventurers can wear it for more than a few minutes.",ep:14,g:125,l:130,wd:true,fm:true,w:10,s:64,p:42030};
I.u[8459] = {n:"Lord of the Rats\' Ceremonial Necklace",t:1,d:"To dissuade greedy thieves, this necklace is secured around the neck of the heir to the Lord of the Rats at his birth. The only way to remove it is to take off his head... This doesn\'t seem to dissuade the thieves...",ep:18,g:117,l:134,wd:true,fm:true,w:5,s:64,p:45842};
I.u[8460] = {n:"Lord of the Rats\' Ceremonial Ring",t:9,d:"This ring was designed at a time when the Lord of the Rats only had one finger left after mutilating all the others. The unfortunate lords that followed had all of theirs.",ep:20,g:122,l:131,wd:true,fm:true,w:5,s:64,p:42542};
I.u[8461] = {n:"Lord of the Rats\' Ceremonial Belt",t:10,d:"The colours on this belt will have people thinking you\'re on fire. The optical illusion is so powerful that you shouldn\'t be surprised when complete strangers throw water all over you. Amazingly enough, this corresponds exactly to the ceremony\'s ritual.",ep:16,g:111,l:133,wd:true,fm:true,w:10,s:64,p:43358};
I.u[8462] = {n:"Lord of the Rats\' Ceremonial Boots",t:11,d:"The very first Lord of the Rats died when he stepped in a pool of molten lava. To pay tribute to him, his lords wear these boots. By the way, they are not in the least bit fireproof.",ep:13,g:95,l:134,wd:true,fm:true,w:10,s:64,p:43541};
I.u[8463] = {n:"Ancestral Treechelmet",t:16,d:"The mushrooms pushing up on this helmet spread a nice exhilarating smell that makes you want to take roots. They are also quite tasty but might definitely bury you.",ep:9,g:174,l:114,wd:true,fm:true,w:10,s:65,p:33150};
I.u[8464] = {n:"Ancestral Treecape",t:17,d:"In summer, the Ancestral Treechnid likes to sunbathe but as its wood is accustomed to dark forests, it doesn\'t stand it very well. This cape is made of his bark peelings.",ep:18,g:126,l:114,wd:true,fm:true,w:5,s:65,p:33524};
I.u[8465] = {n:"Ancestral Torc",t:1,d:"Worn around your neck with a low-cut top, this torc will accentuate your beard beautifully. If you don\'t have one... well... you only have yourself to blame.",ep:20,g:118,l:110,wd:true,fm:true,w:10,s:65,p:31542};
I.u[8466] = {n:"Ancestral Ring",t:9,d:"If you\'ve had a little too much to drink, you might see the Moskito embedded in this ring wink at you. But don\'t tell your friends, the little beast will deny everything.",ep:9,g:123,l:113,wd:true,fm:true,w:5,s:65,p:33241};
I.u[8467] = {n:"Ancestral Shin Guards",t:11,d:"With these wooden Shin Guards on, your legs will be fully protected. You cannot wear boots at the same time.",ep:20,g:96,l:110,wd:false,fm:true,w:10,s:65,p:31524};
I.u[8468] = {n:"Ancestral Treechelt",t:10,d:"This belt is supposed to inspire you with ancestral virility. Whether this was ever true or not, the effect has now surely gone without a trace.",ep:9,g:112,l:111,wd:true,fm:true,w:10,s:65,p:32101};
I.u[8469] = {n:"Soft Oak Talisman",t:1,d:"This piece of wood extracted from the very heart of the Soft Oak is extremely powerful. Indeed, it can even enrage the Soft Oak.",ep:20,g:119,l:138,wd:true,fm:true,w:10,s:66,p:44521};
I.u[8470] = {n:"Soft Oak Ring",t:9,d:"This ring is made of Soft Oak faeces. It\'s wooden alright, but the smell remains the same.",ep:9,g:124,l:139,wd:true,fm:true,w:5,s:66,p:43014};
I.u[8471] = {n:"Soft Oak Flip-Flops",t:11,d:"On Sundays, the Soft Oak takes a long nap and when he wakes up he likes to have an obedient Trunknid bring him his flip-flops. Fortunately, he doesn\'t have any feet so they\'re still brand new.",ep:20,g:97,l:136,wd:true,fm:true,w:5,s:66,p:43521};
I.u[8472] = {n:"Worn Soft Oak Cape",t:17,d:"200 years ago, some fabric got stuck in the Soft Oak\'s branches. As the tree grew, it impregnated the fabric with its magic. The cloth is now an integral part of this huge piece of wood and though it makes it hard to handle and highly flammable, its power can\'t be denied.",ep:18,g:127,l:142,wd:true,fm:true,w:10,s:66,p:44578};
I.u[8473] = {n:"Autumnal Soft Oak G-String",t:10,d:"In autumn, the Soft Oak wears its G-string to protect his precious acorns. In summer time, he likes to go commando.",ep:9,g:113,l:141,wd:true,fm:true,w:10,s:66,p:44514};
I.u[8474] = {n:"Soft Oak Hat",t:16,d:"No matter how you wear this hat, it will always look like it\'s on sideways.",ep:9,g:166,l:145,wd:true,fm:true,w:10,s:66,p:45241};
I.u[8476] = {n:"First Sphincter Dungeon Key",t:24,d:"You picked up this key in the Bonta Rat Dungeon. You\'ll need it, and its counterpart, to enter Sphincter\'s Dungeon.",ep:1,g:502,l:1,wd:false,fm:true,w:0,p:100};
I.u[8477] = {n:"Second Sphincter Dungeon Key",t:24,d:"You picked up this key in the Brakmar Rat Dungeon. You\'ll need it, and its counterpart, to enter Sphincter\'s Dungeon.",ep:1,g:503,l:1,wd:false,fm:true,w:0,p:100};
I.u[8478] = {n:"Bootlicker Potion",t:12,d:"This highly illegal potion is feared even by the strongest Pandawa warriors. A single gulp and you\'ll be obsessed with the idea of licking all footwear in sight. \nStudents who are worried about their grades often use a similar potion for their teachers. Their breath smells slightly different though.",ep:0,g:36,l:1,wd:false,fm:true,w:0,p:10};
I.u[8480] = {n:"Bootlicker Potion",t:24,d:"This highly illegal potion is feared even by the strongest Pandawa warriors. A single gulp and you\'ll be obsessed with the idea of licking all footwear in sight. \nStudents who are worried about their grades often use a similar potion for their teachers. Their breath smells slightly different though.",ep:2,g:32,l:1,wd:true,fm:true,w:0,p:10};
I.u[8481] = {n:"Grossewer Rat Hair",t:54,d:"This hair is dirty and stinky. It roamed the most disgusting sewers of the area. And yet, it\'s still shiny.",ep:2,g:670,l:42,wd:true,fm:true,w:1,p:10};
I.u[8482] = {n:"Grossewer Rat Skin",t:59,d:"This scars all over this skin are actual proof of the Grossewer Rat\'s difficult childhood. You could at least feel sorry for him.",ep:2,g:621,l:42,wd:true,fm:true,w:1,p:10};
I.u[8483] = {n:"Grossewer Shaman Skin",t:59,d:"Once washed, this skin can be used as a carpet or a doormat.",ep:2,g:622,l:40,wd:true,fm:true,w:1,p:10};
I.u[8484] = {n:"Grossewer Shaman Hair",t:54,d:"They were once used to make fake moustaches, but they can also be used for fake armpit hair.",ep:2,g:671,l:40,wd:true,fm:true,w:1,p:10};
I.u[8485] = {n:"Black Rat Fabric",t:55,d:"Coiled around a soft wooden strip, this fabric can be used as a sponge or as a butt-scratcher. To each their own.",ep:2,g:725,l:100,wd:true,fm:true,w:1,p:10};
I.u[8486] = {n:"White Rat Fabric",t:55,d:"This fabric as greasy as a Wabbit Hair that has been dipped into Blop grease efficiently protects you from the cold. Especially if you set it on fire.",ep:2,g:726,l:100,wd:true,fm:true,w:1,p:10};
I.u[8487] = {n:"Sphincter Cell Fabric",t:55,d:"This fabric seems to be covered in a strange chemical... It definitely has side-effects, but I really don\'t know what they are.",ep:2,g:727,l:200,wd:true,fm:true,w:10,p:100};
I.u[8488] = {n:"Black Rat Ulna",t:47,d:"This rat bone can be emptied, pierced and carved. Then it can be used as a musical instrument... or a little place to keep change if you\'re not into music.",ep:2,g:658,l:100,wd:true,fm:true,w:10,p:10};
I.u[8489] = {n:"White Rat Tooth",t:47,d:"This tooth is actually a horrible fang that enabled the White Rat to transmit many diseases to his victims when he bit them. A way among others to make sure his victims would die even if he couldn\'t finish them off. All means are good when you want to be respected.",ep:2,g:659,l:100,wd:true,fm:true,w:10,p:10};
I.u[8490] = {n:"Sphincter Cell Femur",t:47,d:"Sphincter was not kind to bones and would break them in two, three, four and sometimes even five pieces when he had to buck up his sleepy students.",ep:2,g:657,l:200,wd:true,fm:true,w:10,p:10};
I.u[8491] = {n:"Black Rat Skin",t:59,d:"The Black Rat was well-known for his bad breath but also for his rough butt skin. The creature evolved this way after generations of slipping off toilet seats. Unfortunately, since he lived right in the sewers, this black rat never needed to go to the toilets.",ep:2,g:623,l:100,wd:true,fm:true,w:1,p:10};
I.u[8492] = {n:"White Rat Skin",t:59,d:"The White Rat loved to mope round the sewers and waited for some nice person to come and comfort him. Then he would abuse the naivety and credulity of his victims to skin them alive, stuff them with cashew nuts and roast them. Poor little cashew nuts.",ep:2,g:624,l:100,wd:true,fm:true,w:1,p:10};
I.u[8493] = {n:"Sphincter Cell Skin",t:59,d:"Who would have believed that one day you\'d be holding the skin of the famous Sphincter Cell? Well, not Sphincter for sure. His over-confidence led him to his death.",ep:2,g:625,l:200,wd:true,fm:true,w:10,p:100};
I.u[8494] = {n:"Ancestral Treechnid Bark",t:96,d:"This bark got loose from the Ancestral Treechnid without your having to tear it off with your teeth.",ep:9,g:667,l:200,wd:true,fm:true,w:10,p:10};
I.u[8495] = {n:"Ancestral Treechnid Bud",t:108,d:"This shrivelled up bud was completely drained of its sap by a hungry creature. If you plunge it into water, you\'ll see it resume its original form, swell, and then if you wait a long time, rot.",ep:9,g:755,l:200,wd:true,fm:true,w:1,p:10};
I.u[8496] = {n:"Ancestral Treechnid Root",t:98,d:"Even if you snatch it from its owner, this root can whip you or twist your ankles. Mean thing!",ep:9,g:668,l:200,wd:true,fm:true,w:1,p:10};
I.u[8497] = {n:"Filtounga Recipe",t:24,d:"This book contains the secret to a good Filtounga.... The mythic dish created by Mouss Bouff.",ep:16,g:95,l:1,wd:true,fm:true,w:0,u:true,p:10};
I.u[8498] = {n:"Kaniger Meat",t:63,d:"This meat is as tender as the brain of a Mushd.",ep:13,g:375,l:80,wd:true,fm:true,w:1,p:1};
I.u[8499] = {n:"Koalak Meat",t:63,d:"Most of the time, Koalak meat is quite firm. You can make it a bit more tender if you strike it with a Kaliptus trunk. Just like you\'d do with an unruly child.",ep:20,g:376,l:60,wd:true,fm:true,w:1,p:1};
I.u[8500] = {n:"Crocodyl Meat",t:63,d:"This tasteless meat can be preserved in mud for many years before it rots. Maybe then it\'ll have a bit of flavour.",ep:4,g:377,l:70,wd:true,fm:true,w:1,p:1};
I.u[8501] = {n:"Preserved Kaniger Meat",t:64,d:"This Preserved Kaniger Meat may now be kept for many days before use.",ep:13,g:387,l:80,wd:true,fm:true,w:1,p:10};
I.u[8502] = {n:"Preserved Koalak Meat",t:64,d:"This Preserved Koalak Meat may now be kept for many days before use.",ep:20,g:388,l:120,wd:true,fm:true,w:1,p:10};
I.u[8503] = {n:"Preserved Crocodyl Meat",t:64,d:"This Preserved Crocodyl Meat may now be kept for many days before cooking.",ep:4,g:389,l:70,wd:true,fm:true,w:1,p:10};
I.u[8504] = {n:"Kaniger Steak",t:69,d:"Either hot or cold, this Kaniger steak will satisfy the most voracious of appetites.",ep:13,g:132,l:80,wd:false,fm:true,w:1,u:true,ut:true,p:10};
I.u[8505] = {n:"Koalak Steak",t:69,d:"This piece of meat will fill bottomless stomachs to the brim.",ep:20,g:133,l:120,wd:false,fm:true,w:1,u:true,ut:true,p:10};
I.u[8506] = {n:"Crocodyl Steak",t:69,d:"This impressive piece of meat is obviously extremely hard to digest. But just as your eyes are always hungrier than your stomach, so your stomach is always bigger than your brain. Fool!",ep:4,g:134,l:70,wd:false,fm:true,w:1,u:true,ut:true,p:10};
I.u[8507] = {n:"Filtunga Dish",t:69,d:"The Filtunga is a unique dish. Its perfect mélange of ingredients lends it a heavenly taste. Serve warm with a dash of cream and a sprig of fresh parsley.",ep:1,g:136,l:100,wd:true,fm:true,w:1,c:"Cv<100",u:true,ut:true,p:1};
I.u[8508] = {n:"Filtounga Dish",t:24,d:"This dish is for the witch Paindep.",ep:1,g:120,l:1,wd:true,fm:true,w:0,p:1};
I.u[8509] = {n:"Bwork Beer Recipe",t:25,d:"The great Bworknroll Magus reveals his sacred Bwork beer recipe, without leaving out a single secret and even giving a few tips on how best to enjoy it.",ep:1,g:130,l:10,wd:false,fm:true,w:5,u:true,p:500};
I.u[8511] = {n:"Overpowered Uberleet Dark Crossbow of the Shadows",t:102,d:"....",ep:0,g:0,l:1,wd:false,fm:true,w:0,an:10,tw:true,e:[20,7,4,12,50,30,true,true],p:1};
I.u[8513] = {n:"Bworknroll\'s Scalpel",t:5,d:"Collecting \"pieces\" of creatures with the Bworknroll\'s scalpel will ensure you a good work since it preserves the vitality of the torn off limbs. Use it in fight to collect the parts you want.",ep:1,g:60,l:40,wd:true,fm:true,w:10,an:13,e:[10,4,1,1,30,50,false,false],c:"Qa=166",p:100};
I.u[8514] = {n:"Vampire Brain",t:15,d:"Always overloaded with fresh globules, a vampire brain sucks in all the red blood cells it can. That\'s why vampires are so pale. As for Iops, it kind of explains their red feet.",ep:3,g:492,l:20,wd:true,fm:true,w:2,u:true,p:10};
I.u[8515] = {n:"Trool Bone",t:47,d:"If we consider the weight and solidity of a Trool bone, it\'s easy to understand why it hurts so bad when they smack you during Trool-playing games.",ep:4,g:640,l:5,wd:true,fm:true,w:50,p:50};
I.u[8516] = {n:"Bworcelain\'s Heart",t:15,d:"This heartless Bworkette, who got rid of her son Krazybwork and threw him in a pit, was cursed by Bworknroll when she refused his love. Locked up in a cellar, she feeds herself with her own heart. Every night, it grows back and starts beating again.",ep:4,g:518,l:33,wd:true,fm:true,w:33,p:33};
I.u[8517] = {n:"Mumussel",t:15,d:"This beautiful and fresh Mumussel is a great companion to Bworks when they go plundering away from their wives.",ep:3,g:756,l:1,wd:true,fm:true,w:3,p:21};
I.u[8518] = {n:"Mumussel and Fries",t:69,d:"From the depths of the Asse Sea, Mumussels collect kelp and roll it under their armpits. Once the material is shaped like French Fries, they reach the beach to brown them in the sun before eating them.",ep:3,g:135,l:1,wd:true,fm:true,w:2,u:true,ut:true,p:30};
I.u[8519] = {n:"Troofle",t:69,d:"This traditional Trool mess sponge cake is made according an old Bwork recipe. Only a Bwork who\'s defeated a Trool with his bare hands is allowed to eat it. If he survived such a fight, he could eat just about anything!",ep:1,g:136,l:5,wd:true,fm:true,w:20,u:true,p:200};
I.u[8520] = {n:"Fattrool",t:60,d:"You can use this thick and nutritious grease to cook most types of food in old pots  without ruining the dish. Some Osamodas also use it to slip Tofus into places that the Iop moral code condemns.",ep:1,g:1,l:1,wd:true,fm:true,w:10,p:10};
I.u[8521] = {n:"The Red Cape",t:17,d:"The red cape is the favourite artefact of megalomaniacs. Once on their frail shoulders, they believe they are Superman or an ultra-powerful magician. Until they meet a Minotoror at least.",ep:1,g:128,l:9,wd:false,fm:true,w:1,p:200};
I.u[8522] = {n:"Magic Effect Thrower",t:74,d:"This surprising item contains a dark, concentrated magic that is said to be highly unstable. No one can foretell the effects it might have, but what\'s certain is that you shouldn\'t wait too long before using it... Or throwing it away.",ep:1,g:31,l:1,wd:false,fm:true,w:0,ut:true,p:1};
I.u[8523] = {n:"Kin\'s Relic",t:24,d:"This family item is extremely powerful. Usually passed from generation to generation, it hasn\'t lost any of its powers. There are very few artefacts that contain such power. Some say it has even been in contact with a Dofus...",ep:1,g:714,l:200,wd:true,fm:true,w:0,p:1};
I.u[8524] = {n:"Pingoku Ghost",t:90,d:"This Ghost hasn\'t left the living world yet. Will you find a way to resurrect it or cowardly abandon it once and for all?",ep:3,g:45,l:1,wd:true,fm:true,w:1,p:1};
I.u[8525] = {n:"Piwi Egg",t:69,d:"Piwi eggs are a real treat for those who have a sweet tooth! However, they hatch very quickly when they\'re close to a source of heat. That\'s why you shouldn\'t leave it in your pocket or in your mouth for too long! A mini Piwi could come out of its shell when you\'re just about to swallow. And trust me, having a starving Piwi stuck between your teeth or swimming through your intestines its way is not what you need if you\'re ticklish.",ep:4,g:38,l:1,wd:true,fm:true,w:1,p:1};
I.u[8526] = {n:"Bow Kennel Certificate: Bloody Koalak",t:77,d:"This certificate mentions the characteristics of the Bloody Koalak you\'ve put in the Bow Kennels.",ep:3,g:24,l:1,wd:false,fm:true,w:1,p:100};
I.u[8527] = {n:"Gobtrotter",t:11,d:"These Goblin skin boots were created by Planbworksek to charge the enemy (if possible from behind) extremely quickly. These boots saved many a Bwork comrade in wartime.",ep:4,g:98,l:14,wd:true,fm:true,w:20,p:400};
I.u[8528] = {n:"Pancake Recipe",t:25,d:"Thanks to Gordo McRamsay, you\'ll finally be able to make the perfect pancake dough to feed your little ones and send them quickly off to sleep. What\'s the secret ingredient of this filling and mildly narcotic recipe? Magical Cure, of course!",ep:1,g:9,l:1,wd:false,fm:true,w:1,u:true,p:0};
I.u[8529] = {n:"Zaap Hammer",t:24,d:"Nothing\'s better than this hammer to fix a broken Zaap.",ep:1,g:8,l:1,wd:false,fm:true,w:0,p:1};
I.u[8530] = {n:"Ruskie Hat",t:16,d:"This hat keeps your ears warm and absorbs the alcohol on your breath. What else could you ask for?",ep:22,g:167,l:151,wd:true,fm:true,w:10,p:46280};
I.u[8531] = {n:"Coney Cap",t:16,d:"Who would dare wear such a ridiculous cap? No one, if not you.",ep:1,g:168,l:33,wd:true,fm:true,w:6,p:3000};
I.u[8532] = {n:"Indifferent Coney Cape",t:17,d:"The power of this cape? When you turn your back to someone, your utter indifference will cause them to weep instantly. Only for the very spiteful among you.",ep:1,g:129,l:14,wd:true,fm:true,w:1,p:775};
I.u[8533] = {n:"Flud",t:16,d:"The Flud is not really a hat. It\'s more of a parasite that tends to develop on loud or aggressive people\'s heads. Its disgusting appearance repels all and sundry, compelling its wearer to scream even louder which is useless since these people have nothing to say anyway...",ep:1,g:169,l:1,wd:true,fm:true,w:1,s:69,p:100};
I.u[8534] = {n:"Cape S\'loque",t:17,d:"This padded cape absorbs all surrounding noise, plunging the wearer into a lifetime of incredibly awkward silences.",ep:1,g:130,l:1,wd:true,fm:true,w:10,s:69,p:100};
I.u[8535] = {n:"Crashers",t:11,d:"These getas are so light that they make their owner run and jump all over the place whenever some action starts. Experienced adventurers just hate them... Every Tom Dick and Harry comes and crashes their fights uninvited.",ep:1,g:99,l:1,wd:true,fm:true,w:1,s:69,p:1};
I.u[8536] = {n:"Muffin Belt",t:10,d:"This belt must be worn tight... so tight that it forces its wearer to stammer, shake and generally jerk around in the inimitable style of Thrustin Timbertake.",ep:1,g:114,l:1,wd:true,fm:true,w:1,s:69,p:1};
I.u[8537] = {n:"Pluswan",t:9,d:"This small ring has no use beside making you look extremely flashy. Now people might actually want to talk to you.",ep:1,g:125,l:1,wd:true,fm:true,w:1,s:69,p:1};
I.u[8538] = {n:"Issa Mess",t:1,d:"After several nights of hard work, the most famous jeweller in Astrub, also known for being raised by Bworks, announced to an astounded crowd: \"c u l8r @ d gld hs\". Even the renowned historian Champo Lhyon didn\'t manage to decipher the jeweller\'s message.",ep:1,g:120,l:1,wd:true,fm:true,w:1,s:69,p:1};
I.u[8539] = {n:"Apprentice Lumberjack\'s Axe",t:19,d:"Even if you don\'t handle axes very well, you won\'t hurt yourself with this blunt thing. If you hit hard enough and for long enough, you might be able to knock some trees down.",ep:1,g:1,l:1,wd:true,fm:true,w:10,an:17,e:[5,4,1,1,40,40,false,false],p:0};
I.u[8540] = {n:"Apprentice Farmer\'s Scythe",t:22,d:"This is a scythe of average quality but don\'t complain... It reaps and it\'s bloody well free. What else do you want?",ep:1,g:1,l:1,wd:true,fm:true,w:10,an:17,e:[5,4,1,1,50,50,false,false],p:1};
I.u[8541] = {n:"Apprentice Fisherman\'s Rod",t:20,d:"Well, this fishing rod used to be in much better shape. Though the string is a bit frayed and the hook dull, you\'ll have no problem netting a few gudgeons.",ep:1,g:8,l:1,wd:true,fm:true,w:4,an:18,e:[1,4,1,1,100,100,false,false],p:1};
I.u[8542] = {n:"Apprentice Alchemist\'s Gloves",t:20,d:"You can tell those gloves come from money. You can hardly smell the sweat of the previous owner, it\'s almost impossible to get your fingers into them, you\'d swear they didn\'t have a hole at all. \nAll in all, those gloves just suck.",ep:1,g:5,l:1,wd:true,fm:true,w:5,e:[5,3,1,1,30,50,false,true],p:1};
I.u[8543] = {n:"Incarnam Lemonade",t:79,d:"This lemonade, made by the gods, is a mixture of water, bubbles, and animal extracts. It invigorates young souls on their arrival in Incarnam. For everyone else, this sparkling, vaguely yellow trash is just about good enough to use when training for burping contests.",ep:1,g:4,l:1,wd:true,fm:true,w:1,c:"PL<16",u:true,ut:true,p:1};
I.u[8544] = {n:"Bow Kennel Certificate: Pingoku",t:77,d:"This certificate mentions the characteristics of Pingoku that you\'ve just put in the Bow Kennel.",ep:3,g:24,l:1,wd:false,fm:true,w:1,p:100};
I.u[8545] = {n:"Incarnam Dungeon Key",t:84,d:"This key allows you access to the Incarnam Dungeon where the dreadful Snoowolf lives.",ep:1,g:19,l:1,wd:true,fm:true,w:1,p:10};
I.u[8546] = {n:"Snoowolf Skin",t:59,d:"Slightly curly, this skin will make a wonderful bedside rug. I\'m sure someone around Incarnam will want it. Find out who it is... and get as many Kamas as you can for it!",ep:1,g:3,l:1,wd:true,fm:true,w:10,p:1};
I.u[8547] = {n:"Skiril Trinsfirmitinik",t:31,d:"Cirsid hizilnits irik nik gidik fir yik.",ep:1,g:19,l:1,wd:false,fm:false,w:0,m:true,p:1};
I.u[8548] = {n:"Tiwabbit Twansfowmation",t:31,d:"Cuwsed cawwots awe bad fow youw health.",ep:8,g:19,l:1,wd:false,fm:false,w:0,m:true,p:1};
I.u[8549] = {n:"",t:16,d:"",ep:0,g:10,l:124,wd:false,fm:true,w:10,p:39300};
I.u[8550] = {n:"",t:17,d:"",ep:0,g:10,l:121,wd:false,fm:true,w:10,p:37630};
I.u[8551] = {n:"",t:1,d:"",ep:0,g:10,l:112,wd:false,fm:true,w:1,p:31925};
I.u[8552] = {n:"",t:9,d:"",ep:0,g:10,l:117,wd:false,fm:true,w:10,p:35080};
I.u[8553] = {n:"",t:11,d:"",ep:0,g:10,l:99,wd:false,fm:true,w:10,p:25275};
I.u[8554] = {n:"",t:82,d:"",ep:0,g:10,l:1,wd:false,fm:true,w:10,c:"PP>5",p:1};
I.u[8555] = {n:"",t:10,d:"",ep:0,g:10,l:118,wd:false,fm:true,w:1,p:35300};
I.u[8556] = {n:"",t:42,d:"",ep:0,g:2,l:1,wd:false,fm:true,w:1,p:1};
I.u[8557] = {n:"Batofu Feather",t:53,d:"This feather was plucked from the Batofu\'s armpit and it smells like a marinated ancestral Doobitchoo.",ep:3,g:120,l:20,wd:true,fm:true,w:1,p:10};
I.u[8558] = {n:"Coney Hat",t:16,d:"If you\'re planning to communicate with Wabbits, this might be the hat you need. If you want to look good, put it on someone next to you.",ep:1,g:170,l:6,wd:true,fm:true,w:10,p:12000};
I.u[8559] = {n:"The HmmMmmmMmmm",t:16,d:"Mmmmm mm mmmmmm mmmmm, mmm mmm mm mmmmmm mmmmm mmmmmmm mmmmmm mmm mmmm\'m mmmmm mmmm mmmmmmm.",ep:2,g:171,l:42,wd:true,fm:true,w:1,p:420};
I.u[8561] = {n:"Pandawa Cub",t:18,d:"This cute Pandawa Cub will gladly travel round the world with you and discover its mysteries with its big, round eyes. This tamed pet eats rice, but can also be fed with hazelnuts.",ep:3,g:42,l:1,wd:true,fm:true,w:10,c:"PZ=1",p:1};
I.u[8563] = {n:"Litol Goblait",t:32,d:"Litol must meet his future magic teacher.",ep:1,g:18,l:1,wd:true,fm:true,w:0,m:true,p:1};
I.u[8564] = {n:"Bow Kennel Certificate: Pandawa Cub",t:77,d:"This certificate describes the characteristics of the Pandawa Cub you\'ve put in the Bow Kennels.",ep:3,g:24,l:1,wd:false,fm:true,w:1,p:100};
I.u[8565] = {n:"Pandawa Cub Ghost",t:90,d:"This Ghost hasn\'t left the living world yet. Will you find a way to resurrect it or cowardly abandon it once and for all?",ep:3,g:44,l:1,wd:true,fm:true,w:1,p:1};
I.u[8566] = {n:"Pingoku Transformation",t:27,d:"You\'ve been transformed into a ghost to be able to get in the Pet Sanctuary.",ep:20,g:3,l:1,wd:false,fm:true,w:1,m:true,p:1};
I.u[8567] = {n:"Pandawa Cub Ghost Transformation",t:27,d:"You\'ve been transformed into a ghost to be able to get in the Pet Sanctuary.",ep:20,g:3,l:1,wd:false,fm:true,w:1,m:true,p:1};
I.u[8568] = {n:"Gift: Pandawa Cub",t:89,d:"If you shake this object vigorously and hold your ear to it, you\'ll hear a strange noise... like a tiny animal weeping... yeah, actually maybe you don\'t want to shake it... Ahhh, just open the damn thing. You\'ll find a wonderful pet inside it, as well as some food and healing Eniripsa powders.",ep:1,g:42,l:1,wd:true,fm:true,w:1,u:true,p:1};
I.u[8569] = {n:"Doro L. Blak",t:16,d:"This cap used to belong to a little Xelorette who got a kick out of disrupting the passage of time. Legend has it that she once stole several days off the inhabitants of Amakna. She had to hand out quite a few candies to make up for that little trick.",ep:22,g:172,l:129,wd:true,fm:true,w:10,p:42512};
I.u[8570] = {n:"Bontarian Rat Hair",t:54,d:"This hair used to belong to the Bonta sewer rats. Indeed, they were the only ones to have hair tufts which matched the colour of their city wall.",ep:2,g:672,l:40,wd:true,fm:true,w:1,p:10};
I.u[8571] = {n:"Brakmarian Rat Hair",t:54,d:"This hair used to belong to the Brakmar sewer rats. Indeed, they were the only ones to have hair tufts which matched the colour of their city wall.",ep:2,g:673,l:40,wd:true,fm:true,w:1,p:10};
I.u[8572] = {n:"Forgetfulness Potion: \'Mount Taming\'",t:43,d:"Using this potion will cause you to unlearn one level of the spell \'Mount Taming\'.",ep:5,g:36,l:1,wd:true,fm:true,w:1,c:"Pz=0",u:true,p:1000};
I.u[8573] = {n:"Forgetfulness Potion: \'Perfidious Boomerang\'",t:43,d:"Using this potion will cause you to unlearn one level of the spell \'Perfidious Boomerang\'.",ep:5,g:36,l:1,wd:true,fm:true,w:1,c:"Pz=0",u:true,p:1000};
I.u[8574] = {n:"Dofus Seasoning",t:23,d:"Either with or without bacon, this Dofus is delicious.",ep:0,g:13,l:1,wd:false,fm:true,w:1,p:1};
I.u[8575] = {n:"First Blood Staff",t:4,d:"A famous Feca warrior who lived in the jungle of Pandala was often heard to say: \"To win the war, you have to become the war\".",ep:1,g:71,l:200,wd:false,fm:true,w:20,an:12,tw:true,e:[7,3,1,2,42,42,false,true],c:"PN~xxramboplxx",p:100000};
I.u[8576] = {n:"Yse Vewybad\'s Recommendation Scroll",t:24,d:"Yse Vewybad gave you this scroll to thank you for your favours.",ep:2,g:26,l:20,wd:false,fm:true,w:0,p:1};
I.u[8588] = {n:"Rogue Emblem",t:24,d:"This emblem, given by a rogue, might be the key to enter their den.",ep:2,g:86,l:1,wd:true,fm:true,w:0,p:1};
I.u[8590] = {n:"Contract between Vil Smisse and Yse Vewybad",t:24,d:"This contract proves Yse Vewybad\'s treachery. All you have to do now is to bring it to the right person.",ep:1,g:26,l:1,wd:true,fm:true,w:0,p:1};
I.u[8593] = {n:"Wa Wabbit Transformation Potion",t:27,d:"Uba Tesse gave you this potion. It will turn you into a Wabbit and this should let you pass yourself off as Allisteria\'s suitor.",ep:2,g:5,l:1,wd:false,fm:true,w:0,m:true,p:1};
I.u[8594] = {n:"Wa Wabbit Twansfowmation Potion",t:27,d:"Uba Tesse gave you this potion. It will turn you into a Wabbit and this should let you pass yourself off as Allisteria\'s suitor.",ep:2,g:5,l:1,wd:false,fm:true,w:0,m:true,p:1};
I.u[8595] = {n:"Obese Tofu Egg",t:24,d:"This egg contains an obese Tofu... a creature that may defeat the Pwince of Wa in the future.",ep:1,g:122,l:1,wd:true,fm:false,w:0,p:1};
I.u[8596] = {n:"Crimson Claw",t:6,d:"This sharp sword gained this elegant crimson colour after gutting thousands of Bworks. Before, it was just purplish.",ep:22,g:72,l:145,wd:true,fm:true,w:15,an:14,tw:true,e:[8,6,1,1,45,100,false,false],c:"CS>350&CV>400",p:52000};
I.u[8597] = {n:"Force-feeding Potion",t:24,d:"This potion will permit Vil Smisse to force-feed the obese Tofu that you brought him.",ep:3,g:2,l:1,wd:true,fm:true,w:0,p:1};
I.u[8598] = {n:"Emment Daggers",t:5,d:"These blades have holes all over them so that they make a nice little whistling noise when handled quickly. The holes are also extremely useful when it comes to gutting your enemies.",ep:22,g:61,l:67,wd:true,fm:true,w:10,an:13,tw:true,e:[10,3,1,1,30,50,false,true],c:"CA>100",p:10654};
I.u[8599] = {n:"Clawettes",t:5,d:"These daggers were forged for a manicure-addict Ecaflipette. She didn\'t like those heavy swords that didn\'t match her perfectly varnished claws.",ep:22,g:62,l:69,wd:true,fm:true,w:10,an:13,e:[15,3,1,1,30,30,false,true],c:"CA>100&CS>100",p:11254};
I.u[8600] = {n:"Too Lazy To Go Upstairs",t:30,d:"No wonder you\'re exhausted, you\'ve been shouting at the top of your voice all this time. Wait 6 minutes or so... Maybe then you won\'t be so lazy.",ep:1,g:1,l:1,wd:false,fm:true,w:0,m:true,p:1};
I.u[8603] = {n:"Wabbit Prince\'s Servant\'s Livery",t:24,d:"The Wabbit Prince\'s servant looks gorgeous, darling, when he slips into his livery.",ep:2,g:715,l:1,wd:true,fm:true,w:0,p:1};
I.u[8604] = {n:"Stalk Sword",t:6,d:"This shiny sword is perfect for trimming flowers and trees, even if the plants fight back.",ep:22,g:73,l:100,wd:true,fm:true,w:10,an:14,e:[15,8,1,1,40,50,false,false],c:"CS>250&CI<1",p:25654};
I.u[8605] = {n:"Rubber Sword",t:6,d:"This blade has been lubricated to slip into its sheath more easily. However, it cannot be cleaned after use and must be thrown away, especially if it\'s covered in blood. Bear in mind that its main use is to protect you.",ep:22,g:74,l:73,wd:true,fm:true,w:15,an:14,e:[5,5,1,1,40,50,false,true],c:"CS>80&CI>80&CA>80",p:14000};
I.u[8606] = {n:"Wedding Dress",t:24,d:"The bride\'s wedding dress has been carefully wrapped in this gorgeous package. It just needs to be brought to the steward San Lavalss.",ep:2,g:715,l:1,wd:true,fm:true,w:0,p:1};
I.u[8607] = {n:"Studded Staff",t:4,d:"It\'s a big staff with nails knocked into it. Do not hope for something else in this staff, it\'s simple and loosens your enemies\' teeth nicely.",ep:22,g:72,l:107,wd:true,fm:true,w:15,an:12,tw:true,e:[7,4,1,1,30,50,false,true],c:"CA>150&CI>150",p:29856};
I.u[8608] = {n:"Scrap Staff",t:4,d:"Rumour has it that a Sadida named Fraye used this staff to protect his wife and son from an enraged flock of Gobballs. What a pity that he also mistook his family for the monsters during the fight.",ep:22,g:73,l:85,wd:true,fm:true,w:10,an:12,tw:true,e:[10,4,1,1,35,40,false,true],c:"CW>150&CV>200",p:20000};
I.u[8609] = {n:"Bushi\'Bow",t:2,d:"This bow is light, delicate, elegant and smells of cherry tree flowers. But watch out, if you use it properly it can also be lethal.",ep:22,g:56,l:81,wd:true,fm:true,w:15,an:10,tw:true,e:[5,4,3,7,30,50,false,true],c:"CA>200",p:16900};
I.u[8610] = {n:"Bow Liwood",t:2,d:"If you hold this bow high and joyfully say \"Pampulilu!\", you\'ll look absolutely ridiculous.",ep:22,g:57,l:79,wd:true,fm:true,w:10,an:10,tw:true,e:[7,5,4,7,30,50,false,true],c:"CI>150&CC>150",p:15320};
I.u[8611] = {n:"Wand Else?",t:3,d:"This wand belongs to a famous Grinegau who makes excellent coffee, but who just can\'t get the ladies.",ep:22,g:61,l:72,wd:true,fm:true,w:15,an:11,e:[5,3,2,4,15,50,false,true],c:"CI>100&CC>100",p:16500};
I.u[8612] = {n:"The Bidjiz",t:3,d:"With the Bidjiz, you\'ll stay alive probably because your opponents will start dancing when they see the disco ball at the end of this wand.",ep:22,g:62,l:79,wd:true,fm:true,w:10,an:11,tw:true,e:[10,4,2,5,40,50,false,true],c:"CA>150",p:18000};
I.u[8613] = {n:"Shovel Minster",t:8,d:"Created like a Smithmagic masterpiece, this shovel digs really bad, except when it\'s your opponents\' heads.",ep:22,g:46,l:70,wd:true,fm:true,w:10,an:16,tw:true,e:[5,4,1,1,30,50,false,false],c:"CC>100",p:13540};
I.u[8614] = {n:"RIP Shovel",t:8,d:"This shovel is a great invention. It can dig up a grave and be left on top as a cross, provided only one adventure fellow dies at the time... Or else you\'ll have to dig the other graves with your hands.",ep:22,g:47,l:66,wd:true,fm:true,w:1,an:16,tw:true,e:[5,4,1,1,20,30,false,false],c:"CI>100&CC>50",p:1};
I.u[8615] = {n:"Red Hammer",t:7,d:"This Hammer easily crushes skulls to pulp... which is exactly why it\'s tinted with a nice red tomato colour.",ep:22,g:61,l:83,wd:true,fm:true,w:10,an:15,e:[10,4,1,1,40,50,false,false],c:"CI>100&CV>100",p:17560};
I.u[8616] = {n:"Stephammer",t:7,d:"This hammer was created during the reign of King Stephan, a terrible tyrant who terrorised trillions of people.",ep:22,g:62,l:178,wd:true,fm:true,w:10,an:15,tw:true,e:[5,5,1,1,40,50,false,true],c:"CI>350&CW>180",p:10000};
I.u[8617] = {n:"Purrin Axe",t:19,d:"Your pet, our passion.",ep:22,g:45,l:62,wd:true,fm:true,w:10,an:17,e:[5,4,1,1,20,30,false,false],c:"CV>150",p:10200};
I.u[8618] = {n:"Koss Axe",t:19,d:"This strange axe is designed to easily behead Bworks. The ease with which it can also behead Astrub\'s inhabitants clearly indicates that there\'s a connection between these two populations. But no one has discovered just what it is yet.",ep:22,g:46,l:80,wd:true,fm:true,w:10,an:17,tw:true,e:[10,4,1,1,50,50,false,true],c:"CC>120&CA>60",p:16700};
I.u[8619] = {n:"Hat Ariutokinabot",t:16,d:"Thanks to this warrior hat, Iops really cut a fine figure. The only problem is that it hides some of their field of vision and prevents them from hearing their opponents\' words. This hat is designed for those who like to strike before they think.",ep:22,g:175,l:40,wd:true,fm:false,w:1,s:81,p:10000};
I.u[8620] = {n:"",t:28,d:"",ep:0,g:2,l:1,wd:false,fm:true,w:0,m:true,p:1};
I.u[8621] = {n:"Cuwsed Cawwot",t:94,d:"This appetizing cawwot looks pwetty owdinawy but it stinks of evil fwom 50 paces. Will you wesist the temptation to devouw it?",ep:8,g:6,l:21,wd:true,fm:true,w:1,u:true,ut:true,p:100};
I.u[8624] = {n:"Magic Blue Balloon",t:94,d:"Unlike the fake ones you\'ll find at the Trool fair, this balloon can take off with grace and ease. A beauty to behold, it\'s handmade with Strawberry Jelly eyelid, according to the traditions of the great magus Betsy Krokerr.",ep:1,g:7,l:1,wd:false,fm:true,w:1,u:true,p:1};
I.u[8625] = {n:"Magic Green Balloon",t:94,d:"This green balloon is a delicacy made by force-feeding a Luidegit mushroom a green larva. The eyes of the larva roll out in the process and are sold to Bworks as appetizers. This balloon inspired Betsy Krokerr in some of her most famous recipes.",ep:1,g:8,l:1,wd:false,fm:true,w:1,u:true,p:1};
I.u[8626] = {n:"Cirsid Hizilnit",t:94,d:"Tis ippitiziknik hizilnik sims ti bik kitik nirmik bik is inik ficik ixtrimilik ivik. Wilik yik risiksitik tik timptitinik ti nibblik itik ik?",ep:6,g:9,l:21,wd:false,fm:true,w:1,u:true,ut:true,p:100};
I.u[8627] = {n:"Sarr Ys\' Flute",t:3,d:"Colleague and friend of the famous Guy-Guy (close parent of the Soft Oak), Sarr Ys is a minstrel whose enchanting melodies have been engraved in Amakna\'s collective unconscious. Unfortunately, this brilliant artist had a tragic Quaquack accident after a particularly humid new year\'s eve celebration.",ep:1,g:63,l:1,wd:false,fm:true,w:10,an:11,e:[10,6,2,3,100,30,false,true],p:1};
I.u[8628] = {n:"Ukando Hat",t:16,d:"This headgear bestows self confidence and temerity on whoever wears it. Thanks to it you\'ll always keep going thinking you can actually make exploits. Remember to take it off from time to time or it will take you into inextricable situations!",ep:22,g:185,l:40,wd:true,fm:false,w:1,s:88,p:10000};
I.u[8629] = {n:"Hat Tsokey",t:16,d:"Every time an opponent comes to face this headgear, he turns as silent as the grave. No one dares ask what it is supposed to be. But that\'s ok, Srams aren\'t known for their sensitivity.",ep:22,g:179,l:40,wd:true,fm:false,w:1,s:89,p:10000};
I.u[8630] = {n:"Hatter Lily",t:16,d:"This hat looks like the Sulik and the Paperb\' Hat. But since it\'s very comfy and Xelors never take it off - even when they sleep, it is commonly called Hatter Lily. It gives off a nice pleasant white water lily smell which helps you get to sleep. However, it also provokes snores as unbearable as the Toads\' song during the mating season.",ep:22,g:177,l:40,wd:true,fm:false,w:1,s:86,p:10000};
I.u[8631] = {n:"Hat Wisholdoo",t:16,d:"Thanks to this hat, Eniripsas always know how to deal with emergencies. Indeed, all the first aid tips are discreetly written on the lining. It makes them look as if they just graduated even though no one would normally wear such a ridiculous hat even for a school ceremony!",ep:22,g:184,l:40,wd:true,fm:false,w:1,s:83,p:10000};
I.u[8632] = {n:"Cap Ricott",t:16,d:"Given its name, you\'d think this cap would be a nice orange colour. Well, not at all! Moreover, this fashion accessory is more of a mask than a hat. So why did its creators name it this way? To make curious people talk, of course!",ep:22,g:178,l:40,wd:true,fm:false,w:1,s:90,p:10000};
I.u[8633] = {n:"Cap Rayer",t:16,d:"The sharpened points coming out of this cap not only enable you to hurt your enemy but also increase your chances of being struck on the head by lightning during a storm. Indeed, Sacriers are a class who love to hurt others as much as themselves. A nice smell of grilled meat: nothing\'s better to start your day!",ep:22,g:180,l:40,wd:true,fm:false,w:1,s:87,p:10000};
I.u[8634] = {n:"Cool Hood",t:16,d:"Thanks to this headgear, you\'ll really look like a horny beast. People will turn round to admire the huge pair on your head. This roomy hood can also keep food fresh like hay for Gobballs or bread for Tofus.",ep:22,g:181,l:40,wd:true,fm:false,w:1,s:84,p:10000};
I.u[8635] = {n:"Helmet Hicc",t:16,d:"This helmet can make wearers make promises they instantly forget. Is it because it exerts pressure on the part of the brain which deals with memory or language? No one truly knows. What matters is to only take into account the less extravagant words.",ep:22,g:176,l:40,wd:true,fm:false,w:1,s:92,p:10000};
I.u[8636] = {n:"Robbie Hoodie Cap",t:16,d:"Robbie Hood was a famous Cra who lived in the woods. This explains the camouflage green colour of the cap. He wanted to take the law into his own hands and spent all his time stealing money from the rich for a good cause: himself!",ep:22,g:186,l:40,wd:true,fm:false,w:1,s:82,p:10000};
I.u[8637] = {n:"Zinda Hood",t:16,d:"Fecas increase their luck, as well as that of their allies when they wear this hat. If you\'ve hired a Feca who\'s wearing the Zinda Hood, you\'re sure to arrive safely and almost without a scratch. The problem is, it smells so foul that it\'s only useful for protecting widows and orphans.",ep:22,g:182,l:40,wd:true,fm:false,w:1,s:91,p:10000};
I.u[8638] = {n:"Sthood",t:16,d:"This hood can be used to fend off the bad weather, but it\'s also great for cooking. It allows you to regulate the strength of a flame with a tip of the head. Now you know why Enutrofs have such muscular necks.",ep:22,g:183,l:40,wd:true,fm:false,w:1,s:85,p:10000};
I.u[8639] = {n:"Cloak Orporal",t:17,d:"The floating cape will give you the aura of a warrior, especially when you turn your back to your enemy. Some think it\'s reinforced by a metal sheet capable of staving off the slyest attacks.",ep:22,g:131,l:80,wd:true,fm:false,w:1,s:81,p:10000};
I.u[8640] = {n:"Cape of Spades",t:17,d:"Cut from a soft and strong fabric, this cape gives the Ecaflips the impression that they\'re always the best, no matter what happens. When they win, they love to wear this piece of clothing and claim their reward: \"And now, gimme the cash!\"",ep:22,g:133,l:80,wd:true,fm:false,w:1,s:88,p:10000};
I.u[8641] = {n:"F-Ha(r)t",t:17,d:"This cape is so light and thin that the slightest wind, wind of any sort, will blow it off... It\'s anything but discreet especially after a meal of veggies and fermented drinks.",ep:22,g:140,l:80,wd:true,fm:false,w:1,s:89,p:10000};
I.u[8642] = {n:"Cap Cape",t:17,d:"The dark colour of this cape makes it easy to match any other cloth, of any colour. Since it\'s a very wide cape, it can also protect your head and nose.",ep:22,g:141,l:80,wd:true,fm:false,w:1,s:86,p:10000};
I.u[8643] = {n:"Cape Sulitis",t:17,d:"Place the cape lightly on your shoulders to prevent stiff joints, stiff upper lips and other stiffness-related problems.",ep:22,g:134,l:80,wd:true,fm:false,w:1,s:83,p:10000};
I.u[8644] = {n:"Cape o\'Tbelly",t:17,d:"This item is used to hide the Sadidas\' weight problem. Because they spend most of their time sleeping instead of practicing sports, the characters of this class tend to become rather stout. If Sadidettes actually have anti-starvation supplies flatteringly placed in the eyes of men, Sadidas usually use this cape to hide theirs.",ep:22,g:139,l:80,wd:true,fm:false,w:1,s:90,p:10000};
I.u[8645] = {n:"Cape Ytal",t:17,d:"This piece of clothing plays an essential part in the Sacriers\' style. They use it to bandage their wounds, to clean off blood, to warm their feet during the cold seasons. We cannot say it enough - this class is terrified of frozen ground!",ep:22,g:138,l:80,wd:true,fm:false,w:1,s:87,p:10000};
I.u[8646] = {n:"Cape Anama",t:17,d:"This soft cape is sometimes used by the Osamodettes as a wide-brimmed hat. Male Osamodas only use it as a cape. Thanks to the drawing which decorates this piece of clothing, this character class has inherited the reputation of being frank... they can\'t laugh up their sleeves since the laugh has actually been sewn onto the cape!",ep:22,g:137,l:80,wd:true,fm:false,w:1,s:84,p:10000};
I.u[8647] = {n:"Cape Wuera",t:17,d:"Pandawas use this cape as protection against bad weather and as a dance accessory. They put it on the floor, in the middle of a circle of tipsy dancers. Then they start their improvised choreography during which their feet can\'t leave the cloth.",ep:22,g:142,l:80,wd:true,fm:false,w:1,s:92,p:10000};
I.u[8648] = {n:"Cape Hulco",t:17,d:"Let me tell you about Hulco, a very strange Cra. He couldn\'t find his way to his own bathroom because everything he saw looked like a tropical beach at sunset. At least he never had to pay for a sun holiday.",ep:22,g:132,l:80,wd:true,fm:false,w:1,s:82,p:10000};
I.u[8649] = {n:"Cape Adossia",t:17,d:"This cape\'s warm and comforting colours take its wearer on an imaginary journey to sunny lands, full of canyons carved by the elements, and cave paintings hidden amongst wind-blasted rocks and weathered cliffs. This is extremely useful way of forgetting the cold, grey, rainy weather that normally blights Amakna. At least it never snows, though - well, only at Kwismas. Funny, that.",ep:22,g:136,l:80,wd:true,fm:false,w:1,s:91,p:10000};
I.u[8650] = {n:"Cape Hernaum",t:17,d:"Enutrofs have the habit of drawing a map on their cape. They live in such a mess that they can barely find the toilets and this is quite a problem, especially when nature calls urgently.",ep:22,g:135,l:80,wd:true,fm:false,w:1,s:85,p:10000};
I.u[8651] = {n:"Bloody Belt",t:10,d:"This beautiful belt adds to the prestige of the Iops\' appearance. Some say that the central cross can become a detachable weapon when their swords aren\'t within reach. Obviously this is a legend. Only Srams are deceitful enough to have such things.",ep:22,g:116,l:130,wd:true,fm:false,w:1,s:81,p:10000};
I.u[8652] = {n:"Belt Sterous",t:10,d:"When an Ecaflip is bored, he usually takes his cards from his belt and starts a game of solitaire. In fight, he can also use the cards as projectiles. He draws a card faster than his shadow and once victory is his, there\'s always time for a little game!",ep:22,g:117,l:130,wd:true,fm:false,w:1,s:88,p:10000};
I.u[8653] = {n:"Clinkin Belt",t:10,d:"The name of this belt comes from the particular noise it makes. The bones decorating the belt bang together, preventing the Srams, even those who are invisible, from going unnoticed. Then, you could easily hear such a dialogue: \"Surprising someone wearing the Clinkin Belt? You\'ve got a hope!\"",ep:22,g:118,l:130,wd:true,fm:false,w:1,s:89,p:10000};
I.u[8654] = {n:"Sleepless Belt",t:10,d:"The incessant ticking sound of the clock system of this belt prevents Xelors from sleeping when fights last forever. It is strongly advised that you take this belt off before going to bed.",ep:22,g:119,l:130,wd:true,fm:false,w:1,s:86,p:10000};
I.u[8655] = {n:"Blub Belt",t:10,d:"Though it won\'t stop the sobbing, this belt will hold lots of medical supplies. This is especially important for Eniripsas... when they have a sore throat, they can\'t cast their spells properly. And when they\'re voiceless ... well, they\'re as useful as a bear skin jacket in a heat wave.",ep:22,g:120,l:130,wd:true,fm:false,w:1,s:83,p:10000};
I.u[8656] = {n:"Belt Atio",t:10,d:"The reason the designers of this fashion accessory put the doll head next to the crotch is still unknown.",ep:22,g:121,l:130,wd:true,fm:false,w:1,s:90,p:10000};
I.u[8657] = {n:"Strap Pado",t:10,d:"Warriors of an ancient tribe renowned for their love for blood, the Pados may have been the first worshippers of the goddess Sacrier. Despite its harmless appearance, this belt is a real sophisticated instrument of torture.",ep:22,g:122,l:130,wd:true,fm:false,w:1,s:87,p:10000};
I.u[8658] = {n:"Diezzle Belt",t:10,d:"Osamodas are known to be quite impulsive. They tend to be quite touchy. The numerous buckles on this belt are meant to help them put a cap on their spontaneity. \"Before you light up your anger and inject your eyes with blood, touch each and every horn on your fantastic Diezzle Belt!\"",ep:22,g:123,l:130,wd:true,fm:false,w:1,s:84,p:10000};
I.u[8659] = {n:"Sticky Strap",t:10,d:"This belt helps Pandawas stand up straight (or almost) when they\'re drunk which they are, most of the time. In these moments, they tend to feel like they\'re stuck to the ground though gravity has no link whatsoever to this sensation. Gravity is way too busy knocking out scientists with apples.",ep:22,g:124,l:130,wd:true,fm:false,w:1,s:92,p:10000};
I.u[8660] = {n:"Targ Belt",t:10,d:"This belt enables you to keep up baggy clothes (so as not to scare away sensitive souls) and it also offers a target to apprentice Cras. Indeed, they\'re taught to shoot right in the centre but never below the belt.",ep:22,g:125,l:130,wd:true,fm:false,w:1,s:82,p:10000};
I.u[8661] = {n:"Girdle Belt",t:10,d:"Provident, Fecas keep their survival supplies in a small bag, which mainly include Crackrock bread. That\'s why this food can last for so long. The Sekuritee Belt firmly secures the bag around their waist, because there are still way too many accidents linked to this bag falling, either due to negligence or just plain stupidity.",ep:22,g:126,l:130,wd:true,fm:false,w:1,s:91,p:10000};
I.u[8662] = {n:"Belt Urgid",t:10,d:"This belt is a very handy fashion accessory used by male Enutrofs. Thanks to the map sewn onto it, they can hide their little accidents when they got lost looking for the toilets.",ep:22,g:127,l:130,wd:true,fm:false,w:1,s:85,p:10000};
I.u[8663] = {n:"Boot-a-Hoop",t:11,d:"With these boots on, the Iops are always the first to get to the battlefield and start livening the place up. It\'s common knowledge that this class love to amuse the crowd with their warrior exploits. But they\'re never taken seriously because of their intelligence, which is inversely proportional to their strength.",ep:22,g:100,l:100,wd:true,fm:false,w:1,s:81,p:10000};
I.u[8664] = {n:"Sleephairs",t:11,d:"It is said that Sadidas never feel lonely, since they can summon lots of dolls to keep them company. Thanks to these shoes, you too can say goodbye to loneliness! Not only will you be able to talk to them, but they\'ll be great for hiding aces when you\'re playing poker. Once you\'re wearing them, you\'ll feel really good, even if you are a little ashamed to actually go out with them on.",ep:22,g:105,l:100,wd:true,fm:false,w:1,s:88,p:10000};
I.u[8665] = {n:"Boots Hox",t:11,d:"Impregnated with a revolutionary firming agent, these boots will perfect the curvature of your legs and fight the good fight against your death-like Sram complexion. This cream has spectacular effects on Sramettes but seems to be absolutely useless on Srams. Could it be a hormonal problem?",ep:22,g:102,l:100,wd:true,fm:false,w:1,s:89,p:10000};
I.u[8666] = {n:"Shal\'Hal Boots",t:11,d:"Created by a Xelor artist, these boots should enable him to paint more quickly. And well, it does! However, they tend to distort the vision, meaning the artist was incapable of drawing anything but curvy females.",ep:22,g:103,l:100,wd:true,fm:false,w:1,s:86,p:10000};
I.u[8667] = {n:"Boots Ulism",t:11,d:"Thanks to these boots, you\'ll always be protected from the toxins that come from the ground. You can never be suspicious enough of microbes and other germs that hang about. Some fine observers say that these shoes have more of a slipper than a boot look. But well, that\'s what the Eniripsas call them. Is it because of their small size that they see everything from a different point of view?",ep:22,g:104,l:100,wd:true,fm:false,w:1,s:83,p:10000};
I.u[8668] = {n:"Boots Hanik",t:11,d:"Thanks to their recognition system, these boots prevent Sadidas from crushing rare plants. However they won\'t prevent you from stepping in various sort of excrements if you don\'t watch where you\'re going.",ep:22,g:101,l:100,wd:true,fm:false,w:1,s:90,p:10000};
I.u[8669] = {n:"Nailed Thongs",t:11,d:"Unlike the other classes, Sacriers love to live with a thorn in their foot and do not wish to have it taken out. The pain they feel reminds them that they\'re alive and give them the raging energy they need to slaughter their enemies. Besides, the drops of blood they leave behind mean they always find their way back home.",ep:22,g:106,l:100,wd:true,fm:false,w:1,s:87,p:10000};
I.u[8670] = {n:"Wawka Boots",t:11,d:"Crocodyl Dandy lost many a good opportunity and many a wife through his undying urge to wander round the outback. His fame grew fast and he was even offered a sponsorship deal by the famed shoemakers of Aerdala, but when he saw what they had on offer, he threw them back and shouted \"That\'s not a pair of boots... THIS is a pair of boots.\"",ep:22,g:107,l:100,wd:true,fm:false,w:1,s:84,p:10000};
I.u[8671] = {n:"Great Coralator Relic",t:24,d:"This impressive relic might make you forget all of your worries.",ep:22,g:152,l:1,wd:true,fm:true,w:0,p:1};
I.u[8672] = {n:"Gourlo the Terrible Relic",t:24,d:"This impressive relic might make you forget all of your worries.",ep:22,g:153,l:31,wd:true,fm:true,w:0,p:1};
I.u[8673] = {n:"Greater Bherb Relic",t:24,d:"This impressive relic might make you forget all of your worries.",ep:22,g:154,l:61,wd:true,fm:true,w:0,p:1};
I.u[8674] = {n:"Tynril Relic",t:24,d:"This impressive relic might make you forget all of your worries.",ep:22,g:155,l:101,wd:true,fm:true,w:0,p:1};
I.u[8675] = {n:"Kimbo Relic",t:24,d:"This impressive relic might make you forget all of your worries.",ep:22,g:156,l:141,wd:true,fm:true,w:0,p:1};
I.u[8676] = {n:"Wicked Sword",t:6,d:"Vlad fell in love with this wonderful sword. He entered the most terrifying of all Dragokart races to get enough money to buy it. Unfortunately, he didn\'t know that the sword was cursed...",ep:1,g:75,l:95,wd:true,fm:true,w:1,an:14,tw:true,e:[10,4,1,1,40,50,false,false],c:"CV>50&CA>50&CS>50",p:9500};
I.u[8677] = {n:"Ross",t:18,d:"This cute Coney is the favourite pet of the famous Master Nero Jack. Do not be fooled by appearances, he can be really fearsome in battle. This pet only eats Cawwots and other plants.",ep:3,g:44,l:1,wd:true,fm:true,w:10,c:"PZ=1",p:1};
I.u[8678] = {n:"Satanass Hat",t:16,d:"Long ago, Satanass was a figure skater slicing up Holyball on Ice on the rinks of the Second Zone. While recovering from an injury to the coccyx he had a life-changing revelation: his destiny was to be the most talented Dragokart driver of his generation! A little bump can sometimes leave a hefty lump.",ep:1,g:187,l:36,wd:true,fm:true,w:20,p:3550};
I.u[8679] = {n:"Ross Ghost",t:90,d:"This Ghost hasn\'t left the living world yet. Will you find a way to resurrect it or cowardly abandon it once and for all?",ep:3,g:46,l:1,wd:true,fm:true,w:1,p:1};
I.u[8680] = {n:"Slimy Scale",t:59,d:"This slimy, slippery scale allowed its owner to escape capture by strange adventurers who fished with their teeth. Unfortunately, it was no use against the well-placed swipe of a rusty sword.",ep:1,g:626,l:10,wd:true,fm:true,w:1,p:1};
I.u[8681] = {n:"Raul Mops\' Skin",t:59,d:"Raul Mops has a real weakness. He loves to smear himself with water, wine and vinegar. What he loves most of all is rolling  peanuts along the road with his nose. Dry roasted, by the way, just in case you ever feel like doing him a favour.",ep:1,g:627,l:40,wd:true,fm:true,w:1,p:1};
I.u[8682] = {n:"Sponge Mob Skin",t:59,d:"Either side of this skin can be used for your DIY projects. The soft side is for cleaning delicate surfaces, and the rough side for scouring all your previously inaccessible body parts.",ep:1,g:628,l:10,wd:true,fm:true,w:1,p:1};
I.u[8683] = {n:"Gift: Pingoku",t:89,d:"If you shake this object vigorously and hold your ear to it, you\'ll hear a strange noise... like a tiny animal weeping... yeah, actually maybe you don\'t want to shake it... Ahhh, just open the damn thing. You\'ll find a wonderful pet inside it, as well as some food and healing Eniripsa powders.",ep:1,g:42,l:1,wd:false,fm:true,w:1,u:true,p:1};
I.u[8684] = {n:"Bow Kennel Certificate: Ross",t:77,d:"This certificate describes the characteristics of the Ross you\'ve put in the Bow Kennels.",ep:3,g:24,l:1,wd:false,fm:true,w:1,p:100};
I.u[8685] = {n:"Bow Kennel Certificate: Bilby",t:77,d:"This certificate describes the characteristics of the Bilby you\'ve put in the Bow Kennels.",ep:3,g:24,l:1,wd:false,fm:true,w:1,p:100};
I.u[8686] = {n:"Gift: Ross",t:89,d:"If you shake this object vigorously and hold your ear to it, you\'ll hear a strange noise... like a tiny animal weeping... yeah, actually maybe you don\'t want to shake it... Ahhh, just open the damn thing. You\'ll find a wonderful pet inside it, as well as some food and healing Eniripsa powders.",ep:1,g:42,l:1,wd:true,fm:true,w:1,u:true,p:1};
I.u[8687] = {n:"Gift: Bilby",t:89,d:"If you shake this object vigorously and hold your ear to it, you\'ll hear a strange noise... like a tiny animal weeping... yeah, actually maybe you don\'t want to shake it... Ahhh, just open the damn thing. You\'ll find a wonderful pet inside it, as well as some food and healing Eniripsa powders.",ep:1,g:42,l:1,wd:true,fm:true,w:1,u:true,p:1};
I.u[8688] = {n:"Ross Ghost Transformation",t:27,d:"You\'ve been transformed into a ghost to be able to get in the Pet Sanctuary.",ep:20,g:3,l:1,wd:false,fm:true,w:0,m:true,p:1};
I.u[8691] = {n:"Victory Mark",t:24,d:"You easily defeated the disciple. He agreed and gave you this scroll.",ep:2,g:253,l:1,wd:true,fm:true,w:0,p:1};
I.u[8692] = {n:"Transformation Potion Formula",t:24,d:"This book contains theories from various alchemists about the possibility of Wabbit Twansfowmation. All it does is show how little they\'ve done on the subject.",ep:2,g:95,l:1,wd:true,fm:true,w:0,p:1};
I.u[8693] = {n:"Feanor",t:18,d:"Thanks to this pet, all your classmates will be giving you puppy eyes. Here\'s a tip: don\'t count your chickens before they hatch! You\'ll soon realize that your lover has been hypnotized by Fëanor. It won\'t even be an advantage: the one you once had eyes for will begin to munch on raw Snapper and rub up against your legs... Not the best. This pet only eats fish.",ep:3,g:45,l:1,wd:true,fm:true,w:10,c:"PZ=1",p:1};
I.u[8694] = {n:"Candied Chilli",t:42,d:"This candied chilli is as explosive as the strainings from the devil\'s jockstrap. This mind bending mixture of sugar and fire led one Dragoturkey to a string of controversial victories in a the world Dragokart championships before being banned by all major sporting associations. You can use it as a suppository if you need to make a quick exit or as a pill if getting in is your problem.",ep:1,g:111,l:1,wd:true,fm:true,w:1,c:"PO!1723",u:true,p:1};
I.u[8695] = {n:"Sword Hikk",t:6,d:"Like Brice said: \"It\'s not the size that counts, it\'s the sharpness.\"",ep:22,g:76,l:177,wd:true,fm:true,w:10,an:14,e:[5,3,1,1,50,50,false,false],c:"CM>5",p:50050};
I.u[8696] = {n:"",t:23,d:"",ep:0,g:14,l:1,wd:false,fm:true,w:1,p:1};
I.u[8697] = {n:"Olol² Dofus",t:23,d:"description",ep:0,g:0,l:1,wd:false,fm:true,w:1,p:1};
I.u[8698] = {n:"Cloudy Dofus",t:23,d:"description",ep:0,g:16,l:1,wd:false,fm:true,w:1,p:1};
I.u[8699] = {n:"Tynril Hat",t:16,d:"You\'ll always have an out-of-bed look if you wear this hat, even if you\'ve spent hours brushing your hair. The hairs on a Tynril\'s bark curl when the weather is humid, which makes it the surest weather forecaster in the world. This hat fears fire, however, so be extremely careful and keep it away from flames if you don\'t want to become a human torch.",ep:22,g:188,l:164,wd:true,fm:true,w:10,p:51250};
I.u[8700] = {n:"Emerald Shell",t:16,d:"This headgear has been crafted from a broken Emerald Dofus. The egg is not quite empty, so treat yourself to a nice, energising hair mask while you\'re at it.",ep:1,g:189,l:21,wd:true,fm:true,w:5,p:1400};
I.u[8701] = {n:"Nicked Sword",t:6,d:"This sumptuous sword used to belong to a famous thief who was renowned for getting nicked every time he committed a crime.",ep:0,g:77,l:95,wd:false,fm:true,w:10,an:14,tw:true,e:[10,4,1,1,40,50,false,false],c:"CV>50&CA>50&CS>50",p:9500};
I.u[8702] = {n:"",t:4,d:"",ep:0,g:74,l:1,wd:false,fm:true,w:1,an:12,tw:true,e:[0,0,1,1,0,0,false,false],p:1};
I.u[8703] = {n:"",t:5,d:"",ep:0,g:63,l:1,wd:false,fm:true,w:1,an:13,e:[1,0,1,1,1,1,false,false],p:1};
I.u[8704] = {n:"Jester Hat",t:16,d:"If you shake your two little bells, you might be able to play music.",ep:22,g:190,l:160,wd:true,fm:true,w:10,p:47625};
I.u[8706] = {n:"Fëanor Ghost",t:90,d:"This Ghost hasn\'t left the living world yet. Will you find a way to resurrect it or cowardly abandon it once and for all?",ep:3,g:48,l:1,wd:true,fm:true,w:1,p:1};
I.u[8707] = {n:"Bow Kennel Certificate: Fëanor",t:77,d:"This certificate describes the characteristics of the Finer you\'ve put in the Bow Kennels.",ep:3,g:24,l:1,wd:true,fm:true,w:1,p:100};
I.u[8708] = {n:"Bow Kennel Certificate: Atooin",t:77,d:"This certificate describes the characteristics of the Atooin you\'ve put in the Bow Kennels.",ep:3,g:24,l:1,wd:true,fm:true,w:1,p:100};
I.u[8709] = {n:"Fëanor Ghost Transformation",t:27,d:"You\'ve been transformed into a ghost to be able to get in the Pet Sanctuary.",ep:20,g:3,l:1,wd:false,fm:true,w:0,m:true,p:1};
I.u[8711] = {n:"Fëanor Gift",t:89,d:"If you shake this object vigorously and hold your ear to it, you\'ll hear a strange noise... like a tiny animal weeping... yeah, actually maybe you don\'t want to shake it... Ahhh, just open the damn thing. You\'ll find a wonderful pet inside it, as well as some food and healing Eniripsa powders.",ep:1,g:42,l:1,wd:true,fm:true,w:1,u:true,p:1};
I.u[8712] = {n:"Piece of Goldemort",t:110,d:"Congratulations! You managed to steal a piece of Goldemort\'s corpse. You\'d make a vulture proud!",ep:1,g:490,l:1,wd:true,fm:true,w:1,p:1};
I.u[8713] = {n:"Getas Bernacles",t:11,d:"In some countries, it seems that the Getas Bernacle are thrown at the feet of enemies  to propose a duel... kind of like hitting your opponent with a pair of gloves. The advantage of the Getas Bernacles is that they add the stench factor to the actual blow. Pandawas never were famous for their foot hygiene...",ep:22,g:108,l:100,wd:true,fm:false,w:1,s:92,p:10000};
I.u[8714] = {n:"Honoh Ring",t:9,d:"Wearing this ring is an honour. It shows that you\'re a faithful worshipper of the goddess Cra, the only one to reveal how to harden your muscle more quickly to be able fire more effectively.",ep:22,g:126,l:150,wd:true,fm:false,w:1,s:82,p:10000};
I.u[8715] = {n:"Blaber Ring",t:9,d:"Ecaflips have the gift of the gab. They can talk you into almost any bet you can think of. This ring celebrates their business smarts. It can also be used as a spare dice or to scratch yourself...",ep:22,g:127,l:150,wd:true,fm:false,w:1,s:88,p:10000};
I.u[8716] = {n:"Lion Ring",t:9,d:"Osamodettes love this ring which gives an extra feline touch to their walk. Because they\'re always so close to monsters, they\'re starting to behave like real animals themselves. But in reality, they\'re as devoted and caring as lioness mothers.",ep:22,g:128,l:150,wd:true,fm:false,w:1,s:84,p:10000};
I.u[8717] = {n:"Ring Bellious",t:9,d:"Spiteful gossips claim that this ring is the least useful fashion accessory in the world. The wings attached to it are very awkward when you need to get a tissue out of your pocket. Now, as Iops have neither tissues nor pockets, they don\'t care. Instead, they prefer shredding their enemies\' flesh with the wings during close combat. Thinking about it, you wonder why this isn\'t the Sacriers\' ring instead.",ep:22,g:129,l:150,wd:true,fm:false,w:1,s:81,p:10000};
I.u[8718] = {n:"Memo Ring",t:9,d:"Fecas use the mini shields on this ring as memo boards to write love notes and to-do lists. This jewel has been nicknamed the anti-forgetfulness shield. However, it does not protect you from stammering or slips of the tongue.",ep:22,g:130,l:150,wd:true,fm:false,w:1,s:91,p:10000};
I.u[8719] = {n:"Rememb Ring",t:9,d:"Thanks to this item, Enutrofs can remember their happy times whenever they want. They just need to extract the shovel driven into it. To make the remembrance even more genuine, you\'d need to add a specific smell to it... Good luck!",ep:22,g:131,l:150,wd:true,fm:false,w:1,s:85,p:10000};
I.u[8720] = {n:"Chee Ring",t:9,d:"The goddess Eniripsa gave this item to her worshippers as a sign of their spiritual union during the class spell initiation session. Incidentally, Eniripsas can also use it as a sponge bracelet to clean off the blood of their allies.",ep:22,g:132,l:150,wd:true,fm:false,w:1,s:83,p:10000};
I.u[8721] = {n:"Ear Ring",t:9,d:"This jewel tends to turn Pandawas into insulting devils after two or three beers... just remember the old proverb  \"Sticks and stones may break my bones, but a drunken bear-like creature will never hurt me.\"",ep:22,g:133,l:150,wd:true,fm:false,w:1,s:92,p:10000};
I.u[8722] = {n:"Elkebi Ring",t:9,d:"This jewel with a skull on it was traditionally offered to all Sram kids to reward them for their treachery and blows below the belt. The other classes seem to discredit this practice which tends to overexcite the kids and turn them into little devils.",ep:22,g:134,l:150,wd:true,fm:false,w:1,s:89,p:10000};
I.u[8723] = {n:"Subma Ring",t:9,d:"This ring is the only jewel that can tell the time and which is perfectly waterproof. Some believe that if you enlarge it a few hundred times, it\'ll make a submarine too. A submarine that can tell the time.",ep:22,g:135,l:150,wd:true,fm:false,w:1,s:86,p:10000};
I.u[8724] = {n:"Hai Ring",t:9,d:"Contrary to the rumour, Sadidas do not let their hair down... This hair has just been adjusted round a wonderful ring to reinforce its benefits. Never ever cut it! Thanks to the Hai Ring, you\'ll always be perfect!",ep:22,g:136,l:150,wd:true,fm:false,w:1,s:90,p:10000};
I.u[8725] = {n:"Ring Neinwonwon",t:9,d:"If you see a character who\'s not a Sacrier wear the Ring Neinwonwon, take him directly to intensive care. Indeed, this jewel is extremely harmful. In general, people lose their cool when they face the pool of blood caused by this ring.",ep:22,g:137,l:150,wd:true,fm:false,w:1,s:87,p:10000};
I.u[8726] = {n:"Crusuede Shoes",t:11,d:"These shoes enable their wearer to dance all night long, despite blisters and corns! They dance to the rhythm of the night and make a little \"beep beep\" sound when they\'re next to religious artefacts. You\'ll be bright as a button the next day too, ready for a bit of slaughter.",ep:22,g:109,l:100,wd:true,fm:false,w:1,s:85,p:10000};
I.u[8727] = {n:"Relief Boots",t:11,d:"When Fecas are embarrassed and wish to change the subject, they always mention their Relief Boots. They talk about the way you can pace up and down all sorts of landscapes with them on. When their allies are in trouble on the battlefield, these comfy boots help them recover and ward off the threat.",ep:22,g:110,l:100,wd:true,fm:false,w:1,s:91,p:10000};
I.u[8728] = {n:"Veggie Boots",t:11,d:"The numerous straps around these shoes can be used as spare bow strings. Young Craettes also use them to cook vegetables. The smell of feet doesn\'t seem to bother them.",ep:22,g:111,l:100,wd:true,fm:false,w:1,s:82,p:10000};
I.u[8729] = {n:"Worn Coral",t:51,d:"Coral only loosens itself from the Coralator when the weather is dry. Coral is a beautiful substance and is often used to make jewellery. Other brutes actually eat it... but only because they mistake it for crab sticks.",ep:22,g:2,l:40,wd:true,fm:true,w:10,p:1};
I.u[8730] = {n:"Coralator Coccyx",t:47,d:"This strategically-located bone enables the Coralator to sit down with dignity. Now that he\'s dead, you can use it to establish your own authority upon his fellow creatures.",ep:16,g:12,l:40,wd:true,fm:true,w:1,p:1};
I.u[8731] = {n:"Great Coral",t:51,d:"The only difference between the Worn Coral and the Great Coral is their size and what you can do with them. However, a whole lot of worn Corals will never replace a Great Coral.",ep:22,g:9,l:150,wd:true,fm:true,w:10,p:1};
I.u[8732] = {n:"Kurasso Coral",t:51,d:"This coral\'s remarkable blue colour is a result of the Kurasso Craboral\'s unhealthy diet. It doesn\'t even manage to eat a single piece of fruit or veg a day, let alone 5!",ep:16,g:3,l:40,wd:true,fm:true,w:10,p:1};
I.u[8733] = {n:"Mahlibuh Coral",t:51,d:"This coral\'s remarkable green colour is a result of the Mahlibuh Craboral\'s unhealthy diet. It doesn\'t even manage to eat a single piece of fruit or veg a day, let alone 5!",ep:16,g:4,l:40,wd:true,fm:true,w:10,p:1};
I.u[8734] = {n:"Passaoh Coral",t:51,d:"This coral\'s remarkable red colour is a result of the Passaoh Craboral\'s unhealthy diet. It doesn\'t even manage to eat a single piece of fruit or veg a day, let alone 5!",ep:16,g:5,l:40,wd:true,fm:true,w:10,p:1};
I.u[8735] = {n:"Mojeeto Coral",t:51,d:"This coral\'s remarkable yellow colour is a result of the Mojeeto Craboral\'s unhealthy diet. It doesn\'t even manage to eat a single piece of fruit or veg a day, let alone 5!",ep:16,g:6,l:40,wd:true,fm:true,w:10,p:1};
I.u[8736] = {n:"Polished Stone Heart",t:51,d:"The only thing that can differentiate a Crackler\'s heart from that of a polished Crackler is the delicacy with which the item can break between your toes when you least expect it.",ep:16,g:7,l:80,wd:true,fm:true,w:1,p:1};
I.u[8737] = {n:"Polished Ball",t:51,d:"From what part of the Crackrock\'s anatomy does this ball come? And why do they always come in pairs?",ep:16,g:8,l:80,wd:true,fm:true,w:1,p:1};
I.u[8738] = {n:"Great Sacrum",t:47,d:"The Coralator offers you a bone from its backside. It doesn\'t have much use for it anyway.",ep:22,g:11,l:150,wd:true,fm:true,w:1,p:1};
I.u[8739] = {n:"Sparo\'s Humerus",t:47,d:"Even though this bone\'s called a humerus, it\'s hard to tell if it actually comes from Sparo\'s arm. When he died, his skeleton was put in a barrel and smashed up. It sounds painful, even for a bone.",ep:22,g:18,l:80,wd:true,fm:true,w:1,p:1};
I.u[8740] = {n:"Flib\'s Stump",t:47,d:"If I were you I wouldn\'t pick this thing up - the mouth it came from is about as clean as the devil\'s crotch. But well, you\'re the adventurer, you know your business!",ep:22,g:19,l:80,wd:true,fm:true,w:1,p:1};
I.u[8741] = {n:"Kido Beak",t:47,d:"This beak is so fragile that Otomai\'s disciples used it to make training arrows with blunt ends.",ep:16,g:22,l:80,wd:true,fm:true,w:1,p:1};
I.u[8744] = {n:"Craboral Pincer",t:47,d:"Just avoid shaking a Craboral on the pincer! You might lose your hand to politeness.",ep:22,g:17,l:40,wd:true,fm:true,w:1,p:1};
I.u[8745] = {n:"Kurasso Petal",t:35,d:"The colour of this petal reveals its doubtful origin. Alcohol abuse can even be noticed in Otomai\'s disciples\' creations.",ep:22,g:3,l:40,wd:true,fm:true,w:1,p:1};
I.u[8746] = {n:"Mahlibuh Petal",t:35,d:"The colour of this petal reveals its doubtful origin. Alcohol abuse can even be noticed in Otomai\'s disciples\' creations.",ep:22,g:5,l:40,wd:true,fm:true,w:1,p:1};
I.u[8747] = {n:"Passaoh Petal",t:35,d:"The colour of this petal reveals its doubtful origin. Alcohol abuse can even be noticed in Otomai\'s disciples\' creations.",ep:22,g:4,l:40,wd:true,fm:true,w:1,p:1};
I.u[8748] = {n:"Mojeeto Petal",t:35,d:"The colour of this petal suggests its doubtful origin. Alcohol abuse can even be noticed in the creations of Otomai\'s disciples.",ep:22,g:6,l:40,wd:true,fm:true,w:1,p:1};
I.u[8749] = {n:"Kurasso Bulb",t:36,d:"The Palmflower doesn\'t grow from a seed but a bulb soaked in alcohol. Why? Just because!",ep:22,g:3,l:40,wd:true,fm:true,w:1,p:1};
I.u[8750] = {n:"Mahlibuh Bulb",t:36,d:"The Palmflower doesn\'t grow from a seed but a bulb soaked in alcohol. Why? Just because!",ep:22,g:6,l:40,wd:true,fm:true,w:1,p:1};
I.u[8751] = {n:"Passaoh Bulb",t:36,d:"The Palmflower doesn\'t grow from a seed but a bulb soaked in alcohol. Why? Just because!",ep:22,g:4,l:40,wd:true,fm:true,w:1,p:1};
I.u[8752] = {n:"Mojeeto Bulb",t:36,d:"The Palmflower doesn\'t grow from a seed but a bulb soaked in alcohol. Why? Just because!",ep:22,g:5,l:40,wd:true,fm:true,w:1,p:1};
I.u[8753] = {n:"Mane in Bloom",t:36,d:"This mane is an improbable hybrid of hairs and flower petals, which means it\'s doubly allergenic. So keep away if you\'re sensitive... a single sneeze could send your brain flying out your nose.",ep:22,g:2,l:80,wd:true,fm:true,w:1,p:1};
I.u[8754] = {n:"Barbrossa\'s Ridiculous Beard",t:54,d:"This tiny hair tuft will remind you of your holidays thanks to its smell of sand, sunscreen and alcohol. What a pity it stinks so much of gunpowder too!",ep:22,g:10,l:80,wd:true,fm:true,w:1,p:1};
I.u[8755] = {n:"Flib\'s Red Tuft",t:54,d:"No one knows whether the colour of this tuft is natural or due to some untimely bush fire.",ep:22,g:11,l:80,wd:true,fm:true,w:1,p:1};
I.u[8756] = {n:"Kilibriss Down",t:54,d:"Kilibriss down is light and much sought after for the making of mattresses.",ep:22,g:12,l:80,wd:true,fm:true,w:1,p:1};
I.u[8757] = {n:"Barbrossa\'s Shirt",t:15,d:"Do you need an insect repellent? Just put Barbrossa\'s Shirt on! One side effect is that people will vomit automatically if they come within five feet of you.",ep:22,g:11,l:80,wd:true,fm:true,w:1,p:1};
I.u[8758] = {n:"Gourlo\'s Wrecked Shorts",t:15,d:"No one ever found an intact pair of Gourlo\'s shorts - he was a pyromaniac, and frequently burnt his clothes right off his body.",ep:22,g:12,l:200,wd:true,fm:true,w:1,p:1};
I.u[8759] = {n:"Flib\'s Cursed Little Box",t:15,d:"This box is shaped like Flib... unless it\'s the opposite! In any case, it\'s still a cursed little chest.",ep:22,g:13,l:80,wd:true,fm:true,w:1,p:1};
I.u[8760] = {n:"Sparo\'s Scarf",t:15,d:"This scarf is an essential accessory for both the summer and winter seasons. It will give you an original look, though a bit kitsch. Its flashy colour will certainly excite male Gobballs, but is that really what you want?",ep:22,g:14,l:80,wd:true,fm:true,w:1,p:1};
I.u[8761] = {n:"Gourlo\'s Explosive Powder",t:48,d:"To compensate for the cannon he couldn\'t transplant as an arm, Gourlo never goes out without his weapon. He can\'t shoot very quickly since he must wait for the powder to dry each time.",ep:22,g:1,l:200,wd:true,fm:true,w:1,p:1};
I.u[8762] = {n:"Polished Brain Fragment",t:50,d:"Thanks to this fragment, you\'ll learn the Cracklers\' good manners: hand crushing to say hi.",ep:16,g:3,l:80,wd:true,fm:true,w:1,p:1};
I.u[8763] = {n:"Mufafah Moustache",t:15,d:"Marylork the painter prefers his brushes to be made from thick, luxuriant Mufafah Moustache, rather than the slightly wispy Kittenfish Moustache, which is liable to blow away in the slightest of breezes.",ep:22,g:15,l:80,wd:true,fm:true,w:1,p:1};
I.u[8764] = {n:"Greater Bherb Eyebrow",t:15,d:"To prove that he\'s the Boss, the eyebrows of the Greater Bherb are always frowning, even beyond death.",ep:22,g:16,l:400,wd:true,fm:true,w:1,p:1};
I.u[8765] = {n:"Kilibriss Staff",t:15,d:"Thanks to its length, this staff will enable you to reach the most difficult places to access and to scratch yourself all over.",ep:22,g:17,l:100,wd:true,fm:true,w:1,p:1};
I.u[8766] = {n:"Kido Rear Feather",t:53,d:"One of Otomai\'s greatest riddles was inspired by this resource: what\'s the heaviest? One hundred pods of Kido feathers or one hundred pods of Pyrute?",ep:22,g:5,l:80,wd:true,fm:true,w:1,p:1};
I.u[8767] = {n:"Plain Pikoko Wing",t:104,d:"The Pikoko never was famous for its grace in flight. Once you\'ve seen its wings, well, you\'ll understand why.",ep:22,g:1,l:80,wd:true,fm:true,w:1,p:1};
I.u[8768] = {n:"Torn Pumbaa Ear",t:106,d:"If you stick this ear to yours, you\'ll be able to hear the plain boar gallop instead of the  roar of the sea.",ep:22,g:1,l:80,wd:true,fm:true,w:1,p:1};
I.u[8769] = {n:"Plain Pikoko Nut",t:111,d:"There\'s no milk in this Pikoko Nut but you\'ll find some brain juice with a few floating neurones.",ep:16,g:1,l:80,wd:true,fm:true,w:1,p:1};
I.u[8770] = {n:"Tynril Bark",t:96,d:"This bark is curiously curved. It looks like it went through a rasp.",ep:22,g:1,l:500,wd:true,fm:true,w:1,p:1};
I.u[8771] = {n:"Floramor Bark",t:96,d:"This bark is curiously curved. It looks like it went through a rasp.",ep:22,g:2,l:120,wd:true,fm:true,w:1,p:1};
I.u[8772] = {n:"Rotaflor Bark",t:96,d:"This bark is curiously curved. It looks like it went through a rasp.",ep:22,g:5,l:120,wd:true,fm:true,w:1,p:1};
I.u[8773] = {n:"Gwass Bark",t:96,d:"This bark is curiously curved. It looks like it went through a rasp.",ep:22,g:3,l:100,wd:true,fm:true,w:1,p:1};
I.u[8774] = {n:"Barkritter Bark",t:96,d:"This bark is curiously curved. It looks like it went through a rasp.",ep:22,g:6,l:100,wd:true,fm:true,w:1,p:1};
I.u[8775] = {n:"Warguerite Bark",t:96,d:"This bark is curiously curved. It looks like it went through a rasp.",ep:22,g:4,l:100,wd:true,fm:true,w:1,p:1};
I.u[8776] = {n:"Dark Pikoko Nut",t:111,d:"There\'s no milk inside this Pikoko Nut, just brain juice. If you\'re lucky, you might find a few neurons floating on the surface.",ep:22,g:2,l:120,wd:true,fm:true,w:1,p:1};
I.u[8777] = {n:"Tynril Pistil",t:36,d:"Should a Sacrier be lucky enough to remove several of these sexual organs from the four Tynrils after a long, arduous fight, the rest of his teammates would be well within their rights to refer to them as \"The Sac\'s Pistils\". Whether they should or not is another matter altogether.",ep:22,g:7,l:500,wd:true,fm:true,w:1,p:1};
I.u[8778] = {n:"Floramor Stamen",t:36,d:"The stamen is the male organ of a plant. Yep! Despite appearances, it seems that Floramor is a male...",ep:22,g:8,l:100,wd:true,fm:true,w:1,p:1};
I.u[8779] = {n:"Rotaflor Carpel",t:36,d:"A little biology lesson: the flowers are the plants\' sexual organs and the pistil is part of the flower while the carpel is part of the pistil... I\'ll let you decide what does what.",ep:22,g:9,l:100,wd:true,fm:true,w:1,p:1};
I.u[8780] = {n:"Gwass Sepal",t:36,d:"This part of the Gwass\' body is always green, no matter what. Is it due to some excess of chlorophyll or to something else?",ep:22,g:10,l:80,wd:true,fm:true,w:1,p:1};
I.u[8781] = {n:"Barkritter Calyx",t:36,d:"Don\'t bother trying to use the Barkritter Calyx to drink anything. It might resemble a cup, but it\'s about as solid as a sieve.",ep:22,g:12,l:100,wd:true,fm:true,w:1,p:1};
I.u[8782] = {n:"Warguerite Bract",t:36,d:"The Warguerite bract refers to an area that decency prevents me from uttering.",ep:22,g:11,l:100,wd:true,fm:true,w:1,p:1};
I.u[8783] = {n:"Dark Pikoko Tonsils",t:15,d:"The Dark Pikoko is not as nuts once he\'s got his tonsils removed. Well, this is no surprise since the surgery usually kills him.",ep:22,g:18,l:100,wd:true,fm:true,w:1,p:1};
I.u[8784] = {n:"Dark Treeckler\'s Achilles\' Heel",t:15,d:"You won\'t defeat the Dark Treeckler by shooting an arrow in his Achilles\' heel. But you can always try...",ep:22,g:19,l:100,wd:true,fm:true,w:1,p:1};
I.u[8785] = {n:"Dark Treeckler Seed",t:58,d:"With a lot of patience, time, water and fertilizer, you might manage to grow a Treeckler in your garden so that you can practice fighting against him. It would be easier to just catch a boat to Otomai Island..",ep:22,g:1,l:100,wd:true,fm:true,w:1,p:1};
I.u[8786] = {n:"Cheeken Plait",t:15,d:"This thick and harsh hair can be used as a mop if not to hide your baldness. But you\'ll have to wash it many, many times before.",ep:22,g:20,l:80,wd:true,fm:true,w:1,p:1};
I.u[8787] = {n:"Cheeken Cloaca",t:15,d:"No, it\'s not disgusting! It\'s nature!",ep:22,g:21,l:80,wd:true,fm:true,w:1,p:1};
I.u[8788] = {n:"Air Pikoko Rump",t:15,d:"This rump will enable you to create items that will cover up your own backside.",ep:22,g:22,l:80,wd:true,fm:true,w:1,p:1};
I.u[8789] = {n:"Kimbo Sock",t:15,d:"Despite appearances, Kimbo does wear socks, but he just doesn\'t wear them on his feet. He prefers rolling them and then placing them in strategic places.",ep:22,g:23,l:500,wd:true,fm:true,w:1,p:1};
I.u[8790] = {n:"Moopet Stuffing",t:15,d:"Nature having been only modestly generous to the Moopet, the creature has to resort to artifice to pass for a living thing. At times, he uses it to make his bed pass for a bed too.",ep:22,g:24,l:110,wd:true,fm:true,w:1,p:1};
I.u[8791] = {n:"Moopet Fabric",t:55,d:"This fabric has a strange texture but will quickly dress any modest monster.",ep:22,g:16,l:110,wd:true,fm:true,w:1,p:1};
I.u[8792] = {n:"Air Pikoko Nut",t:111,d:"There\'s no milk in this Pikoko Nut but you\'ll find some brain juice with a few floating neurones.",ep:22,g:3,l:110,wd:true,fm:true,w:1,p:1};
I.u[8793] = {n:"Snailmet Shell",t:111,d:"Round and shiny, this shell has been polished with slobber for several centuries.",ep:22,g:4,l:110,wd:true,fm:true,w:1,p:1};
I.u[8795] = {n:"Kimbo Wig",t:54,d:"To hide his premature baldness, Kimbo puts on this stupid wig. Fortunately for him, the coconut covers most of it.",ep:22,g:13,l:500,wd:true,fm:true,w:1,p:1};
I.u[8796] = {n:"Light Treeckler Knot",t:38,d:"Captain Chafer heard the name of this object, and for ever more, the Treeckler was known as \"Knob Head\".",ep:22,g:2,l:120,wd:true,fm:true,w:1,p:1};
I.u[8797] = {n:"Light Treeckler Stump",t:38,d:"A stump unlike any other stump, and yet, it spins.",ep:22,g:3,l:120,wd:true,fm:true,w:1,p:1};
I.u[8798] = {n:"Greater Bherb Feathered Tail",t:65,d:"One by one, year after year, the number of feathers on the Bherb\'s tail increases. You can tell its age by the bushiness of its brush.",ep:22,g:1,l:500,wd:true,fm:true,w:1,p:1};
I.u[8799] = {n:"Pumbaa Armpit Hair",t:54,d:"Even if he often shaves it off, his hair always grows back thick and smelly. So the smell is not due to sweat.",ep:22,g:14,l:100,wd:true,fm:true,w:1,p:1};
I.u[8800] = {n:"Zoth Fabric",t:55,d:"Made of a soft and resistant material, this fabric is perfectly adapted to the Zoths\' figure and hides what needs to be hidden.",ep:22,g:17,l:110,wd:true,fm:true,w:1,p:1};
I.u[8801] = {n:"Ouassingue Fabric",t:55,d:"This fabric has more holes than Swiss cheese, but it is still capable of absorbing a maximum amount of waste to regurgitate at the least opportune moment.",ep:5,g:18,l:80,wd:true,fm:true,w:1,p:1};
I.u[8802] = {n:"Zoth Warrior Shinbone",t:47,d:"Just like all the other bones of the Zoth Warrior, this shinbone has been broken many times. It healed perfectly and became even stronger. If it could talk it would say: \"What doesn\'t kill you, makes you stronger.\"",ep:22,g:20,l:120,wd:true,fm:true,w:1,p:1};
I.u[8803] = {n:"Zoth Disciple\'s Kneecap",t:47,d:"Since the Zoth Disciple always attacks with his knees, the kneecaps became extremely large and tough. I know tortoises who\'d trade their shells for one of these things.",ep:22,g:21,l:120,wd:true,fm:true,w:1,p:1};
I.u[8804] = {n:"Zoth Master\'s Fly",t:15,d:"The Zoth Master\'s fly is outstanding. It\'s been specially designed not to cut you.",ep:22,g:25,l:120,wd:true,fm:true,w:1,p:1};
I.u[8805] = {n:"Zoth Girl\'s Handkerchief",t:15,d:"The Zoth girl does not use this handkerchief to wipe away her tears but to clean off her enemies\' blood.",ep:22,g:27,l:120,wd:true,fm:true,w:1,p:1};
I.u[8806] = {n:"Zoth Sergeant\'s Tab",t:15,d:"This embroidered tab is more of a childhood memory than a military insignia.",ep:22,g:757,l:120,wd:true,fm:true,w:1,p:1};
I.u[8807] = {n:"Ouassingue Juice",t:15,d:"Unless you\'re flaming drunk, there\'s no way you\'ll confuse Ouassingue juice with any drinkable liquid you can name. The nauseating stench will dissuade the blind from knocking back a mouthful.",ep:5,g:758,l:80,wd:true,fm:true,w:1,p:1};
I.u[8808] = {n:"Mopy King Fabric",t:55,d:"This fabric has more holes than Swiss cheese, but it is still capable of absorbing a maximum amount of waste to regurgitate at the least opportune moment. BANG! And the dirt is back.",ep:22,g:19,l:200,wd:true,fm:true,w:1,p:1};
I.u[8809] = {n:"Mopy King Inside Out Shorts",t:15,d:"Taking after their ancestor, Mopy King Dagobert, all Mopy Kings wear their shorts inside out. What\'s confusing is that it doesn\'t turn their stomachs inside out as well.",ep:22,g:759,l:200,wd:true,fm:true,w:1,p:1};
I.u[8810] = {n:"Dried Mopeat Peat",t:15,d:"Made from rotting vegetables, this peat has incredible powers of absorption. Mama Bworks save them for Auntie Floe\'s monthly visits.",ep:22,g:760,l:80,wd:true,fm:true,w:1,p:1};
I.u[8811] = {n:"Miremop Double Chin",t:15,d:"The Miremop spends a lot of his time taking mud baths in the hopes of slimming down. He has never lost an ounce, but at least his double chin evens out his figure.",ep:22,g:761,l:80,wd:true,fm:true,w:1,p:1};
I.u[8812] = {n:"Gigantic Kralove Ink",t:15,d:"Slimy and dense, the Kralove ink can be used either to write romantic letters or to paint your room a depressing black depending on how your love-life\'s going.",ep:22,g:762,l:999,wd:true,fm:true,w:1,p:1};
I.u[8813] = {n:"Gigantic Kralove Sucker",t:15,d:"Given the size of this sucker, there\'s no doubt about its grip. And when you remove it, the slurping noise is deafening.",ep:22,g:763,l:999,wd:true,fm:true,w:1,p:1};
I.u[8814] = {n:"Purse of 5,000 Kamas",t:100,d:"This purse is heavy - it must be worth a fair bit. A tradesman will be happy to exchange it for its value in Kamas.",ep:1,g:56,l:1,wd:true,fm:true,w:10,u:true,p:50000};
I.u[8815] = {n:"Purse of 1,000 Kamas",t:100,d:"This purse is quite heavy - it must be worth something. A tradesman will be happy to exchange it for its value in Kamas.",ep:1,g:56,l:1,wd:true,fm:true,w:10,u:true,p:10000};
I.u[8816] = {n:"Gift: Wicked Sword",t:89,d:"If you shake this gift box vigorously, you\'ll find it\'s not empty. For once, the gods might not have been pulling your leg.",ep:1,g:42,l:1,wd:true,fm:true,w:1,u:true,p:1};
I.u[8817] = {n:"Gift: Satanass\' Hat",t:89,d:"If you shake this gift box vigorously, you\'ll find it\'s not empty. For once, the gods might not have been pulling your leg.",ep:1,g:42,l:1,wd:true,fm:true,w:1,u:true,p:1};
I.u[8818] = {n:"Mopy King Sovereign Cape",t:17,d:"Made from Mopy King Fabric, this cape is riddled with micro-holes that allow sweat to escape more easily during periods of intense exercise, during aggressive melees in steamy swamps, for example. Even though this cape lets the humidity out, it keeps the heat in. This way you\'re always dry, no matter the situation. What a pity the stench of mould is so hard to shift, though.",ep:22,g:143,l:152,wd:true,fm:true,w:10,s:78,p:46520};
I.u[8819] = {n:"Ouassingue Cape",t:17,d:"Even though this cape is not as powerful as the fancier Mopy King version, it still has the same sweat evacuation system. You\'ll be able to face any situation wearing it, as long as you\'re able to fight while holding your breath, that is. The stench is truly unbearable!",ep:22,g:144,l:97,wd:true,fm:true,w:10,s:77,p:27650};
I.u[8820] = {n:"Zoth Sergeant Mask",t:16,d:"Thanks to this mask, you\'ll face all sorts of dangers without fear! But it\'s normal since it blocks the view.",ep:22,g:191,l:133,wd:true,fm:true,w:10,p:43340};
I.u[8821] = {n:"Zoth Disciple Hat",t:16,d:"From a distance, this hat looks like a lampshade with two holes for the eyes. It looks the same up close actually.",ep:22,g:192,l:128,wd:true,fm:true,w:10,p:41688};
I.u[8822] = {n:"Light Treeckler Mask",t:16,d:"This mask won\'t help you avoid or heal hangovers, but at least it gives you some chance of hiding the effects.",ep:22,g:193,l:134,wd:true,fm:true,w:10,s:79,p:42200};
I.u[8823] = {n:"Dark Treeckler Mask",t:16,d:"This mask won\'t help you avoid or heal hangovers, but at least it gives you some chance of hiding the effects. The dark touch simply indicates that you\'re in a bad mood... and that you should not be annoyed and you\'re ready to throw a flurry of blows to anyone who does not respect that!",ep:22,g:194,l:95,wd:true,fm:true,w:10,s:80,p:23150};
I.u[8824] = {n:"Snailmet",t:16,d:"You\'ll look like a Snailmet if you wear this hat. Of course it will protect your head from blows, but does that make up for the slobber all over your head?",ep:22,g:195,l:123,wd:true,fm:true,w:10,s:96,p:43250};
I.u[8825] = {n:"Great Coralator Mace",t:7,d:"Bigger, heavier and more powerful, this mace makes a louder noise when smashing the enemies. But curiously, it\'s lighter and has a better grip to it. The Coralator we used to make it wasn\'t great for no reason!",ep:22,g:63,l:125,wd:true,fm:true,w:8,an:15,tw:true,e:[10,5,1,1,100,50,false,false],c:"CA>130&CC>130&CW>130",p:40150};
I.u[8826] = {n:"Zoth Girl Hammer",t:7,d:"Despite her small size, the Zoth Girl carries a huge hammer. It\'s a way to reinforce her muscle structure. No need to add weights round her wrists and ankles to increase her strength. Dragging the hammer is quite enough!",ep:22,g:64,l:132,wd:true,fm:true,w:10,an:15,e:[10,4,1,1,45,45,false,false],c:"CA>250&CW>150",s:93,p:43140};
I.u[8827] = {n:"Zoth Warrior Axe",t:19,d:"The Zoth Warrior is used to carrying two axes because he can\'t reach his enemy\'s left side with his right hand. It\'s hard to tell whether it is due to a lack of self-confidence or if he was just born clumsy!",ep:22,g:47,l:139,wd:true,fm:true,w:10,an:17,tw:true,e:[5,5,1,1,60,50,false,false],c:"CW>250&CV>500",s:95,p:44350};
I.u[8828] = {n:"Cheeken Wig",t:16,d:"The Cheeken is an awkward winged creature which has as much energy as if it had the avian flu and is as intelligent as  a Tofu. No need to say that it was not especially proned to survive. However, some people seem to just love its weird hair looking like a plaited mop. Human nature is an infinite mystery!",ep:0,g:196,l:1,wd:false,fm:true,w:1,p:1};
I.u[8829] = {n:"Barbrossa\'s Hat",t:16,d:"This hat is large enough to hide Barbrossa\'s ridiculously hairless head and beard. But it won\'t cover big-headed skulls.",ep:22,g:197,l:79,wd:true,fm:true,w:1,p:16455};
I.u[8832] = {n:"Snailmet Slobber",t:15,d:"This Snailmet slobber won\'t break a Pikoko\'s bones, but it\'ll certainly keep one glued to the ground.",ep:22,g:6,l:110,wd:true,fm:true,w:1,p:1};
I.u[8833] = {n:"Coralator Mace",t:7,d:"This hammer took its nice colour from the pieces of Coralator used to make it. Unlike what people think, it was not originally used to crush Iops and other enemies, it a door knocker for the hard of hearing.",ep:22,g:65,l:85,wd:true,fm:true,w:10,an:15,tw:true,e:[10,4,1,1,50,50,false,false],c:"CC>100&CA>100&CV>150",p:18650};
I.u[8834] = {n:"Dark Treeckler Branch",t:3,d:"This branch was apparently used to scrape some otherwise inaccessible body part. But don\'t worry, the dark colour is authentic, it\'s got nothing to do with the various sorts of deposits contained in the inaccessible cavities of the Treeckler.",ep:22,g:64,l:97,wd:true,fm:true,w:1,an:11,tw:true,e:[5,5,2,4,40,40,false,true],c:"CS>100&CI>100",s:80,p:25000};
I.u[8835] = {n:"Light Treeckler Branch",t:3,d:"This branch was apparently used to scrape some otherwise inaccessible body part. This might explain the stick\'s stickiness.",ep:22,g:65,l:132,wd:true,fm:true,w:5,an:11,tw:true,e:[4,5,2,5,10,50,false,true],c:"CA>200&CS>200",s:79,p:43225};
I.u[8836] = {n:"Rotaflor Stem",t:4,d:"Rotaflors use their stem to clean their ears. However, staff carvers prefer to use them as a weapon. Proof, if needed, that there\'s no accounting for tastes.",ep:22,g:75,l:119,wd:true,fm:true,w:10,an:12,tw:true,e:[5,3,1,1,45,45,false,false],c:"CA>200&CI>200",p:36025};
I.u[8837] = {n:"Zoth Master Staff",t:4,d:"This staff completely binds the Zoth Master, making him fearless and therefore formidable. When it comes to eating though, it makes an awful mess.",ep:22,g:76,l:158,wd:true,fm:true,w:10,an:12,e:[15,5,1,1,40,50,false,false],c:"CI>180&CS>100",s:94,p:47300};
I.u[8838] = {n:"Tynril Rhizome",t:4,d:"Just like weeds, Tynrils can breed infinitely thanks to this simple piece of rhizome. After making this discovery some greedy staffmakers make a staff from Tynril and tried to breed it. It was a miserable failure.",ep:22,g:77,l:186,wd:true,fm:true,w:10,an:12,e:[5,4,1,1,40,50,false,false],c:"CI>250&CS>200",p:51248};
I.u[8839] = {n:"Thierry Voodoo Mask",t:16,d:"This is reputed to be the only mask that allows you to eat while you wear it.",ep:22,g:199,l:158,wd:true,fm:true,w:10,p:49000};
I.u[8840] = {n:"Jav Voodoo Mask",t:16,d:"When Jav Kanniballs feel a little blue, they dye their hair this colour. Is it due to frustrated love or something else? Hard to know for sure, but It would be great if they could just wear the mask and stop telling everyone how sad they were.",ep:22,g:200,l:158,wd:true,fm:true,w:10,p:49000};
I.u[8841] = {n:"Sarbak Voodoo Mask",t:16,d:"Many moons ago, the Kannibal\'s were travelling actors respected for their comedies and tragedies, as represented by two masks - one laughing, the other cruel. When their chief lost the happy mask, the Kannibals descended into savagery.",ep:22,g:201,l:158,wd:true,fm:true,w:10,p:49000};
I.u[8842] = {n:"Archer Voodoo Mask",t:16,d:"Kanniball archers can\'t concentrate and aim right unless they are very angry. They painted their masks red so they\'d be fuming all the time.",ep:22,g:202,l:158,wd:true,fm:true,w:10,p:49000};
I.u[8843] = {n:"Crocodyl Dandy\'s Hat",t:16,d:"When he puts on this hat, Crocodyl Dandy thinks he\'s at the forefront of fashion. Fashion must be pretty dull if that\'s the case. However, it\'d be best if you didn\'t let him know how ridiculous he looks, after all, he is particularly touchy...",ep:22,g:203,l:180,wd:true,fm:true,w:10,p:50475};
I.u[8844] = {n:"Mopy King Sovereign Hood",t:16,d:"This hood, a royal headdress, shares the same virtues as the Mopy King Sovereign Cape. Its micro-vents allow sweat to drain away more easily, so you\'ll always have a cool head. Unfortunately, it also has the same defects as the cape: its foul stench is so strong, you could almost cut it with a knife.",ep:22,g:204,l:168,wd:true,fm:true,w:10,s:78,p:48800};
I.u[8845] = {n:"Ouassingue Hood",t:16,d:"Though it is less efficient than the royal hood, this one allows for a good draining of the sweat. Maybe too good, actually. As a result, whether you wear it or not, it doesn\'t make any difference.",ep:22,g:205,l:104,wd:true,fm:true,w:10,s:77,p:27650};
I.u[8846] = {n:"Zoth Girl Hat",t:16,d:"The Zoth girl\'s hat makes her see double. Strange. This is the reason she lisps.",ep:22,g:206,l:128,wd:true,fm:true,w:10,s:93,p:41950};
I.u[8847] = {n:"Zoth Warrior Helmet",t:16,d:"This helmet has the same advantages as other Zoth hats - it\'ll protect you from the sun no matter how hot it is, from blows dealt on the head, and it prevents the wearer from being aware of the danger by restricting his visual field. Anyway, this is the perfect warrior headgear.",ep:22,g:207,l:134,wd:true,fm:true,w:100,s:95,p:44000};
I.u[8848] = {n:"Zoth Master Hat",t:16,d:"The Zoth Master hat has the great advantage of almost completely restricting your field of vision... This way, you have to hit out wildly, so you\'ve some chance of hitting something.",ep:22,g:208,l:156,wd:true,fm:true,w:10,s:94,p:46900};
I.u[8849] = {n:"Barkritter Root",t:4,d:"This stick is a firm favourite with the trunk-women. But it\'ll seduce any old kind of girl. Probably.",ep:22,g:78,l:138,wd:true,fm:true,w:10,an:12,e:[7,4,1,1,40,50,false,false],c:"CV>500",p:44200};
I.u[8850] = {n:"Floramor Root",t:4,d:"If you\'re superstitious and always need to knock on wood, use the Floramor Root! On the other hand, you should try to be careful not to saw the branch you\'re sitting on and especially not to get your fingers in the way!",ep:22,g:79,l:144,wd:true,fm:true,w:10,an:12,tw:true,e:[10,2,1,1,40,50,false,false],p:45125};
I.u[8851] = {n:"Worn Treasure Map",t:24,d:"Even though your eyes are wet with joy, you are still able to read that the treasure is hidden somewhere along the road of enslaved waters.",ep:7,g:6,l:1,wd:false,fm:true,w:0,c:"SI=1001",p:1};
I.u[8854] = {n:"Crack Sparrow\'s Own Withered Hat",t:16,d:"You say that a kraken, with the foulest breath you\'ve ever seen, follows you wherever you go? Well, deal with it: it\'s only a tiny inconvenience that comes with the hat!",ep:7,g:5,l:1,wd:false,fm:true,w:13,c:"SI=1001",p:1};
I.u[8855] = {n:"Sharkal Shield",t:82,d:"This shield is protecting you for now, but don\'t be fooled, it won\'t last.",ep:16,g:35,l:10,wd:true,fm:true,w:25,c:"PK>790000",p:1};
I.u[8856] = {n:"Bherbal Bherb Belt",t:10,d:"When the Bherb has got butterflies, he wears his Bherbal belt and healthily eliminates them.",ep:22,g:115,l:182,wd:true,fm:true,w:10,p:51020};
I.u[8858] = {n:"Boots Kwish",t:11,d:"These boots create a disgusting suction noise with each step, which will remind you of a rutting Trool\'s love chant if you\'ve ever heard it. A painful memory that you could easily live without.",ep:22,g:112,l:100,wd:true,fm:true,w:10,s:77,p:25775};
I.u[8859] = {n:"Mopy King Sovereign Seal",t:9,d:"This seal indicates that its owner is the undisputed sovereign of the Bottomless Peat Bog of Otomai Island. It\'s hard to imagine a more pastoral kingdom...",ep:22,g:138,l:158,wd:true,fm:true,w:10,s:78,p:44581};
I.u[8860] = {n:"Coral Ring",t:9,d:"This ring was pulled off the still-warm finger of a freshly slaughtered Coralator. His mother was expecting him for dinner, until she saw him being transformed into a tombstone. Coralators are not as stone-hearted as people might imagine.",ep:22,g:139,l:60,wd:true,fm:true,w:60,p:9500};
I.u[8861] = {n:"Round Kimbo Sandals",t:11,d:"Only Kimbos, with their weird feet, feel comfortable in these sandals. However, they\'re not the only ones who can benefit from their powers. But be careful not to wear them the wrong way!",ep:22,g:113,l:195,wd:true,fm:true,w:10,p:57325};
I.u[8862] = {n:"Parkinn Pan Pikokowal Belt",t:10,d:"Parkinn Pan truly believed that he could fly thanks to this belt trimmed with Pikoko wings, but didn\'t know that very few Pikokos can fly. That\'s why every time he jumped off the Tree Keeholo he systematically crashed on the ground. His nickname \"Cake\" comes from \"falling as flat as a pancake\".",ep:22,g:128,l:148,wd:true,fm:true,w:20,p:78780};
I.u[8863] = {n:"Zothulet",t:1,d:"This amulet is just a piece of wood with a strip of torn fabric. But Zoths are absolutely convinced that it has powers. Old fools!",ep:22,g:124,l:162,wd:true,fm:true,w:10,p:55420};
I.u[8864] = {n:"Snailmet Bow",t:2,d:"This bow string is made of Snailmet slobber, not too dry with a unique elasticity. However, its slimy and gooey texture reminds you of ... well, nothing really, but it\'s quite unpleasant.",ep:22,g:58,l:122,wd:true,fm:true,w:10,an:10,tw:true,e:[10,5,5,10,30,50,false,true],c:"CC>250",s:96,p:43125};
I.u[8865] = {n:"Snailmet Ring",t:9,d:"Carved in a Snailmet carapace, this ring can resist anything or anyone.",ep:22,g:140,l:120,wd:true,fm:true,w:10,s:96,p:28500};
I.u[8866] = {n:"Powerful Dazzling Cloak",t:17,d:"Weaved from Zoth fabrics, this cape has extraordinary power of unknown origin.",ep:22,g:145,l:110,wd:true,fm:true,w:10,p:45000};
I.u[8867] = {n:"Moopet Cape",t:17,d:"With this cape on, you\'ll be craving for some vinaigrette.",ep:22,g:146,l:61,wd:true,fm:true,w:12,p:9675};
I.u[8868] = {n:"Cheeken Axe",t:19,d:"The Cheeken Beak on this weapon is absolutely useless, and can be more of a handicap than anything else. \nFortunately, it is quite powerful.",ep:22,g:48,l:137,wd:true,fm:true,w:10,an:17,tw:true,e:[10,5,1,1,120,50,false,false],p:15400};
I.u[8869] = {n:"Wooden Treeckler Boots",t:11,d:"These boots are so heavy that they should actually be categorised as weapons. Indeed, they make the slightest kick lethal.",ep:22,g:114,l:136,wd:true,fm:true,w:50,s:79,p:43850};
I.u[8870] = {n:"Dark Treeckler Belt",t:10,d:"Carved in a Dark Treeckler, this belt isn\'t pliable enough to let you move around easily, but at least, it\'ll protects you.",ep:22,g:129,l:92,wd:true,fm:true,w:10,s:80,p:21975};
I.u[8871] = {n:"Light Treeckler Belt",t:10,d:"Carved from a Light Treeckler, this belt won\'t afford you great protection, but at least it is soft enough to let you move around freely.",ep:22,g:130,l:128,wd:true,fm:true,w:10,s:79,p:41755};
I.u[8872] = {n:"Ring Dikuloos",t:9,d:"This jewel is not precious but is the perfect size to balance the moorgale in a nice belgroot flavoured with a hint of Glaviooze.",ep:16,g:141,l:46,wd:true,fm:true,w:9,p:3630};
I.u[8873] = {n:"Krabelt",t:10,d:"Finally a good excuse to smell of the sea!",ep:22,g:131,l:39,wd:true,fm:true,w:1,p:4225};
I.u[8874] = {n:"Ouassulet",t:1,d:"This jewel sometimes tries to steal some of your food when you\'re eating, so don\'t let it hang down too low.",ep:22,g:125,l:105,wd:true,fm:true,w:10,s:77,p:28452};
I.u[8876] = {n:"Inky Veil",t:17,d:"This strange cape seems to be made of black ink, but oddly enough, it behaves just like fabric - it doesn\'t run. As for stains, well, that\'s another matter. Your backside will never be clean again.",ep:22,g:147,l:191,wd:true,fm:true,w:15,p:52000};
I.u[8877] = {n:"Kringlove",t:9,d:"Once round your finger, you won\'t be able to take it off, ever. Its suckers are way too powerful.",ep:22,g:142,l:199,wd:true,fm:true,w:10,s:97,p:49000};
I.u[8878] = {n:"Kidommer",t:7,d:"This hammer is not handy, not particularly good looking, not very ergonomic, not powerful, too light, too fragile, unbalanced, too shiny and smelly. But at least it\'s got pretty colours.",ep:22,g:66,l:79,wd:true,fm:true,w:10,an:15,tw:true,e:[5,5,1,1,50,50,false,false],p:16100};
I.u[8879] = {n:"Polished Ring",t:9,d:"Unfortunately, this ring is only polished on the outside. You put your finger through a hole full of sharp rock fragments. It is recommended for Sacriers.",ep:16,g:143,l:66,wd:true,fm:true,w:1,p:4755};
I.u[8880] = {n:"Amufafah",t:1,d:"It\'s the Mufafah moustaches that cause the wearer of this necklace to bellow so loudly. Why? They hang down and tickle the nipples constantly.",ep:22,g:126,l:84,wd:true,fm:true,w:10,p:18225};
I.u[8881] = {n:"Solo\'s Ring",t:9,d:"Solo was a nice good-for-nothing, and he admitted as much himself. That didn\'t stop him from being hanged on the village square for stealing a thong belonging to the chief\'s wife. Solo wasn\'t a bright guy, no, but he was a nice guy all the same..",ep:22,g:144,l:31,wd:true,fm:true,w:12,p:2625};
I.u[8883] = {n:"Guild House Potion",t:12,d:"This potion enables you to get back to your guild house.",ep:5,g:152,l:1,wd:true,fm:true,w:2,c:"PZ=1",u:true,p:100};
I.u[8885] = {n:"Tabby Bow Meow Ghost",t:90,d:"This Tabby Bow Meow hasn\'t left the living world yet. Will you find a way to resurrect it or cowardly abandon it once and for all?",ep:3,g:20,l:1,wd:true,fm:true,w:1,p:1};
I.u[8886] = {n:"Tabby Bow Meow Ghost Transformation",t:27,d:"You\'ve been transformed into a ghost to be able to get in the Pet Sanctuary.",ep:20,g:3,l:1,wd:false,fm:true,w:0,m:true,p:1};
I.u[8887] = {n:"Bow Kennel Certificate: Tabby Bow Meow",t:77,d:"This certificate describes the characteristics of the Tabby Bow Meow you\'ve put in the Bow Kennels.",ep:3,g:24,l:1,wd:true,fm:true,w:1,p:100};
I.u[8888] = {n:"Bow Kennel Certificate: Mischievous Squirrel",t:77,d:"This certificate describes the characteristics of the Mischievous Squirrel you\'ve put into the Bow Kennels.",ep:3,g:24,l:1,wd:true,fm:true,w:1,p:100};
