I.u[6995] = {n:"Graytess Cape",t:17,d:"You just can\'t stay inside this cape, it\'ll throw you out whether you want to go or not.",ep:18,g:81,l:105,wd:true,fm:true,w:10,p:28300};
I.u[6996] = {n:"Ring o\'Stradamus",t:9,d:"Stradamus was an old drunken Enutrof who could read the future in pints of beer. Legend has it he was buried standing up in a wall of the Brakmar inn upon his own request, \"so that no drunkard can ever spill his beer over my grave\". This has been told at least once a week by every drunk in every inn in Brakmar. That\'s a lot. God I hate that story.",ep:18,g:78,l:48,wd:true,fm:true,w:5,p:6075};
I.u[6997] = {n:"Conno Ring",t:9,d:"The woman who created this ring was convinced the end of the world was near due to plummeting food supplies. She used to spend entire days engraving messages on wooden tables with her motto \'No steak but what we bake\'. Time proved her wrong.",ep:18,g:79,l:70,wd:true,fm:true,w:5,p:12730};
I.u[6998] = {n:"Elya Wood\'s Wedding Ring",t:9,d:"This small wedding ring will fit an Eniripsa\'s little fingers perfectly. For Iops, however, it\'s almost unusable. Their fingers are too fat and they can\'t get it into their heads that it\'s not a bracelet.",ep:18,g:84,l:120,wd:true,fm:true,w:15,s:39,p:36000};
I.u[6999] = {n:"Lahilama Medal",t:1,d:"Lahilama was a great spiritual guide who kept his temple right in the heart of the mountains. He was so bored that he spent his days sewing little yellow hats for his disciples. They just had nothing to talk about. They all slowly went mad years of awkward conversation.",ep:18,g:83,l:31,wd:true,fm:true,w:3,p:2800};
I.u[7000] = {n:"Bambamulet",t:1,d:"This ridiculous little piece of bamboo has the strangest magical powers. It used to be worn by young Pandawas, once their puberty came to an end. You might want to wait another couple of years yourself before you slip it around your neck...",ep:18,g:78,l:40,wd:true,fm:true,w:5,p:4400};
I.u[7001] = {n:"Bow\'hee Talisman",t:1,d:"\"I, I am the kheeng, you, you are the quheen, whee can be heeroes just for one daaaayyyy...\" \nDavyd, famous minstrel, was singing his head off on his way back from Moon Island...",ep:18,g:84,l:55,wd:true,fm:true,w:10,p:8000};
I.u[7002] = {n:"Lil\' Resin",t:1,d:"This amulet of Bamboo resin will spread a nice smell all around you. It comes in handy when you\'re practising your Wind of Panic.",ep:18,g:85,l:94,wd:true,fm:true,w:5,p:22800};
I.u[7003] = {n:"Elya Wood\'s Talisman",t:1,d:"This Talisman was created with stardust and precious stones, encased in Ancestral Treechnid Amber. The mixture can be quite explosive, so it is not recommended you try to make it yourself. Leave it to a Jeweller you don\'t like.",ep:18,g:86,l:135,wd:true,fm:true,w:10,s:39,p:45600};
I.u[7004] = {n:"Risky Soul Stone for Average Souls",t:83,d:"You\'ll have a limited chance of capturing level 100 souls using this soul stone.",ep:5,g:8,l:1,wd:false,fm:true,w:1,tw:true,p:2500};
I.u[7005] = {n:"Risky Soul Stone for Big Souls",t:83,d:"You\'ll have a limited chance of capturing level 150 souls using this soul stone.",ep:5,g:9,l:1,wd:false,fm:true,w:1,tw:true,p:3750};
I.u[7006] = {n:"Risky Soul Stone for Huge Souls",t:83,d:"You\'ll have a limited chance of capturing level 200 souls using this soul stone.",ep:16,g:10,l:1,wd:false,fm:true,w:1,tw:true,p:5000};
I.u[7007] = {n:"Regular Soul Stone for Small Souls",t:83,d:"You\'ll have an even chance of capturing level 50 souls using this soul stone.",ep:5,g:2,l:1,wd:false,fm:true,w:1,tw:true,p:2500};
I.u[7008] = {n:"Regular Soul Stone for Average Souls",t:83,d:"You\'ll have an even chance of capturing level 100 souls using this soul stone.",ep:5,g:12,l:1,wd:false,fm:true,w:1,tw:true,p:5000};
I.u[7009] = {n:"Regular Soul Stone for Big Souls",t:83,d:"You\'ll have an even chance of capturing level 150 souls using this soul stone.",ep:16,g:13,l:1,wd:false,fm:true,w:1,tw:true,p:7500};
I.u[7010] = {n:"Full Soul Stone",t:85,d:"This soul stone contains the souls of a group of monsters whose only wish is to come back to life to tear your body to pieces. It can only be used in special arenas, located in big cities.",ep:1,g:1,l:1,wd:false,fm:true,w:1,u:true,p:10};
I.u[7011] = {n:"Desire o\'Ball Cloak",t:17,d:"This cloak is made of red beard hair... it is quite unique. Animated by extraordinarily powerful magic that renders it all but living, it adores playing practical jokes on the unfortunate bugger who puts it on. It\'s favourite trick? It unfindably conceals itself when it senses you need it most. If you do ever manage to discipline it, it can be very powerful in fights. As the Wabbits like to say it\'s a \"weal good instwument of wawfawe\".",ep:13,g:83,l:67,wd:false,fm:true,w:10,s:38,p:11875};
I.u[7012] = {n:"Smoothitch o\'Bal",t:1,d:"This Amulet is, in fact, a candy. It might have been edible if it hadn\'t been carefully rolled under female Bworker armpits for 36 generations as part of some bizarre ritual.",ep:7,g:87,l:77,wd:true,fm:true,w:10,s:38,p:15425};
I.u[7013] = {n:"Bamboo Wood",t:38,d:"Unlike reed, bamboo can break when bent. Most of the time, it\'s the teeth of a careless adventurer that will break first. These bloody dentists even have nature on their side... I tell you.",ep:18,g:673,l:50,wd:true,fm:true,w:5,p:0};
I.u[7014] = {n:"Holy Bamboo Wood",t:38,d:"You wouldn\'t think to look at it, but this wood is sacred. Normally, only the finest Pandawas can get their hands on a piece but sometimes, sometimes, lumberjack tourists take a little souvenir of their trip to Pandala island. Bloody tourists.",ep:18,g:671,l:100,wd:true,fm:true,w:5,p:0};
I.u[7015] = {n:"Bamboo Shoots",t:38,d:"Being completely tasteless, these bamboo shoots are not a popular foodstuff. You should cut them down with a well-rusted scythe and marinate them for a couple years in Greedovore juice before you serve them up to your friends. Another tip from unscrupulous restaurateurs willing to feed you anything at all.",ep:1,g:676,l:50,wd:true,fm:true,w:2,p:5};
I.u[7016] = {n:"Dark Bamboo Wood",t:38,d:"Walloh, a young Pandawa once asked his father: \"what\'s the difference between Bamboo and Dark Bamboo daddy?\" His dad slapped him in the face for asking such a stupid question. Everyone knows that the difference between Bamboo and Dark Bamboo is the size of their seeds.",ep:18,g:672,l:60,wd:true,fm:true,w:5,p:0};
I.u[7017] = {n:"Golden Bamboo Wood",t:38,d:"Walloh, a young Pandawa once asked his father: \'what\'s the difference between Bamboo and Golden Bamboo daddy?\'. His dad smacked him for asking such a stupid question. Everyone knows that the difference between Bamboo and Golden Bamboo is the size of their roots.",ep:18,g:669,l:45,wd:true,fm:true,w:5,p:20};
I.u[7018] = {n:"Rice",t:34,d:"Either sticky or slimy, rice is a long-time favourite with young, starving Pandawas.",ep:18,g:10,l:20,wd:true,fm:true,w:2,p:0};
I.u[7020] = {n:"Lotus Flower",t:38,d:"Some say it\'s the oldest known flower. It symbolizes fertility as well as detachment since it can submerge itself in water without getting wet. Some Pandawa Chiefs use this symbol to make their followers understand they have to live their life in the world without falling under its influence...",ep:1,g:141,l:30,wd:true,fm:true,w:1,p:2};
I.u[7022] = {n:"Sangroku\'s Staff",t:4,d:"This Staff belonged to Sangroku\'s grandfather, Sangrokrane, famous for his big head. Legend says this magic staff has the ability to stretch to any length desired... use it to flatten your enemies or stick it down your pants, you\'re always a winner with this thing...",ep:18,g:47,l:120,wd:true,fm:true,w:10,an:12,e:[10,4,1,1,50,60,false,false],c:"CA>250&CV>300",p:36620};
I.u[7023] = {n:"Aquamarine Stone",t:51,d:"This stone is usually found around Pandala Island. Pandawas are convinced it has special powers. Just like the rumours about Iops and their hidden intelligence, no one has proven this myth.",ep:1,g:75,l:60,wd:true,fm:true,w:5,p:600};
I.u[7024] = {n:"Topaz Stone",t:51,d:"Batches of this weird-looking stone were once used feed the young Crackrocks of Pandala breeders. Believe it or not, the stones are now endangered, so this practice has been discontinued.",ep:5,g:76,l:70,wd:true,fm:true,w:5,p:700};
I.u[7025] = {n:"Agathe Stone",t:51,d:"This stone has been named after a Pandala river in which great quantities of it used to be found. But times have changed and the intensive exploitation of the past now means it is difficult to find.",ep:5,g:128,l:80,wd:true,fm:true,w:5,p:1};
I.u[7026] = {n:"Aquamarine",t:50,d:"This precious, slightly blue, transparent stone is so bright that it can hide the most ravine-like wrinkles when worn as a necklace. Pandawas even tell tourists: \"With this stone, keep your man happy and watch with pity the ravages of time misshape your loved ones.\" A nice way to kill two birds with one stone!",ep:1,g:101,l:60,wd:true,fm:true,w:5,p:600};
I.u[7027] = {n:"Topaz",t:50,d:"For some dubious reasons, Topaz is still the most popular jewel among jewellers. It attracts quite a lot of Crows in the Cania Plains.",ep:5,g:102,l:70,wd:true,fm:true,w:5,p:700};
I.u[7028] = {n:"Agathe",t:50,d:"This stone has been named after a very famous female Pandawa: Agathe Pahtes. She could be found in places of debauchery such as the Sufokia Pirates\' Pub, where she spent her last years dancing, chained up to a big mast in the middle of the pub.",ep:5,g:103,l:80,wd:true,fm:true,w:5,p:800};
I.u[7029] = {n:"Sangroku\'s Belt",t:10,d:"Sangroku ate way too many magic beans one time. Forever more, it was a constant struggle to restrain the winds of panic that erupted from his britches without the slightest warning... Those very same winds made him famous the length and breadth of Amakna.",ep:13,g:80,l:86,wd:false,fm:true,w:10,c:"CS>100",p:18400};
I.u[7030] = {n:"Kaniger Skin",t:59,d:"Once shaved, Kaniger skin is very soft, a bit like a female Sadida\'s.",ep:13,g:47,l:70,wd:true,fm:true,w:5,p:1};
I.u[7031] = {n:"Flooey\'s Clock",t:1,d:"Poor Flooey lost his mind after a terrible fight against Many. Fortunately, his amulet didn\'t suffer. It kept both its mesmerizing properties and its laxative powers. To be taken only when absolutely necessary.",ep:18,g:90,l:46,wd:false,fm:true,w:2,p:5600};
I.u[7032] = {n:"Silicate",t:39,d:"This ore probably comes from the depths of the Pandala island mines where Gardan Framine fell head over heels in love with a female Pandawa ghost. Love really doesn\'t know any boundaries!",ep:16,g:111,l:70,wd:true,fm:true,w:5,p:0};
I.u[7033] = {n:"Dolomite",t:39,d:"Irko, the Dark Miner, had great respect for Dolomite. \'The hard and unbreakable rock\' he used to call it.",ep:16,g:110,l:80,wd:true,fm:true,w:5,p:0};
I.u[7034] = {n:"Master Nabur Helmet",t:16,d:"Passed down from generation to generation, this misshapen helmet was even worn by Crail himself. Many adventurers think it has mysterious powers. As with many divinities and modern heroes, the magical powers of this helmet have all the potency of a shoe...",ep:16,g:93,l:97,wd:false,fm:true,w:10,p:23000};
I.u[7035] = {n:"Pyrute",t:40,d:"This alloy was used to forge blades which wouldn\'t rust when in contact with the blood and drool of its victims",ep:16,g:708,l:100,wd:true,fm:true,w:100,p:0};
I.u[7036] = {n:"Brassic",t:40,d:"A shiny alloy, Brassic is tolerated by bankrupt jewellers who can\'t afford precious stones. They usually make very competitively priced alloys. Comes in handy when you want to marry for money.",ep:16,g:707,l:100,wd:true,fm:true,w:100,p:0};
I.u[7037] = {n:"Granny Candy\'s Stick",t:4,d:"This stick used to belong to Granny Candy, one of the three famous Love Priestesses. Sharpened at one end and shiny at the other, this stick is renowned for its versatility and its annoying tendency to turn up just about anywhere. None can resist its power.",ep:18,g:48,l:98,wd:true,fm:true,w:15,an:12,e:[5,5,1,1,50,50,false,false],c:"CS>100&CV>300",p:24500};
I.u[7038] = {n:"King Jellix\'s Crown",t:16,d:"This crown belonged to the famous King Jellix, renowned for his unbounded romanticism and his seductive power which left its mark on many female Jellies... Some even say he is the father of all the Jellies of the region of Amakna, proof (if needed) of his stamina and legendary fecundity.",ep:7,g:94,l:79,wd:true,fm:true,w:15,p:15000};
I.u[7039] = {n:"Frank Lee Bruce\'s Black Belt",t:10,d:"A famous Sunday fighter, Frank crossed over into martial arts after he failed miserably at his stone-cutter apprenticeship.",ep:13,g:81,l:47,wd:true,fm:true,w:5,p:5900};
I.u[7040] = {n:"Kuri Bow",t:2,d:"This bow belonged to Kuri, the famous Love Priestess and left-hand woman of Granny Candy. Never turn your back on a Love Priestess. One arrow from this bow is enough to tear your heart to shreds, or your arse if you have actually turned around.",ep:18,g:43,l:56,wd:true,fm:true,w:10,an:10,tw:true,e:[15,5,2,6,20,40,false,true],p:8300};
I.u[7041] = {n:"MacSheth",t:30,d:"Also called the Duncan Flonuts, The Soil and Bubble or the Pandawa Trots, the MacSheth is a Pandala speciality! Symptoms: an urgent need to get to the throne, violent yanking on the chain of command and a ruthless desire to evacuate all that blocks your passage...",ep:18,g:8,l:1,wd:false,fm:false,w:0,m:true,p:1};
I.u[7042] = {n:"Pandawa Headgear",t:14,d:"Unlike the Pandawa of Amakna, the Pandawa from Pandala won\'t make you big-headed, but will arouse an inexplicable urge to throw fertilizer around the place!",ep:18,g:31,l:1,wd:false,fm:true,w:1,c:"PG!12",u:true,p:1000};
I.u[7043] = {n:"Ice Dofus",t:23,d:"Legend says that this magnificent Dofus came out of the frozen hole of the Water dragon Aguabrial. Legend does not say if he had a cold that day, though it\'s highly likely.",ep:1,g:5,l:1,wd:false,fm:true,w:1,p:1};
I.u[7044] = {n:"Fake Dofus",t:24,d:"This Dofus looks like no other... Wait a minu...",ep:18,g:256,l:1,wd:false,fm:true,w:0,p:1};
I.u[7045] = {n:"Pandaburg Flask",t:79,d:"Pandaburg is a tasty drink which could very slowly make you blind, mute and deaf. How convenient! Pandawas aren\'t the speedy kind.",ep:18,g:2,l:1,wd:true,fm:true,w:1,p:1};
I.u[7046] = {n:"Pandapiler Flask",t:79,d:"According to the erudite Hel Munster, this genuine nectar delights the goddess Pandawa herself, making her completely euphoric. Any true Pandawa should give his Pandapilers away to the venerated goddess.",ep:1,g:3,l:1,wd:true,fm:true,w:1,p:1};
I.u[7047] = {n:"Pandapils Flask",t:79,d:"One of the more sensible Pandawan traditions goes like this: Clink glasses with your neighbour, throw sugar on your hair and burp the following line - \"Pandapils, Pandapils, tralalalaHIHOO!\".",ep:18,g:4,l:1,wd:true,fm:true,w:1,p:1};
I.u[7055] = {n:"Pandneken Flask",t:79,d:"\"It\'s true that Bwaks have short legs, but there\'d be no point making them longer\". This is the type of conversation you end up having after consuming Pandneken. That\'s why Pandawas now prefer to keep it for their libations to Pandawa.",ep:18,g:12,l:1,wd:true,fm:true,w:1,p:1};
I.u[7056] = {n:"Kracker Cap",t:16,d:"This unique hat used to belong to a Xelor grandmaster, known the world over for his explosive theories and his incessant meddling with time. His death was as explosive and untimely as his life... Jealous of his neighbour\'s hat, whose magic powers were said to be even greater than his, he rashly unleashed a Wind of Panic to remove it forever, forgetting about his own. He was blown into a million little pieces when his hat exploded like a giant firecracker.",ep:19,g:95,l:149,wd:true,fm:true,w:10,p:45850};
I.u[7057] = {n:"Shaman\'s Assistant",t:32,d:"Bring the assistant to the goddess, he will be grateful...",ep:18,g:0,l:1,wd:false,fm:true,w:0,m:true,p:1};
I.u[7058] = {n:"Octovius",t:16,d:"This headgear is made of dead dried Kralove leftovers. Be careful, it can come back to life if you use it as a bathing cap.",ep:18,g:96,l:77,wd:true,fm:true,w:10,p:15475};
I.u[7059] = {n:"Pandkin Seed",t:58,d:"This humongous seed is filled with a heavy but magical oil. Its shell is said to be unbreakable and many craftsmen use it to enchant their weapons. Others stick wiggly eyes on it and put it on the dashboard of their cart...",ep:18,g:67,l:100,wd:true,fm:true,w:10,p:10};
I.u[7060] = {n:"Pandapiler Special",t:24,d:"Lenald the Wise gave you this Pandapiler to bring to the Pandawushu Master of the water path.",ep:18,g:501,l:1,wd:false,fm:true,w:0,p:1};
I.u[7061] = {n:"Bow Meow Curse",t:31,d:"The water from the source juice-sane-ki-oak of the Bow Meow temporarily turned you into a Bow Meow. The slightest shock will make you go back to normal.",ep:18,g:21,l:1,wd:false,fm:false,w:0,m:true,p:1};
I.u[7062] = {n:"Poochan",t:32,d:"You must take Poochan to her future husband.",ep:18,g:21,l:1,wd:false,fm:true,w:0,m:true,p:1};
I.u[7063] = {n:"Imp Flower",t:35,d:"This pretty flower only grows in the Imp village, a bit like an Impette, only not as mean.",ep:1,g:634,l:40,wd:true,fm:true,w:2,p:10};
I.u[7064] = {n:"Itchy Orchid",t:35,d:"This magnificent orchid is very well-known for the enraging itch that grips anyone who dares to prune it.",ep:1,g:633,l:40,wd:true,fm:true,w:2,p:10};
I.u[7068] = {n:"Rice Flour",t:52,d:"This flour is perfect for making cement or even bedding for your dog.",ep:18,g:7,l:50,wd:true,fm:true,w:2,p:0};
I.u[7069] = {n:"Smashed Sidimote Shield",t:82,d:"This shield has seen a few battles too many, in this state it is good for nothing. Perhaps Bouwada, in Pandala village, could replace it for you.",ep:18,g:8,l:1,wd:false,fm:true,w:10,c:"BI=non équipable",p:15650};
I.u[7070] = {n:"Scratched Imp Shield",t:82,d:"This shield has seen a few battles too many, in this state it is good for nothing. Perhaps Bouwada, in Pandala village, could replace it for you.",ep:18,g:9,l:1,wd:true,fm:true,w:10,c:"BI=non équipable",p:30700};
I.u[7071] = {n:"Cloven Lumberjack Shield",t:82,d:"This shield has seen a few battles too many, in this state it is good for nothing. Perhaps Bouwada, in Pandala village, could replace it for you.",ep:18,g:4,l:1,wd:false,fm:true,w:10,c:"BI=non équipable",p:1200};
I.u[7072] = {n:"Torn Phtalmo",t:82,d:"This shield has seen a few battles too many, in this state it is good for nothing. Perhaps Bouwada, in Pandala village, could replace it for you.",ep:18,g:5,l:1,wd:false,fm:true,w:10,c:"BI=non équipable",p:33000};
I.u[7073] = {n:"Pierced Inn Shield",t:82,d:"This shield has seen a few battles too many, in this state it is good for nothing. Perhaps Bouwada, in Pandala village, could replace it for you.",ep:18,g:6,l:1,wd:false,fm:true,w:10,c:"BI=non équipable",p:16200};
I.u[7074] = {n:"Wounded Heart Kuarter",t:82,d:"This shield has seen a few battles too many, in this state it is good for nothing. Perhaps Bouwada, in Pandala village, could replace it for you.",ep:18,g:7,l:1,wd:false,fm:true,w:10,c:"BI=non équipable",p:13000};
I.u[7075] = {n:"Exploded Bawbawian Shield",t:82,d:"This shield has seen a few battles too many, in this state it is good for nothing. Perhaps Bouwada, in Pandala village, could replace it for you.",ep:18,g:2,l:1,wd:false,fm:true,w:15,c:"BI=non équipable",p:10500};
I.u[7076] = {n:"Wizened Derma Tho",t:82,d:"This shield has seen a few battles too many, in this state it is good for nothing. Perhaps Bouwada, in Pandala village, could replace it for you.",ep:18,g:3,l:1,wd:false,fm:true,w:10,c:"BI=non équipable",p:2200};
I.u[7077] = {n:"Sponghield",t:82,d:"This porous but absorbent yellow shield was made from the remains of a creature who used to live in a Pineapple Mask at the bottom of the sea.",ep:1,g:10,l:1,wd:true,fm:true,w:10,s:63,p:1};
I.u[7078] = {n:"Crumpled Fan Shield",t:82,d:"This shield has seen a few battles too many, in this state it is good for nothing. Perhaps Bouwada, in Pandala village, could replace it for you.",ep:18,g:11,l:1,wd:false,fm:true,w:10,c:"BI=non équipable",p:54450};
I.u[7079] = {n:"Exhausted Sadida Shield",t:82,d:"This shield has seen a few battles too many, in this state it is good for nothing. Perhaps Bouwada, in Pandala village, could replace it for you.",ep:18,g:12,l:1,wd:false,fm:true,w:10,c:"BI=non équipable",p:18700};
I.u[7080] = {n:"Shield in Dirty Briefs",t:82,d:"This shield has seen a few battles too many, in this state it is good for nothing. Perhaps Bouwada, in Pandala village, could replace it for you.",ep:18,g:13,l:1,wd:false,fm:true,w:10,c:"BI=non équipable",p:26700};
I.u[7081] = {n:"Aged Captain Amakna Shield",t:82,d:"This shield has seen a few battles too many, in this state it is good for nothing. Perhaps Bouwada, in Pandala village, could replace it for you.",ep:18,g:14,l:1,wd:false,fm:true,w:30,c:"BI=non équipable",p:63200};
I.u[7082] = {n:"Horned Kloome",t:82,d:"This shield has seen a few battles too many, in this state it is good for nothing. Perhaps Bouwada, in Pandala village, could replace it for you.",ep:18,g:15,l:1,wd:false,fm:true,w:10,c:"BI=non équipable",p:22100};
I.u[7083] = {n:"Vanished Asse Shield",t:82,d:"This shield has seen a few battles too many, in this state it is good for nothing. Perhaps Bouwada, in Pandala village, could replace it for you.",ep:18,g:16,l:1,wd:false,fm:true,w:10,c:"BI=non équipable",p:32450};
I.u[7084] = {n:"Warped Flying Shield",t:82,d:"This shield has seen a few battles too many, in this state it is good for nothing. Perhaps Bouwada, in Pandala village, could replace it for you.",ep:18,g:17,l:1,wd:false,fm:true,w:1,c:"BI=non équipable",p:1200};
I.u[7085] = {n:"Scuttled LeChouque\'s Shield",t:82,d:"This shield has seen a few battles too many, in this state it is good for nothing. Perhaps Bouwada, in Pandala village, could replace it for you.",ep:18,g:18,l:1,wd:false,fm:true,w:10,c:"BI=non équipable",p:36850};
I.u[7086] = {n:"Mossy Treechnid Shield",t:82,d:"This shield has seen a few battles too many, in this state it is good for nothing. Perhaps Bouwada, in Pandala village, could replace it for you.",ep:18,g:19,l:1,wd:false,fm:true,w:10,c:"BI=non équipable",p:5950};
I.u[7087] = {n:"Flea-ridden Gobball Shield",t:82,d:"This shield has seen a few battles too many, in this state it is good for nothing. Perhaps Bouwada, in Pandala village, could replace it for you.",ep:18,g:20,l:1,wd:false,fm:true,w:10,c:"BI=non équipable",p:400};
I.u[7088] = {n:"Abandoned Bowisse\'s Shield",t:82,d:"This shield has seen a few battles too many, in this state it is good for nothing. Perhaps Bouwada, in Pandala village, could replace it for you.",ep:18,g:21,l:1,wd:false,fm:true,w:10,c:"BI=non équipable",p:10150};
I.u[7089] = {n:"Drunk Pandawa Shield",t:82,d:"This shield has seen a few battles too many, in this state it is good for nothing. Perhaps Bouwada, in Pandala village, could replace it for you.",ep:18,g:22,l:1,wd:false,fm:true,w:10,c:"BI=non équipable",p:5600};
I.u[7090] = {n:"Cracked Crackler Shield",t:82,d:"This shield has seen a few battles too many, in this state it is good for nothing. Perhaps Bouwada, in Pandala village, could replace it for you.",ep:18,g:23,l:1,wd:false,fm:true,w:10,c:"BI=non équipable",p:6300};
I.u[7091] = {n:"Wonky Fire Dial",t:82,d:"This shield has seen a few battles too many, in this state it is good for nothing. Perhaps Bouwada, in Pandala village, could replace it for you.",ep:18,g:24,l:1,wd:false,fm:true,w:10,c:"BI=non équipable",p:2000};
I.u[7092] = {n:"Wonky Air Dial",t:82,d:"This shield has seen a few battles too many, in this state it is good for nothing. Perhaps Bouwada, in Pandala village, could replace it for you.",ep:18,g:26,l:1,wd:false,fm:true,w:10,c:"BI=non équipable",p:2000};
I.u[7093] = {n:"Wonky Earth Dial",t:82,d:"This shield has seen a few battles too many, in this state it is good for nothing. Perhaps Bouwada, in Pandala village, could replace it for you.",ep:18,g:27,l:1,wd:false,fm:true,w:10,c:"BI=non équipable",p:2000};
I.u[7094] = {n:"Wonky Water Dial",t:82,d:"This shield has seen a few battles too many, in this state it is good for nothing. Perhaps Bouwada, in Pandala village, could replace it for you.",ep:18,g:25,l:1,wd:false,fm:true,w:10,c:"BI=non équipable",p:2000};
I.u[7097] = {n:"Training Shield",t:82,d:"This Shield is given to disciples who don\'t know how to correctly use a Shield yet.",ep:14,g:1,l:1,wd:true,fm:true,w:1,p:1};
I.u[7098] = {n:"Shield Smith\'s Hammer",t:7,d:"This hammer is indispensible to blacksmiths.",ep:18,g:2,l:1,wd:true,fm:true,w:10,an:15,e:[5,6,1,1,50,50,false,false],p:500};
I.u[7102] = {n:"Ice Knight Sword",t:6,d:"The Ice Knight was famous for being one of the greatest sword smiths in all of Amakna. Only Liche the unmerciful refused to recognize his talent. Offended by this creature\'s ignorance, the Ice Knight stopped working, refusing to forge so much as a teaspoon until she agreed to publicly recognize his talent. The Ice Knight worked the bars around Amakna for a  couple of hundred years, but the local economy never crumbled as he had expected, nor did Amakna\'s military influence waver... as he had also expected. When he finally took up his rusty hammer once more, he found he\'d completely forgotten his former skill. This ridiculous sword was his last usable creation.",ep:1,g:51,l:12,wd:true,fm:true,w:10,an:14,e:[5,6,1,1,40,60,false,false],p:575};
I.u[7103] = {n:"The Xyothine",t:3,d:"This Wand was used to behead all the ninnies in Amakna. Suffice it to say it\'s seen a lot of action. It\'s interesting to note how much it resembles a staff or even a walking stick... It might have even been used to satisfy the wicked fantasies of the owner who named it. No one will ever have the last final word on this sordid story.",ep:19,g:53,l:145,wd:true,fm:true,w:15,an:11,tw:true,e:[7,4,3,5,30,50,false,true],c:"CI>450&CV>200",p:10000};
I.u[7104] = {n:"Flee-Flops",t:11,d:"These flee-flops were used to practice various martial arts. Not quite revolutionary and artistically speaking, a failure, they were only good for running away, a bit like yourself...",ep:18,g:58,l:67,wd:true,fm:true,w:5,p:11700};
I.u[7105] = {n:"Pandala Amulet",t:24,d:"At first sight, this looks like a simple Amulet but it actually holds a mystery that only a dying Pandawa can understand...",ep:18,g:48,l:0,wd:true,fm:true,w:0,p:1};
I.u[7106] = {n:"Larvamulet",t:1,d:"With this Larva head round your neck, you look like Stive Irween, the famous modern-day larva tamer.",ep:5,g:88,l:26,wd:true,fm:true,w:5,s:33,p:1950};
I.u[7107] = {n:"Larvaboots",t:11,d:"You probably never dreamt of putting your feet right inside the guts of a Larva... But here is your chance... Seize it!",ep:1,g:53,l:33,wd:true,fm:true,w:10,s:33,p:3150};
I.u[7108] = {n:"Larvabag",t:81,d:"This plain bag used to be very fashionable a very long time ago. It is the best example of your ancestors\' bad taste.",ep:5,g:60,l:27,wd:true,fm:true,w:10,s:33,p:2150};
I.u[7109] = {n:"Larvhat",t:16,d:"You finally have the chance to look like a real larva. You will be able to openly show the world your larvian lifestyle.",ep:5,g:103,l:34,wd:true,fm:true,w:10,s:33,p:3225};
I.u[7110] = {n:"Larvaresque Wand",t:3,d:"This terrific Wand is made of larva guts which are firstly dried, then enchanted and finally rehydrated. It\'s totally shapeless. A bit like you, except you\'re not even enchanted.",ep:5,g:19,l:40,wd:true,fm:true,w:5,an:11,e:[5,3,2,4,40,50,false,true],s:33,p:4000};
I.u[7112] = {n:"Black-Spotted Dofus",t:23,d:"The only way to get an egg like this is to force a black dragon to mate with a white dragon. Although some people paint ordinary eggs this colour at home... You may have been tricked.",ep:1,g:8,l:6,wd:true,fm:true,w:1,p:50000};
I.u[7113] = {n:"Dofawa",t:23,d:"This Dofus is worryingly similar to a wild Dragoturkey egg... For once, appearances might not be misleading.",ep:1,g:9,l:6,wd:false,fm:true,w:1,p:10};
I.u[7114] = {n:"Ebony Dofus",t:23,d:"As dark as darkness can be, as solid as a rock, the Dragon which laid such an egg probably didn\'t forget too quickly.",ep:1,g:7,l:6,wd:true,fm:true,w:10,p:50000};
I.u[7115] = {n:"Ivory Dofus",t:23,d:"The Ivory Dofus is incomparably white, which isn\'t surprising given that Dardondakal the White Dragon whitened it with his breath every morning (an old trick passed on to him from his Dragon grandmother).",ep:1,g:11,l:6,wd:true,fm:true,w:10,p:50000};
I.u[7116] = {n:"Omerta Ring",t:9,d:"The enchantment in this ring is very strange - once around your finger, the only person you\'ll be able to talk to will be the jeweller who made it.",ep:18,g:91,l:59,wd:true,fm:true,w:5,p:9155};
I.u[7117] = {n:"Ostarr Ring",t:9,d:"A particularly talentless group of cosmopolitan minstrels used this type of ring to keep time at their shows after their original drummer left them. They would all put a ring on a toe, and beat in time. Needless to say, it was the percussion that always let them down.",ep:18,g:92,l:53,wd:true,fm:true,w:5,p:7150};
I.u[7118] = {n:"Ugle Ring",t:9,d:"This big moth-shaped ring won\'t make your hands pretty, but isn\'t that a good thing?",ep:18,g:94,l:90,wd:true,fm:true,w:5,p:20775};
I.u[7119] = {n:"Nonsenz Ring",t:9,d:"The jeweller who created this masterpiece is no relative of the famous Sword Smith, despite appearances. No one ever understood what the designer said about using the ring...",ep:18,g:85,l:58,wd:true,fm:true,w:5,p:8750};
I.u[7120] = {n:"Ignoah Ring",t:9,d:"Contrary to common misunderstanding, this ring has nothing to do with the beautiful Karin, whose regular live shows at Sufokia Pirates\' Inn raised many a visiting spirit from the dead. The namesake of this jewel is a musician who breeds Tofus in his spare time...  so what, you ask. Well, with this ring, it\'ll sound like there\'s a dying tofu attached to your finger.",ep:18,g:86,l:44,wd:true,fm:true,w:2,p:5350};
I.u[7121] = {n:"Nozokomial Ring",t:9,d:"This living ring has a terrible curse that makes even the toughest of adventurers seriously ill. They say it was originally designed to heal the person who wore it, but since warriors brought it to the most disreputable locations in the land, its sense of dignity led it to become more and more dangerous and aggressive.",ep:18,g:87,l:50,wd:true,fm:true,w:5,p:6655};
I.u[7122] = {n:"Blubba Ring",t:9,d:"This ring is made for tearful novices. It also symbolizes some ancient, unspeakable traditions. It\'s made for you! Perfect.",ep:16,g:88,l:18,wd:true,fm:true,w:2,p:1100};
I.u[7123] = {n:"Ab\'ho Ring",t:9,d:"For experienced adventurers only. It might shock your family and friends to know it\'s composed of young, innocent creatures.",ep:18,g:95,l:70,wd:true,fm:true,w:2,p:12900};
I.u[7124] = {n:"Milk Chocolate Dofus",t:42,d:"This Dofus has exceptional power: it can make you drool with joy.",ep:1,g:27,l:1,wd:false,fm:true,w:1,p:1};
I.u[7125] = {n:"White Chocolate Dofus",t:42,d:"This Dofus has exceptional power: it can make you drool with joy.",ep:1,g:28,l:1,wd:false,fm:true,w:1,p:1};
I.u[7127] = {n:"Dofus Shell",t:42,d:"...",ep:1,g:30,l:1,wd:false,fm:true,w:1,p:1};
I.u[7128] = {n:"Okaringa",t:9,d:"Spiteful gossips claim that this ring is the most useful fashion accessory in the world. The wings attached to it can be quite a pain when you need to get a tissue out of your pocket. Now, Iops neither have tissues nor pockets... so, it\'s just fine.",ep:18,g:89,l:54,wd:true,fm:true,w:5,p:7700};
I.u[7129] = {n:"Chocolate Panda",t:42,d:"Don\'t underestimate this chocolaty treat - not only does it taste fantastic, its shape gives it even more flavour as well. Try a chocolate Ouassingue and you\'ll understand what I mean.",ep:0,g:31,l:1,wd:true,fm:true,w:1,u:true,ut:true,p:1};
I.u[7130] = {n:"Chocolate Dofus Recipe",t:24,d:"The recipe for the Chocolate Dofus is a must if you want to impress your friends.",ep:1,g:250,l:1,wd:false,fm:true,w:0,p:100};
I.u[7131] = {n:"Pota Ring",t:9,d:"Many other adventurers dreamt of getting their paws on this jewel long before you came along. Indeed, it\'s said to have many powers, such as the power to turn fierce warriors into good-for-nothing dreamers. It says in my book to never put it near fire. Doesn\'t say why...",ep:16,g:90,l:57,wd:true,fm:true,w:5,p:8475};
I.u[7132] = {n:"O-Ring Ami",t:9,d:"This ring owes its name to the last words pronounced by its creator: \"O\' Ring Ami! You\'re such a friend!\" he said in a painful but bewitching rattle. It is interesting to note that this Bamboo ring was actually made before Bamboo evolved. Another mystery which will not be solved for another ten years or so!",ep:16,g:96,l:49,wd:true,fm:true,w:5,p:6300};
I.u[7133] = {n:"Mixomawose",t:30,d:"As any Wabbit will tell you - if you don\'t want to see red, avoid the Mixomawose like the plague.",ep:1,g:9,l:1,wd:false,fm:true,w:0,p:1};
I.u[7134] = {n:"Rabies",t:30,d:"Some say Rabies completely changes the affected beings. Warriors become docile, and calm persons become aggressive. However, persons who dribbled will not change.",ep:1,g:10,l:1,wd:false,fm:true,w:0,p:1};
I.u[7135] = {n:"Maloria",t:30,d:"This is a disease transmitted by Moskitoes from tropical regions. Maloria is so called because the disease can be transmitted by Moskito spit as well.",ep:1,g:11,l:1,wd:false,fm:true,w:0,p:1};
I.u[7136] = {n:"Aykido Medal",t:1,d:"This medal used to belong to a famous Pandawa master at an old martial arts school who taught his disciples the principles of defence using their opponents\' strength. His school finally closed down because his opponents were no longer strong enough.",ep:19,g:89,l:125,wd:true,fm:true,w:10,p:40425};
I.u[7137] = {n:"Cape Huccino",t:17,d:"This Cape was hand-sewn for one single reason: to stop you from sleeping for weeks on end. It is so rigid that it will keep you standing still and upright no matter what happens. Just don\'t try to tie your shoelaces.",ep:16,g:15,l:44,wd:true,fm:true,w:15,p:5300};
I.u[7138] = {n:"Nettlez",t:17,d:"Worn by the most important people in the world, this cloak is famous for its legendary softness which means you don\'t have to put on underwear in the warm season. An elegant way to expose yourself...",ep:19,g:91,l:125,wd:true,fm:true,w:15,p:40175};
I.u[7139] = {n:"Ditchy Belt",t:10,d:"The shoemaker loved strolling in the fields, looking for improbable love. Instead of finding her soul mate, she died falling into a huge ditch full of filth, close to the Pig Zone. Her body was found seventy years later, when they finally emptied the ditch. Her brother apparently said: \"We all have to go sometime\", before falling into the ditch himself.",ep:19,g:82,l:125,wd:true,fm:true,w:15,p:39975};
I.u[7140] = {n:"Xenature",t:10,d:"Contrary to appearances, Xena was not a warrior, but a shoemaker. Her generous figure and her unlimited passion for housework strongly suggested a brilliant career in the inns of Amakna. But it wasn\'t to be.",ep:19,g:83,l:125,wd:true,fm:true,w:15,p:40125};
I.u[7141] = {n:"Himune",t:16,d:"This strange hat will protect you from sun beams, especially when its dark. Be careful though, every thirty years it comes to life and tries to suffocate its owner... It doesn\'t say when the last time... I wouldn\'t worry about it...",ep:19,g:111,l:122,wd:true,fm:true,w:10,p:37925};
I.u[7142] = {n:"Paperb\' Hat",t:16,d:"This hat was used by some Xelors to hide their hereditary baldness. Enutrofs used it to hide their wives\' faces. In fact, the only male syndrome it doesn\'t treat is prostate cancer...",ep:19,g:112,l:145,wd:true,fm:true,w:15,p:46980};
I.u[7143] = {n:"Solomonk",t:16,d:"The Solomonk hat was worn by the Chief of a Pandawa tribe. Experts in laxative potions, low-ranking Pandawas were often obliged to test the potions for the alchemists. When banished to the jungle for these trials, this hat doubled as a chamber pot, reducing their load considerably.",ep:19,g:123,l:120,wd:true,fm:true,w:50,p:36880};
I.u[7144] = {n:"Palishat",t:16,d:"This wedding hat has gone out of fashion, its lace is no longer considered stylish. If it was recycled into knickers and worn on a hairy head, it might still get a reaction out of a Chafer.",ep:19,g:116,l:108,wd:true,fm:true,w:15,p:29775};
I.u[7145] = {n:"Gaddie\'s Hat",t:16,d:"Gaddie, a strange creature from an imaginary world, always stood out for its incredible cunning, its total aversion to plants and its ability to fast for days on end in times of war. A creature that complex to understand was obviously impossible to control. It was abandoned in the depths of the Mines of Kruup where its only friend was an old, Gobbly devouring Liche.",ep:19,g:115,l:106,wd:true,fm:true,w:15,p:26375};
I.u[7146] = {n:"Lullibye",t:16,d:"This headgear looks like any old wig, but it is powerful indeed. It has one prior owner who had the strange and despicable habit of dressing up as other people, and conning the elderly into signing over items of tiny value. Once he convinced a gentle old man that he was his dead wife returned to life, proceeded to \'remarry\' him, had six of his children (which even I can\'t explain) and then, ten years later, just as they were about to renew their vows on a scenic cliffside, he broke the news. It is said he ran off with three party poppers and a half-eaten ball of Stracciatella ice-cream, laughing wildly... still laughing as he tripped and fell over the cliff and laughing to this day if you believe the popular but unlikely sea shanty, \'The crazy fool took my Stracciatella\'.",ep:18,g:114,l:81,wd:true,fm:true,w:10,p:16925};
I.u[7148] = {n:"A square of white chocolate",t:42,d:"...",ep:1,g:33,l:1,wd:false,fm:true,w:1,p:1};
I.u[7149] = {n:"Square of Dark Chocolate",t:42,d:"Directly extracted from cocoa beans, this square of dark chocolate is very tasty. Be careful not to eat too much of it, it\'ll give you the spotty skin of a 13 year old, chain-smoking truck-driver.",ep:1,g:34,l:1,wd:false,fm:true,w:1,u:true,ut:true,p:200};
I.u[7150] = {n:"Krutch",t:16,d:"This hat, strangely named, belonged to a poor Ecaflip who became mute after a traumatic event. An artist through and through, he was compelled to follow a Brewer training.  When he turned 14, he drowned in a barrel of beer and tears. Fortunately, beer was not wasted as the priest who was in charge of the funeral fell into an alcoholic coma for many years before he could take his office right where he had stopped it.",ep:19,g:109,l:111,wd:true,fm:true,w:20,p:31725};
I.u[7151] = {n:"Koloss",t:16,d:"On the box of this helmet, it said: \'This giant clay protective headgear will turn you into a giant with a head of clay\'. Upon further study, you\'ll realize the helmet is not made of clay, but of lead. Every year, many adventurers die, trapped under the helmet like nipples under a Chinese fire cup...",ep:19,g:108,l:120,wd:true,fm:true,w:15,p:36925};
I.u[7152] = {n:"Wheritz Hat",t:16,d:"This basin-shaped hat was used by the firemen of Amakna when there were fires on cereal fields. Nowadays it is mainly used by brewers and pub waitresses who are treated like walking barrels.",ep:19,g:110,l:120,wd:true,fm:true,w:20,p:36675};
I.u[7153] = {n:"Metal Hammer",t:7,d:"This huge hammer makes a very loud noise when hitting a Iop\'s skull as it tends to amplify sound. As surprising as it is effective.",ep:19,g:51,l:126,wd:true,fm:true,w:15,an:15,tw:true,e:[5,4,1,1,50,50,false,false],c:"CC>200",p:40200};
I.u[7154] = {n:"Toy Hammer",t:7,d:"This light hammer is designed for small beings. Xelors used to find great pleasure in squashing Arachnees with this implement. Its use quickly changed and it became a little toy for young Iop Handymen.",ep:18,g:46,l:107,wd:true,fm:true,w:15,an:15,e:[5,4,1,1,40,50,false,false],c:"CI>350&CV>200&CW>100",p:29475};
I.u[7155] = {n:"Hammer Ingthaiphoons",t:7,d:"For fifty long years, the famous Captain Adock used this terrible Hammer to slay anyone who got in his way - including women and children. In spite of his legendary bad temper and his addiction to alcohol, he won the respect of all warriors - both friend and enemy.",ep:18,g:48,l:113,wd:true,fm:true,w:15,an:15,e:[10,4,1,1,40,60,false,false],c:"CI>150&CW>100&PG=5",p:32650};
I.u[7156] = {n:"Hammer Ican",t:7,d:"This rusty hammer is perfect for all your smashing needs - pulverize maple trees, atomize Moskitoes, this hammer does it all.",ep:18,g:50,l:107,wd:true,fm:true,w:20,an:15,tw:true,e:[10,3,1,1,30,100,false,false],c:"CI>150&CV>150&(PG=2|PG=5)",p:334251};
I.u[7157] = {n:"Toll Hammer",t:7,d:"This hammer was used to sound the bell of the Church of Amakna every Sunday. In these times of war, it\'s used much more often than that.",ep:19,g:49,l:124,wd:true,fm:true,w:15,an:15,tw:true,e:[5,5,1,1,50,50,false,false],c:"CI>250",p:29400};
I.u[7158] = {n:"Trikidiki Hammer",t:7,d:"This hammer was crafted by a famous alchemist during his sentence in the prison of Brakmar. He planned to steal his competitors\' secrets and get rich when he got out. This hammer was the first in a collection of devilish instruments.",ep:19,g:47,l:143,wd:true,fm:true,w:20,an:15,tw:true,e:[5,5,1,1,50,50,false,false],c:"CA>250&PG=5",p:46550};
I.u[7159] = {n:"Cogito Hammer",t:7,d:"As the Enutrof philosopher Traincartes once said, \"I think, therefore I hammer.\" It sums up the way this greedy bunch sees the world.",ep:19,g:52,l:135,wd:true,fm:true,w:20,an:15,tw:true,e:[5,5,1,1,50,50,false,false],c:"CC>200&CV>300",p:41200};
I.u[7160] = {n:"Doozi Bow",t:2,d:"Many ages ago, this Bow was occupied with a very dark magic, a mysterious force that strikes fear into both its owners and its targets in equal measure.",ep:19,g:44,l:120,wd:true,fm:true,w:10,an:10,tw:true,e:[10,5,2,7,30,50,false,true],c:"CA>150&CI>400&PG=9",p:36900};
I.u[7161] = {n:"Young Wild Bow",t:2,d:"This bow was mainly used to hunt Plain Boars. Indeed, it is so powerful that it can kill several young boars with one single arrow, provided that they stand still in a line. Well it could happen!",ep:18,g:45,l:107,wd:true,fm:true,w:10,an:10,tw:true,e:[10,5,2,8,30,50,false,true],c:"CI>250&CA>150",p:29325};
I.u[7162] = {n:"Placee Bow",t:2,d:"This Bow belonged to an independent group of Minstrels mainly famous for their war cries which destroyed their enemies\' ear drums. They were firstly banished to Pandala, but after driving generations of Pandawa nuts, they were finally brought to the Great Sorlok to be slowly digested for more than 752 years.",ep:19,g:46,l:130,wd:true,fm:true,w:15,an:10,tw:true,e:[10,5,3,6,30,50,false,true],c:"CA>200&CC>70&PG=9",p:30000};
I.u[7163] = {n:"Runaway Bow",t:2,d:"This bow was used as a dissuasive weapon. The owner of the Runaway Bow claimed that he was using poisoned arrows so any cowards he met would take off instantly.",ep:19,g:47,l:124,wd:true,fm:true,w:15,an:10,tw:true,e:[10,5,2,6,30,50,false,true],c:"PG=9&CA>250",p:39050};
I.u[7164] = {n:"Marilyn Mun Bow",t:2,d:"Light and fragile, this bow appeals to adventurers who are more concerned about appearances than substance.",ep:19,g:48,l:143,wd:true,fm:true,w:15,an:10,e:[5,5,2,6,30,50,false,true],c:"CA>120&CI>120&CC>120&CV>300",p:46025};
I.u[7165] = {n:"Kilih Wand Jaro",t:3,d:"This explosive wand was dipped into the lava of an erupting volcano before being sculpted, and then enchanted. It goes without saying that it\'s very powerful... despite its ridiculous appearance.",ep:18,g:54,l:105,wd:true,fm:true,w:15,an:11,e:[5,4,3,6,50,50,false,true],c:"CI>300",p:28625};
I.u[7167] = {n:"Wand Hering",t:3,d:"The craftsman who created this wand had many apprentices. He made them work all day long. He was supposed to teach them the tricks of the trade but as it turned out, he was a terrible teacher. He always started sentences, trailed off, fell asleep, dreamt he was a goat and started licking the blackboard. I\'m not suggesting that there\'s a link between the last two... I\'m just reading the... psychiatric... report. OH MAN, this guy was messed up in the head... Blimey!",ep:18,g:50,l:43,wd:true,fm:true,w:5,an:11,e:[5,4,2,4,50,50,false,true],c:"CI>60",p:5000};
I.u[7168] = {n:"Pinted Wand",t:3,d:"Once sculpted, this wand was soaked in beer for many decades \'to put a few magical powers into it\', as the people who made it said. Unfortunately, it started to rot, but it has a few magical properties... it can lure worms to the earth\'s surface for example. Are you into fishing by any chance?",ep:18,g:51,l:63,wd:true,fm:true,w:10,an:11,e:[5,4,2,4,50,50,false,true],c:"CI>150",p:4800};
I.u[7169] = {n:"Sparkly Wand",t:3,d:"Ideal for lighting a fire, or indeed lighting up a dreary party. With this wand, you just might get the chance to shine once in your life. An opportunity not to be missed.",ep:18,g:52,l:81,wd:true,fm:true,w:10,an:11,e:[5,4,2,4,50,50,false,true],c:"CI>200",p:17000};
I.u[7170] = {n:"Creizy-Stufh Wand",t:3,d:"Creizy the pastry chef was nuts... he married Stufh the Lumberjane and choked her to death the very next day with his fat-stuffed pastries. Ever since, the phrase \"Creizy Stufh\" is used to express an unhappy surprise after a great celebration.",ep:18,g:46,l:112,wd:true,fm:true,w:15,an:11,tw:true,e:[5,2,3,4,30,50,false,true],c:"CI>350&CV>200",p:32330};
I.u[7171] = {n:"Wand Heroff",t:3,d:"The designer of this wand kept forgetting to pick his kids up at school. Conscious of his absent-mindedness, he sculpted a wand that would come to life everyday and remind him to pick his kids up. After a while, he kept thinking the wand was waking him up to remind him to go to the bathroom. His children were taken away from him not long after.",ep:19,g:47,l:127,wd:true,fm:true,w:15,an:11,tw:true,e:[10,4,4,6,40,60,false,true],c:"CI>300&CV>300",p:43125};
I.u[7172] = {n:"Boogey Wand",t:3,d:"This magic wand is still used today to empty septic tanks, clean out ditches and pick noses. Most informed sculptors will tell you that it derives all its magic from all the filthy waste it\'s been dragged through... in reality, it\'s the dirty gunge from your snout.",ep:18,g:49,l:105,wd:true,fm:true,w:20,an:11,tw:true,e:[10,4,2,4,30,60,false,true],c:"CI>200&CW>50",p:28375};
I.u[7173] = {n:"Strangly Wand",t:3,d:"This terrific Wand can wrap itself round your opponent\'s neck and strangle them slowly but surely. An original and distinguished way of killing enemies you don\'t respect.",ep:18,g:48,l:27,wd:true,fm:true,w:10,an:11,e:[5,3,2,4,50,50,false,true],c:"CI>50",p:2100};
I.u[7174] = {n:"Pandawushu Cloak",t:17,d:"This cloak is essential if you want to practice Pandawushu...",ep:1,g:89,l:10,wd:true,fm:true,w:5,p:10};
I.u[7175] = {n:"Shamanic Certificate",t:24,d:"This medical certificate is essential if you want to practice Pandawushuka.",ep:18,g:55,l:1,wd:false,fm:true,w:0,p:1};
I.u[7176] = {n:"Root Well",t:4,d:"Maxx Evanz, master staff carver, is the fellow who created this little wonder. It can darken the sky with raging cloud and draw the blood of your enemies... even if they don\'t have any. Legend says it took him nine years to carve. Even your enemies will have to complement you on this beautiful piece of stuff.",ep:19,g:53,l:143,wd:true,fm:true,w:15,an:12,e:[10,4,1,1,45,70,false,false],c:"CS>150&CV>400&CI>50&CA>50",p:46600};
I.u[7177] = {n:"Pandawushu Headband",t:16,d:"With this Pandawushu Headband around your skull, you\'ll be able to scare away young Lenalds pretending to be martial arts Masters. Don\'t forget to bawl a bit of a war cry to be more convincing.",ep:1,g:102,l:1,wd:false,fm:true,w:5,p:10};
I.u[7178] = {n:"Froot Root",t:4,d:"If it wasn\'t for the incessant arguing over whether this thing is a fruit or a root, it would be an excellent weapon.",ep:18,g:58,l:86,wd:true,fm:true,w:10,an:12,e:[5,3,1,1,50,50,false,false],c:"CI>150",p:19100};
I.u[7179] = {n:"Path and Trail: Damned Forest",t:25,d:"This book contains the best tourist itineraries in the maze of the Damned Forest... a must! That\'s what it says on the cover, anyway.",ep:2,g:19,l:1,wd:true,fm:true,w:1,u:true,p:50};
I.u[7181] = {n:"Red Root Chileepaperz",t:4,d:"Red was a young Sadidette. She loved singing, though she had a terrible voice. She always dreamt of travelling to Chili. She was often sent packing but never got anywhere...",ep:18,g:54,l:106,wd:true,fm:true,w:15,an:12,tw:true,e:[10,4,1,1,50,50,false,false],c:"CV>250&CW>60",p:28575};
I.u[7182] = {n:"Black Mel Root",t:4,d:"Mel was quite unlucky. Her husband was a lazy cad, incapable of assuming his status as the head of the family. She was convinced that incessant nagging was the way to go... \"You\'ll get no strawberry jelly if you don\'t go harvest that barley\" or \"You\'ll get no tobacco till you\'ve sheared those Gobballs\" and so on. Obviously, this story has nothing to do with this very powerful root... unless it starts to nag you too...",ep:18,g:60,l:103,wd:true,fm:true,w:15,an:12,tw:true,e:[15,4,1,1,25,50,false,false],c:"CV>200",p:27280};
I.u[7183] = {n:"Lady Root",t:4,d:"This Root has a purity that is the essence of perfection for some wide-eyed craftsmen. I can tell you from experience that this root is the single greatest cause of marital breakdown in the entire region.",ep:18,g:55,l:88,wd:true,fm:true,w:15,an:12,e:[5,4,1,1,50,50,false,false],c:"CV>70",p:20000};
I.u[7184] = {n:"Disast Root",t:4,d:"This terrible root is mainly known for its capacity to provoke climatic disasters at the exact place where it\'s been used. Avoid using it to kick your enemies around... It is an abuse which could see you and all your friends burnt to a crisp, drowned in a flood, blown to bits, frozen solid, misted to... well the last one wouldn\'t be so bad, but just don\'t use it okay!",ep:18,g:56,l:86,wd:true,fm:true,w:15,an:12,e:[5,4,1,1,50,50,false,false],c:"CV>100",p:18945};
I.u[7185] = {n:"Root \'Een",t:4,d:"Using this root during a fight is supposed to be very easy. Nevertheless, it can happen that the root somehow comes to life and does whatever it wants... that\'s generally when the owner yells \"This is not the usual Root \'Een, is it?\". Well, it is indeed the usual Root \'Een.",ep:18,g:57,l:103,wd:true,fm:true,w:20,an:12,e:[5,5,1,1,50,50,false,false],c:"CV>200&CW>150",p:27425};
I.u[7186] = {n:"Level Passage",t:24,d:"On this piece of paper, you can read the last date when you gained a few Pandawashuka levels.",ep:18,g:58,l:0,wd:true,fm:true,w:0,p:1};
I.u[7187] = {n:"Dubya Bow",t:2,d:"This bow is reviled the land over for leading its archers into battle at the slightest sign of unusual behaviour. Drinking loudly, shaking hands for longer than is proper, and wearing hats - a few examples of what can make the bow start shooting wildly.",ep:19,g:50,l:124,wd:true,fm:true,w:10,an:10,tw:true,e:[10,5,4,6,30,2,false,true],c:"CA>100&CC>100&PG=9",p:40000};
I.u[7188] = {n:"Citrus Daggers",t:5,d:"These Daggers are often used to cut the ground right out from under your enemies\' feet. An original way to surprise them which often comes to a messy end.",ep:18,g:48,l:113,wd:true,fm:true,w:10,an:13,tw:true,e:[8,3,1,1,35,50,false,false],c:"CA>100&CI>100",p:32575};
I.u[7189] = {n:"Thrusty Staff",t:4,d:"This strange staff is an improved version of the famous God Rod. Indeed, this staff was designed and made according to the numerous tests done on the God Rod by the Love Priestesses. This model was even used by Kuri herself, which makes it a unique piece.",ep:19,g:59,l:176,wd:true,fm:true,w:15,an:12,tw:true,e:[7,4,1,1,30,100,false,false],c:"CI>450",p:57000};
I.u[7190] = {n:"Maydhyn China Daggers",t:5,d:"When a precocious Sramette princess couldn\'t find a single dagger that suited her, she offered a challenge to the dagger smiths of Amakna: the one who forged her a set capable of killing a Tofu in one blow would spend three nights in her bed... Unfortunately, not a single smith took up her challenge. By the time she found a willing craftsman, a retiree of the trade who never should have started in the first place, she\'d been advertising her offer among other things on the streets of Madrestam for 17 years... Let\'s just say that time hadn\'t been kind to the proud Sramette.",ep:18,g:45,l:100,wd:true,fm:true,w:10,an:13,tw:true,e:[15,3,1,1,35,50,false,false],c:"CS>150&CA>150",p:21800};
I.u[7191] = {n:"Ramougre\'s Setter",t:5,d:"Ramougre was an old Sram who became a jewellery master. He used this setter to perfect his creations as well as to murder his clients when he got bored. He was known for his bad temper, sometimes destroying his setter and his most beautiful creations. Today, when people with these daggers get angry, they pay tribute to Ramougre by cutting off some family jewels.",ep:19,g:49,l:127,wd:true,fm:true,w:15,an:13,tw:true,e:[10,3,1,1,30,30,false,false],c:"CA>200&CS>200",p:40825};
I.u[7192] = {n:"Grizmine Claw",t:6,d:"Grizmine never succeeded in properly using this Claw - she was always too drunk.",ep:18,g:59,l:111,wd:true,fm:true,w:15,an:14,e:[5,5,1,1,50,50,false,false],c:"CS>300&CA>120",p:31625};
I.u[7193] = {n:"Dark Vlad Sword",t:6,d:"No one but Dark Vlad himself can use this sword properly, but if you carry it round town at least people will know you\'re not one of those pathetic fools who died under its blade.",ep:19,g:61,l:126,wd:true,fm:true,w:20,an:14,e:[12,5,1,1,50,100,false,false],c:"CV>250&CI>300&PG=8",p:40625};
I.u[7194] = {n:"Arkanum Bow",t:2,d:"This bow proves that collaboration between technology and magic can lead to excellent results. This bow was quickly forgotten for some strange reason and its creator, Arkanum, had to close down his store.",ep:18,g:49,l:96,wd:true,fm:true,w:10,an:10,tw:true,e:[10,5,2,6,30,50,false,true],c:"CI>200&CA>60&PG=9",p:23500};
I.u[7195] = {n:"Furritung",t:6,d:"This legendary sword was forged early one morning by a drunken Enutrof army, deep in the mines of Grimoth. It has a very powerful aura as well as a potent hum of beer.",ep:19,g:60,l:158,wd:true,fm:true,w:15,an:14,tw:true,e:[10,5,1,1,50,80,false,false],c:"CV>300&CA>300&PG=8",p:51100};
I.u[7197] = {n:"Hammer Sheys",t:7,d:"This hammer was used to break chocolate blocks into dust for so many years, it eventually gained a delicious flavour. One more reason to give your enemies a taste!",ep:19,g:53,l:150,wd:true,fm:true,w:100,an:15,tw:true,e:[10,5,1,1,50,50,false,false],c:"CI>150&CV>200&(PG=5|PG=2)",p:473751};
I.u[7198] = {n:"Evening Razor",t:6,d:"Any old Enutrof will tell you that a well-maintained beard is every woman\'s dream. This razor is so sharp it\'ll even take care of that thick, curly back hair.",ep:18,g:62,l:106,wd:true,fm:true,w:15,an:14,e:[10,4,1,1,50,50,false,false],c:"CS>200&CA>100",p:28925};
I.u[7199] = {n:"Abatz Sword",t:6,d:"This sword belonged to a butcher called Franky Abatz who used it to disembowel his enemies for sausage meat. I used to go to that stall... Believe me, I made sure the dirty mongrel paid for every sausage he ever sold...",ep:19,g:63,l:135,wd:true,fm:true,w:15,an:14,e:[5,4,1,1,50,50,false,false],c:"CS>200&CA>120&CV>300",p:44225};
I.u[7200] = {n:"Shodanwa Sabre",t:6,d:"This magnificent sabre is used by Pandawushuka disciples when they reach the Shodanwa level alive.",ep:18,g:55,l:40,wd:true,fm:true,w:10,an:14,e:[5,4,1,1,50,50,false,false],c:"CS>60",p:4300};
I.u[7201] = {n:"Nidanwa Sabre",t:6,d:"This magnificent Sabre is used by Pandawushuka disciples when they reach the Nidanwa level alive.",ep:18,g:56,l:66,wd:true,fm:true,w:15,an:14,e:[10,5,1,1,50,50,false,false],c:"CA>80",p:11300};
I.u[7202] = {n:"Sandanwa Sabre",t:6,d:"This magnificent sabre is used by Pandawushuka disciples when they reach the Sandanwa level alive.",ep:18,g:57,l:83,wd:true,fm:true,w:10,an:14,e:[10,5,1,1,50,50,false,false],c:"CS>120",p:17800};
I.u[7203] = {n:"Yondanwa Sabre",t:6,d:"This magnificent sabre is used by Pandawushuka disciples when they reach the Yondanwa level alive.",ep:18,g:58,l:93,wd:true,fm:true,w:10,an:14,e:[7,5,1,1,50,50,false,false],c:"CA>100",p:22175};
I.u[7204] = {n:"Shodanwa Staff",t:4,d:"This Staff is normally used by Pandawushuka disciples when they reach Shodanwa level without losing the use of their arms in the process.",ep:18,g:49,l:46,wd:true,fm:true,w:15,an:12,e:[5,4,1,1,40,50,false,false],c:"CV>30&CW>10",p:5775};
I.u[7205] = {n:"Nidanwa Staff",t:4,d:"This Staff is normally used by Pandawushuka disciples when they reach Nidanwa level without losing the use of their arms in the process.",ep:18,g:50,l:62,wd:true,fm:true,w:10,an:12,e:[5,4,1,1,50,50,false,false],c:"CS>100",p:10125};
I.u[7206] = {n:"Sandanwa Staff",t:4,d:"This Staff is normally used by Pandawushuka disciples when they reach Sandanwa level without losing the use of their arms in the process.",ep:18,g:51,l:80,wd:true,fm:true,w:10,an:12,e:[10,4,1,1,30,50,false,false],c:"CA>100&CV>70",p:16700};
I.u[7207] = {n:"Yondanwa Staff",t:4,d:"This Staff is normally used by Pandawushuka disciples when they reach Yondanwa level without losing the use of their arms in the process.",ep:18,g:52,l:93,wd:true,fm:true,w:10,an:12,tw:true,e:[5,4,1,1,50,50,false,false],c:"CS>250",p:22500};
I.u[7208] = {n:"Shodanwa Axe",t:19,d:"This Axe is used by Pandawushuka disciples when they reach the Nidanwa level. It makes short work of Bamboo Forests, including anything that may be hiding in the undergrowth.",ep:18,g:37,l:36,wd:true,fm:true,w:10,an:17,e:[5,6,1,1,50,50,false,false],p:3550};
I.u[7209] = {n:"Nidanwa Axe",t:19,d:"This Axe is used by Pandawushuka disciples when they reach the Nidanwa level. It makes short work of Bamboo Forests, including anything that may be hiding in the undergrowth.",ep:18,g:36,l:59,wd:true,fm:true,w:10,an:17,e:[5,6,1,1,50,50,false,false],c:"CS>100&CV>50",p:9000};
I.u[7210] = {n:"Sandanwa Axe",t:19,d:"This Axe is used by Pandawushuka disciples when they reach the Nidanwa level. It makes short work of Bamboo Forests, including anything that may be hiding in the undergrowth.",ep:18,g:35,l:83,wd:true,fm:true,w:10,an:17,e:[5,6,1,1,50,50,false,false],p:17800};
I.u[7211] = {n:"Yondanwa Axe",t:19,d:"This axe is used by Pandawushuka disciples when they reach the Yondawa level. It makes short work of Bamboo forests, including anything that may be hiding in the undergrowth.",ep:18,g:34,l:98,wd:true,fm:true,w:10,an:17,e:[5,5,1,1,50,50,false,false],c:"CI>150&CS>75&CV>85",p:24500};
I.u[7212] = {n:"Bamboo Slayer",t:19,d:"Equipped with this light and elegant Axe you\'ll be able to progress more easily through the Bamboo Forests of Pandala. It will serve as sufficient protection against the warlike Pandis who never get tired of attacking lone Lumberjacks who wander through their lands.",ep:18,g:33,l:26,wd:true,fm:true,w:10,an:17,e:[5,6,1,1,50,50,false,false],p:2000};
I.u[7213] = {n:"Splitting Shovel",t:8,d:"This Shovel is supposed to cut through the soil at an incredible speed. Those who know how to handle it usually split their enemies\' skulls open instead.",ep:19,g:41,l:142,wd:true,fm:true,w:15,an:16,tw:true,e:[10,5,1,1,40,70,false,false],c:"CC>400&CV>250",p:46050};
I.u[7214] = {n:"Cruella Sandals",t:11,d:"These Sandals belonged to the Macians, an Ouginak tribe, which became extinct. They were so close to the Pandawas that, as the generations passed by, their fur slowly changed colour. One day, they were all killed by a horrible woman who wanted to make a coat out of them.",ep:18,g:59,l:30,wd:true,fm:true,w:10,p:2650};
I.u[7215] = {n:"Siren Thong",t:11,d:"These thong sandals were formerly used by female Pandits to seduce lost adventurers and lure them into traps.",ep:19,g:60,l:121,wd:true,fm:true,w:20,p:37400};
I.u[7216] = {n:"Sandals Koholiks",t:11,d:"Those sandals are given to sick Pandawas for those special emergencies... we\'re talking the dreaded McSheth, which usually comes a knocking when they drink too much down at the Inn.",ep:18,g:61,l:58,wd:true,fm:true,w:10,p:8975};
I.u[7217] = {n:"Still Sandals",t:11,d:"Pandawas have always been attracted by alcoholic beverages. As time went by, they discovered how best to conserve and flavour them. These sandals were made especially for alcoholic Pandawas. They\'re ballasted at the sole so that you can keep your feet firmly on the ground, most of the time. Good for fighting, terrible for running away...",ep:19,g:62,l:159,wd:true,fm:true,w:50,p:50800};
I.u[7218] = {n:"Sandals Adin",t:11,d:"Adin was a young Pandawa who loved collecting lamps, but he was far from being a genius.",ep:18,g:63,l:76,wd:true,fm:true,w:15,p:14900};
I.u[7219] = {n:"Sandals Ailuya",t:11,d:"Those sandals were awarded to young Pandits at the end of religious rituals. Nowadays they are mainly used for tap-dancing championships.",ep:18,g:64,l:56,wd:true,fm:true,w:15,p:8200};
I.u[7220] = {n:"Lottery Ticket",t:15,d:"Between your fat little fingers you\'re greedily clutching a superb Lottery Ticket. Hold on to it. You might be the lucky winner at the great draw!",ep:1,g:717,l:2,wd:true,fm:true,w:1,p:1};
I.u[7221] = {n:"Tanukouï San Collar",t:1,d:"Tanukouï Sans wear this collar from early childhood. Given what these monsters are capable of, it\'s no wonder this jewellery is so valuable.",ep:19,g:92,l:152,wd:true,fm:true,w:10,p:49030};
I.u[7222] = {n:"Water Pandawushu Artefact",t:50,d:"This magic artefact is used by the Pandawushu disciples to enchant their equipment.",ep:1,g:104,l:1,wd:true,fm:true,w:1,p:1};
I.u[7223] = {n:"Air Pandawushu Artefact",t:50,d:"This magic artefact is used by the Pandawushu disciples to bewitch their equipment.",ep:18,g:105,l:1,wd:true,fm:true,w:1,p:1};
I.u[7224] = {n:"Earth Pandawushu Artefact",t:50,d:"This magic artefact is used by the Pandawushu disciples to enchant their equipment.",ep:18,g:106,l:1,wd:true,fm:true,w:1,p:1};
I.u[7225] = {n:"Fire Pandawushu Artefact",t:50,d:"This magic artefact is used by the Pandawushu disciples to enchant their equipment.",ep:18,g:107,l:1,wd:true,fm:true,w:1,p:1};
I.u[7226] = {n:"Akwadala Hat",t:16,d:"From a distance, you\'ll look like a Pandawushuka from the village of Akwadala with this hat on your head. Up close, you\'ll look like an idiot.",ep:18,g:146,l:43,wd:true,fm:true,w:2,s:34,p:5100};
I.u[7227] = {n:"Terrdala Hat",t:16,d:"From a distance, you\'ll look like a Pandawushuka from the village of Terrdala wearing this hat. Up close, you\'ll look like an idiot.",ep:18,g:147,l:75,wd:true,fm:true,w:10,s:36,p:14575};
I.u[7228] = {n:"Feudala Hat",t:16,d:"From a distance, you\'ll look like a Pandawushuka from the village of Feudala with this hat on your head. Up close, you\'ll look like nothing at all.",ep:18,g:145,l:98,wd:true,fm:true,w:20,s:37,p:24800};
I.u[7229] = {n:"Aerdala Hat",t:16,d:"From a distance, you\'ll look like a Pandawushuka from the village of Aerdala with this hat on your head. Up close, you\'ll look like an idiot.",ep:18,g:148,l:64,wd:true,fm:true,w:10,s:35,p:10100};
I.u[7230] = {n:"Akwadala Cloak",t:17,d:"This cloak comes from Akwadala. It can be used as a doormat or even as a floorcloth if you\'ve just come out of water.",ep:18,g:113,l:41,wd:true,fm:true,w:10,s:34,p:4550};
I.u[7231] = {n:"Terrdala Cloak",t:17,d:"This cloak comes from Terrdala Village. It can be used as a doormat or even as a towel if you\'ve just come out of the water.",ep:18,g:112,l:63,wd:true,fm:true,w:15,s:36,p:10305};
I.u[7232] = {n:"Feudala Cloak",t:17,d:"This cloak comes from Feudala. It can be used as a doormat or even as a towel if you\'ve just come out of the water.",ep:18,g:111,l:92,wd:true,fm:true,w:10,s:37,p:21750};
I.u[7233] = {n:"Aerdala Cloak",t:17,d:"This cloak comes from Aerdala. It can be used as a doormat or even as a floorcloth if you\'ve just come out of water.",ep:18,g:114,l:65,wd:true,fm:true,w:10,s:35,p:11200};
I.u[7234] = {n:"Swallowed Akwadala Shield",t:82,d:"This shield has seen a few battles too many, in this state it is good for nothing. Perhaps Bouwada, in Pandala village, could replace it for you.",ep:18,g:31,l:1,wd:false,fm:true,w:2,c:"BI=non équipable",p:5350};
I.u[7235] = {n:"Buried Terrdala Shield",t:82,d:"This shield has seen a few battles too many, in this state it is good for nothing. Perhaps Bouwada, in Pandala village, could replace it for you.",ep:18,g:32,l:1,wd:false,fm:true,w:10,c:"BI=non équipable",p:14100};
I.u[7236] = {n:"Burnt Feudala Shield",t:82,d:"This shield has seen a few battles too many, in this state it is good for nothing. Perhaps Bouwada, in Pandala village, could replace it for you.",ep:18,g:33,l:1,wd:false,fm:true,w:15,c:"BI=non équipable",p:27100};
I.u[7237] = {n:"Vanished Aerdala Shield",t:82,d:"This shield has seen a few battles too many, in this state it is good for nothing. Perhaps Bouwada, in Pandala village, could replace it for you.",ep:18,g:30,l:1,wd:false,fm:true,w:10,c:"BI=non équipable",p:11600};
I.u[7238] = {n:"Akwadala Belt",t:10,d:"Pandawas from Akwadala always watch their figure. If you tighten this belt as much as possible, you should finally get some results with your flabby belly problem.",ep:18,g:76,l:41,wd:true,fm:true,w:2,s:34,p:4600};
I.u[7239] = {n:"Terrdala Belt",t:10,d:"Pandawas from Terrdala always watch their figure. If you tighten this belt as much as possible, you should finally get some results with your flabby belly problem.",ep:18,g:78,l:49,wd:true,fm:true,w:10,s:36,p:6353};
I.u[7240] = {n:"Feudala Belt",t:10,d:"Pandawas from Feudala always watch their figure. If you tighten this belt as much as possible, you should finally get some results with your flabby belly problem.",ep:18,g:77,l:81,wd:true,fm:true,w:10,s:37,p:16925};
I.u[7241] = {n:"Aerdala Belt",t:10,d:"Pandawas from Aerdala always watch their figure. If you tighten this belt as much as possible, you should finally get some results with your flabby belly problem.",ep:18,g:79,l:70,wd:true,fm:true,w:10,s:35,p:13000};
I.u[7242] = {n:"Akwadala Geta",t:11,d:"These wooden Getas were made by the best shoemakers of the village of Akwadala. Since they\'re quite open, your warts will be able to take a breath of fresh air and enjoy the landscape.",ep:18,g:54,l:35,wd:true,fm:true,w:10,s:34,p:3350};
I.u[7243] = {n:"Terrdala Geta",t:11,d:"These wooden Getas were made by the best shoemakers in the village of Terrdala. Let your warts take a breath of fresh air and enjoy the landscape.",ep:18,g:55,l:76,wd:true,fm:true,w:15,s:36,p:15000};
I.u[7244] = {n:"Feudala Geta",t:11,d:"These wooden Geta were made by the best shoemakers in the village of Feudala. Since they\'re quite open, your warts will be able to take a breath of fresh air and enjoy the landscape.",ep:16,g:56,l:68,wd:true,fm:true,w:25,s:37,p:12050};
I.u[7245] = {n:"Aerdala Geta",t:11,d:"These wooden Getas were made by the best shoemakers in the village of Aerdala. Since they\'re quite open, your warts will be able to take a breath of fresh air and enjoy the landscape.",ep:18,g:57,l:57,wd:true,fm:true,w:10,s:35,p:8700};
I.u[7246] = {n:"Akwadala Wedding Ring",t:9,d:"This Wedding Ring comes from the village of Akwadala. More likely to be a lucky charm than a magic relic, you\'ll still be able to make your friends believe you found your soul mate.",ep:1,g:80,l:37,wd:true,fm:true,w:2,s:34,p:3800};
I.u[7247] = {n:"Terrdala Wedding Ring",t:9,d:"This Wedding Ring comes from the village of Terrdala. More likely to be a lucky charm than a magic relic, you\'ll still be able to make your friends believe you\'ve found your soul mate.",ep:18,g:81,l:77,wd:true,fm:true,w:10,s:36,p:15425};
I.u[7248] = {n:"Feudala Wedding Ring",t:9,d:"This Wedding Ring comes from the village of Feudala. More likely to be a lucky charm than a magic relic, you\'ll still be able to make your friends believe you\'ve found your soul mate.",ep:18,g:82,l:81,wd:true,fm:true,w:10,s:37,p:17000};
I.u[7249] = {n:"Aerdala Wedding Ring",t:9,d:"This Wedding Ring comes from the village of Aerdala. More likely to be a lucky charm than a magic relic, you\'ll still be able to make your friends believe you\'ve found your soul mate.",ep:18,g:83,l:57,wd:true,fm:true,w:5,s:35,p:8600};
I.u[7250] = {n:"Akwadala Amulet",t:1,d:"The only people allowed to wear this amulet were the inhabitants of the village of Akwadala, as it was considered to be one of the most important parts of their traditional costume. Seen close up, you have to ask yourself why.",ep:18,g:79,l:41,wd:true,fm:true,w:2,s:34,p:5050};
I.u[7251] = {n:"Amulet Terrdala",t:1,d:"The only people allowed to wear this amulet were the inhabitants of the village of Terrdala, as it was considered to be one of the most important parts of their traditional costume. Seen close up, you have to ask yourself why.",ep:18,g:80,l:80,wd:true,fm:true,w:10,s:36,p:16550};
I.u[7252] = {n:"Feudala Amulet",t:1,d:"The only people allowed to wear this amulet were the inhabitants of the village of Feudala, as it was considered to be one of the most important parts of their traditional costume. Seen close up, you have to ask yourself why.",ep:18,g:81,l:91,wd:true,fm:true,w:10,s:37,p:21225};
I.u[7253] = {n:"Aerdala Amulet",t:1,d:"The only people allowed to wear this amulet were the inhabitants of the village of Aerdala, as it was considered to be one of the most important parts of their traditional costume. Seen close up, you have to ask yourself why.",ep:18,g:82,l:62,wd:true,fm:true,w:10,s:35,p:10000};
I.u[7254] = {n:"Akwadala Staff",t:4,d:"This staff was used to give young boisterous Pandawa a trashing. Three raps on the knuckles, fifteen lashes across the back, sixty blows to the head, two pokes in the eyes, that would be enough to calm them down a bit.",ep:18,g:61,l:43,wd:true,fm:true,w:15,an:12,e:[5,3,1,1,50,50,false,false],c:"CC>50",s:34,p:5040};
I.u[7255] = {n:"Axe Terrdala",t:19,d:"This axe, from the very beginning, was designed to cut living beings. Be careful! A single miscalculation and you could be cut in half!",ep:18,g:32,l:83,wd:true,fm:true,w:10,an:17,e:[5,6,1,1,50,50,false,false],s:36,p:17635};
I.u[7256] = {n:"Aerdala Daggers",t:5,d:"As sharp as Moowolf claws, these daggers will turn you into a perfect apprentice assassin.",ep:18,g:51,l:62,wd:true,fm:true,w:10,an:13,e:[10,3,1,1,30,50,false,false],c:"CA>150&CS>50",s:35,p:10105};
I.u[7257] = {n:"Feudala Sabre",t:6,d:"This Sabre was forged by Hotari Honza himself. It\'s said to be one of his last creations before he took an intensive cooking course and became a chef. A collector\'s item for sure!",ep:18,g:64,l:76,wd:true,fm:true,w:1,an:14,e:[5,6,1,1,50,50,false,false],c:"CI>200&CA>60",s:37,p:14900};
I.u[7258] = {n:"Pandikaze Hairs",t:54,d:"These extremely thin hairs seem to have been pulled out of the rump of a female Sadida, but don\'t be mistaken, they haven\'t.",ep:16,g:556,l:40,wd:true,fm:true,w:1,p:10};
I.u[7259] = {n:"Pandikaze Fabric",t:55,d:"This heap of hairs is almost intact despite the punishment you must have inflicted on this poor Pandikaze Ghost to pull it out.",ep:18,g:124,l:40,wd:true,fm:true,w:1,p:10};
I.u[7260] = {n:"Pandikaze Skin",t:59,d:"This skin is still slightly covered by a down as smooth as that on the armpit of an Eniripsa but.. without the sweaty smell.",ep:18,g:40,l:40,wd:true,fm:true,w:2,p:10};
I.u[7261] = {n:"Magic Bamboo Wood",t:38,d:"This amazing magic piece of Bamboo can move. A tribal legend says that every night it wanders round the village and knocks on the doors of people who abandon themselves to nightly pleasures. Pandawas often chain their Magic Bamboo before going to bed to prevent all kind of disappointments.",ep:18,g:670,l:220,wd:true,fm:true,w:5,p:20};
I.u[7262] = {n:"Bulbiflor Root",t:98,d:"This Bulbiflor Root is not like other roots. It can be chewed for ages and you won\'t lose your teeth. Be careful though, unlike real sweets, it tastes awful!",ep:18,g:142,l:26,wd:true,fm:true,w:2,p:20};
I.u[7263] = {n:"Bulbush Root",t:98,d:"This Bulbush Root is not like other roots. It can be chewed for ages and you won\'t lose your teeth. Be careful though, unlike real sweets, it tastes awful!",ep:18,g:143,l:42,wd:true,fm:true,w:2,p:20};
I.u[7264] = {n:"Bulbamboo Root",t:98,d:"This Bulbamboo Root is not like other roots. It can be chewed for ages and you won\'t lose your teeth. Be careful though, unlike real sweets, it tastes awful!",ep:18,g:145,l:67,wd:true,fm:true,w:2,p:20};
I.u[7265] = {n:"Bulbig Root",t:98,d:"This Bulbig Root is not like other roots, well, apart from Bulbiflor Roots, Bulbush Roots and Bulbamboo Roots, that is. Like them, it can be chewed for ages and you won\'t lose your teeth. Be careful though, unlike real sweets, it tastes awful! I think you knew that already, though.",ep:18,g:144,l:150,wd:true,fm:true,w:2,p:20};
I.u[7266] = {n:"Bulbiflor Flower",t:35,d:"This flower only grows on the head of the Bulbiflor, so don\'t try putting on yours... the substrate is not rich enough.",ep:18,g:119,l:26,wd:true,fm:true,w:1,p:10};
I.u[7267] = {n:"Bulbush Leaf",t:36,d:"These leaves only grow in one place, on the heads of Bulbush, so do not attempt to grow one on your own head, it would fade very quickly.",ep:18,g:55,l:42,wd:true,fm:true,w:2,p:10};
I.u[7268] = {n:"Bulbamboo Shoot",t:36,d:"This shoot can grow on the head of the of the Bulbamboo. Don\'t try putting it on your head, it wouldn\'t find anything to eat there.",ep:18,g:56,l:67,wd:true,fm:true,w:2,p:10};
I.u[7269] = {n:"Bulbig Magic Bark",t:96,d:"This magic bark is as resistant as a Captain Amakna Shield. It\'s not half as beautiful though...",ep:18,g:105,l:150,wd:true,fm:true,w:2,p:10};
I.u[7270] = {n:"Bulbiflor Magic Bark",t:96,d:"This bark is so thin and fragile that it could be used to make naughty lace underwear.",ep:18,g:106,l:26,wd:true,fm:true,w:2,p:10};
I.u[7271] = {n:"Bulbush Magic Bark",t:96,d:"This gnarled bark is perfect for non-slip soles.",ep:18,g:107,l:42,wd:true,fm:true,w:2,p:10};
I.u[7272] = {n:"Magical Bulbamboo Bark",t:96,d:"This smooth bark is perfect for making dance floors.",ep:18,g:108,l:67,wd:true,fm:true,w:2,p:10};
I.u[7273] = {n:"Grass Snake Skin",t:59,d:"This skin will slip through your fingers more than any other skin would. Don\'t make shoes from this skin, you mightn\'t be able to take them off!",ep:18,g:41,l:67,wd:true,fm:true,w:2,p:10};
I.u[7274] = {n:"Magic Grass Snake Tooth",t:47,d:"This tooth is different from the rest. Its smell is just awful, as if the breath of the Grass Snake had soaked into it over time.",ep:18,g:16,l:67,wd:true,fm:true,w:2,p:100};
I.u[7275] = {n:"Kitsou Nae Hairs",t:54,d:"Those Kitsou Nae\'s hairs are as soft as the rump of a female Trool. Something which can remind you of good memories...",ep:16,g:560,l:29,wd:true,fm:true,w:1,p:10};
I.u[7276] = {n:"Kitsou Nufeu Hairs",t:54,d:"These hairs are as soft as the rump of a female Trool, and remind you of some great nights in the Cania plains.",ep:18,g:557,l:111,wd:true,fm:true,w:1,p:10};
I.u[7277] = {n:"Kitsou Nere Hairs",t:54,d:"Those Kitsou Nae\'s hairs are as soft as the rump of a female Trool. Something which can remind you of good memories...",ep:16,g:558,l:80,wd:true,fm:true,w:1,p:10};
I.u[7278] = {n:"Kitsou Nakwa Hairs",t:54,d:"Those Kitsou Nae\'s hairs are as soft as the rump of a female Trool. Something which can remind you of good memories...",ep:1,g:559,l:60,wd:true,fm:true,w:1,p:10};
I.u[7279] = {n:"Kitsou Nae Skin",t:59,d:"This top quality skin can be cut into thin strips to make a really efficient whip. The ideal gift for parents of boisterous and insolent kids.",ep:18,g:46,l:19,wd:true,fm:true,w:2,p:10};
I.u[7280] = {n:"Kitsou Nufeu Skin",t:59,d:"This top quality skin can be cut into thin strips to make a really efficient whip. The ideal gift for parents of boisterous and insolent kids.",ep:18,g:44,l:111,wd:true,fm:true,w:2,p:10};
I.u[7281] = {n:"Kitsou Nere Skin",t:59,d:"This top quality skin can be cut into thin strips to make a really efficient whip. The ideal gift for parents of boisterous and insolent children.",ep:18,g:45,l:80,wd:true,fm:true,w:2,p:10};
I.u[7282] = {n:"Kitsou Nakwa Skin",t:59,d:"This top quality skin can be cut into thin strips to make a really efficient whip. The ideal gift for parents of boisterous and insolent kids.",ep:1,g:43,l:60,wd:true,fm:true,w:2,p:10};
I.u[7283] = {n:"Tanukouï San Skin",t:59,d:"This thick, stretched Tanukouï San skin would make a perfect purse for your Kamas",ep:1,g:2,l:85,wd:true,fm:true,w:2,p:100};
I.u[7284] = {n:"Tanukouï San Hairs",t:54,d:"These Tanukouï San hairs stink but who cares! They\'re the hairs of a Tanukouï San!",ep:1,g:3,l:85,wd:true,fm:true,w:2,p:100};
I.u[7285] = {n:"Araknawa Leg",t:103,d:"This small leg will keep wriggling a long time after you pull it out of an Araknawa\'s body. Put it in your enemies\' pants to unsettle them during fights - that way you\'ll win easily.",ep:18,g:716,l:43,wd:true,fm:true,w:2,p:100};
I.u[7286] = {n:"Bambooto Wood",t:38,d:"Bambooto Wood is almost as expensive as Wobbly Wood yet it\'s a lot more common. It doesn\'t make sense, does it?",ep:18,g:675,l:47,wd:true,fm:true,w:2,p:100};
I.u[7287] = {n:"Bambooto Leaf",t:36,d:"Bambooto leaves are quite thick and large, a bit like the female Bwork except less aggressive.",ep:18,g:69,l:47,wd:true,fm:true,w:2,p:1};
I.u[7288] = {n:"Holy Bambooto Leaf",t:36,d:"This big leaf is so hard and heavy that it could squash you alive if you happened to fall asleep under a Holy Bambooto in autumn.",ep:18,g:68,l:120,wd:true,fm:true,w:2,p:100};
I.u[7289] = {n:"Holy Bambooto Wood",t:38,d:"You must be careful with this wood. Not everyone should have it in their hands. But no one knows why.",ep:18,g:674,l:120,wd:true,fm:true,w:10,p:100};
I.u[7290] = {n:"Magic Bambooto Root",t:98,d:"This root allows the Bambooto to draw its magic from the soil before a fight.",ep:18,g:100,l:20,wd:true,fm:true,w:2,p:10};
I.u[7291] = {n:"Magic Holy Bambooto Root",t:98,d:"This root allows the Holy Bambooto to draw its magic from the soil before a fight.",ep:18,g:99,l:87,wd:true,fm:true,w:2,p:100};
I.u[7292] = {n:"Maho Firefoux Hairs",t:54,d:"These hairs come from a Maho Firefoux. The creature looks like something from a Bwork\'s nightmare, but don\'t judge a book by its cover - it\'s about as deadly as a book, in fact.",ep:18,g:202,l:150,wd:true,fm:true,w:2,p:1};
I.u[7293] = {n:"Soryo Firefoux Hairs",t:54,d:"These hairs were ripped off the back of a horrible red creature.",ep:18,g:203,l:130,wd:true,fm:true,w:10,p:1};
I.u[7294] = {n:"Yokai Firefoux Hairs",t:54,d:"These thick and stinky hairs were ripped off the back of a horrible red creature.",ep:18,g:204,l:110,wd:true,fm:true,w:10,p:10};
I.u[7295] = {n:"Pandora Hairs",t:54,d:"These mysterious hairs aid the sewing of magical hats and capes with surprising magic effects.",ep:18,g:2,l:200,wd:true,fm:true,w:10,p:200};
I.u[7297] = {n:"Pandulum Hairs",t:54,d:"These little magic hairs are strong enough to bring a broken clock back to life.",ep:18,g:206,l:150,wd:true,fm:true,w:1,p:1};
I.u[7298] = {n:"Maho Firefoux Skin",t:59,d:"This thin, smooth skin offers excellent protection against the various magic attacks that the Maho Firefoux faces when his own spells backfire.",ep:18,g:42,l:150,wd:true,fm:true,w:1,p:100};
I.u[7299] = {n:"Soryo Firefoux Skin",t:59,d:"In times gone by, people used this to make underwear for children with sensitive skin. Soryo Firefoux Skin underwear has been approved by Captain Chafer\'s descendants.",ep:18,g:38,l:130,wd:true,fm:true,w:1,p:100};
I.u[7300] = {n:"Yokai Firefoux Skin",t:59,d:"This thick skin is a good protection against bamboo blows.",ep:18,g:37,l:110,wd:true,fm:true,w:1,p:100};
I.u[7301] = {n:"Leopardo Skin",t:59,d:"This skin was used by Pandawa to make light and minimalist underwear.",ep:18,g:36,l:40,wd:true,fm:true,w:1,p:10};
I.u[7302] = {n:"Pandora Skin",t:59,d:"If you\'re a shoemaker, Pandora Skin has more than one surprise in store for you.",ep:18,g:1,l:200,wd:true,fm:true,w:10,p:100};
I.u[7303] = {n:"Pandulum Skin",t:59,d:"The colour of this rough skin regularly changes, but no one knows why.",ep:18,g:39,l:100,wd:true,fm:true,w:1,p:10};
I.u[7304] = {n:"Maho Firefoux Fabric",t:55,d:"This red fabric has a magic power. I would be glad to say the same about you, but...",ep:18,g:11,l:150,wd:true,fm:true,w:1,p:100};
I.u[7305] = {n:"Soryo Firefoux Fabric",t:55,d:"This medium size fabric can be used to plug the holes under old doors when Winter comes.",ep:18,g:10,l:130,wd:true,fm:true,w:1,p:10};
I.u[7306] = {n:"Yokai Firefoux Fabric",t:55,d:"This fabric comes from the most sensitive parts of the Yokai Firefoux Ghost... these also happen to be the smelliest parts too. And no, I\'m not talking about his moustache.",ep:18,g:9,l:110,wd:true,fm:true,w:1,p:10};
I.u[7307] = {n:"Pandora Fabric",t:55,d:"This fabric is almost as rare as a pleasant surprise from a Pandora\'s box.",ep:18,g:125,l:200,wd:true,fm:true,w:10,p:10};
I.u[7308] = {n:"Pandulum Fabric",t:55,d:"This Fabric is not edible, despite what people say. The last person who tried to cook it ended up as a Tanukouï San. Quite a stroke of luck, really!",ep:18,g:12,l:100,wd:true,fm:true,w:1,p:10};
I.u[7309] = {n:"Pandikaze Key",t:84,d:"This key enables you to enter the Pandikaze Dungeon. Be careful, it will self-destruct after use.",ep:13,g:229,l:1,wd:true,fm:true,w:1,p:100};
I.u[7310] = {n:"Bulb Cavern Key",t:84,d:"This key will grant you access to the Bulb Cavern. Be careful, it will self-destruct after use.",ep:1,g:230,l:1,wd:true,fm:true,w:1,p:100};
I.u[7311] = {n:"Kitsou Dungeon Key",t:84,d:"Use this key to get into the Kitsou Dungeon. Be careful, it will self-destruct after use.",ep:1,g:231,l:1,wd:true,fm:true,w:1,p:100};
I.u[7312] = {n:"Firefoux Dungeon Key",t:84,d:"Use this key to get into the Firefoux Dungeon. Be careful, it will self-destruct after use.",ep:2,g:232,l:1,wd:true,fm:true,w:1,p:100};
I.u[7313] = {n:"The Pandawushu Art",t:25,d:"Every practicing Pandawushu should know this book by heart...",ep:18,g:19,l:1,wd:true,fm:true,w:2,u:true,p:1};
I.u[7314] = {n:"Forgetfulness Potion for Perceptors: Aqueous Armour",t:86,d:"This potion will allow the leader of a guild to unlearn a level of a spell on behalf of a perceptor.",ep:5,g:1,l:6,wd:true,fm:true,w:5,c:"Pz=0",u:true,p:100};
I.u[7315] = {n:"Forgetfulness Potion for Perceptors: Glowing Armour",t:86,d:"This potion will allow the leader of a guild to unlearn a level of a spell on behalf of a perceptor.",ep:5,g:1,l:6,wd:true,fm:true,w:5,c:"Pz=0",u:true,p:100};
I.u[7316] = {n:"Forgetfulness Potion for Perceptors: Earth Armour",t:86,d:"This potion will allow the leader of a guild to unlearn a level of a spell on behalf of a perceptor.",ep:5,g:1,l:6,wd:true,fm:true,w:5,c:"Pz=0",u:true,p:100};
I.u[7317] = {n:"Forgetfulness Potion for Perceptors: Wind Armour",t:86,d:"This potion will allow the leader of a guild to unlearn a level of a spell on behalf of a perceptor.",ep:5,g:1,l:6,wd:true,fm:true,w:5,c:"Pz=0",u:true,p:100};
I.u[7318] = {n:"Forgetfulness Potion for Perceptors: Flame",t:86,d:"This potion will allow the leader of a guild to unlearn a level of a spell on behalf of a perceptor.",ep:5,g:1,l:6,wd:true,fm:true,w:5,c:"Pz=0",u:true,p:100};
I.u[7319] = {n:"Forgetfulness Potion for Perceptors: Cyclone",t:86,d:"This potion will allow the leader of a guild to unlearn a level of a spell on behalf of a perceptor.",ep:5,g:1,l:6,wd:true,fm:true,w:5,c:"Pz=0",u:true,p:100};
I.u[7320] = {n:"Forgetfulness Potion for Perceptors: Wave",t:86,d:"This potion will allow the leader of a guild to unlearn a level of a spell on behalf of a perceptor.",ep:5,g:1,l:6,wd:true,fm:true,w:5,c:"Pz=0",u:true,p:100};
I.u[7321] = {n:"Forgetfulness Potion for Perceptors: Rock",t:86,d:"This potion will allow the leader of a guild to unlearn a level of a spell on behalf of a perceptor.",ep:5,g:1,l:6,wd:true,fm:true,w:5,c:"Pz=0",u:true,p:100};
I.u[7322] = {n:"Forgetfulness Potion for Perceptors: Healing Word",t:86,d:"This potion will allow the leader of a guild to unlearn a level of a spell on behalf of a perceptor.",ep:5,g:1,l:6,wd:true,fm:true,w:5,c:"Pz=0",u:true,p:100};
I.u[7323] = {n:"Forgetfulness Potion for Perceptors: Unbewitchment",t:86,d:"This potion will allow the leader of a guild to unlearn a level of a spell on behalf of a perceptor.",ep:5,g:1,l:6,wd:true,fm:true,w:5,c:"Pz=0",u:true,p:100};
I.u[7324] = {n:"Forgetfulness Potion for Perceptors: Mass Compulsion",t:86,d:"This potion will allow the leader of a guild to unlearn a level of a spell on behalf of a perceptor.",ep:5,g:1,l:6,wd:true,fm:true,w:5,c:"Pz=0",u:true,p:100};
I.u[7325] = {n:"Forgetfulness Potion for Perceptors: Destabilization",t:86,d:"This potion will allow the leader of a guild to unlearn a level of a spell on behalf of a perceptor.",ep:5,g:1,l:6,wd:true,fm:true,w:5,c:"Pz=0",u:true,p:100};
I.u[7326] = {n:"Forgetfulness Potion for Perceptors: Pods",t:86,d:"This potion will allow the leader of a guild to reduce their perceptors\' pods.",ep:5,g:1,l:6,wd:true,fm:false,w:5,c:"Pz=0",u:true,p:100};
I.u[7327] = {n:"Forgetfulness Potion for Perceptors: Number of Perceptors",t:86,d:"This potion will allow the leader of a guild to reduce the number of their perceptors by one.",ep:5,g:1,l:6,wd:true,fm:false,w:5,c:"Pz=0",u:true,p:100};
I.u[7328] = {n:"Forgetfulness Potion for Perceptors: Prospecting",t:86,d:"This potion will allow the leader of a guild to reduce their perceptors\' prospecting.",ep:5,g:1,l:6,wd:true,fm:false,w:5,c:"Pz=0",u:true,p:100};
I.u[7329] = {n:"Forgetfulness Potion for Perceptors: Experience Tax",t:86,d:"This potion will allow the leader of a guild to reduce their perceptors\' wisdom.",ep:5,g:1,l:6,wd:true,fm:false,w:5,c:"Pz=0",u:true,p:100};
I.u[7330] = {n:"Alchemy Encyclopaedia : Part G : Perceptors",t:25,d:"This book gathers all the guild perceptors\' potion recipes.",ep:2,g:2,l:1,wd:true,fm:true,w:1,u:true,p:1000};
I.u[7331] = {n:"Regular Soul Stone for Huge Souls",t:83,d:"You\'ll have an even chance of capturing level 200 souls using this soul stone.",ep:16,g:14,l:1,wd:false,fm:true,w:1,tw:true,p:10000};
I.u[7332] = {n:"Lucky Soul Stone for Small Souls",t:83,d:"You\'ll have a good chance of capturing level 50 souls using this soul stone.",ep:5,g:3,l:1,wd:false,fm:true,w:1,tw:true,p:3750};
I.u[7333] = {n:"Lucky Soul Stone for Average Souls",t:83,d:"You\'ll have a good chance of capturing level 100 souls using this soul stone.",ep:5,g:4,l:1,wd:false,fm:true,w:1,tw:true,p:7500};
I.u[7334] = {n:"Lucky Soul Stone for Big Souls",t:83,d:"You\'ll have a good chance of capturing level 150 souls using this soul stone.",ep:16,g:5,l:1,wd:false,fm:true,w:1,tw:true,p:10500};
I.u[7335] = {n:"Lucky Soul Stone for Huge Souls",t:83,d:"You\'ll have a good chance of capturing level 200 souls using this soul stone.",ep:16,g:6,l:1,wd:false,fm:true,w:1,tw:true,p:15000};
I.u[7336] = {n:"Risky Soul Stone for Giga Souls",t:83,d:"You\'ll have a limited chance of capturing level 500 souls using this soul stone.",ep:16,g:11,l:1,wd:false,fm:true,w:1,tw:true,p:12500};
I.u[7337] = {n:"Regular Soul Stone for Giga Souls",t:83,d:"You\'ll have an even chance of capturing level 500 souls using this soul stone.",ep:16,g:15,l:1,wd:false,fm:true,w:1,tw:true,p:25000};
I.u[7338] = {n:"Lucky Soul Stone for Giga Souls",t:83,d:"You\'ll have a good chance of capturing level 500 souls using this soul stone.",ep:16,g:7,l:1,wd:false,fm:true,w:1,tw:true,p:37500};
I.u[7339] = {n:"Kitsou Cap",t:16,d:"This Kitsou cap can only be worn by adventurers who\'ve lost their sense of smell. Don\'t ask me why...",ep:18,g:97,l:61,wd:true,fm:true,w:10,s:41,p:9875};
I.u[7340] = {n:"Kitsou Wrap",t:17,d:"This wrap is river washable, even though it might fade after the third cycle.",ep:18,g:84,l:62,wd:true,fm:true,w:10,s:41,p:10225};
I.u[7341] = {n:"Kitsou Ring",t:9,d:"This small Kitsou ring will protect you from casual troubles.",ep:1,g:93,l:55,wd:true,fm:true,w:10,s:41,p:8125};
I.u[7342] = {n:"Kitsou Amulet",t:1,d:"This Kitsou Amulet will draw attention to your double chin.",ep:18,g:91,l:26,wd:true,fm:true,w:10,s:41,p:2000};
I.u[7343] = {n:"Leopardo Hairs",t:54,d:"No matter what everyone thinks, these hairs are unlike other hairs.",ep:18,g:205,l:50,wd:true,fm:true,w:5,p:1};
I.u[7344] = {n:"Aerdala Dojo Certificate",t:24,d:"This certificate celebrates the date of your last victory at the Dojo.",ep:1,g:251,l:0,wd:false,fm:true,w:0,p:1};
I.u[7345] = {n:"Terrdala Dojo Certificate",t:24,d:"This certificate celebrates the date of your last victory at the Dojo.",ep:1,g:252,l:0,wd:false,fm:true,w:0,p:1};
I.u[7346] = {n:"Pandala Dojo Certificate",t:24,d:"This certificate indicates the date of your last victory at the Dojo.",ep:18,g:253,l:0,wd:false,fm:true,w:0,p:1};
I.u[7347] = {n:"Akwadala Dojo Certficate",t:24,d:"This certificate celebrates the date of your last victory at the Dojo.",ep:1,g:254,l:0,wd:false,fm:true,w:0,p:1};
I.u[7348] = {n:"Feudala Dojo Certficate",t:24,d:"This certificate celebrates the date of your last victory at the Dojo.",ep:1,g:255,l:0,wd:false,fm:true,w:0,p:1};
I.u[7349] = {n:"Love Letter for Poochan",t:24,d:"A Letter apparently written by Timouss.",ep:1,g:50,l:0,wd:false,fm:true,w:0,p:1};
I.u[7350] = {n:"Aermyne \'Braco\' Scalptaras",t:32,d:"Aermyne is now under your control. You can take her to jail.",ep:1,g:16,l:1,wd:false,fm:true,w:1,m:true,p:1};
I.u[7351] = {n:"Rok Gnorok",t:32,d:"Rok Gnorok is now under your control. You can take him to jail.",ep:18,g:17,l:1,wd:false,fm:true,w:1,m:true,p:1};
I.u[7352] = {n:"Musha the Oni",t:32,d:"Musha the Oni is now under your control. You can take him to jail.",ep:18,g:20,l:1,wd:false,fm:true,w:0,m:true,p:1};
I.u[7353] = {n:"Marzwel the Goblin",t:32,d:"Marzwel the Goblin is now under your control. You can take him to jail.",ep:18,g:18,l:1,wd:false,fm:true,w:1,m:true,p:1};
I.u[7354] = {n:"Zatoïshwan",t:32,d:"Zatoïshwan is now under your control. You can take him to jail.",ep:18,g:19,l:1,wd:false,fm:true,w:1,m:true,p:1};
I.u[7356] = {n:"Bwak Transformation",t:31,d:"Water from the damned spring juice-sane-ki-oak of the Bwak temporarily turned you into a Bwak. The slightest shock will bring you back to normal.",ep:18,g:22,l:1,wd:false,fm:false,w:0,m:true,p:1};
I.u[7357] = {n:"Young Wild Boar Transformation",t:31,d:"Water from the damned spring juice-sane-ki-oak of the Young Wild Boar temporarily turned you into a Young Wild Boar. The slightest shock will bring you back to normal.",ep:18,g:20,l:1,wd:false,fm:false,w:0,m:true,p:1};
I.u[7359] = {n:"The Hymn of the World - Found Fragments I",t:25,d:"Part I of the Fragments of the History of the World, found by the erudite Acidrik Gutsplitter and rewritten by the same.",ep:18,g:19,l:1,wd:true,fm:true,w:1,u:true,p:50};
I.u[7360] = {n:"The Choice of Gods - Found Fragment II",t:25,d:"Part II of the Fragments of the History of the World, found by the erudite Acidrik Gutsplitter and rewritten by the same.",ep:18,g:19,l:1,wd:true,fm:true,w:1,u:true,p:50};
I.u[7361] = {n:"The Dragon Era - Found Fragments III",t:25,d:"Part III of the Fragments of the History of the World, found by the erudite Acidrik Gutsplitter and rewritten by the same.",ep:1,g:19,l:1,wd:true,fm:true,w:1,u:true,p:50};
I.u[7362] = {n:"Six Dofus - Found Fragments V",t:25,d:"Part V of the Fragments of the History of the World, found by the erudite Acidrik Gutsplitter and rewritten by the same.",ep:18,g:19,l:1,wd:true,fm:true,w:1,u:true,p:50};
I.u[7363] = {n:"Birth of Bolgrot - Found Fragments VI A.",t:25,d:"Additional Part VI of the Fragments of the History of the World, found by the erudite Acidrik Gutsplitter and rewritten by the same.",ep:18,g:19,l:1,wd:true,fm:true,w:1,u:true,p:50};
I.u[7364] = {n:"Tears of a Goddess - Found Fragments VII",t:25,d:"Part VII of the Fragments of the History of the World, found by the erudite Acidrik Gutsplitter and rewritten by the same.",ep:18,g:19,l:1,wd:true,fm:true,w:1,u:true,p:50};
I.u[7365] = {n:"Tears of a Goddess - Found Fragments VIII",t:25,d:"Part VIII of the Fragments of the History of the World, found by the erudite Acidrik Gutsplitter and rewritten by the same.",ep:18,g:19,l:1,wd:true,fm:true,w:1,u:true,p:50};
I.u[7366] = {n:"Gods & Demons",t:25,d:"Some metaphysical reflections of Acidrik Gutsplitter.",ep:18,g:19,l:1,wd:true,fm:true,w:1,u:true,p:50};
I.u[7367] = {n:"Angels & Demons",t:25,d:"Proved a tremendous success with the readers, Acidrik Gutsplitter comes back with more metaphysical reflections.",ep:18,g:19,l:1,wd:true,fm:true,w:1,u:true,p:50};
I.u[7368] = {n:"Star Wand",t:3,d:"The designer of this wand kept forgetting to pick his kids up at school. Conscious of his absent-mindedness, he sculpted a wand that would come to life everyday and remind him to pick his kids up. After a while, he kept thinking the wand was waking him up to remind him to go to the bathroom. His children were taken away from him not long after.",ep:19,g:55,l:126,wd:true,fm:true,w:15,an:11,e:[5,4,2,4,50,50,false,true],c:"CS>100&CV>150&CI>300",p:39355};
I.u[7369] = {n:"Bambooto Amber",t:50,d:"This Amber is usually hung on top of the Bambooto. It is mainly decorative, but it can be dangerous if the Bambooto decides to fall on you, for example. What a clever creature!",ep:18,g:2,l:40,wd:true,fm:true,w:2,p:100};
I.u[7370] = {n:"Holy Bambooto Amber",t:50,d:"This amber is the Holy Bambooto\'s sole treasure. That might explain why it\'s so bitter and mean to the tourists who venture on Pandala island.",ep:18,g:1,l:120,wd:true,fm:true,w:2,p:100};
I.u[7371] = {n:"The Dofus Era - Found Fragments IV",t:25,d:"Part IV of the Fragments of the History of the World found by the erudite Acidrik Gutsplitter and rewritten by the same.",ep:18,g:19,l:1,wd:true,fm:true,w:1,u:true,p:50};
I.u[7372] = {n:"Xelor\'s Divine Clock - Part VI",t:25,d:"Part VI of the Fragments of the History of the World, found by the erudite Acidrik Gutsplitter and rewritten by the same.",ep:18,g:19,l:1,wd:true,fm:true,w:1,u:true,p:50};
I.u[7373] = {n:"Firefact*",t:24,d:"An artefact from the Firefoux dungeon",ep:18,g:255,l:1,wd:false,fm:true,w:0,p:1};
I.u[7374] = {n:"Firefact **",t:24,d:"An artefact from the Firefoux dungeon",ep:18,g:255,l:1,wd:false,fm:true,w:0,p:1};
I.u[7375] = {n:"Firefact ***",t:24,d:"An artefact from the Firefoux dungeon",ep:18,g:255,l:1,wd:false,fm:true,w:0,p:1};
I.u[7376] = {n:"Firefact ****",t:24,d:"An artefact from the Firefoux dungeon",ep:18,g:255,l:1,wd:false,fm:true,w:0,p:1};
I.u[7377] = {n:"Firefact *****",t:24,d:"An artefact from the Firefoux dungeon",ep:18,g:255,l:1,wd:false,fm:true,w:0,p:1};
I.u[7378] = {n:"Firefact ******",t:24,d:"An artefact from the Firefoux dungeon",ep:18,g:255,l:1,wd:false,fm:true,w:0,p:1};
I.u[7379] = {n:"Pandikaze Ghost Fabric",t:55,d:"This heap of hairs is almost intact despite the punishment you must have inflicted on this poor Pandikaze Ghost to pull it out.",ep:19,g:4,l:100,wd:true,fm:true,w:1,p:10};
I.u[7380] = {n:"Maho Firefoux Ghost Fabric",t:55,d:"This red-coloured magic fabric is impregnated with an ultra-powerful magic. Not quite a feature you share!",ep:19,g:1,l:100,wd:true,fm:true,w:1,p:10};
I.u[7381] = {n:"Soryo Firefoux Ghost Fabric",t:55,d:"This medium size fabric can be used to plug the holes under old doors when Winter comes.",ep:19,g:2,l:100,wd:true,fm:true,w:1,p:10};
I.u[7382] = {n:"Leopardo Ghost Fabric",t:55,d:"This fabric is not as soft as the Leopardo\'s music but it should still be useful. For what? That\'s the real question...",ep:19,g:7,l:100,wd:true,fm:true,w:1,p:10};
I.u[7383] = {n:"Yokai Firefoux Ghost Fabric",t:55,d:"This fabric comes from the most sensitive parts of the Yokai Firefoux Ghost... these also happen to be the smelliest parts too. And no, I\'m not talking about his moustache.",ep:19,g:3,l:100,wd:true,fm:true,w:1,p:10};
I.u[7384] = {n:"Pandulum Ghost Fabric",t:55,d:"Contrary to vicious rumour, this fabric is not edible. The last ones who tried to cook it were turned into Tanukouï San. Quite a stroke of luck for some of them!",ep:19,g:5,l:100,wd:true,fm:true,w:1,p:10};
I.u[7385] = {n:"Tanukouï San Ghost Fabric",t:55,d:"This fabric comes from the armpits of the Tanukouï San Ghost, famous for their softness and their smell, which resemble that of rotting Crow meat... and that\'s a best case scenario.",ep:19,g:6,l:100,wd:true,fm:true,w:1,p:10};
I.u[7386] = {n:"Tanukouï San Testicles",t:15,d:"These humongous testicles are covered with a very soft down which works wonders in resisting magic attacks as well as the self harm Tanukouï San causes himself when summoning a Tanuki Chan. In any case, what you\'re holding in your hands is something!",ep:1,g:2,l:120,wd:true,fm:true,w:200,p:10};
I.u[7387] = {n:"The Mercenary Clan",t:25,d:"Find out everything there is to know about the Mercenaries! This work was written by the clan\'s founder and Grand Master.",ep:1,g:19,l:1,wd:true,fm:true,w:1,u:true,p:1};
I.u[7388] = {n:"Skill Loss Potion: Axe",t:45,d:"Use this potion to forget some of your Axe Skills.",ep:3,g:2,l:1,wd:true,fm:true,w:1,c:"Pz=0",u:true,p:1000};
I.u[7389] = {n:"Forgetfulness Potion: \'Fury\'",t:43,d:"Using this potion will cause you to unlearn one level of the Sacrier spell \'Fury\'.",ep:2,g:35,l:1,wd:true,fm:true,w:1,c:"Pz=0",u:true,p:1000};
I.u[7390] = {n:"Forgetfulness Potion: \'Flying Sword\'",t:43,d:"Using this potion will cause you to unlearn one level of the Sacrier spell \'Flying Sword\'.",ep:2,g:35,l:1,wd:true,fm:true,w:1,c:"Pz=0",u:true,p:1000};
I.u[7391] = {n:"Forgetfulness Potion: \'Coagulation\'",t:43,d:"Using this potion will cause you to unlearn one level of the Sacrier spell \'Coagulation\'.",ep:2,g:35,l:1,wd:true,fm:true,w:1,c:"Pz=0",u:true,p:1000};
I.u[7392] = {n:"Forgetfulness Potion: \'Bloodthirsty Madness\'",t:43,d:"Using this potion will cause you to unlearn one level of the Sacrier spell \'Bloodthirsty Madness\'.",ep:2,g:35,l:1,wd:true,fm:true,w:1,c:"Pz=0",u:true,p:1000};
I.u[7393] = {n:"Pandora Ghost Fabric",t:55,d:"This fabric is still impregnated with Pandora Ghost sweat, which adds to its value considerably.",ep:19,g:8,l:100,wd:true,fm:true,w:1,p:10};
I.u[7394] = {n:"Forgetfulness Potion: \'Felintion\'",t:43,d:"Using this potion will cause you to unlearn one level of the special spell \'Felintion\'.",ep:2,g:36,l:1,wd:true,fm:true,w:1,c:"Pz=0",u:true,p:1000};
I.u[7395] = {n:"Forgetfulness Potion: \'Soul Capture\'",t:43,d:"Using this potion will cause you to unlearn one level of the special spell \'Soul Capture\'.",ep:5,g:36,l:1,wd:true,fm:true,w:1,c:"Pz=0",u:true,p:1000};
I.u[7396] = {n:"Prosperity",t:29,d:"This blessing will increase Water resistance for your next few fights.",ep:18,g:10,l:1,wd:true,fm:true,w:0,m:true,p:1};
I.u[7397] = {n:"Insight",t:29,d:"This blessing will increase Fire resistance for your next few fights.",ep:18,g:9,l:1,wd:true,fm:true,w:0,m:true,p:1};
I.u[7398] = {n:"Elasticity",t:29,d:"This blessing will increase Air resistance for your next few fights.",ep:18,g:8,l:1,wd:true,fm:true,w:0,m:true,p:1};
I.u[7399] = {n:"Tough",t:29,d:"This blessing will increase Earth resistance for your next few fights.",ep:18,g:7,l:1,wd:true,fm:true,w:0,m:true,p:1};
I.u[7400] = {n:"Tied Scroll",t:87,d:"This Scroll enables you to locate your target so that you can hunt it down.",ep:1,g:2,l:10,wd:false,fm:true,w:1,c:"Ps!0&PP>0",u:true,p:1};
I.u[7401] = {n:"Virgin Scroll",t:87,d:"This Scroll enables you to \"mark\" a target so that you can hunt it down.",ep:16,g:1,l:10,wd:false,fm:true,w:1,c:"Ps!0&PP>0",u:true,ut:true,p:100};
I.u[7402] = {n:"Pack of Ten Virgin Scrolls",t:87,d:"With this Pack you\'ll be able to \"mark\" <b>one single target</b> that you\'ll be able to hunt down many times.",ep:16,g:3,l:10,wd:false,fm:true,w:10,c:"Ps!0&PP>0",u:true,ut:true,p:500};
I.u[7403] = {n:"Leopardo Ghost Bone",t:47,d:"The Imps once used this small pointy bone as a nasal decoration. An elegant way to enhance a hooked nose, for instance.",ep:19,g:3,l:100,wd:true,fm:true,w:1,p:10};
I.u[7404] = {n:"Maho Firefoux Ghost Bone",t:47,d:"This bone is still imbued with a magic that can best be described as \'home-made\', so do not be surprised if it comes back to life and tries to find the remains of its owner.",ep:19,g:8,l:100,wd:true,fm:true,w:1,p:10};
I.u[7405] = {n:"Pandikaze Ghost Bone",t:47,d:"This bone is the only thing left from the ghost you\'ve just exterminated. Bad luck for you, it doesn\'t seem to have any magic.",ep:19,g:4,l:100,wd:true,fm:true,w:1,p:10};
I.u[7406] = {n:"Pandora Ghost Bone",t:47,d:"This bone hasn\'t come out of the Pandora\'s Box... yet, we have every reason to believe it has.",ep:19,g:5,l:100,wd:true,fm:true,w:1,p:10};
I.u[7407] = {n:"Pandulum Ghost Bone",t:47,d:"Finely carved, this bone can be used as a hand for a giant clock. Just essential.",ep:19,g:6,l:100,wd:true,fm:true,w:1,p:10};
I.u[7408] = {n:"Soryo Firefoux Ghost Bone",t:47,d:"The first time the Soryo Firefoux broke a bone, he tried to take his revenge on the first man that came along. At that very moment, Jon Lemon, minstrel by trade, was walking and singing when he came across the Soryo Firefoux. No one knows what happened next. The only thing that could be noticed afterwards was that his voice had become even more high-pitched.",ep:19,g:7,l:100,wd:true,fm:true,w:1,p:10};
I.u[7410] = {n:"Tanukouï San Ghost Bone",t:47,d:"By dint of bearing the immeasurable weight of their humongous testicles, the bones of the Tanukouï San ended up being extremely tough.",ep:19,g:1,l:100,wd:true,fm:true,w:1,p:10};
I.u[7411] = {n:"Yokai Firefoux Ghost Bone",t:47,d:"This bone could have been used to crack cheeky adventurers\' skulls open, or to drive Enutrofs into the ground like asparagus. But now it\'s in your hands, its destiny risks being a little more modest.",ep:19,g:2,l:100,wd:true,fm:true,w:1,p:10};
I.u[7412] = {n:"Pack of a Hundred Virgin Scrolls",t:87,d:"With this Pack you\'ll be able to \"mark\" <b>one single target</b> that you\'ll be able to hunt down many times.",ep:16,g:3,l:10,wd:false,fm:true,w:100,c:"Ps!0&PP>0",u:true,ut:true,p:3500};
I.u[7413] = {n:"Emote Scroll: Point Your Finger",t:25,d:"(Double click to learn this emote)\nWith this scroll you\'ll be able to \"Point your finger\" either to show the way or to denounce cheaters.",ep:18,g:9,l:1,wd:false,fm:true,w:1,u:true,p:1};
I.u[7414] = {n:"Little White Bow Meow",t:18,d:"This fluffy ball of hair scratches, bites, and pinches everything that comes close, including the hand that feeds it! It\'s a terrifying yet irresistibly likeable and fascinating creature. Be careful, not only is this creature quick-tempered but it\'s also quite picky about its diet. It only eats fresh meat from hunted creatures.",ep:3,g:9,l:1,wd:true,fm:true,w:10,c:"PZ=1",p:1};
I.u[7415] = {n:"Little Black Bow Wow",t:18,d:"This odd little creature only eats fresh fish. But don\'t worry, its wholesome company more than makes up for the dehydrated-fish breath.",ep:3,g:10,l:1,wd:true,fm:true,w:10,c:"PZ=1",p:1};
I.u[7417] = {n:"Bow Kennel Certificate: Peki Peki",t:77,d:"This Certificate describes the characteristics of the Peki Peki you\'ve  put in the Bow Kennel.",ep:3,g:26,l:1,wd:false,fm:true,w:1,p:100};
I.u[7418] = {n:"Bow Kennel Certificate: Little White Bow Meow",t:77,d:"This Certificate describes the characteristics of the Bow Meow you\'ve  put in the Bow Kennel.",ep:3,g:27,l:1,wd:false,fm:true,w:1,p:100};
I.u[7419] = {n:"Bow Kennel Certificate: Little Black Bow Wow",t:77,d:"This Certificate describes the characteristics of the Bow Wow you\'ve  put in the Bow Kennel.",ep:3,g:28,l:1,wd:false,fm:true,w:1,p:100};
I.u[7420] = {n:"Bow Kennel Certificate: Nomoon",t:77,d:"This Certificate describes the characteristics of the Nomoon you\'ve  put in the Bow Kennel.",ep:3,g:35,l:1,wd:false,fm:true,w:1,p:100};
I.u[7421] = {n:"Unlearning Potion for Profession: Shield Smith",t:44,d:"This Potion will make you unlearn the profession of Shield Smith.",ep:18,g:2,l:1,wd:true,fm:true,w:1,c:"Pz=0",u:true,p:10};
I.u[7422] = {n:"Pineapple Mask",t:16,d:"This exotic, fruit-shaped Mask is a real collector\'s item. It has absolutely no use but you\'ll look pretty original and tasty. People appreciate the effort.",ep:1,g:117,l:1,wd:true,fm:true,w:1,s:74,p:10};
I.u[7423] = {n:"Golden Larva Egg",t:12,d:"As strange as it may seem, these Golden Larva Eggs are not laid by Golden Larvae but by more common sorts -  green, orange or even blue. Nature is full of disappointing surprises.",ep:1,g:715,l:10,wd:true,fm:true,w:1,u:true,p:1};
I.u[7425] = {n:"Little Golden Larva",t:32,d:"This larva has just hatched. As its very first image of the world was your face, it considers you as its mother.",ep:1,g:5,l:1,wd:true,fm:true,w:10,m:true,p:1};
I.u[7426] = {n:"Village Potion: Feudala",t:12,d:"This potion enables you to teleport to the Village of Feudala, if your alignment owns it.",ep:0,g:11,l:1,wd:false,fm:true,w:1,c:"Ps=1|Ps=2",u:true,p:1};
I.u[7427] = {n:"Village Potion: Aerdala",t:12,d:"This potion enables you to teleport to the Village of Aerdala, if your alignment owns it.",ep:0,g:13,l:1,wd:false,fm:true,w:1,c:"Ps=1|Ps=2",u:true,p:1};
I.u[7428] = {n:"Village Potion: Terrdala",t:12,d:"This potion enables you to teleport to the Village of Terrdala, if your alignment owns it.",ep:0,g:10,l:1,wd:false,fm:true,w:1,c:"Ps=1|Ps=2",u:true,p:1};
I.u[7429] = {n:"Village Potion: Akwadala",t:12,d:"This potion enables you to teleport to the Village of Akwadala, if your alignment owns it.",ep:0,g:12,l:1,wd:false,fm:true,w:1,c:"Ps=1|Ps=2",u:true,p:1};
I.u[7430] = {n:"Village Potion: Imp Village",t:12,d:"This potion enables you to teleport to Imp Village, if you happen to own it.",ep:0,g:20,l:1,wd:false,fm:true,w:1,c:"Ps=1|Ps=2",u:true,p:1};
I.u[7431] = {n:"Village Potion: Dopple Territory",t:12,d:"This potion enables you to teleport to the Dopple Village, if you happen to own it.",ep:0,g:19,l:1,wd:false,fm:true,w:1,c:"Ps=1|Ps=2",u:true,p:1};
I.u[7432] = {n:"Village Potion: Earth Kwak Village",t:12,d:"This potion enables you to teleport to the Earth Kwak Village, if you happen to own it.",ep:0,g:1,l:1,wd:false,fm:true,w:1,u:true,p:1};
I.u[7433] = {n:"Cri Rune",t:78,d:"This Rune will make your attacks even more surprising.",ep:1,g:14,l:20,wd:true,fm:true,w:1,p:10};
I.u[7434] = {n:"So Rune",t:78,d:"This Rune will improve your ability to heal others",ep:1,g:13,l:20,wd:true,fm:true,w:1,p:10};
I.u[7435] = {n:"Do Rune",t:78,d:"This Rune will increase damage to your enemies",ep:1,g:15,l:20,wd:true,fm:true,w:1,p:10};
I.u[7436] = {n:"Do Per Rune",t:78,d:"This Rune will increase damage to your enemies",ep:1,g:16,l:20,wd:true,fm:true,w:1,p:10};
I.u[7437] = {n:"Do Ren Rune",t:78,d:"This Rune will enable you to reflect damage more easily.",ep:1,g:17,l:20,wd:true,fm:true,w:1,p:10};
I.u[7438] = {n:"Po Rune",t:78,d:"This Rune will increase the range of your attacks",ep:1,g:18,l:20,wd:true,fm:true,w:1,p:10};
I.u[7439] = {n:"Mercenary Mission Reward",t:14,d:"This scroll certifies that you deserve an honour reward for your involvement in each of your missions for the Mercenaries.",ep:1,g:6,l:1,wd:true,fm:true,w:1,c:"Ps=3&Pa>79",u:true,ut:true,p:1};
I.u[7440] = {n:"Mercenary\'s Punishment",t:14,d:"This scroll certifies that you deserve to be punished for disobeying the rules of the Mercenary Clan.",ep:1,g:6,l:1,wd:true,fm:true,w:1,c:"Ps=3&Pa>79",u:true,ut:true,p:1};
I.u[7441] = {n:"Mercenary\'s Forgiveness",t:14,d:"This scroll certifies that a Mercenary Master agreed to forgive your mistakes.",ep:1,g:6,l:1,wd:true,fm:true,w:1,c:"Ps=3&Pa>79",u:true,ut:true,p:1};
I.u[7442] = {n:"Summo Rune",t:78,d:"This Rune will make it easier for shamans to summon",ep:1,g:19,l:20,wd:true,fm:true,w:1,p:10};
I.u[7443] = {n:"Pod Rune",t:78,d:"This Rune will make equipment lighter",ep:1,g:20,l:20,wd:true,fm:true,w:1,p:10};
I.u[7444] = {n:"Pa Pod Rune",t:78,d:"This Rune will make equipment lighter",ep:1,g:21,l:30,wd:true,fm:true,w:1,p:10};
I.u[7445] = {n:"Ra Pod Rune",t:78,d:"This Rune will make equipment lighter",ep:1,g:22,l:30,wd:true,fm:true,w:1,p:10};
I.u[7446] = {n:"Pi Rune",t:78,d:"This Rune will increase the power of your traps",ep:1,g:23,l:20,wd:true,fm:true,w:1,p:10};
I.u[7447] = {n:"Pi Per Rune",t:78,d:"This Rune will increase the power of your traps",ep:1,g:24,l:20,wd:true,fm:true,w:1,p:10};
I.u[7448] = {n:"Ini Rune",t:78,d:"This Rune puts you one step ahead of your enemies and lets you anticipate their reactions.",ep:1,g:25,l:10,wd:true,fm:true,w:1,p:10};
I.u[7449] = {n:"Pa Ini Rune",t:78,d:"This Rune puts you one step ahead of your enemies and lets you anticipate their reactions.",ep:1,g:26,l:20,wd:true,fm:true,w:1,p:10};
I.u[7450] = {n:"Ra Ini Rune",t:78,d:"This Rune puts you one step ahead of your enemies and lets you anticipate their reactions.",ep:1,g:27,l:30,wd:true,fm:true,w:1,p:10};
I.u[7451] = {n:"Prospe Rune",t:78,d:"This Rune will increase your luck in finding rare items",ep:1,g:36,l:10,wd:true,fm:true,w:1,p:10};
I.u[7452] = {n:"Fire Re Rune",t:78,d:"This rune will increase fixed resistance to Fire-type damage.",ep:1,g:28,l:10,wd:true,fm:true,w:1,p:10};
I.u[7453] = {n:"Air Re Rune",t:78,d:"This rune will increase fixed resistance to Air-type damage.",ep:1,g:32,l:10,wd:true,fm:true,w:1,p:10};
I.u[7454] = {n:"Water Re Rune",t:78,d:"This rune will increase fixed resistance to Water-type damage.",ep:1,g:30,l:10,wd:true,fm:true,w:1,p:10};
I.u[7455] = {n:"Earth Re Rune",t:78,d:"This rune will increase fixed resistance to Earth-type damage.",ep:1,g:34,l:10,wd:true,fm:true,w:1,p:10};
